2016/7/5 下午 02:25:42--> 程式已載入
2016/7/5 下午 02:26:00--> 程式結束
2016/7/5 下午 02:27:28--> 程式已載入
2016/7/5 下午 02:27:41--> 程式結束
2016/7/5 下午 02:59:39--> 程式已載入
2016/7/5 下午 03:00:39--> 程式結束
2016/7/5 下午 05:16:02--> 程式已載入
2016/7/5 下午 05:17:49--> 開始
2016/7/5 下午 05:17:52--> 轉檔停止
2016/7/5 下午 05:17:53--> 開始
2016/7/5 下午 05:17:57--> 轉檔停止
2016/7/5 下午 05:18:00--> 程式結束
2016/7/5 下午 05:22:18--> 程式已載入
2016/7/5 下午 05:22:32--> 程式結束
2016/7/5 下午 05:23:00--> 程式已載入
2016/7/5 下午 05:23:09--> 程式結束
2016/7/5 下午 05:24:56--> 程式已載入
2016/7/5 下午 05:26:50--> 程式結束
2016/7/5 下午 05:29:00--> 程式已載入
2016/7/5 下午 05:29:04--> 程式結束
2016/7/5 下午 05:48:24--> 程式已載入
2016/7/5 下午 05:48:32--> 程式結束
2016/7/5 下午 05:49:16--> 程式已載入
2016/7/5 下午 05:50:49--> 程式結束
2016/7/6 上午 09:47:54--> 程式已載入
2016/7/6 上午 09:47:58--> 開始
2016/7/6 上午 09:48:28--> 轉檔停止
2016/7/6 上午 09:48:32--> 程式結束
2016/7/6 上午 10:30:53--> 程式已載入
2016/7/6 上午 10:32:23--> 程式結束
2016/7/6 上午 11:13:52--> 程式已載入
2016/7/6 上午 11:14:19--> 程式結束
