2017/9/11 下午 04:37:42--> 程式已載入
2017/9/11 下午 04:38:05--> 程式已載入
2017/9/11 下午 04:40:27--> 程式已載入
2017/9/11 下午 04:42:52--> 程式結束
2017/9/11 下午 04:43:33--> 程式已載入
2017/9/11 下午 04:43:51--> 開始
2017/9/11 下午 04:43:56*** 客戶函 P115056.1202.CUS.PDF 轉檔開始 ***
2017/9/11 下午 04:44:10--> 已轉入卷宗區 P115056.1202.CUS.PDF
2017/9/11 下午 04:44:11*** 客戶函 P115118.1202.CUS.PDF 轉檔開始 ***
2017/9/11 下午 04:44:22--> 已轉入卷宗區 P115118.1202.CUS.PDF
2017/9/11 下午 04:44:24*** 客戶函 P115870.1405.CUS.PDF 轉檔開始 ***
2017/9/11 下午 04:44:33--> 已轉入卷宗區 P115870.1405.CUS.PDF
2017/9/11 下午 04:44:34*** 客戶函 P116134.1405.CUS.PDF 轉檔開始 ***
2017/9/11 下午 04:44:44--> 已轉入卷宗區 P116134.1405.CUS.PDF
2017/9/11 下午 04:44:45*** 客戶函 P116533.1001.CUS.PDF 轉檔開始 ***
2017/9/11 下午 04:44:55--> 已轉入卷宗區 P116533.1001.CUS.PDF
2017/9/11 下午 04:44:56*** 客戶函 P116783.1001.CUS.PDF 轉檔開始 ***
2017/9/11 下午 04:45:08--> 已轉入卷宗區 P116783.1001.CUS.PDF
2017/9/11 下午 04:45:09*** 客戶函 P117578.1001.CUS.PDF 轉檔開始 ***
2017/9/11 下午 04:45:19--> 已轉入卷宗區 P117578.1001.CUS.PDF
2017/9/11 下午 04:45:20*** 客戶函 P117702.1201.CUS.PDF 轉檔開始 ***
2017/9/11 下午 04:45:29--> 已轉入卷宗區 P117702.1201.CUS.PDF
2017/9/11 下午 04:45:30*** 客戶函 P96434.1909.CUS.PDF 轉檔開始 ***
2017/9/11 下午 04:45:38--> 已轉入卷宗區 P96434.1909.CUS.PDF
2017/9/11 下午 04:45:39*** 客戶函 P116750.1001.CUS.PDF 轉檔開始 ***
2017/9/11 下午 04:45:48--> 已轉入卷宗區 P116750.1001.CUS.PDF
2017/9/11 下午 04:45:49*** 客戶函 P117862.1204.CUS.PDF 轉檔開始 ***
2017/9/11 下午 04:45:56--> 已轉入卷宗區 P117862.1204.CUS.PDF
2017/9/11 下午 04:45:57*** 客戶函 P117864.1204.CUS.PDF 轉檔開始 ***
2017/9/11 下午 04:46:04--> 已轉入卷宗區 P117864.1204.CUS.PDF
2017/9/11 下午 04:46:05*** 客戶函 P117867.1204.CUS.PDF 轉檔開始 ***
2017/9/11 下午 04:46:16--> 已轉入卷宗區 P117867.1204.CUS.PDF
2017/9/11 下午 04:46:17*** 客戶函 P118155.1204.CUS.PDF 轉檔開始 ***
2017/9/11 下午 04:46:26--> 已轉入卷宗區 P118155.1204.CUS.PDF
2017/9/11 下午 04:46:27*** 客戶函 P89738.1909.CUS.PDF 轉檔開始 ***
2017/9/11 下午 04:46:39--> 已轉入卷宗區 P89738.1909.CUS.PDF
2017/9/11 下午 04:46:40*** 客戶函 P115840.1909.CUS.PDF 轉檔開始 ***
2017/9/11 下午 04:46:49--> 已轉入卷宗區 P115840.1909.CUS.PDF
2017/9/11 下午 04:46:50*** 客戶函 P109699.1909.CUS.PDF 轉檔開始 ***
2017/9/11 下午 04:46:56--> 已轉入卷宗區 P109699.1909.CUS.PDF
2017/9/11 下午 04:46:58*** 客戶函 P69418.1909.CUS.PDF 轉檔開始 ***
2017/9/11 下午 04:47:06--> 已轉入卷宗區 P69418.1909.CUS.PDF
2017/9/11 下午 04:47:07*** 客戶函 P106354.1909.CUS.PDF 轉檔開始 ***
2017/9/11 下午 04:47:15--> 已轉入卷宗區 P106354.1909.CUS.PDF
2017/9/11 下午 04:47:16*** 客戶函 P109079.1909.CUS.PDF 轉檔開始 ***
2017/9/11 下午 04:47:24--> 已轉入卷宗區 P109079.1909.CUS.PDF
2017/9/11 下午 04:47:25*** 客戶函 P109452.1909.CUS.PDF 轉檔開始 ***
2017/9/11 下午 04:47:34--> 已轉入卷宗區 P109452.1909.CUS.PDF
2017/9/11 下午 04:47:35*** 客戶函 P109486.1909.CUS.PDF 轉檔開始 ***
2017/9/11 下午 04:47:43--> 已轉入卷宗區 P109486.1909.CUS.PDF
2017/9/11 下午 04:47:44*** 客戶函 P109498.1909.CUS.PDF 轉檔開始 ***
2017/9/11 下午 04:47:54--> 已轉入卷宗區 P109498.1909.CUS.PDF
2017/9/11 下午 04:47:55*** 客戶函 P117529.1001.CUS.PDF 轉檔開始 ***
2017/9/11 下午 04:48:05--> 已轉入卷宗區 P117529.1001.CUS.PDF
2017/9/11 下午 04:48:07*** 客戶函 P112492.1909.CUS.PDF 轉檔開始 ***
2017/9/11 下午 04:48:19--> 已轉入卷宗區 P112492.1909.CUS.PDF
2017/9/11 下午 04:48:20*** 客戶函 P112581.1909.CUS.PDF 轉檔開始 ***
2017/9/11 下午 04:48:31--> 已轉入卷宗區 P112581.1909.CUS.PDF
2017/9/11 下午 04:48:33*** 客戶函 P112469.1909.CUS.PDF 轉檔開始 ***
2017/9/11 下午 04:48:42--> 已轉入卷宗區 P112469.1909.CUS.PDF
2017/9/11 下午 04:48:43*** 客戶函 P109667.1909.CUS.PDF 轉檔開始 ***
2017/9/11 下午 04:48:54--> 已轉入卷宗區 P109667.1909.CUS.PDF
2017/9/11 下午 04:48:55*** 客戶函 P110075.1909.CUS.PDF 轉檔開始 ***
2017/9/11 下午 04:49:03--> 已轉入卷宗區 P110075.1909.CUS.PDF
2017/9/11 下午 04:49:05*** 客戶函 P110074.1909.CUS.PDF 轉檔開始 ***
2017/9/11 下午 04:49:13--> 已轉入卷宗區 P110074.1909.CUS.PDF
2017/9/11 下午 04:49:14*** 客戶函 P110073.1909.CUS.PDF 轉檔開始 ***
2017/9/11 下午 04:49:22--> 已轉入卷宗區 P110073.1909.CUS.PDF
2017/9/11 下午 04:49:23*** 客戶函 P104108.1909.CUS.PDF 轉檔開始 ***
2017/9/11 下午 04:49:31--> 已轉入卷宗區 P104108.1909.CUS.PDF
2017/9/11 下午 04:49:32*** 客戶函 P106100.1909.CUS.PDF 轉檔開始 ***
2017/9/11 下午 04:49:40--> 已轉入卷宗區 P106100.1909.CUS.PDF
2017/9/11 下午 04:49:41*** 客戶函 P106534.1909.CUS.PDF 轉檔開始 ***
2017/9/11 下午 04:49:49--> 已轉入卷宗區 P106534.1909.CUS.PDF
2017/9/11 下午 04:49:50*** 客戶函 P106659.1909.CUS.PDF 轉檔開始 ***
2017/9/11 下午 04:49:58--> 已轉入卷宗區 P106659.1909.CUS.PDF
2017/9/11 下午 04:49:59*** 客戶函 P106834.1909.CUS.PDF 轉檔開始 ***
2017/9/11 下午 04:50:08--> 已轉入卷宗區 P106834.1909.CUS.PDF
2017/9/11 下午 04:50:09*** 客戶函 P103249.1909.CUS.PDF 轉檔開始 ***
2017/9/11 下午 04:50:17--> 已轉入卷宗區 P103249.1909.CUS.PDF
2017/9/11 下午 04:50:19*** 客戶函 P100017.1909.CUS.PDF 轉檔開始 ***
2017/9/11 下午 04:50:28--> 已轉入卷宗區 P100017.1909.CUS.PDF
2017/9/11 下午 04:50:29*** 客戶函 P88717.1909.CUS.PDF 轉檔開始 ***
2017/9/11 下午 04:50:38--> 已轉入卷宗區 P88717.1909.CUS.PDF
2017/9/11 下午 04:50:39*** 客戶函 P89121.1909.CUS.PDF 轉檔開始 ***
2017/9/11 下午 04:50:48--> 已轉入卷宗區 P89121.1909.CUS.PDF
2017/9/11 下午 04:50:49*** 客戶函 P108000.1603.CUS.PDF 轉檔開始 ***
2017/9/11 下午 04:50:56--> 已轉入卷宗區 P108000.1603.CUS.PDF
2017/9/11 下午 04:50:57*** 客戶函 P110157.1603.CUS.PDF 轉檔開始 ***
2017/9/11 下午 04:51:06--> 已轉入卷宗區 P110157.1603.CUS.PDF
2017/9/11 下午 04:51:07*** 客戶函 P108002.1603.CUS.PDF 轉檔開始 ***
2017/9/11 下午 04:51:14--> 已轉入卷宗區 P108002.1603.CUS.PDF
2017/9/11 下午 04:51:15*** 客戶函 P112114.1228.CUS.PDF 轉檔開始 ***
2017/9/11 下午 04:51:25--> 已轉入卷宗區 P112114.1228.CUS.PDF
2017/9/11 下午 04:51:26*** 客戶函 P115488.1228.CUS.PDF 轉檔開始 ***
2017/9/11 下午 04:51:36--> 已轉入卷宗區 P115488.1228.CUS.PDF
2017/9/11 下午 04:51:37*** 客戶函 P116469.1228.CUS.PDF 轉檔開始 ***
2017/9/11 下午 04:51:48--> 已轉入卷宗區 P116469.1228.CUS.PDF
2017/9/11 下午 04:51:49*** 客戶函 P116880.1228.CUS.PDF 轉檔開始 ***
2017/9/11 下午 04:51:58--> 已轉入卷宗區 P116880.1228.CUS.PDF
2017/9/11 下午 04:51:59*** 客戶函 P116735.1202.CUS.PDF 轉檔開始 ***
2017/9/11 下午 04:52:06--> 已轉入卷宗區 P116735.1202.CUS.PDF
2017/9/11 下午 04:52:07*** 客戶函 P104076.1604.CUS.PDF 轉檔開始 ***
2017/9/11 下午 04:52:21--> 已轉入卷宗區 P104076.1604.CUS.PDF
2017/9/15 上午 08:37:32--> 程式已載入
2017/9/15 上午 08:37:58--> 程式結束
2017/9/15 上午 09:07:46--> 程式已載入
2017/9/15 上午 09:08:02--> 開始
2017/9/15 上午 09:08:12--> 轉檔停止
2017/9/15 上午 09:13:06--> 開始
2017/9/15 上午 09:13:07*** 客戶函 P116685.102.CUS.PDF 轉檔開始 ***
2017/9/15 上午 09:13:11--> 已轉入卷宗區 P116685.102.CUS.PDF
2017/9/15 上午 09:13:13*** 客戶函 P97400.605.CUS.PDF 轉檔開始 ***
2017/9/15 上午 09:13:15--> 已轉入卷宗區 P97400.605.CUS.PDF
2017/9/15 上午 09:13:16*** 客戶函 P116783.601.CUS.PDF 轉檔開始 ***
2017/9/15 上午 09:13:18--> 已轉入卷宗區 P116783.601.CUS.PDF
2017/9/15 上午 09:13:19*** 客戶函 P116533.601.CUS.PDF 轉檔開始 ***
2017/9/15 上午 09:13:22--> 已轉入卷宗區 P116533.601.CUS.PDF
2017/9/15 上午 09:18:18*** 申請書/指示信 P97400.605.DATA.PDF 轉檔開始 ***
2017/9/15 上午 09:18:20--> 已轉入卷宗區 P97400.605.DATA.PDF
2017/9/15 上午 09:18:20*** 申請書/指示信轉檔結束 ***
2017/9/15 上午 09:18:26*** 申請書/指示信 P116783.601.DATA.PDF 轉檔開始 ***
2017/9/15 上午 09:18:29--> 已轉入卷宗區 P116783.601.DATA.PDF
2017/9/15 上午 09:18:29*** 申請書/指示信轉檔結束 ***
2017/9/15 上午 09:18:35*** 申請書/指示信 P116533.601.DATA.PDF 轉檔開始 ***
2017/9/15 上午 09:18:36--> 已轉入卷宗區 P116533.601.DATA.PDF
2017/9/15 上午 09:18:36*** 申請書/指示信轉檔結束 ***
2017/9/15 上午 09:18:42*** 申請書/指示信 P110509.605.DATA.PDF 轉檔開始 ***
2017/9/15 上午 09:18:43--> 已轉入卷宗區 P110509.605.DATA.PDF
2017/9/15 上午 09:18:43*** 申請書/指示信轉檔結束 ***
2017/9/15 上午 09:19:01--> 較早訊息移入LOG檔(24)
2017/9/15 上午 09:24:02--> 檔案已存在 P97400.605.DATA.PDF(AA6040966)
2017/9/15 上午 09:24:47*** 申請書/指示信 P110509.605.DATA.PDF 轉檔開始 ***
2017/9/15 上午 09:24:48--> 已轉入卷宗區 P110509.605.DATA.PDF
2017/9/15 上午 09:24:54--> 程式結束
