2019/11/14 上午 09:37:15--> 程式已載入
2019/11/14 上午 09:37:23--> 開始
2019/11/14 上午 09:37:24*** 客戶函 T165359.1725.CUS.PDF 轉檔開始 ***
2019/11/14 上午 09:37:27--> 已轉入卷宗區 T165359.1725.CUS.PDF
2019/11/14 上午 09:37:28*** 客戶函 T163858.1725.CUS.PDF 轉檔開始 ***
2019/11/14 上午 09:37:31--> 已轉入卷宗區 T163858.1725.CUS.PDF
2019/11/14 上午 09:37:32*** 客戶函 T165491.1725.CUS.PDF 轉檔開始 ***
2019/11/14 上午 09:37:34--> 已轉入卷宗區 T165491.1725.CUS.PDF
2019/11/14 上午 09:37:36*** 客戶函 T165499.1725.CUS.PDF 轉檔開始 ***
2019/11/14 上午 09:37:39--> 已轉入卷宗區 T165499.1725.CUS.PDF
2019/11/14 上午 09:37:40*** 客戶函 T165557.1725.CUS.PDF 轉檔開始 ***
2019/11/14 上午 09:37:42--> 已轉入卷宗區 T165557.1725.CUS.PDF
2019/11/14 上午 09:37:43*** 客戶函 T165562.1725.CUS.PDF 轉檔開始 ***
2019/11/14 上午 09:37:46--> 已轉入卷宗區 T165562.1725.CUS.PDF
2019/11/14 上午 09:37:47*** 客戶函 T208102.1725.CUS.PDF 轉檔開始 ***
2019/11/14 上午 09:37:50--> 已轉入卷宗區 T208102.1725.CUS.PDF
2019/11/14 上午 09:37:51*** 客戶函 T165274.1725.CUS.PDF 轉檔開始 ***
2019/11/14 上午 09:37:54--> 已轉入卷宗區 T165274.1725.CUS.PDF
2019/11/14 上午 09:37:55*** 客戶函 T165277.1725.CUS.PDF 轉檔開始 ***
2019/11/14 上午 09:37:57--> 已轉入卷宗區 T165277.1725.CUS.PDF
2019/11/14 上午 09:37:58*** 客戶函 T165278.1725.CUS.PDF 轉檔開始 ***
2019/11/14 上午 09:38:01--> 已轉入卷宗區 T165278.1725.CUS.PDF
2019/11/14 上午 09:38:02*** 客戶函 T165279.1725.CUS.PDF 轉檔開始 ***
2019/11/14 上午 09:38:05--> 已轉入卷宗區 T165279.1725.CUS.PDF
2019/11/14 上午 09:38:06*** 客戶函 T165280.1725.CUS.PDF 轉檔開始 ***
2019/11/14 上午 09:38:09--> 已轉入卷宗區 T165280.1725.CUS.PDF
2019/11/14 上午 09:38:10*** 客戶函 T165281.1725.CUS.PDF 轉檔開始 ***
2019/11/14 上午 09:38:12--> 已轉入卷宗區 T165281.1725.CUS.PDF
2019/11/14 上午 09:38:13*** 客戶函 T165285.1725.CUS.PDF 轉檔開始 ***
2019/11/14 上午 09:38:16--> 已轉入卷宗區 T165285.1725.CUS.PDF
2019/11/14 上午 09:38:17*** 客戶函 T165651.1725.CUS.PDF 轉檔開始 ***
2019/11/14 上午 09:38:20--> 已轉入卷宗區 T165651.1725.CUS.PDF
2019/11/14 上午 09:38:21*** 客戶函 T165771.1725.CUS.PDF 轉檔開始 ***
2019/11/14 上午 09:38:23--> 已轉入卷宗區 T165771.1725.CUS.PDF
2019/11/14 上午 09:38:24*** 客戶函 T164378.1725.CUS.PDF 轉檔開始 ***
2019/11/14 上午 09:38:27--> 已轉入卷宗區 T164378.1725.CUS.PDF
2019/11/14 上午 09:38:28*** 客戶函 T164984.1725.CUS.PDF 轉檔開始 ***
2019/11/14 上午 09:38:31--> 已轉入卷宗區 T164984.1725.CUS.PDF
2019/11/14 上午 09:38:32*** 客戶函 T164985.1725.CUS.PDF 轉檔開始 ***
2019/11/14 上午 09:38:35--> 已轉入卷宗區 T164985.1725.CUS.PDF
2019/11/14 上午 09:38:36*** 客戶函 T164986.1725.CUS.PDF 轉檔開始 ***
2019/11/14 上午 09:38:38--> 已轉入卷宗區 T164986.1725.CUS.PDF
2019/11/14 上午 09:38:39*** 客戶函 T211169.1725.CUS.PDF 轉檔開始 ***
2019/11/14 上午 09:38:42--> 已轉入卷宗區 T211169.1725.CUS.PDF
2019/11/14 上午 09:38:43*** 客戶函 T161422.1725.CUS.PDF 轉檔開始 ***
2019/11/14 上午 09:38:46--> 已轉入卷宗區 T161422.1725.CUS.PDF
2019/11/14 上午 09:38:47*** 客戶函 T161836.1725.CUS.PDF 轉檔開始 ***
2019/11/14 上午 09:38:49--> 已轉入卷宗區 T161836.1725.CUS.PDF
2019/11/14 上午 09:38:50*** 客戶函 T165325.1725.CUS.PDF 轉檔開始 ***
2019/11/14 上午 09:38:53--> 已轉入卷宗區 T165325.1725.CUS.PDF
2019/11/14 上午 09:38:54*** 客戶函 T165339.1725.CUS.PDF 轉檔開始 ***
2019/11/14 上午 09:38:57--> 已轉入卷宗區 T165339.1725.CUS.PDF
2019/11/14 上午 09:38:58*** 客戶函 T165341.1725.CUS.PDF 轉檔開始 ***
2019/11/14 上午 09:39:00--> 已轉入卷宗區 T165341.1725.CUS.PDF
2019/11/14 上午 09:39:01*** 客戶函 T165565.1725.CUS.PDF 轉檔開始 ***
2019/11/14 上午 09:39:04--> 已轉入卷宗區 T165565.1725.CUS.PDF
2019/11/14 上午 09:39:05*** 客戶函 T191603.1725.CUS.PDF 轉檔開始 ***
2019/11/14 上午 09:39:08--> 已轉入卷宗區 T191603.1725.CUS.PDF
2019/11/14 上午 09:39:09*** 客戶函 T165630.1725.CUS.PDF 轉檔開始 ***
2019/11/14 上午 09:39:12--> 已轉入卷宗區 T165630.1725.CUS.PDF
2019/11/14 上午 09:39:13*** 客戶函 T165776.1725.CUS.PDF 轉檔開始 ***
2019/11/14 上午 09:39:15--> 已轉入卷宗區 T165776.1725.CUS.PDF
2019/11/14 上午 09:39:17*** 客戶函 T165777.1725.CUS.PDF 轉檔開始 ***
2019/11/14 上午 09:39:19--> 已轉入卷宗區 T165777.1725.CUS.PDF
2019/11/14 上午 09:39:20*** 客戶函 T166390.1725.CUS.PDF 轉檔開始 ***
2019/11/14 上午 09:39:23--> 已轉入卷宗區 T166390.1725.CUS.PDF
2019/11/14 上午 09:39:24*** 客戶函 T133820.1725.CUS.PDF 轉檔開始 ***
2019/11/14 上午 09:39:26--> 已轉入卷宗區 T133820.1725.CUS.PDF
2019/11/14 上午 09:39:27*** 客戶函 T165337.1725.CUS.PDF 轉檔開始 ***
2019/11/14 上午 09:39:30--> 已轉入卷宗區 T165337.1725.CUS.PDF
2019/11/14 上午 09:39:31*** 客戶函 T165972.1725.CUS.PDF 轉檔開始 ***
2019/11/14 上午 09:39:34--> 已轉入卷宗區 T165972.1725.CUS.PDF
2019/11/14 上午 09:39:35*** 客戶函 T165973.1725.CUS.PDF 轉檔開始 ***
2019/11/14 上午 09:39:37--> 已轉入卷宗區 T165973.1725.CUS.PDF
2019/11/14 上午 09:39:39*** 客戶函 T165974.1725.CUS.PDF 轉檔開始 ***
2019/11/14 上午 09:39:41--> 已轉入卷宗區 T165974.1725.CUS.PDF
2019/11/14 上午 09:39:42*** 客戶函 T165976.1725.CUS.PDF 轉檔開始 ***
2019/11/14 上午 09:39:45--> 已轉入卷宗區 T165976.1725.CUS.PDF
2019/11/14 上午 09:39:46*** 客戶函 T165977.1725.CUS.PDF 轉檔開始 ***
2019/11/14 上午 09:39:49--> 已轉入卷宗區 T165977.1725.CUS.PDF
2019/11/14 上午 09:39:50*** 客戶函 T165978.1725.CUS.PDF 轉檔開始 ***
2019/11/14 上午 09:39:52--> 已轉入卷宗區 T165978.1725.CUS.PDF
2019/11/14 上午 09:39:54*** 客戶函 T164868.1725.CUS.PDF 轉檔開始 ***
2019/11/14 上午 09:39:56--> 已轉入卷宗區 T164868.1725.CUS.PDF
2019/11/14 上午 09:39:57*** 客戶函 T165338.1725.CUS.PDF 轉檔開始 ***
2019/11/14 上午 09:40:00--> 已轉入卷宗區 T165338.1725.CUS.PDF
2019/11/14 上午 09:40:01*** 客戶函 T161049.1725.CUS.PDF 轉檔開始 ***
2019/11/14 上午 09:40:04--> 已轉入卷宗區 T161049.1725.CUS.PDF
2019/11/14 上午 09:40:05*** 客戶函 T166476.1725.CUS.PDF 轉檔開始 ***
2019/11/14 上午 09:40:08--> 已轉入卷宗區 T166476.1725.CUS.PDF
2019/11/14 上午 09:40:09*** 客戶函 T165558.1725.CUS.PDF 轉檔開始 ***
2019/11/14 上午 09:40:11--> 已轉入卷宗區 T165558.1725.CUS.PDF
2019/11/14 上午 09:40:12*** 客戶函 T165559.1725.CUS.PDF 轉檔開始 ***
2019/11/14 上午 09:40:15--> 已轉入卷宗區 T165559.1725.CUS.PDF
2019/11/14 上午 09:40:16*** 客戶函 T165560.1725.CUS.PDF 轉檔開始 ***
2019/11/14 上午 09:40:19--> 已轉入卷宗區 T165560.1725.CUS.PDF
2019/11/14 上午 09:40:20*** 客戶函 T165561.1725.CUS.PDF 轉檔開始 ***
2019/11/14 上午 09:40:22--> 已轉入卷宗區 T165561.1725.CUS.PDF
2019/11/14 上午 09:40:24*** 客戶函 T165563.1725.CUS.PDF 轉檔開始 ***
2019/11/14 上午 09:40:26--> 已轉入卷宗區 T165563.1725.CUS.PDF
2019/11/14 上午 09:40:28*** 客戶函 T165564.1725.CUS.PDF 轉檔開始 ***
2019/11/14 上午 09:40:30--> 已轉入卷宗區 T165564.1725.CUS.PDF
2019/11/14 上午 09:40:31*** 客戶函 T166719.1725.CUS.PDF 轉檔開始 ***
2019/11/14 上午 09:40:34--> 已轉入卷宗區 T166719.1725.CUS.PDF
2019/11/14 上午 09:40:35*** 客戶函 T166839.1725.CUS.PDF 轉檔開始 ***
2019/11/14 上午 09:40:38--> 已轉入卷宗區 T166839.1725.CUS.PDF
2019/11/14 上午 09:40:39*** 客戶函 T165209.1725.CUS.PDF 轉檔開始 ***
2019/11/14 上午 09:40:42--> 已轉入卷宗區 T165209.1725.CUS.PDF
2019/11/14 上午 09:40:43*** 客戶函 T165787.1725.CUS.PDF 轉檔開始 ***
2019/11/14 上午 09:40:45--> 已轉入卷宗區 T165787.1725.CUS.PDF
2019/11/14 上午 09:40:46*** 客戶函 T165857.1725.CUS.PDF 轉檔開始 ***
2019/11/14 上午 09:40:49--> 已轉入卷宗區 T165857.1725.CUS.PDF
2019/11/14 上午 09:40:50*** 客戶函 T200940.1725.CUS.PDF 轉檔開始 ***
2019/11/14 上午 09:40:53--> 已轉入卷宗區 T200940.1725.CUS.PDF
2019/11/14 上午 09:40:54*** 客戶函 T164968.1725.CUS.PDF 轉檔開始 ***
2019/11/14 上午 09:40:57--> 已轉入卷宗區 T164968.1725.CUS.PDF
2019/11/14 上午 09:40:58*** 客戶函 T165599.1725.CUS.PDF 轉檔開始 ***
2019/11/14 上午 09:41:00--> 已轉入卷宗區 T165599.1725.CUS.PDF
2019/11/14 上午 09:41:01*** 客戶函 T166054.1725.CUS.PDF 轉檔開始 ***
2019/11/14 上午 09:41:04--> 已轉入卷宗區 T166054.1725.CUS.PDF
2019/11/14 上午 09:41:05*** 客戶函 T166055.1725.CUS.PDF 轉檔開始 ***
2019/11/14 上午 09:41:08--> 已轉入卷宗區 T166055.1725.CUS.PDF
2019/11/14 上午 09:41:08--> 較早訊息移入LOG檔(100)
2019/11/14 上午 09:41:09*** 客戶函 T165975.1725.CUS.PDF 轉檔開始 ***
2019/11/14 上午 09:41:12--> 已轉入卷宗區 T165975.1725.CUS.PDF
2019/11/14 上午 09:41:13*** 客戶函 T166168.1725.CUS.PDF 轉檔開始 ***
2019/11/14 上午 09:41:15--> 已轉入卷宗區 T166168.1725.CUS.PDF
2019/11/14 上午 09:41:16*** 客戶函 T166712.1725.CUS.PDF 轉檔開始 ***
2019/11/14 上午 09:41:19--> 已轉入卷宗區 T166712.1725.CUS.PDF
2019/11/14 上午 09:41:20*** 客戶函 T166715.1725.CUS.PDF 轉檔開始 ***
2019/11/14 上午 09:41:23--> 已轉入卷宗區 T166715.1725.CUS.PDF
2019/11/14 上午 09:41:24*** 客戶函 T167151.1725.CUS.PDF 轉檔開始 ***
2019/11/14 上午 09:41:26--> 已轉入卷宗區 T167151.1725.CUS.PDF
2019/11/14 上午 09:41:28*** 客戶函 T160848.1725.CUS.PDF 轉檔開始 ***
2019/11/14 上午 09:41:30--> 已轉入卷宗區 T160848.1725.CUS.PDF
2019/11/14 上午 09:41:31*** 客戶函 T166702.1725.CUS.PDF 轉檔開始 ***
2019/11/14 上午 09:41:34--> 已轉入卷宗區 T166702.1725.CUS.PDF
2019/11/14 上午 09:41:35*** 客戶函 T165944.1725.CUS.PDF 轉檔開始 ***
2019/11/14 上午 09:41:38--> 已轉入卷宗區 T165944.1725.CUS.PDF
2019/11/14 上午 09:41:39*** 客戶函 T165963.1725.CUS.PDF 轉檔開始 ***
2019/11/14 上午 09:41:41--> 已轉入卷宗區 T165963.1725.CUS.PDF
2019/11/14 上午 09:41:42*** 客戶函 T165964.1725.CUS.PDF 轉檔開始 ***
2019/11/14 上午 09:41:45--> 已轉入卷宗區 T165964.1725.CUS.PDF
2019/11/14 上午 09:41:46*** 客戶函 T175158.1725.CUS.PDF 轉檔開始 ***
2019/11/14 上午 09:41:49--> 已轉入卷宗區 T175158.1725.CUS.PDF
2019/11/14 上午 09:41:50*** 客戶函 T166320.1725.CUS.PDF 轉檔開始 ***
2019/11/14 上午 09:41:53--> 已轉入卷宗區 T166320.1725.CUS.PDF
2019/11/14 上午 09:41:54*** 客戶函 T185984.1725.CUS.PDF 轉檔開始 ***
2019/11/14 上午 09:41:57--> 已轉入卷宗區 T185984.1725.CUS.PDF
2019/11/14 上午 09:41:58*** 客戶函 T168827.1725.CUS.PDF 轉檔開始 ***
2019/11/14 上午 09:42:00--> 已轉入卷宗區 T168827.1725.CUS.PDF
2019/11/14 上午 09:42:01*** 客戶函 T164014.1725.CUS.PDF 轉檔開始 ***
2019/11/14 上午 09:42:04--> 已轉入卷宗區 T164014.1725.CUS.PDF
2019/11/14 上午 09:42:05*** 客戶函 T164729.1725.CUS.PDF 轉檔開始 ***
2019/11/14 上午 09:42:08--> 已轉入卷宗區 T164729.1725.CUS.PDF
2019/11/14 上午 09:42:09*** 客戶函 T167177.1725.CUS.PDF 轉檔開始 ***
2019/11/14 上午 09:42:12--> 已轉入卷宗區 T167177.1725.CUS.PDF
2019/11/14 上午 09:42:13*** 客戶函 T181232.1725.CUS.PDF 轉檔開始 ***
2019/11/14 上午 09:42:16--> 已轉入卷宗區 T181232.1725.CUS.PDF
2019/11/14 上午 09:42:17*** 客戶函 T205502.1725.CUS.PDF 轉檔開始 ***
2019/11/14 上午 09:42:20--> 已轉入卷宗區 T205502.1725.CUS.PDF
2019/11/14 上午 09:42:21*** 客戶函 T216860.1725.CUS.PDF 轉檔開始 ***
2019/11/14 上午 09:42:24--> 已轉入卷宗區 T216860.1725.CUS.PDF
2019/11/14 上午 09:42:25*** 客戶函 T216861.1725.CUS.PDF 轉檔開始 ***
2019/11/14 上午 09:42:27--> 已轉入卷宗區 T216861.1725.CUS.PDF
2019/11/14 上午 09:42:28*** 客戶函 T166110.1725.CUS.PDF 轉檔開始 ***
2019/11/14 上午 09:42:31--> 已轉入卷宗區 T166110.1725.CUS.PDF
2019/11/14 上午 09:42:32*** 客戶函 T198781.1725.CUS.PDF 轉檔開始 ***
2019/11/14 上午 09:42:35--> 已轉入卷宗區 T198781.1725.CUS.PDF
2019/11/14 上午 09:42:36*** 客戶函 T224534.1725.CUS.PDF 轉檔開始 ***
2019/11/14 上午 09:42:39--> 已轉入卷宗區 T224534.1725.CUS.PDF
2019/11/14 上午 09:42:40*** 客戶函 T224535.1725.CUS.PDF 轉檔開始 ***
2019/11/14 上午 09:42:43--> 已轉入卷宗區 T224535.1725.CUS.PDF
2019/11/14 上午 09:42:44*** 客戶函 T224536.1725.CUS.PDF 轉檔開始 ***
2019/11/14 上午 09:42:47--> 已轉入卷宗區 T224536.1725.CUS.PDF
2019/11/14 上午 09:43:23--> 開始 寄發 QPGMR 郵件暫存 (Morgan)
2019/11/14 上午 09:43:23--> 結束 寄發 QPGMR 郵件暫存 (Morgan)
2019/11/14 上午 09:43:23--> 開始 FCP案件命名通知信
2019/11/14 上午 09:43:23--> 結束 FCP案件命名通知信
2019/11/14 上午 09:44:07--> 轉檔停止
2019/11/14 上午 09:56:13--> 程式結束
