2020/1/6 下午 01:59:56--> 程式已載入
2020/1/6 下午 02:00:01--> 開始
2020/1/6 下午 02:00:02--> 檔案已存在 T221684.1720.CUS.PDF(CA9001036)
2020/1/6 下午 02:00:06*** 客戶函 T224917.1101.CUS.PDF 轉檔開始 ***
2020/1/6 下午 02:00:10--> 已轉入卷宗區 T224917.1101.CUS.PDF
2020/1/6 下午 02:00:11*** 客戶函 T225218.1101.CUS.PDF 轉檔開始 ***
2020/1/6 下午 02:00:15--> 已轉入卷宗區 T225218.1101.CUS.PDF
2020/1/6 下午 02:00:16*** 客戶函 T221995.1101.CUS.PDF 轉檔開始 ***
2020/1/6 下午 02:00:19--> 已轉入卷宗區 T221995.1101.CUS.PDF
2020/1/6 下午 02:00:35--> 程式結束
2020/1/7 下午 04:34:18--> 程式已載入
2020/1/7 下午 04:34:21--> 開始
2020/1/7 下午 04:34:22*** 客戶函 P110123.1001.CUS.PDF 轉檔開始 ***
2020/1/7 下午 04:34:26--> 已轉入卷宗區 P110123.1001.CUS.PDF
2020/1/7 下午 04:34:28*** 客戶函 P110122.1001.CUS.PDF 轉檔開始 ***
2020/1/7 下午 04:34:31--> 已轉入卷宗區 P110122.1001.CUS.PDF
2020/1/7 下午 04:34:32*** 客戶函 T207283.1729.CUS.PDF 轉檔開始 ***
2020/1/7 下午 04:34:35--> 已轉入卷宗區 T207283.1729.CUS.PDF
2020/1/7 下午 04:34:36*** 客戶函 T204212.1729.CUS.PDF 轉檔開始 ***
2020/1/7 下午 04:34:40--> 已轉入卷宗區 T204212.1729.CUS.PDF
2020/1/7 下午 04:34:41*** 客戶函 T98227.1729.CUS.PDF 轉檔開始 ***
2020/1/7 下午 04:34:46--> 已轉入卷宗區 T98227.1729.CUS.PDF
2020/1/7 下午 04:34:47*** 客戶函 T204012.1729.CUS.PDF 轉檔開始 ***
2020/1/7 下午 04:34:50--> 已轉入卷宗區 T204012.1729.CUS.PDF
2020/1/7 下午 04:34:51*** 客戶函 T204014.1729.CUS.PDF 轉檔開始 ***
2020/1/7 下午 04:34:55--> 已轉入卷宗區 T204014.1729.CUS.PDF
2020/1/7 下午 04:34:56*** 客戶函 T203536.1729.CUS.PDF 轉檔開始 ***
2020/1/7 下午 04:34:59--> 已轉入卷宗區 T203536.1729.CUS.PDF
2020/1/7 下午 04:35:00*** 客戶函 T203537.1729.CUS.PDF 轉檔開始 ***
2020/1/7 下午 04:35:04--> 已轉入卷宗區 T203537.1729.CUS.PDF
2020/1/7 下午 04:35:05*** 客戶函 T204370.1729.CUS.PDF 轉檔開始 ***
2020/1/7 下午 04:35:09--> 已轉入卷宗區 T204370.1729.CUS.PDF
2020/1/7 下午 04:35:10*** 客戶函 T202724.1729.CUS.PDF 轉檔開始 ***
2020/1/7 下午 04:35:13--> 已轉入卷宗區 T202724.1729.CUS.PDF
2020/1/7 下午 04:35:14*** 客戶函 T200709.1729.CUS.PDF 轉檔開始 ***
2020/1/7 下午 04:35:18--> 已轉入卷宗區 T200709.1729.CUS.PDF
2020/1/7 下午 04:35:19*** 客戶函 T200710.1729.CUS.PDF 轉檔開始 ***
2020/1/7 下午 04:35:23--> 已轉入卷宗區 T200710.1729.CUS.PDF
2020/1/7 下午 04:35:24*** 客戶函 T200712.1729.CUS.PDF 轉檔開始 ***
2020/1/7 下午 04:35:29--> 已轉入卷宗區 T200712.1729.CUS.PDF
2020/1/7 下午 04:35:30*** 客戶函 T141991.1729.CUS.PDF 轉檔開始 ***
2020/1/7 下午 04:35:34--> 已轉入卷宗區 T141991.1729.CUS.PDF
2020/1/7 下午 04:35:35*** 客戶函 T198574.1729.CUS.PDF 轉檔開始 ***
2020/1/7 下午 04:35:38--> 已轉入卷宗區 T198574.1729.CUS.PDF
2020/1/7 下午 04:35:39*** 客戶函 T204497.1729.CUS.PDF 轉檔開始 ***
2020/1/7 下午 04:35:42--> 已轉入卷宗區 T204497.1729.CUS.PDF
2020/1/7 下午 04:35:43*** 客戶函 T204498.1729.CUS.PDF 轉檔開始 ***
2020/1/7 下午 04:35:47--> 已轉入卷宗區 T204498.1729.CUS.PDF
2020/1/7 下午 04:35:48*** 客戶函 T204499.1729.CUS.PDF 轉檔開始 ***
2020/1/7 下午 04:35:52--> 已轉入卷宗區 T204499.1729.CUS.PDF
2020/1/7 下午 04:35:53*** 客戶函 T204500.1729.CUS.PDF 轉檔開始 ***
2020/1/7 下午 04:35:56--> 已轉入卷宗區 T204500.1729.CUS.PDF
2020/1/7 下午 04:35:57*** 客戶函 T204501.1729.CUS.PDF 轉檔開始 ***
2020/1/7 下午 04:36:01--> 已轉入卷宗區 T204501.1729.CUS.PDF
2020/1/7 下午 04:36:02*** 客戶函 T204589.1729.CUS.PDF 轉檔開始 ***
2020/1/7 下午 04:36:06--> 已轉入卷宗區 T204589.1729.CUS.PDF
2020/1/7 下午 04:36:07*** 客戶函 T140087.1729.CUS.PDF 轉檔開始 ***
2020/1/7 下午 04:36:11--> 已轉入卷宗區 T140087.1729.CUS.PDF
2020/1/7 下午 04:36:12*** 客戶函 T140132.1729.CUS.PDF 轉檔開始 ***
2020/1/7 下午 04:36:15--> 已轉入卷宗區 T140132.1729.CUS.PDF
2020/1/7 下午 04:36:16*** 客戶函 T204238.1729.CUS.PDF 轉檔開始 ***
2020/1/7 下午 04:36:20--> 已轉入卷宗區 T204238.1729.CUS.PDF
2020/1/7 下午 04:36:21*** 客戶函 T204239.1729.CUS.PDF 轉檔開始 ***
2020/1/7 下午 04:36:24--> 已轉入卷宗區 T204239.1729.CUS.PDF
2020/1/7 下午 04:36:25*** 客戶函 T203469.1729.CUS.PDF 轉檔開始 ***
2020/1/7 下午 04:36:29--> 已轉入卷宗區 T203469.1729.CUS.PDF
2020/1/7 下午 04:36:30*** 客戶函 T203470.1729.CUS.PDF 轉檔開始 ***
2020/1/7 下午 04:36:35--> 已轉入卷宗區 T203470.1729.CUS.PDF
2020/1/7 下午 04:36:36*** 客戶函 T204324.1729.CUS.PDF 轉檔開始 ***
2020/1/7 下午 04:36:39--> 已轉入卷宗區 T204324.1729.CUS.PDF
2020/1/7 下午 04:36:40*** 客戶函 T204553.1729.CUS.PDF 轉檔開始 ***
2020/1/7 下午 04:36:44--> 已轉入卷宗區 T204553.1729.CUS.PDF
2020/1/7 下午 04:36:45*** 客戶函 T199681.1729.CUS.PDF 轉檔開始 ***
2020/1/7 下午 04:36:48--> 已轉入卷宗區 T199681.1729.CUS.PDF
2020/1/7 下午 04:36:49*** 客戶函 T203675.1729.CUS.PDF 轉檔開始 ***
2020/1/7 下午 04:36:53--> 已轉入卷宗區 T203675.1729.CUS.PDF
2020/1/7 下午 04:36:54*** 客戶函 T142606.1729.CUS.PDF 轉檔開始 ***
2020/1/7 下午 04:36:57--> 已轉入卷宗區 T142606.1729.CUS.PDF
2020/1/7 下午 04:36:58*** 客戶函 T141667.1729.CUS.PDF 轉檔開始 ***
2020/1/7 下午 04:37:01--> 已轉入卷宗區 T141667.1729.CUS.PDF
2020/1/7 下午 04:37:03*** 客戶函 T154789.1729.CUS.PDF 轉檔開始 ***
2020/1/7 下午 04:37:07--> 已轉入卷宗區 T154789.1729.CUS.PDF
2020/1/7 下午 04:37:08*** 客戶函 T154790.1729.CUS.PDF 轉檔開始 ***
2020/1/7 下午 04:37:11--> 已轉入卷宗區 T154790.1729.CUS.PDF
2020/1/7 下午 04:37:12*** 客戶函 T154791.1729.CUS.PDF 轉檔開始 ***
2020/1/7 下午 04:37:15--> 已轉入卷宗區 T154791.1729.CUS.PDF
2020/1/7 下午 04:37:17*** 客戶函 T195791.1729.CUS.PDF 轉檔開始 ***
2020/1/7 下午 04:37:20--> 已轉入卷宗區 T195791.1729.CUS.PDF
2020/1/7 下午 04:37:21*** 客戶函 T204642.1729.CUS.PDF 轉檔開始 ***
2020/1/7 下午 04:37:24--> 已轉入卷宗區 T204642.1729.CUS.PDF
2020/1/7 下午 04:37:25*** 客戶函 T141809.1729.CUS.PDF 轉檔開始 ***
2020/1/7 下午 04:37:28--> 已轉入卷宗區 T141809.1729.CUS.PDF
2020/1/7 下午 04:37:29*** 客戶函 T97544.1729.CUS.PDF 轉檔開始 ***
2020/1/7 下午 04:37:33--> 已轉入卷宗區 T97544.1729.CUS.PDF
2020/1/7 下午 04:37:34*** 客戶函 T204436.1729.CUS.PDF 轉檔開始 ***
2020/1/7 下午 04:37:38--> 已轉入卷宗區 T204436.1729.CUS.PDF
2020/1/7 下午 04:37:39*** 客戶函 T190309.1729.CUS.PDF 轉檔開始 ***
2020/1/7 下午 04:37:42--> 已轉入卷宗區 T190309.1729.CUS.PDF
2020/1/7 下午 04:37:43*** 客戶函 T204528.1729.CUS.PDF 轉檔開始 ***
2020/1/7 下午 04:37:47--> 已轉入卷宗區 T204528.1729.CUS.PDF
2020/1/7 下午 04:37:48*** 客戶函 T184206.1729.CUS.PDF 轉檔開始 ***
2020/1/7 下午 04:37:51--> 已轉入卷宗區 T184206.1729.CUS.PDF
2020/1/7 下午 04:37:52*** 客戶函 T204184.1729.CUS.PDF 轉檔開始 ***
2020/1/7 下午 04:37:56--> 已轉入卷宗區 T204184.1729.CUS.PDF
2020/1/7 下午 04:39:23--> 較早訊息移入LOG檔(94)
2020/1/7 下午 04:39:30--> 程式結束
