2020/12/8 上午 10:32:27--> 程式已載入
2020/12/8 上午 10:32:34--> 開始
2020/12/8 上午 10:32:35*** 客戶函 T230258.604.CUS.PDF 轉檔開始 ***
2020/12/8 上午 10:32:40--> 已轉入卷宗區 T230258.604.CUS.PDF
2020/12/8 上午 10:37:35--> 開始 寄發 QPGMR 郵件暫存 (Morgan)
2020/12/8 上午 10:37:35--> 結束 寄發 QPGMR 郵件暫存 (Morgan)
2020/12/8 上午 10:37:35--> 開始 FCP案件命名通知信
2020/12/8 上午 10:37:35--> 結束 FCP案件命名通知信
2020/12/8 上午 10:38:38--> 較早訊息移入LOG檔(8)
2020/12/8 上午 10:42:35--> 開始 寄發 QPGMR 郵件暫存 (Morgan)
2020/12/8 上午 10:42:36--> 結束 寄發 QPGMR 郵件暫存 (Morgan)
2020/12/8 上午 10:42:36--> 開始 FCP案件命名通知信
2020/12/8 上午 10:42:36--> 結束 FCP案件命名通知信
2020/12/8 上午 10:44:48--> 較早訊息移入LOG檔(5)
2020/12/8 上午 10:47:36--> 開始 寄發 QPGMR 郵件暫存 (Morgan)
2020/12/8 上午 10:47:36--> 結束 寄發 QPGMR 郵件暫存 (Morgan)
2020/12/8 上午 10:47:36--> 開始 FCP案件命名通知信
2020/12/8 上午 10:47:36--> 結束 FCP案件命名通知信
2020/12/8 上午 10:50:57--> 較早訊息移入LOG檔(5)
2020/12/8 上午 10:52:36--> 開始 寄發 QPGMR 郵件暫存 (Morgan)
2020/12/8 上午 10:52:36--> 結束 寄發 QPGMR 郵件暫存 (Morgan)
2020/12/8 上午 10:52:36--> 開始 FCP案件命名通知信
2020/12/8 上午 10:52:37--> 結束 FCP案件命名通知信
2020/12/8 上午 10:57:06--> 較早訊息移入LOG檔(5)
2020/12/8 上午 10:57:37--> 開始 寄發 QPGMR 郵件暫存 (Morgan)
2020/12/8 上午 10:57:37--> 結束 寄發 QPGMR 郵件暫存 (Morgan)
2020/12/8 上午 10:57:37--> 開始 FCP案件命名通知信
2020/12/8 上午 10:57:37--> 結束 FCP案件命名通知信
2020/12/8 上午 11:02:36--> 開始 寄發 QPGMR 郵件暫存 (Morgan)
2020/12/8 上午 11:02:36--> 結束 寄發 QPGMR 郵件暫存 (Morgan)
2020/12/8 上午 11:02:36--> 開始 FCP案件命名通知信
2020/12/8 上午 11:02:36--> 結束 FCP案件命名通知信
2020/12/8 上午 11:03:13--> 較早訊息移入LOG檔(9)
2020/12/8 上午 11:07:35--> 開始 寄發 QPGMR 郵件暫存 (Morgan)
2020/12/8 上午 11:07:35--> 結束 寄發 QPGMR 郵件暫存 (Morgan)
2020/12/8 上午 11:07:35--> 開始 FCP案件命名通知信
2020/12/8 上午 11:07:35--> 結束 FCP案件命名通知信
2020/12/8 上午 11:09:21--> 較早訊息移入LOG檔(5)
2020/12/8 上午 11:12:35--> 開始 寄發 QPGMR 郵件暫存 (Morgan)
2020/12/8 上午 11:12:36--> 結束 寄發 QPGMR 郵件暫存 (Morgan)
2020/12/8 上午 11:12:36--> 開始 FCP案件命名通知信
2020/12/8 上午 11:12:36--> 結束 FCP案件命名通知信
2020/12/8 上午 11:15:30--> 較早訊息移入LOG檔(5)
2020/12/8 上午 11:17:36--> 開始 寄發 QPGMR 郵件暫存 (Morgan)
2020/12/8 上午 11:17:36--> 結束 寄發 QPGMR 郵件暫存 (Morgan)
2020/12/8 上午 11:17:36--> 開始 FCP案件命名通知信
2020/12/8 上午 11:17:36--> 結束 FCP案件命名通知信
2020/12/8 上午 11:21:39--> 較早訊息移入LOG檔(5)
2020/12/8 上午 11:22:36--> 開始 寄發 QPGMR 郵件暫存 (Morgan)
2020/12/8 上午 11:22:36--> 結束 寄發 QPGMR 郵件暫存 (Morgan)
2020/12/8 上午 11:22:36--> 開始 FCP案件命名通知信
2020/12/8 上午 11:22:36--> 結束 FCP案件命名通知信
2020/12/8 上午 11:27:36--> 開始 寄發 QPGMR 郵件暫存 (Morgan)
2020/12/8 上午 11:27:36--> 結束 寄發 QPGMR 郵件暫存 (Morgan)
2020/12/8 上午 11:27:36--> 開始 FCP案件命名通知信
2020/12/8 上午 11:27:36--> 結束 FCP案件命名通知信
2020/12/8 上午 11:27:47--> 較早訊息移入LOG檔(9)
2020/12/8 上午 11:32:37--> 開始 寄發 QPGMR 郵件暫存 (Morgan)
2020/12/8 上午 11:32:37--> 結束 寄發 QPGMR 郵件暫存 (Morgan)
2020/12/8 上午 11:32:37--> 開始 FCP案件命名通知信
2020/12/8 上午 11:32:37--> 結束 FCP案件命名通知信
2020/12/8 上午 11:33:56--> 較早訊息移入LOG檔(5)
2020/12/8 上午 11:37:37--> 開始 寄發 QPGMR 郵件暫存 (Morgan)
2020/12/8 上午 11:37:37--> 結束 寄發 QPGMR 郵件暫存 (Morgan)
2020/12/8 上午 11:37:37--> 開始 FCP案件命名通知信
2020/12/8 上午 11:37:37--> 結束 FCP案件命名通知信
2020/12/8 上午 11:40:05--> 較早訊息移入LOG檔(5)
2020/12/8 上午 11:42:37--> 開始 寄發 QPGMR 郵件暫存 (Morgan)
2020/12/8 上午 11:42:37--> 結束 寄發 QPGMR 郵件暫存 (Morgan)
2020/12/8 上午 11:42:37--> 開始 FCP案件命名通知信
2020/12/8 上午 11:42:37--> 結束 FCP案件命名通知信
2020/12/8 上午 11:46:14--> 較早訊息移入LOG檔(5)
2020/12/8 上午 11:47:38--> 開始 寄發 QPGMR 郵件暫存 (Morgan)
2020/12/8 上午 11:47:38--> 結束 寄發 QPGMR 郵件暫存 (Morgan)
2020/12/8 上午 11:47:38--> 開始 FCP案件命名通知信
2020/12/8 上午 11:47:38--> 結束 FCP案件命名通知信
2020/12/8 上午 11:52:23--> 較早訊息移入LOG檔(5)
2020/12/8 上午 11:52:38--> 開始 寄發 QPGMR 郵件暫存 (Morgan)
2020/12/8 上午 11:52:38--> 結束 寄發 QPGMR 郵件暫存 (Morgan)
2020/12/8 上午 11:52:38--> 開始 FCP案件命名通知信
2020/12/8 上午 11:52:38--> 結束 FCP案件命名通知信
2020/12/8 上午 11:57:38--> 開始 寄發 QPGMR 郵件暫存 (Morgan)
2020/12/8 上午 11:57:38--> 結束 寄發 QPGMR 郵件暫存 (Morgan)
2020/12/8 上午 11:57:38--> 開始 FCP案件命名通知信
2020/12/8 上午 11:57:38--> 結束 FCP案件命名通知信
2020/12/8 上午 11:58:32--> 較早訊息移入LOG檔(9)
2020/12/8 下午 12:02:38--> 開始 寄發 QPGMR 郵件暫存 (Morgan)
2020/12/8 下午 12:02:38--> 結束 寄發 QPGMR 郵件暫存 (Morgan)
2020/12/8 下午 12:02:38--> 開始 FCP案件命名通知信
2020/12/8 下午 12:02:38--> 結束 FCP案件命名通知信
2020/12/8 下午 12:04:40--> 較早訊息移入LOG檔(5)
2020/12/8 下午 12:07:38--> 開始 寄發 QPGMR 郵件暫存 (Morgan)
2020/12/8 下午 12:07:38--> 結束 寄發 QPGMR 郵件暫存 (Morgan)
2020/12/8 下午 12:07:38--> 開始 FCP案件命名通知信
2020/12/8 下午 12:07:38--> 結束 FCP案件命名通知信
2020/12/8 下午 12:10:49--> 較早訊息移入LOG檔(5)
2020/12/8 下午 12:12:38--> 開始 寄發 QPGMR 郵件暫存 (Morgan)
2020/12/8 下午 12:12:38--> 結束 寄發 QPGMR 郵件暫存 (Morgan)
2020/12/8 下午 12:12:38--> 開始 FCP案件命名通知信
2020/12/8 下午 12:12:39--> 結束 FCP案件命名通知信
2020/12/8 下午 12:16:58--> 較早訊息移入LOG檔(5)
2020/12/8 下午 12:17:39--> 開始 寄發 QPGMR 郵件暫存 (Morgan)
2020/12/8 下午 12:17:39--> 結束 寄發 QPGMR 郵件暫存 (Morgan)
2020/12/8 下午 12:17:39--> 開始 FCP案件命名通知信
2020/12/8 下午 12:17:39--> 結束 FCP案件命名通知信
2020/12/8 下午 12:22:39--> 開始 寄發 QPGMR 郵件暫存 (Morgan)
2020/12/8 下午 12:22:39--> 結束 寄發 QPGMR 郵件暫存 (Morgan)
2020/12/8 下午 12:22:39--> 開始 FCP案件命名通知信
2020/12/8 下午 12:22:39--> 結束 FCP案件命名通知信
2020/12/8 下午 12:23:07--> 較早訊息移入LOG檔(9)
2020/12/8 下午 12:27:39--> 開始 寄發 QPGMR 郵件暫存 (Morgan)
2020/12/8 下午 12:27:39--> 結束 寄發 QPGMR 郵件暫存 (Morgan)
2020/12/8 下午 12:27:39--> 開始 FCP案件命名通知信
2020/12/8 下午 12:27:39--> 結束 FCP案件命名通知信
2020/12/8 下午 12:29:16--> 較早訊息移入LOG檔(5)
2020/12/8 下午 12:32:39--> 開始 寄發 QPGMR 郵件暫存 (Morgan)
2020/12/8 下午 12:32:39--> 結束 寄發 QPGMR 郵件暫存 (Morgan)
2020/12/8 下午 12:32:39--> 開始 FCP案件命名通知信
2020/12/8 下午 12:32:39--> 結束 FCP案件命名通知信
2020/12/8 下午 12:35:24--> 較早訊息移入LOG檔(5)
2020/12/8 下午 12:37:40--> 開始 寄發 QPGMR 郵件暫存 (Morgan)
2020/12/8 下午 12:37:40--> 結束 寄發 QPGMR 郵件暫存 (Morgan)
2020/12/8 下午 12:37:40--> 開始 FCP案件命名通知信
2020/12/8 下午 12:37:40--> 結束 FCP案件命名通知信
2020/12/8 下午 12:41:33--> 較早訊息移入LOG檔(5)
2020/12/8 下午 12:42:40--> 開始 寄發 QPGMR 郵件暫存 (Morgan)
2020/12/8 下午 12:42:40--> 結束 寄發 QPGMR 郵件暫存 (Morgan)
2020/12/8 下午 12:42:40--> 開始 FCP案件命名通知信
2020/12/8 下午 12:42:40--> 結束 FCP案件命名通知信
2020/12/8 下午 12:47:40--> 開始 寄發 QPGMR 郵件暫存 (Morgan)
2020/12/8 下午 12:47:40--> 結束 寄發 QPGMR 郵件暫存 (Morgan)
2020/12/8 下午 12:47:40--> 開始 FCP案件命名通知信
2020/12/8 下午 12:47:40--> 結束 FCP案件命名通知信
2020/12/8 下午 12:47:41--> 較早訊息移入LOG檔(9)
2020/12/8 下午 12:52:40--> 開始 寄發 QPGMR 郵件暫存 (Morgan)
2020/12/8 下午 12:52:40--> 結束 寄發 QPGMR 郵件暫存 (Morgan)
2020/12/8 下午 12:52:40--> 開始 FCP案件命名通知信
2020/12/8 下午 12:52:40--> 結束 FCP案件命名通知信
2020/12/8 下午 12:53:50--> 較早訊息移入LOG檔(5)
2020/12/8 下午 12:57:40--> 開始 寄發 QPGMR 郵件暫存 (Morgan)
2020/12/8 下午 12:57:40--> 結束 寄發 QPGMR 郵件暫存 (Morgan)
2020/12/8 下午 12:57:40--> 開始 FCP案件命名通知信
2020/12/8 下午 12:57:40--> 結束 FCP案件命名通知信
2020/12/8 下午 12:59:59--> 較早訊息移入LOG檔(5)
2020/12/8 下午 01:01:40--> 程式結束
2020/12/9 下午 03:12:01--> 程式已載入
2020/12/9 下午 03:12:05--> 開始
2020/12/9 下午 03:12:06--> 檔案已存在 T225500.308.CUS.PDF(AA8055493)
2020/12/9 下午 03:12:09*** 客戶函 T230258.604.CUS.PDF 轉檔開始 ***
2020/12/9 下午 03:12:14--> 已轉入卷宗區 T230258.604.CUS.PDF
2020/12/9 下午 03:17:05--> 開始 寄發 QPGMR 郵件暫存 (Morgan)
2020/12/9 下午 03:17:05--> 結束 寄發 QPGMR 郵件暫存 (Morgan)
2020/12/9 下午 03:17:05--> 開始 FCP案件命名通知信
2020/12/9 下午 03:17:05--> 結束 FCP案件命名通知信
2020/12/9 下午 03:18:07--> 較早訊息移入LOG檔(9)
2020/12/9 下午 03:22:04--> 開始 寄發 QPGMR 郵件暫存 (Morgan)
2020/12/9 下午 03:22:04--> 結束 寄發 QPGMR 郵件暫存 (Morgan)
2020/12/9 下午 03:22:04--> 開始 FCP案件命名通知信
2020/12/9 下午 03:22:04--> 結束 FCP案件命名通知信
2020/12/9 下午 03:24:15--> 較早訊息移入LOG檔(5)
2020/12/9 下午 03:25:33*** 客戶函 T230257.604.CUS.PDF 轉檔開始 ***
2020/12/9 下午 03:25:37--> 已轉入卷宗區 T230257.604.CUS.PDF
2020/12/9 下午 03:27:05--> 開始 寄發 QPGMR 郵件暫存 (Morgan)
2020/12/9 下午 03:27:05--> 結束 寄發 QPGMR 郵件暫存 (Morgan)
2020/12/9 下午 03:27:05--> 開始 FCP案件命名通知信
2020/12/9 下午 03:27:05--> 結束 FCP案件命名通知信
2020/12/9 下午 03:29:09*** 客戶函 T230256.604.CUS.PDF 轉檔開始 ***
2020/12/9 下午 03:29:13--> 已轉入卷宗區 T230256.604.CUS.PDF
2020/12/9 下午 03:30:31--> 較早訊息移入LOG檔(9)
2020/12/9 下午 03:32:05--> 開始 寄發 QPGMR 郵件暫存 (Morgan)
2020/12/9 下午 03:32:05--> 結束 寄發 QPGMR 郵件暫存 (Morgan)
2020/12/9 下午 03:32:05--> 開始 FCP案件命名通知信
2020/12/9 下午 03:32:05--> 結束 FCP案件命名通知信
2020/12/9 下午 03:36:40--> 較早訊息移入LOG檔(5)
2020/12/9 下午 03:37:05--> 開始 寄發 QPGMR 郵件暫存 (Morgan)
2020/12/9 下午 03:37:05--> 結束 寄發 QPGMR 郵件暫存 (Morgan)
2020/12/9 下午 03:37:05--> 開始 FCP案件命名通知信
2020/12/9 下午 03:37:05--> 結束 FCP案件命名通知信
2020/12/9 下午 03:39:45--> 轉檔停止
2020/12/9 下午 03:39:46--> 開始
2020/12/9 下午 03:42:46--> 開始 寄發 QPGMR 郵件暫存 (Morgan)
2020/12/9 下午 03:42:46--> 結束 寄發 QPGMR 郵件暫存 (Morgan)
2020/12/9 下午 03:42:46--> 開始 FCP案件命名通知信
2020/12/9 下午 03:42:46--> 結束 FCP案件命名通知信
2020/12/9 下午 03:42:48--> 較早訊息移入LOG檔(11)
2020/12/9 下午 03:43:07*** 客戶函 T230255.604.CUS.PDF 轉檔開始 ***
2020/12/9 下午 03:43:10--> 已轉入卷宗區 T230255.604.CUS.PDF
2020/12/9 下午 03:47:46--> 開始 寄發 QPGMR 郵件暫存 (Morgan)
2020/12/9 下午 03:47:46--> 結束 寄發 QPGMR 郵件暫存 (Morgan)
2020/12/9 下午 03:47:46--> 開始 FCP案件命名通知信
2020/12/9 下午 03:47:46--> 結束 FCP案件命名通知信
2020/12/9 下午 03:49:01--> 較早訊息移入LOG檔(7)
2020/12/9 下午 03:52:46--> 開始 寄發 QPGMR 郵件暫存 (Morgan)
2020/12/9 下午 03:52:46--> 結束 寄發 QPGMR 郵件暫存 (Morgan)
2020/12/9 下午 03:52:46--> 開始 FCP案件命名通知信
2020/12/9 下午 05:12:07--> 到期前通知：FCP-064293新案命名 收件者: 88003
2020/12/9 下午 05:12:07--> 結束 FCP案件命名通知信
2020/12/9 下午 05:12:08--> 程式結束
2020/12/10 下午 04:51:49--> 程式已載入
2020/12/10 下午 04:51:54--> 開始
2020/12/10 下午 04:51:55*** 客戶函 CFP028462.930.CUS.PDF 轉檔開始 ***
2020/12/10 下午 04:51:59--> 已轉入卷宗區 CFP028462.930.CUS.PDF
2020/12/10 下午 04:52:00*** 客戶函 CFP028462.605.CUS.PDF 轉檔開始 ***
2020/12/10 下午 04:52:04--> 已轉入卷宗區 CFP028462.605.CUS.PDF
2020/12/10 下午 04:52:05*** 客戶函 CFP025445.1913.CUS.PDF 轉檔開始 ***
2020/12/10 下午 04:52:09--> 已轉入卷宗區 CFP025445.1913.CUS.PDF
2020/12/10 下午 04:52:11--> 程式結束
2020/12/10 下午 04:52:23--> 程式已載入
2020/12/10 下午 04:52:26--> 開始
2020/12/10 下午 04:57:26--> 開始 寄發 QPGMR 郵件暫存 (Morgan)
2020/12/10 下午 04:57:26--> 結束 寄發 QPGMR 郵件暫存 (Morgan)
2020/12/10 下午 04:57:26--> 開始 FCP案件命名通知信
2020/12/10 下午 05:00:34--> 已逾期通知：FCP-064297新案命名 收件者: 87003;A5015;A4029 副本:85033
2020/12/10 下午 05:00:34--> 結束 FCP案件命名通知信
2020/12/10 下午 05:00:38--> 程式結束
2020/12/11 上午 08:20:12--> 程式已載入
2020/12/11 上午 08:20:16--> 開始
2020/12/11 上午 08:25:16--> 開始 寄發 QPGMR 郵件暫存 (Morgan)
2020/12/11 上午 08:25:16--> 結束 寄發 QPGMR 郵件暫存 (Morgan)
2020/12/11 上午 08:25:16--> 開始 FCP案件命名通知信
2020/12/11 上午 08:25:17--> 結束 FCP案件命名通知信
2020/12/11 上午 08:26:20--> 較早訊息移入LOG檔(6)
2020/12/11 上午 08:30:17--> 開始 寄發 QPGMR 郵件暫存 (Morgan)
2020/12/11 上午 08:30:17--> 結束 寄發 QPGMR 郵件暫存 (Morgan)
2020/12/11 上午 08:30:17--> 開始 FCP案件命名通知信
2020/12/11 上午 08:30:17--> 結束 FCP案件命名通知信
2020/12/11 上午 08:32:29--> 較早訊息移入LOG檔(5)
2020/12/11 上午 08:35:17--> 開始 寄發 QPGMR 郵件暫存 (Morgan)
2020/12/11 上午 08:35:17--> 結束 寄發 QPGMR 郵件暫存 (Morgan)
2020/12/11 上午 08:35:17--> 開始 FCP案件命名通知信
2020/12/11 上午 08:35:17--> 結束 FCP案件命名通知信
2020/12/11 上午 08:38:38--> 較早訊息移入LOG檔(5)
2020/12/11 上午 08:40:18--> 開始 寄發 QPGMR 郵件暫存 (Morgan)
2020/12/11 上午 08:40:18--> 結束 寄發 QPGMR 郵件暫存 (Morgan)
2020/12/11 上午 08:40:18--> 開始 FCP案件命名通知信
2020/12/11 上午 08:42:42--> 到期前通知：FCP-064298新案命名 收件者: 88003;A6001
2020/12/11 上午 08:42:42--> 結束 FCP案件命名通知信
2020/12/11 上午 08:47:11--> 較早訊息移入LOG檔(6)
2020/12/11 上午 08:47:42--> 開始 寄發 QPGMR 郵件暫存 (Morgan)
2020/12/11 上午 08:47:42--> 結束 寄發 QPGMR 郵件暫存 (Morgan)
2020/12/11 上午 08:47:42--> 開始 FCP案件命名通知信
2020/12/11 上午 08:47:42--> 結束 FCP案件命名通知信
2020/12/11 上午 08:52:43--> 開始 寄發 QPGMR 郵件暫存 (Morgan)
2020/12/11 上午 08:52:43--> 結束 寄發 QPGMR 郵件暫存 (Morgan)
2020/12/11 上午 08:52:43--> 開始 FCP案件命名通知信
2020/12/11 上午 08:52:43--> 結束 FCP案件命名通知信
2020/12/11 上午 08:53:19--> 較早訊息移入LOG檔(9)
2020/12/11 上午 08:57:43--> 開始 寄發 QPGMR 郵件暫存 (Morgan)
2020/12/11 上午 08:57:43--> 結束 寄發 QPGMR 郵件暫存 (Morgan)
2020/12/11 上午 08:57:43--> 開始 FCP案件命名通知信
2020/12/11 上午 08:57:43--> 結束 FCP案件命名通知信
2020/12/11 上午 08:59:28--> 較早訊息移入LOG檔(5)
2020/12/11 上午 09:02:43--> 開始 寄發 QPGMR 郵件暫存 (Morgan)
2020/12/11 上午 09:02:43--> 結束 寄發 QPGMR 郵件暫存 (Morgan)
2020/12/11 上午 09:02:43--> 開始 FCP案件命名通知信
2020/12/11 上午 09:02:43--> 結束 FCP案件命名通知信
2020/12/11 上午 09:05:36--> 較早訊息移入LOG檔(5)
2020/12/11 上午 09:07:43--> 開始 寄發 QPGMR 郵件暫存 (Morgan)
2020/12/11 上午 09:07:43--> 結束 寄發 QPGMR 郵件暫存 (Morgan)
2020/12/11 上午 09:07:43--> 開始 FCP案件命名通知信
2020/12/11 上午 09:07:43--> 結束 FCP案件命名通知信
2020/12/11 上午 09:11:45--> 較早訊息移入LOG檔(5)
2020/12/11 上午 09:12:43--> 開始 寄發 QPGMR 郵件暫存 (Morgan)
2020/12/11 上午 09:12:43--> 結束 寄發 QPGMR 郵件暫存 (Morgan)
2020/12/11 上午 09:12:43--> 開始 FCP案件命名通知信
2020/12/11 上午 09:12:43--> 結束 FCP案件命名通知信
2020/12/11 上午 09:17:43--> 開始 寄發 QPGMR 郵件暫存 (Morgan)
2020/12/11 上午 09:17:43--> 結束 寄發 QPGMR 郵件暫存 (Morgan)
2020/12/11 上午 09:17:43--> 開始 FCP案件命名通知信
2020/12/11 上午 09:17:43--> 結束 FCP案件命名通知信
2020/12/11 上午 09:17:54--> 較早訊息移入LOG檔(9)
2020/12/11 上午 09:22:43--> 開始 寄發 QPGMR 郵件暫存 (Morgan)
2020/12/11 上午 09:22:43--> 結束 寄發 QPGMR 郵件暫存 (Morgan)
2020/12/11 上午 09:22:43--> 開始 FCP案件命名通知信
2020/12/11 上午 09:22:43--> 結束 FCP案件命名通知信
2020/12/11 上午 09:24:03--> 較早訊息移入LOG檔(5)
2020/12/11 上午 09:27:43--> 開始 寄發 QPGMR 郵件暫存 (Morgan)
2020/12/11 上午 09:27:43--> 結束 寄發 QPGMR 郵件暫存 (Morgan)
2020/12/11 上午 09:27:43--> 開始 FCP案件命名通知信
2020/12/11 上午 09:27:43--> 結束 FCP案件命名通知信
2020/12/11 上午 09:30:12--> 較早訊息移入LOG檔(5)
2020/12/11 上午 09:32:44--> 開始 寄發 QPGMR 郵件暫存 (Morgan)
2020/12/11 上午 09:32:44--> 結束 寄發 QPGMR 郵件暫存 (Morgan)
2020/12/11 上午 09:32:44--> 開始 FCP案件命名通知信
2020/12/11 上午 09:32:44--> 結束 FCP案件命名通知信
2020/12/11 上午 09:36:21--> 較早訊息移入LOG檔(5)
2020/12/11 上午 09:37:44--> 開始 寄發 QPGMR 郵件暫存 (Morgan)
2020/12/11 上午 09:37:44--> 結束 寄發 QPGMR 郵件暫存 (Morgan)
2020/12/11 上午 09:37:44--> 開始 FCP案件命名通知信
2020/12/11 上午 09:39:16--> 已逾期通知：FCP-064298新案命名 收件者: 88003;A6001;85033 副本:86013
2020/12/11 上午 09:39:16--> 結束 FCP案件命名通知信
2020/12/11 上午 09:44:06--> 較早訊息移入LOG檔(6)
2020/12/11 上午 09:44:16--> 開始 寄發 QPGMR 郵件暫存 (Morgan)
2020/12/11 上午 09:44:16--> 結束 寄發 QPGMR 郵件暫存 (Morgan)
2020/12/11 上午 09:44:16--> 開始 FCP案件命名通知信
2020/12/11 上午 09:44:16--> 結束 FCP案件命名通知信
2020/12/11 上午 09:49:16--> 開始 寄發 QPGMR 郵件暫存 (Morgan)
2020/12/11 上午 09:49:16--> 結束 寄發 QPGMR 郵件暫存 (Morgan)
2020/12/11 上午 09:49:16--> 開始 FCP案件命名通知信
2020/12/11 上午 09:49:17--> 結束 FCP案件命名通知信
2020/12/11 上午 09:50:14--> 較早訊息移入LOG檔(9)
2020/12/11 上午 09:54:17--> 開始 寄發 QPGMR 郵件暫存 (Morgan)
2020/12/11 上午 09:54:17--> 結束 寄發 QPGMR 郵件暫存 (Morgan)
2020/12/11 上午 09:54:17--> 開始 FCP案件命名通知信
2020/12/11 上午 09:54:17--> 結束 FCP案件命名通知信
2020/12/11 上午 09:56:23--> 較早訊息移入LOG檔(5)
2020/12/11 上午 09:59:17--> 開始 寄發 QPGMR 郵件暫存 (Morgan)
2020/12/11 上午 09:59:17--> 結束 寄發 QPGMR 郵件暫存 (Morgan)
2020/12/11 上午 09:59:17--> 開始 FCP案件命名通知信
2020/12/11 上午 09:59:17--> 結束 FCP案件命名通知信
2020/12/11 上午 10:02:31--> 較早訊息移入LOG檔(5)
2020/12/11 上午 10:04:17--> 開始 寄發 QPGMR 郵件暫存 (Morgan)
2020/12/11 上午 10:04:17--> 結束 寄發 QPGMR 郵件暫存 (Morgan)
2020/12/11 上午 10:04:17--> 開始 FCP案件命名通知信
2020/12/11 上午 10:04:17--> 結束 FCP案件命名通知信
2020/12/11 上午 10:08:40--> 較早訊息移入LOG檔(5)
2020/12/11 上午 10:09:17--> 開始 寄發 QPGMR 郵件暫存 (Morgan)
2020/12/11 上午 10:09:17--> 結束 寄發 QPGMR 郵件暫存 (Morgan)
2020/12/11 上午 10:09:17--> 開始 FCP案件命名通知信
2020/12/11 上午 10:09:17--> 結束 FCP案件命名通知信
2020/12/11 上午 10:14:17--> 開始 寄發 QPGMR 郵件暫存 (Morgan)
2020/12/11 上午 10:14:17--> 結束 寄發 QPGMR 郵件暫存 (Morgan)
2020/12/11 上午 10:14:17--> 開始 FCP案件命名通知信
2020/12/11 上午 10:14:17--> 結束 FCP案件命名通知信
2020/12/11 上午 10:14:48--> 較早訊息移入LOG檔(9)
2020/12/11 上午 10:19:17--> 開始 寄發 QPGMR 郵件暫存 (Morgan)
2020/12/11 上午 10:19:17--> 結束 寄發 QPGMR 郵件暫存 (Morgan)
2020/12/11 上午 10:19:17--> 開始 FCP案件命名通知信
2020/12/11 上午 10:19:17--> 結束 FCP案件命名通知信
2020/12/11 上午 10:20:56--> 較早訊息移入LOG檔(5)
2020/12/11 上午 10:24:17--> 開始 寄發 QPGMR 郵件暫存 (Morgan)
2020/12/11 上午 10:24:17--> 結束 寄發 QPGMR 郵件暫存 (Morgan)
2020/12/11 上午 10:24:17--> 開始 FCP案件命名通知信
2020/12/11 上午 10:24:18--> 結束 FCP案件命名通知信
2020/12/11 上午 10:27:05--> 較早訊息移入LOG檔(5)
2020/12/11 上午 10:29:18--> 開始 寄發 QPGMR 郵件暫存 (Morgan)
2020/12/11 上午 10:29:18--> 結束 寄發 QPGMR 郵件暫存 (Morgan)
2020/12/11 上午 10:29:18--> 開始 FCP案件命名通知信
2020/12/11 上午 10:29:18--> 結束 FCP案件命名通知信
2020/12/11 上午 10:33:13--> 較早訊息移入LOG檔(5)
2020/12/11 上午 10:34:18--> 開始 寄發 QPGMR 郵件暫存 (Morgan)
2020/12/11 上午 10:34:18--> 結束 寄發 QPGMR 郵件暫存 (Morgan)
2020/12/11 上午 10:34:18--> 開始 FCP案件命名通知信
2020/12/11 上午 10:34:18--> 結束 FCP案件命名通知信
2020/12/11 上午 10:39:18--> 開始 寄發 QPGMR 郵件暫存 (Morgan)
2020/12/11 上午 10:39:18--> 結束 寄發 QPGMR 郵件暫存 (Morgan)
2020/12/11 上午 10:39:18--> 開始 FCP案件命名通知信
2020/12/11 上午 10:39:18--> 結束 FCP案件命名通知信
2020/12/11 上午 10:39:22--> 較早訊息移入LOG檔(9)
2020/12/11 上午 10:44:18--> 開始 寄發 QPGMR 郵件暫存 (Morgan)
2020/12/11 上午 10:44:18--> 結束 寄發 QPGMR 郵件暫存 (Morgan)
2020/12/11 上午 10:44:18--> 開始 FCP案件命名通知信
2020/12/11 上午 10:44:18--> 結束 FCP案件命名通知信
2020/12/11 上午 10:45:30--> 較早訊息移入LOG檔(5)
2020/12/11 上午 10:49:18--> 開始 寄發 QPGMR 郵件暫存 (Morgan)
2020/12/11 上午 10:49:18--> 結束 寄發 QPGMR 郵件暫存 (Morgan)
2020/12/11 上午 10:49:18--> 開始 FCP案件命名通知信
2020/12/11 上午 10:49:18--> 結束 FCP案件命名通知信
2020/12/11 上午 10:51:39--> 較早訊息移入LOG檔(5)
2020/12/11 上午 10:54:18--> 開始 寄發 QPGMR 郵件暫存 (Morgan)
2020/12/11 上午 10:54:18--> 結束 寄發 QPGMR 郵件暫存 (Morgan)
2020/12/11 上午 10:54:18--> 開始 FCP案件命名通知信
2020/12/11 上午 10:54:18--> 結束 FCP案件命名通知信
2020/12/11 上午 10:57:47--> 較早訊息移入LOG檔(5)
2020/12/11 上午 10:58:05*** 客戶函 CFP025445.930.CUS.PDF 轉檔開始 ***
2020/12/11 上午 10:58:09--> 已轉入卷宗區 CFP025445.930.CUS.PDF
2020/12/11 上午 10:59:19--> 開始 寄發 QPGMR 郵件暫存 (Morgan)
2020/12/11 上午 10:59:19--> 結束 寄發 QPGMR 郵件暫存 (Morgan)
2020/12/11 上午 10:59:19--> 開始 FCP案件命名通知信
2020/12/11 上午 10:59:19--> 結束 FCP案件命名通知信
2020/12/11 上午 11:04:00--> 較早訊息移入LOG檔(7)
2020/12/11 上午 11:04:19--> 開始 寄發 QPGMR 郵件暫存 (Morgan)
2020/12/11 上午 11:04:19--> 結束 寄發 QPGMR 郵件暫存 (Morgan)
2020/12/11 上午 11:04:19--> 開始 FCP案件命名通知信
2020/12/11 上午 11:04:19--> 結束 FCP案件命名通知信
2020/12/11 上午 11:06:37--> 檔案已存在 CFP025445.930.CUS.PDF(BA9045341)
2020/12/11 下午 12:23:20--> 開始 寄發 QPGMR 郵件暫存 (Morgan)
2020/12/11 下午 12:23:20--> 結束 寄發 QPGMR 郵件暫存 (Morgan)
2020/12/11 下午 12:23:20--> 開始 FCP案件命名通知信
2020/12/11 下午 12:23:20--> 結束 FCP案件命名通知信
2020/12/11 下午 12:24:33--> 較早訊息移入LOG檔(10)
2020/12/11 下午 12:28:19--> 開始 寄發 QPGMR 郵件暫存 (Morgan)
2020/12/11 下午 12:28:19--> 結束 寄發 QPGMR 郵件暫存 (Morgan)
2020/12/11 下午 12:28:19--> 開始 FCP案件命名通知信
2020/12/11 下午 12:28:19--> 結束 FCP案件命名通知信
2020/12/11 下午 12:30:40--> 較早訊息移入LOG檔(5)
2020/12/11 下午 12:33:19--> 開始 寄發 QPGMR 郵件暫存 (Morgan)
2020/12/11 下午 12:33:19--> 結束 寄發 QPGMR 郵件暫存 (Morgan)
2020/12/11 下午 12:33:19--> 開始 FCP案件命名通知信
2020/12/11 下午 12:33:19--> 結束 FCP案件命名通知信
2020/12/11 下午 12:36:49--> 較早訊息移入LOG檔(5)
2020/12/11 下午 12:38:20--> 開始 寄發 QPGMR 郵件暫存 (Morgan)
2020/12/11 下午 12:38:20--> 結束 寄發 QPGMR 郵件暫存 (Morgan)
2020/12/11 下午 12:38:20--> 開始 FCP案件命名通知信
2020/12/11 下午 12:38:20--> 結束 FCP案件命名通知信
2020/12/11 下午 12:42:58--> 較早訊息移入LOG檔(5)
2020/12/11 下午 12:43:20--> 開始 寄發 QPGMR 郵件暫存 (Morgan)
2020/12/11 下午 12:43:20--> 結束 寄發 QPGMR 郵件暫存 (Morgan)
2020/12/11 下午 12:43:20--> 開始 FCP案件命名通知信
2020/12/11 下午 12:43:20--> 結束 FCP案件命名通知信
2020/12/11 下午 12:48:21--> 開始 寄發 QPGMR 郵件暫存 (Morgan)
2020/12/11 下午 12:48:21--> 結束 寄發 QPGMR 郵件暫存 (Morgan)
2020/12/11 下午 12:48:21--> 開始 FCP案件命名通知信
2020/12/11 下午 12:48:21--> 結束 FCP案件命名通知信
2020/12/11 下午 12:49:07--> 較早訊息移入LOG檔(9)
2020/12/11 下午 12:53:21--> 開始 寄發 QPGMR 郵件暫存 (Morgan)
2020/12/11 下午 12:53:21--> 結束 寄發 QPGMR 郵件暫存 (Morgan)
2020/12/11 下午 12:53:21--> 開始 FCP案件命名通知信
2020/12/11 下午 12:53:21--> 結束 FCP案件命名通知信
2020/12/11 下午 12:55:15--> 較早訊息移入LOG檔(5)
2020/12/11 下午 12:58:21--> 開始 寄發 QPGMR 郵件暫存 (Morgan)
2020/12/11 下午 12:58:21--> 結束 寄發 QPGMR 郵件暫存 (Morgan)
2020/12/11 下午 12:58:21--> 開始 FCP案件命名通知信
2020/12/11 下午 12:58:21--> 結束 FCP案件命名通知信
2020/12/11 下午 01:01:24--> 較早訊息移入LOG檔(5)
2020/12/11 下午 01:03:21--> 開始 寄發 QPGMR 郵件暫存 (Morgan)
2020/12/11 下午 01:03:21--> 結束 寄發 QPGMR 郵件暫存 (Morgan)
2020/12/11 下午 01:03:21--> 開始 FCP案件命名通知信
2020/12/11 下午 01:03:21--> 結束 FCP案件命名通知信
2020/12/11 下午 01:07:32--> 較早訊息移入LOG檔(5)
2020/12/11 下午 01:08:21--> 開始 寄發 QPGMR 郵件暫存 (Morgan)
2020/12/11 下午 01:08:21--> 結束 寄發 QPGMR 郵件暫存 (Morgan)
2020/12/11 下午 01:08:21--> 開始 FCP案件命名通知信
2020/12/11 下午 01:08:21--> 結束 FCP案件命名通知信
2020/12/11 下午 01:13:22--> 開始 寄發 QPGMR 郵件暫存 (Morgan)
2020/12/11 下午 01:13:22--> 結束 寄發 QPGMR 郵件暫存 (Morgan)
2020/12/11 下午 01:13:22--> 開始 FCP案件命名通知信
2020/12/11 下午 01:13:22--> 結束 FCP案件命名通知信
2020/12/11 下午 01:13:41--> 較早訊息移入LOG檔(9)
2020/12/11 下午 01:18:22--> 開始 寄發 QPGMR 郵件暫存 (Morgan)
2020/12/11 下午 01:18:22--> 結束 寄發 QPGMR 郵件暫存 (Morgan)
2020/12/11 下午 01:18:22--> 開始 FCP案件命名通知信
2020/12/11 下午 01:18:22--> 結束 FCP案件命名通知信
2020/12/11 下午 01:19:50--> 較早訊息移入LOG檔(5)
2020/12/11 下午 01:23:22--> 開始 寄發 QPGMR 郵件暫存 (Morgan)
2020/12/11 下午 01:23:22--> 結束 寄發 QPGMR 郵件暫存 (Morgan)
2020/12/11 下午 01:23:22--> 開始 FCP案件命名通知信
2020/12/11 下午 01:23:22--> 結束 FCP案件命名通知信
2020/12/11 下午 01:25:40--> 檔案已存在 T222090.308.CUS.PDF(AA8055491)
2020/12/11 下午 01:26:37--> 檔案已存在 T225499.308.CUS.PDF(AA8055492)
2020/12/11 下午 01:26:46--> 檔案已存在 T225500.308.CUS.PDF(AA8055493)
2020/12/11 下午 01:26:54--> 較早訊息移入LOG檔(8)
2020/12/11 下午 01:29:22--> 開始 寄發 QPGMR 郵件暫存 (Morgan)
2020/12/11 下午 01:29:22--> 結束 寄發 QPGMR 郵件暫存 (Morgan)
2020/12/11 下午 01:29:22--> 開始 FCP案件命名通知信
2020/12/11 下午 01:29:22--> 結束 FCP案件命名通知信
2020/12/11 下午 01:33:02--> 較早訊息移入LOG檔(5)
2020/12/11 下午 01:34:22--> 開始 寄發 QPGMR 郵件暫存 (Morgan)
2020/12/11 下午 01:34:22--> 結束 寄發 QPGMR 郵件暫存 (Morgan)
2020/12/11 下午 01:34:22--> 開始 FCP案件命名通知信
2020/12/11 下午 01:34:22--> 結束 FCP案件命名通知信
2020/12/11 下午 01:39:10--> 較早訊息移入LOG檔(5)
2020/12/11 下午 01:39:21--> 開始 寄發 QPGMR 郵件暫存 (Morgan)
2020/12/11 下午 01:39:21--> 結束 寄發 QPGMR 郵件暫存 (Morgan)
2020/12/11 下午 01:39:21--> 開始 FCP案件命名通知信
2020/12/11 下午 01:39:21--> 結束 FCP案件命名通知信
2020/12/11 下午 01:44:22--> 開始 寄發 QPGMR 郵件暫存 (Morgan)
2020/12/11 下午 01:44:22--> 結束 寄發 QPGMR 郵件暫存 (Morgan)
2020/12/11 下午 01:44:22--> 開始 FCP案件命名通知信
2020/12/11 下午 01:44:22--> 結束 FCP案件命名通知信
2020/12/11 下午 01:45:19--> 較早訊息移入LOG檔(9)
2020/12/11 下午 01:49:22--> 開始 寄發 QPGMR 郵件暫存 (Morgan)
2020/12/11 下午 01:49:22--> 結束 寄發 QPGMR 郵件暫存 (Morgan)
2020/12/11 下午 01:49:22--> 開始 FCP案件命名通知信
2020/12/11 下午 01:49:22--> 結束 FCP案件命名通知信
2020/12/11 下午 01:51:28--> 較早訊息移入LOG檔(5)
2020/12/11 下午 01:54:23--> 開始 寄發 QPGMR 郵件暫存 (Morgan)
2020/12/11 下午 01:54:23--> 結束 寄發 QPGMR 郵件暫存 (Morgan)
2020/12/11 下午 01:54:23--> 開始 FCP案件命名通知信
2020/12/11 下午 01:54:23--> 結束 FCP案件命名通知信
2020/12/11 下午 01:57:37--> 較早訊息移入LOG檔(5)
2020/12/11 下午 01:59:23--> 開始 寄發 QPGMR 郵件暫存 (Morgan)
2020/12/11 下午 01:59:23--> 結束 寄發 QPGMR 郵件暫存 (Morgan)
2020/12/11 下午 01:59:23--> 開始 FCP案件命名通知信
2020/12/11 下午 01:59:23--> 結束 FCP案件命名通知信
2020/12/11 下午 02:03:45--> 較早訊息移入LOG檔(5)
2020/12/11 下午 02:04:23--> 開始 寄發 QPGMR 郵件暫存 (Morgan)
2020/12/11 下午 02:04:23--> 結束 寄發 QPGMR 郵件暫存 (Morgan)
2020/12/11 下午 02:04:23--> 開始 FCP案件命名通知信
2020/12/11 下午 02:04:23--> 結束 FCP案件命名通知信
2020/12/11 下午 02:09:23--> 開始 寄發 QPGMR 郵件暫存 (Morgan)
2020/12/11 下午 02:09:23--> 結束 寄發 QPGMR 郵件暫存 (Morgan)
2020/12/11 下午 02:09:23--> 開始 FCP案件命名通知信
2020/12/11 下午 02:09:23--> 結束 FCP案件命名通知信
2020/12/11 下午 02:09:54--> 較早訊息移入LOG檔(9)
2020/12/11 下午 02:14:23--> 開始 寄發 QPGMR 郵件暫存 (Morgan)
2020/12/11 下午 02:14:23--> 結束 寄發 QPGMR 郵件暫存 (Morgan)
2020/12/11 下午 02:14:23--> 開始 FCP案件命名通知信
2020/12/11 下午 02:14:23--> 結束 FCP案件命名通知信
2020/12/11 下午 02:16:02--> 較早訊息移入LOG檔(5)
2020/12/11 下午 02:19:24--> 開始 寄發 QPGMR 郵件暫存 (Morgan)
2020/12/11 下午 02:19:24--> 結束 寄發 QPGMR 郵件暫存 (Morgan)
2020/12/11 下午 02:19:24--> 開始 FCP案件命名通知信
2020/12/11 下午 02:19:24--> 結束 FCP案件命名通知信
2020/12/11 下午 02:22:11--> 較早訊息移入LOG檔(5)
2020/12/11 下午 02:24:24--> 開始 寄發 QPGMR 郵件暫存 (Morgan)
2020/12/11 下午 02:24:24--> 結束 寄發 QPGMR 郵件暫存 (Morgan)
2020/12/11 下午 02:24:24--> 開始 FCP案件命名通知信
2020/12/11 下午 02:24:24--> 結束 FCP案件命名通知信
2020/12/11 下午 02:28:20--> 較早訊息移入LOG檔(5)
2020/12/11 下午 02:29:24--> 開始 寄發 QPGMR 郵件暫存 (Morgan)
2020/12/11 下午 02:29:24--> 結束 寄發 QPGMR 郵件暫存 (Morgan)
2020/12/11 下午 02:29:24--> 開始 FCP案件命名通知信
2020/12/11 下午 02:29:24--> 結束 FCP案件命名通知信
2020/12/11 下午 02:34:24--> 開始 寄發 QPGMR 郵件暫存 (Morgan)
2020/12/11 下午 02:34:24--> 結束 寄發 QPGMR 郵件暫存 (Morgan)
2020/12/11 下午 02:34:24--> 開始 FCP案件命名通知信
2020/12/11 下午 02:34:24--> 結束 FCP案件命名通知信
2020/12/11 下午 02:34:28--> 較早訊息移入LOG檔(9)
2020/12/11 下午 02:39:23--> 開始 寄發 QPGMR 郵件暫存 (Morgan)
2020/12/11 下午 02:39:23--> 結束 寄發 QPGMR 郵件暫存 (Morgan)
2020/12/11 下午 02:39:23--> 開始 FCP案件命名通知信
2020/12/11 下午 02:39:24--> 結束 FCP案件命名通知信
2020/12/11 下午 02:40:36--> 較早訊息移入LOG檔(5)
2020/12/11 下午 02:44:24--> 開始 寄發 QPGMR 郵件暫存 (Morgan)
2020/12/11 下午 02:44:24--> 結束 寄發 QPGMR 郵件暫存 (Morgan)
2020/12/11 下午 02:44:24--> 開始 FCP案件命名通知信
2020/12/11 下午 02:44:24--> 結束 FCP案件命名通知信
2020/12/11 下午 02:46:45--> 較早訊息移入LOG檔(5)
2020/12/11 下午 02:49:24--> 開始 寄發 QPGMR 郵件暫存 (Morgan)
2020/12/11 下午 02:49:24--> 結束 寄發 QPGMR 郵件暫存 (Morgan)
2020/12/11 下午 02:49:24--> 開始 FCP案件命名通知信
2020/12/11 下午 02:49:24--> 結束 FCP案件命名通知信
2020/12/11 下午 02:52:53--> 較早訊息移入LOG檔(5)
2020/12/11 下午 02:53:36*** 客戶函 CFP030751.1603.CUS.PDF 轉檔開始 ***
2020/12/11 下午 02:53:39--> 已轉入卷宗區 CFP030751.1603.CUS.PDF
2020/12/11 下午 02:54:24--> 開始 寄發 QPGMR 郵件暫存 (Morgan)
2020/12/11 下午 02:54:24--> 結束 寄發 QPGMR 郵件暫存 (Morgan)
2020/12/11 下午 02:54:24--> 開始 FCP案件命名通知信
2020/12/11 下午 02:54:24--> 結束 FCP案件命名通知信
2020/12/11 下午 02:59:06--> 較早訊息移入LOG檔(7)
2020/12/11 下午 02:59:24--> 開始 寄發 QPGMR 郵件暫存 (Morgan)
2020/12/11 下午 02:59:24--> 結束 寄發 QPGMR 郵件暫存 (Morgan)
2020/12/11 下午 02:59:24--> 開始 FCP案件命名通知信
2020/12/11 下午 02:59:24--> 結束 FCP案件命名通知信
2020/12/11 下午 03:04:25--> 開始 寄發 QPGMR 郵件暫存 (Morgan)
2020/12/11 下午 03:04:25--> 結束 寄發 QPGMR 郵件暫存 (Morgan)
2020/12/11 下午 03:04:25--> 開始 FCP案件命名通知信
2020/12/11 下午 03:04:25--> 結束 FCP案件命名通知信
2020/12/11 下午 03:05:15--> 較早訊息移入LOG檔(9)
2020/12/11 下午 03:09:25--> 開始 寄發 QPGMR 郵件暫存 (Morgan)
2020/12/11 下午 03:09:25--> 結束 寄發 QPGMR 郵件暫存 (Morgan)
2020/12/11 下午 03:09:25--> 開始 FCP案件命名通知信
2020/12/11 下午 03:09:25--> 結束 FCP案件命名通知信
2020/12/11 下午 03:11:23--> 較早訊息移入LOG檔(5)
2020/12/11 下午 03:14:25--> 開始 寄發 QPGMR 郵件暫存 (Morgan)
2020/12/11 下午 03:14:25--> 結束 寄發 QPGMR 郵件暫存 (Morgan)
2020/12/11 下午 03:14:25--> 開始 FCP案件命名通知信
2020/12/11 下午 03:14:25--> 結束 FCP案件命名通知信
2020/12/11 下午 03:17:32--> 較早訊息移入LOG檔(5)
2020/12/11 下午 03:19:25--> 開始 寄發 QPGMR 郵件暫存 (Morgan)
2020/12/11 下午 03:19:25--> 結束 寄發 QPGMR 郵件暫存 (Morgan)
2020/12/11 下午 03:19:25--> 開始 FCP案件命名通知信
2020/12/11 下午 03:19:25--> 結束 FCP案件命名通知信
2020/12/11 下午 03:23:40--> 較早訊息移入LOG檔(5)
2020/12/11 下午 03:24:25--> 開始 寄發 QPGMR 郵件暫存 (Morgan)
2020/12/11 下午 03:24:25--> 結束 寄發 QPGMR 郵件暫存 (Morgan)
2020/12/11 下午 03:24:25--> 開始 FCP案件命名通知信
2020/12/11 下午 03:24:25--> 結束 FCP案件命名通知信
2020/12/11 下午 03:29:26--> 開始 寄發 QPGMR 郵件暫存 (Morgan)
2020/12/11 下午 03:29:26--> 結束 寄發 QPGMR 郵件暫存 (Morgan)
2020/12/11 下午 03:29:26--> 開始 FCP案件命名通知信
2020/12/11 下午 03:29:26--> 結束 FCP案件命名通知信
2020/12/11 下午 03:29:49--> 較早訊息移入LOG檔(9)
2020/12/11 下午 03:34:26--> 開始 寄發 QPGMR 郵件暫存 (Morgan)
2020/12/11 下午 03:34:26--> 結束 寄發 QPGMR 郵件暫存 (Morgan)
2020/12/11 下午 03:34:26--> 開始 FCP案件命名通知信
2020/12/11 下午 03:34:26--> 結束 FCP案件命名通知信
2020/12/11 下午 03:35:58--> 較早訊息移入LOG檔(5)
2020/12/11 下午 03:39:26--> 開始 寄發 QPGMR 郵件暫存 (Morgan)
2020/12/11 下午 03:39:27--> 結束 寄發 QPGMR 郵件暫存 (Morgan)
2020/12/11 下午 03:39:27--> 開始 FCP案件命名通知信
2020/12/11 下午 03:39:27--> 結束 FCP案件命名通知信
2020/12/11 下午 03:42:07--> 較早訊息移入LOG檔(5)
2020/12/11 下午 03:44:27--> 開始 寄發 QPGMR 郵件暫存 (Morgan)
2020/12/11 下午 03:44:27--> 結束 寄發 QPGMR 郵件暫存 (Morgan)
2020/12/11 下午 03:44:27--> 開始 FCP案件命名通知信
2020/12/11 下午 03:44:27--> 結束 FCP案件命名通知信
2020/12/11 下午 03:48:15--> 較早訊息移入LOG檔(5)
2020/12/11 下午 03:49:27--> 開始 寄發 QPGMR 郵件暫存 (Morgan)
2020/12/11 下午 03:49:27--> 結束 寄發 QPGMR 郵件暫存 (Morgan)
2020/12/11 下午 03:49:27--> 開始 FCP案件命名通知信
2020/12/11 下午 03:49:27--> 結束 FCP案件命名通知信
2020/12/11 下午 03:54:24--> 較早訊息移入LOG檔(5)
2020/12/11 下午 03:54:27--> 開始 寄發 QPGMR 郵件暫存 (Morgan)
2020/12/11 下午 03:54:27--> 結束 寄發 QPGMR 郵件暫存 (Morgan)
2020/12/11 下午 03:54:27--> 開始 FCP案件命名通知信
2020/12/11 下午 03:54:27--> 結束 FCP案件命名通知信
2020/12/11 下午 03:59:27--> 開始 寄發 QPGMR 郵件暫存 (Morgan)
2020/12/11 下午 03:59:27--> 結束 寄發 QPGMR 郵件暫存 (Morgan)
2020/12/11 下午 03:59:27--> 開始 FCP案件命名通知信
2020/12/11 下午 03:59:27--> 結束 FCP案件命名通知信
2020/12/11 下午 04:00:32--> 較早訊息移入LOG檔(9)
2020/12/11 下午 04:04:26--> 開始 寄發 QPGMR 郵件暫存 (Morgan)
2020/12/11 下午 04:04:26--> 結束 寄發 QPGMR 郵件暫存 (Morgan)
2020/12/11 下午 04:04:26--> 開始 FCP案件命名通知信
2020/12/11 下午 04:04:26--> 結束 FCP案件命名通知信
2020/12/11 下午 04:06:39--> 較早訊息移入LOG檔(5)
2020/12/11 下午 04:09:27--> 開始 寄發 QPGMR 郵件暫存 (Morgan)
2020/12/11 下午 04:09:27--> 結束 寄發 QPGMR 郵件暫存 (Morgan)
2020/12/11 下午 04:09:27--> 開始 FCP案件命名通知信
2020/12/11 下午 04:09:27--> 結束 FCP案件命名通知信
2020/12/11 下午 04:12:48--> 較早訊息移入LOG檔(5)
2020/12/11 下午 04:14:27--> 開始 寄發 QPGMR 郵件暫存 (Morgan)
2020/12/11 下午 04:14:27--> 結束 寄發 QPGMR 郵件暫存 (Morgan)
2020/12/11 下午 04:14:27--> 開始 FCP案件命名通知信
2020/12/11 下午 04:14:27--> 結束 FCP案件命名通知信
2020/12/11 下午 04:18:57--> 較早訊息移入LOG檔(5)
2020/12/11 下午 04:19:27--> 開始 寄發 QPGMR 郵件暫存 (Morgan)
2020/12/11 下午 04:19:27--> 結束 寄發 QPGMR 郵件暫存 (Morgan)
2020/12/11 下午 04:19:27--> 開始 FCP案件命名通知信
2020/12/11 下午 04:19:27--> 結束 FCP案件命名通知信
2020/12/11 下午 04:24:27--> 開始 寄發 QPGMR 郵件暫存 (Morgan)
2020/12/11 下午 04:24:27--> 結束 寄發 QPGMR 郵件暫存 (Morgan)
2020/12/11 下午 04:24:27--> 開始 FCP案件命名通知信
2020/12/11 下午 04:24:27--> 結束 FCP案件命名通知信
2020/12/11 下午 04:25:05--> 較早訊息移入LOG檔(9)
2020/12/11 下午 04:29:27--> 開始 寄發 QPGMR 郵件暫存 (Morgan)
2020/12/11 下午 04:29:27--> 結束 寄發 QPGMR 郵件暫存 (Morgan)
2020/12/11 下午 04:29:27--> 開始 FCP案件命名通知信
2020/12/11 下午 04:29:27--> 結束 FCP案件命名通知信
2020/12/11 下午 04:31:13--> 較早訊息移入LOG檔(5)
2020/12/11 下午 04:34:28--> 開始 寄發 QPGMR 郵件暫存 (Morgan)
2020/12/11 下午 04:34:28--> 結束 寄發 QPGMR 郵件暫存 (Morgan)
2020/12/11 下午 04:34:28--> 開始 FCP案件命名通知信
2020/12/11 下午 04:34:28--> 結束 FCP案件命名通知信
2020/12/11 下午 04:37:23--> 較早訊息移入LOG檔(5)
2020/12/11 下午 04:39:28--> 開始 寄發 QPGMR 郵件暫存 (Morgan)
2020/12/11 下午 04:39:28--> 結束 寄發 QPGMR 郵件暫存 (Morgan)
2020/12/11 下午 04:39:28--> 開始 FCP案件命名通知信
2020/12/11 下午 04:39:28--> 結束 FCP案件命名通知信
2020/12/11 下午 04:43:31--> 較早訊息移入LOG檔(5)
2020/12/11 下午 04:44:28--> 開始 寄發 QPGMR 郵件暫存 (Morgan)
2020/12/11 下午 04:44:28--> 結束 寄發 QPGMR 郵件暫存 (Morgan)
2020/12/11 下午 04:44:28--> 開始 FCP案件命名通知信
2020/12/11 下午 04:44:28--> 結束 FCP案件命名通知信
2020/12/11 下午 04:49:29--> 開始 寄發 QPGMR 郵件暫存 (Morgan)
2020/12/11 下午 04:49:29--> 結束 寄發 QPGMR 郵件暫存 (Morgan)
2020/12/11 下午 04:49:29--> 開始 FCP案件命名通知信
2020/12/11 下午 04:49:29--> 結束 FCP案件命名通知信
2020/12/11 下午 04:49:40--> 較早訊息移入LOG檔(9)
2020/12/11 下午 04:54:29--> 開始 寄發 QPGMR 郵件暫存 (Morgan)
2020/12/11 下午 04:54:29--> 結束 寄發 QPGMR 郵件暫存 (Morgan)
2020/12/11 下午 04:54:29--> 開始 FCP案件命名通知信
2020/12/11 下午 04:54:29--> 結束 FCP案件命名通知信
2020/12/11 下午 04:55:49--> 較早訊息移入LOG檔(5)
2020/12/11 下午 04:59:28--> 開始 寄發 QPGMR 郵件暫存 (Morgan)
2020/12/11 下午 04:59:28--> 結束 寄發 QPGMR 郵件暫存 (Morgan)
2020/12/11 下午 04:59:28--> 開始 FCP案件命名通知信
2020/12/11 下午 04:59:29--> 結束 FCP案件命名通知信
2020/12/11 下午 05:01:56--> 較早訊息移入LOG檔(5)
2020/12/11 下午 05:04:29--> 開始 寄發 QPGMR 郵件暫存 (Morgan)
2020/12/11 下午 05:04:29--> 結束 寄發 QPGMR 郵件暫存 (Morgan)
2020/12/11 下午 05:04:29--> 開始 FCP案件命名通知信
2020/12/11 下午 05:04:29--> 結束 FCP案件命名通知信
