2020/3/3 上午 11:29:13--> 程式已載入
2020/3/3 上午 11:29:16--> 開始
2020/3/3 上午 11:29:17*** 客戶函 T113113.102.CUS.PDF 轉檔開始 ***
2020/3/3 上午 11:29:22--> 已轉入卷宗區 T113113.102.CUS.PDF
2020/3/3 上午 11:29:23*** 客戶函 T113113.301.CUS.PDF 轉檔開始 ***
2020/3/3 上午 11:29:27--> 已轉入卷宗區 T113113.301.CUS.PDF
2020/3/3 上午 11:29:28*** 客戶函 T160935.1001.CUS.PDF 轉檔開始 ***
2020/3/3 上午 11:29:31--> 已轉入卷宗區 T160935.1001.CUS.PDF
2020/3/3 上午 11:29:32*** 客戶函 T160935.1001.CUS.PDF 轉檔開始 ***
2020/3/3 上午 11:29:36--> 已轉入卷宗區 T160935.1001.CUS.PDF
2020/3/3 上午 11:29:37*** 客戶函 TC010972.1101.CUS.PDF 轉檔開始 ***
2020/3/3 上午 11:29:41--> 已轉入卷宗區 TC010972.1101.CUS.PDF
2020/3/3 上午 11:29:50--> 轉檔停止
2020/3/3 下午 05:33:20--> 程式結束
2020/3/6 下午 03:47:44--> 程式已載入
2020/3/6 下午 03:47:48--> 開始
2020/3/6 下午 03:47:50--> 檔案已存在 P122537.601.CUS.PDF(AA9005938)
2020/3/6 下午 03:47:57*** 客戶函 P120867.1603.CUS.PDF 轉檔開始 ***
2020/3/6 下午 03:48:01--> 已轉入卷宗區 P120867.1603.CUS.PDF
2020/3/6 下午 03:51:42--> 轉檔停止
2020/3/6 下午 03:51:43--> 程式結束
