2020/11/25 下午 03:51:44--> 程式已載入
2020/11/25 下午 03:51:47--> 程式結束
2020/11/25 下午 04:02:52--> 程式已載入
2020/11/25 下午 04:02:55--> 開始
2020/11/25 下午 04:03:10--> 轉檔停止
2020/11/25 下午 04:03:11--> 開始
2020/11/25 下午 04:03:44--> 轉檔停止
2020/11/25 下午 04:03:45--> 開始
2020/11/25 下午 04:08:45--> 開始 寄發 QPGMR 郵件暫存 (Morgan)
2020/11/25 下午 04:08:45--> 結束 寄發 QPGMR 郵件暫存 (Morgan)
2020/11/25 下午 04:08:45--> 開始 FCP案件命名通知信
2020/11/25 下午 04:08:45--> 結束 FCP案件命名通知信
2020/11/25 下午 04:09:01--> 較早訊息移入LOG檔(10)
2020/11/25 下午 04:13:15*** 客戶函 T228648.717.CUS.PDF 轉檔開始 ***
2020/11/25 下午 04:13:18--> 已轉入卷宗區 T228648.717.CUS.PDF
2020/11/25 下午 04:13:45--> 開始 寄發 QPGMR 郵件暫存 (Morgan)
2020/11/25 下午 04:13:45--> 結束 寄發 QPGMR 郵件暫存 (Morgan)
2020/11/25 下午 04:13:45--> 開始 FCP案件命名通知信
2020/11/25 下午 04:13:45--> 結束 FCP案件命名通知信
2020/11/25 下午 04:15:13--> 較早訊息移入LOG檔(7)
2020/11/25 下午 04:15:20--> 檔案已存在 T228648.717.CUS.PDF(AA9045384)
2020/11/25 下午 04:17:47--> 程式結束
2020/11/25 下午 04:34:34--> 程式已載入
2020/11/25 下午 04:34:40--> 開始
2020/11/25 下午 04:34:41*** 客戶函 T228649.717.CUS.PDF 轉檔開始 ***
2020/11/25 下午 04:34:44--> 已轉入卷宗區 T228649.717.CUS.PDF
2020/11/25 下午 04:34:46--> 程式結束
2020/11/25 下午 05:13:40--> 程式已載入
2020/11/25 下午 05:13:43--> 開始
2020/11/25 下午 05:13:44*** 客戶函 T226284.717.CUS.PDF 轉檔開始 ***
2020/11/25 下午 05:13:47--> 已轉入卷宗區 T226284.717.CUS.PDF
2020/11/25 下午 05:13:49--> 程式結束
2020/11/25 下午 05:19:11--> 程式已載入
2020/11/25 下午 05:19:15--> 開始
2020/11/25 下午 05:19:16*** 客戶函 T228648.717.CUS.PDF 轉檔開始 ***
2020/11/25 下午 05:19:19--> 已轉入卷宗區 T228648.717.CUS.PDF
2020/11/25 下午 05:23:10--> 程式結束
2020/11/26 上午 10:55:23--> 程式已載入
2020/11/26 上午 10:55:27--> 開始
2020/11/26 上午 10:55:29*** 客戶函 CFP032122.1608.BLANK.PDF 轉檔開始 ***
2020/11/26 上午 10:55:32--> 已轉入卷宗區 CFP032122.1608.BLANK.PDF
2020/11/26 上午 11:00:27--> 開始 寄發 QPGMR 郵件暫存 (Morgan)
2020/11/26 上午 11:00:28--> 結束 寄發 QPGMR 郵件暫存 (Morgan)
2020/11/26 上午 11:00:28--> 開始 FCP案件命名通知信
2020/11/26 上午 11:34:58--> 已逾期通知：FCP-064225新案命名 收件者: 79034;A7025;A4029 副本:85033
2020/11/26 上午 11:34:59--> 已逾期通知：FCP-064226新案命名 收件者: 88003;A8030;89030 副本:86024
2020/11/26 上午 11:35:00--> 已逾期通知：急件！FCP-064231新案命名(譯畢期限：109/11/26 11:00) 收件者: 79034;A4029 副本:85033
2020/11/26 上午 11:35:01--> 結束 FCP案件命名通知信
2020/11/26 上午 11:35:01*** 客戶函 T229791.1101.CUS.PDF 轉檔開始 ***
2020/11/26 上午 11:35:05--> 已轉入卷宗區 T229791.1101.CUS.PDF
2020/11/26 上午 11:35:11*** 客戶函 T169055.1001.CUS.PDF 轉檔開始 ***
2020/11/26 上午 11:35:14--> 已轉入卷宗區 T169055.1001.CUS.PDF
2020/11/26 上午 11:35:20*** 客戶函 T067181.1001.CUS.PDF 轉檔開始 ***
2020/11/26 上午 11:35:23--> 已轉入卷宗區 T067181.1001.CUS.PDF
2020/11/26 上午 11:35:29*** 客戶函 T171001.1909.CUS.PDF 轉檔開始 ***
2020/11/26 上午 11:35:33--> 已轉入卷宗區 T171001.1909.CUS.PDF
2020/11/26 上午 11:36:15--> 較早訊息移入LOG檔(19)
2020/11/26 上午 11:40:01--> 開始 寄發 QPGMR 郵件暫存 (Morgan)
2020/11/26 上午 11:40:01--> 結束 寄發 QPGMR 郵件暫存 (Morgan)
2020/11/26 上午 11:40:01--> 開始 FCP案件命名通知信
2020/11/26 上午 11:40:01--> 結束 FCP案件命名通知信
2020/11/26 上午 11:41:06*** 客戶函 T226143.1701.CUS.PDF 轉檔開始 ***
2020/11/26 上午 11:41:08--> 已轉入卷宗區 T226143.1701.CUS.PDF
2020/11/26 上午 11:42:27--> 較早訊息移入LOG檔(7)
2020/11/26 上午 11:45:01--> 開始 寄發 QPGMR 郵件暫存 (Morgan)
2020/11/26 上午 11:45:01--> 結束 寄發 QPGMR 郵件暫存 (Morgan)
2020/11/26 上午 11:45:01--> 開始 FCP案件命名通知信
2020/11/26 上午 11:45:01--> 結束 FCP案件命名通知信
2020/11/26 上午 11:45:30*** 客戶函 T227252.1102.CUS.PDF 轉檔開始 ***
2020/11/26 上午 11:45:35--> 已轉入卷宗區 T227252.1102.CUS.PDF
2020/11/26 上午 11:48:41*** 客戶函 T171001.102.CUS.PDF 轉檔開始 ***
2020/11/26 上午 11:48:46--> 已轉入卷宗區 T171001.102.CUS.PDF
2020/11/26 上午 11:48:46--> 較早訊息移入LOG檔(9)
2020/11/26 上午 11:50:00--> 開始 寄發 QPGMR 郵件暫存 (Morgan)
2020/11/26 上午 11:50:00--> 結束 寄發 QPGMR 郵件暫存 (Morgan)
2020/11/26 上午 11:50:00--> 開始 FCP案件命名通知信
2020/11/26 上午 11:50:00--> 結束 FCP案件命名通知信
2020/11/26 上午 11:50:35*** 客戶函 T165075.102.CUS.PDF 轉檔開始 ***
2020/11/26 上午 11:50:38--> 已轉入卷宗區 T165075.102.CUS.PDF
2020/11/26 上午 11:50:50*** 客戶函 T165075.301.CUS.PDF 轉檔開始 ***
2020/11/26 上午 11:50:54--> 已轉入卷宗區 T165075.301.CUS.PDF
2020/11/26 上午 11:55:00--> 開始 寄發 QPGMR 郵件暫存 (Morgan)
2020/11/26 上午 11:55:00--> 結束 寄發 QPGMR 郵件暫存 (Morgan)
2020/11/26 上午 11:55:00--> 開始 FCP案件命名通知信
2020/11/26 上午 11:55:00--> 結束 FCP案件命名通知信
2020/11/26 上午 11:55:02--> 較早訊息移入LOG檔(13)
2020/11/26 下午 12:00:00--> 開始 寄發 QPGMR 郵件暫存 (Morgan)
2020/11/26 下午 12:00:00--> 結束 寄發 QPGMR 郵件暫存 (Morgan)
2020/11/26 下午 12:00:00--> 開始 FCP案件命名通知信
2020/11/26 下午 12:00:00--> 結束 FCP案件命名通知信
2020/11/26 下午 02:18:20--> 程式已載入
2020/11/26 下午 02:18:24--> 開始
2020/11/26 下午 02:18:25*** 客戶函 T226143.1701.CUS.PDF 轉檔開始 ***
2020/11/26 下午 02:18:28--> 已轉入卷宗區 T226143.1701.CUS.PDF
2020/11/26 下午 02:18:29*** 客戶函 T171085.1725.CUS.PDF 轉檔開始 ***
2020/11/26 下午 02:18:33--> 已轉入卷宗區 T171085.1725.CUS.PDF
2020/11/26 下午 02:18:34*** 客戶函 T172152.1725.CUS.PDF 轉檔開始 ***
2020/11/26 下午 02:18:37--> 已轉入卷宗區 T172152.1725.CUS.PDF
2020/11/26 下午 02:18:39*** 客戶函 T172154.1725.CUS.PDF 轉檔開始 ***
2020/11/26 下午 02:18:42--> 已轉入卷宗區 T172154.1725.CUS.PDF
2020/11/26 下午 02:18:43*** 客戶函 T172257.1725.CUS.PDF 轉檔開始 ***
2020/11/26 下午 02:18:47--> 已轉入卷宗區 T172257.1725.CUS.PDF
2020/11/26 下午 02:18:48*** 客戶函 T172258.1725.CUS.PDF 轉檔開始 ***
2020/11/26 下午 02:18:52--> 已轉入卷宗區 T172258.1725.CUS.PDF
2020/11/26 下午 02:18:53*** 客戶函 T172259.1725.CUS.PDF 轉檔開始 ***
2020/11/26 下午 02:18:57--> 已轉入卷宗區 T172259.1725.CUS.PDF
2020/11/26 下午 02:18:58*** 客戶函 T171918.1725.CUS.PDF 轉檔開始 ***
2020/11/26 下午 02:19:02--> 已轉入卷宗區 T171918.1725.CUS.PDF
2020/11/26 下午 02:19:03*** 客戶函 T118496.1725.CUS.PDF 轉檔開始 ***
2020/11/26 下午 02:19:07--> 已轉入卷宗區 T118496.1725.CUS.PDF
2020/11/26 下午 02:19:08*** 客戶函 T171179.1725.CUS.PDF 轉檔開始 ***
2020/11/26 下午 02:19:12--> 已轉入卷宗區 T171179.1725.CUS.PDF
2020/11/26 下午 02:19:13*** 客戶函 T171301.1725.CUS.PDF 轉檔開始 ***
2020/11/26 下午 02:19:17--> 已轉入卷宗區 T171301.1725.CUS.PDF
2020/11/26 下午 02:19:18*** 客戶函 T175413.1725.CUS.PDF 轉檔開始 ***
2020/11/26 下午 02:19:22--> 已轉入卷宗區 T175413.1725.CUS.PDF
2020/11/26 下午 02:19:23*** 客戶函 T172846.1725.CUS.PDF 轉檔開始 ***
2020/11/26 下午 02:19:27--> 已轉入卷宗區 T172846.1725.CUS.PDF
2020/11/26 下午 02:19:28*** 客戶函 T172956.1725.CUS.PDF 轉檔開始 ***
2020/11/26 下午 02:19:32--> 已轉入卷宗區 T172956.1725.CUS.PDF
2020/11/26 下午 02:19:33*** 客戶函 T172957.1725.CUS.PDF 轉檔開始 ***
2020/11/26 下午 02:19:37--> 已轉入卷宗區 T172957.1725.CUS.PDF
2020/11/26 下午 02:19:38*** 客戶函 T171968.1725.CUS.PDF 轉檔開始 ***
2020/11/26 下午 02:19:42--> 已轉入卷宗區 T171968.1725.CUS.PDF
2020/11/26 下午 02:19:43*** 客戶函 T171969.1725.CUS.PDF 轉檔開始 ***
2020/11/26 下午 02:19:47--> 已轉入卷宗區 T171969.1725.CUS.PDF
2020/11/26 下午 02:19:48*** 客戶函 T171970.1725.CUS.PDF 轉檔開始 ***
2020/11/26 下午 02:19:52--> 已轉入卷宗區 T171970.1725.CUS.PDF
2020/11/26 下午 02:19:53*** 客戶函 T171971.1725.CUS.PDF 轉檔開始 ***
2020/11/26 下午 02:19:57--> 已轉入卷宗區 T171971.1725.CUS.PDF
2020/11/26 下午 02:19:58*** 客戶函 T172232.1725.CUS.PDF 轉檔開始 ***
2020/11/26 下午 02:20:02--> 已轉入卷宗區 T172232.1725.CUS.PDF
2020/11/26 下午 02:20:03*** 客戶函 T172691.1725.CUS.PDF 轉檔開始 ***
2020/11/26 下午 02:20:07--> 已轉入卷宗區 T172691.1725.CUS.PDF
2020/11/26 下午 02:20:08*** 客戶函 T174835.1725.CUS.PDF 轉檔開始 ***
2020/11/26 下午 02:20:12--> 已轉入卷宗區 T174835.1725.CUS.PDF
2020/11/26 下午 02:20:13*** 客戶函 T120252.1725.CUS.PDF 轉檔開始 ***
2020/11/26 下午 02:20:18--> 已轉入卷宗區 T120252.1725.CUS.PDF
2020/11/26 下午 02:20:19*** 客戶函 T121894.1725.CUS.PDF 轉檔開始 ***
2020/11/26 下午 02:20:22--> 已轉入卷宗區 T121894.1725.CUS.PDF
2020/11/26 下午 02:20:24*** 客戶函 T172260.1725.CUS.PDF 轉檔開始 ***
2020/11/26 下午 02:20:27--> 已轉入卷宗區 T172260.1725.CUS.PDF
2020/11/26 下午 02:20:28*** 客戶函 T172167.1725.CUS.PDF 轉檔開始 ***
2020/11/26 下午 02:20:32--> 已轉入卷宗區 T172167.1725.CUS.PDF
2020/11/26 下午 02:20:33*** 客戶函 T173054.1725.CUS.PDF 轉檔開始 ***
2020/11/26 下午 02:20:37--> 已轉入卷宗區 T173054.1725.CUS.PDF
2020/11/26 下午 02:20:39*** 客戶函 T173056.1725.CUS.PDF 轉檔開始 ***
2020/11/26 下午 02:20:43--> 已轉入卷宗區 T173056.1725.CUS.PDF
2020/11/26 下午 02:20:44*** 客戶函 T173058.1725.CUS.PDF 轉檔開始 ***
2020/11/26 下午 02:20:48--> 已轉入卷宗區 T173058.1725.CUS.PDF
2020/11/26 下午 02:20:49*** 客戶函 T173060.1725.CUS.PDF 轉檔開始 ***
2020/11/26 下午 02:20:53--> 已轉入卷宗區 T173060.1725.CUS.PDF
2020/11/26 下午 02:20:54*** 客戶函 T172759.1725.CUS.PDF 轉檔開始 ***
2020/11/26 下午 02:20:58--> 已轉入卷宗區 T172759.1725.CUS.PDF
2020/11/26 下午 02:20:59*** 客戶函 T172760.1725.CUS.PDF 轉檔開始 ***
2020/11/26 下午 02:21:03--> 已轉入卷宗區 T172760.1725.CUS.PDF
2020/11/26 下午 02:21:04*** 客戶函 T172761.1725.CUS.PDF 轉檔開始 ***
2020/11/26 下午 02:21:08--> 已轉入卷宗區 T172761.1725.CUS.PDF
2020/11/26 下午 02:21:09*** 客戶函 T172762.1725.CUS.PDF 轉檔開始 ***
2020/11/26 下午 02:21:14--> 已轉入卷宗區 T172762.1725.CUS.PDF
2020/11/26 下午 02:21:15*** 客戶函 T172763.1725.CUS.PDF 轉檔開始 ***
2020/11/26 下午 02:21:20--> 已轉入卷宗區 T172763.1725.CUS.PDF
2020/11/26 下午 02:21:21*** 客戶函 T172764.1725.CUS.PDF 轉檔開始 ***
2020/11/26 下午 02:21:25--> 已轉入卷宗區 T172764.1725.CUS.PDF
2020/11/26 下午 02:21:26*** 客戶函 T172765.1725.CUS.PDF 轉檔開始 ***
2020/11/26 下午 02:21:30--> 已轉入卷宗區 T172765.1725.CUS.PDF
2020/11/26 下午 02:21:31*** 客戶函 T172766.1725.CUS.PDF 轉檔開始 ***
2020/11/26 下午 02:21:34--> 已轉入卷宗區 T172766.1725.CUS.PDF
2020/11/26 下午 02:21:35*** 客戶函 T170753.1725.CUS.PDF 轉檔開始 ***
2020/11/26 下午 02:21:39--> 已轉入卷宗區 T170753.1725.CUS.PDF
2020/11/26 下午 02:21:41*** 客戶函 T070341.1725.CUS.PDF 轉檔開始 ***
2020/11/26 下午 02:21:46--> 已轉入卷宗區 T070341.1725.CUS.PDF
2020/11/26 下午 02:21:47*** 客戶函 T173426.1725.CUS.PDF 轉檔開始 ***
2020/11/26 下午 02:21:51--> 已轉入卷宗區 T173426.1725.CUS.PDF
2020/11/26 下午 02:21:52*** 客戶函 T172819.1725.CUS.PDF 轉檔開始 ***
2020/11/26 下午 02:21:56--> 已轉入卷宗區 T172819.1725.CUS.PDF
2020/11/26 下午 02:21:57*** 客戶函 T173544.1725.CUS.PDF 轉檔開始 ***
2020/11/26 下午 02:22:01--> 已轉入卷宗區 T173544.1725.CUS.PDF
2020/11/26 下午 02:22:02*** 客戶函 T172924.1725.CUS.PDF 轉檔開始 ***
2020/11/26 下午 02:22:06--> 已轉入卷宗區 T172924.1725.CUS.PDF
2020/11/26 下午 02:22:07*** 客戶函 T119743.1725.CUS.PDF 轉檔開始 ***
2020/11/26 下午 02:22:11--> 已轉入卷宗區 T119743.1725.CUS.PDF
2020/11/26 下午 02:22:12*** 客戶函 T119744.1725.CUS.PDF 轉檔開始 ***
2020/11/26 下午 02:22:17--> 已轉入卷宗區 T119744.1725.CUS.PDF
2020/11/26 下午 02:22:18*** 客戶函 T119745.1725.CUS.PDF 轉檔開始 ***
2020/11/26 下午 02:22:22--> 已轉入卷宗區 T119745.1725.CUS.PDF
2020/11/26 下午 02:22:23*** 客戶函 T119748.1725.CUS.PDF 轉檔開始 ***
2020/11/26 下午 02:22:26--> 已轉入卷宗區 T119748.1725.CUS.PDF
2020/11/26 下午 02:22:27*** 客戶函 T121325.1725.CUS.PDF 轉檔開始 ***
2020/11/26 下午 02:22:31--> 已轉入卷宗區 T121325.1725.CUS.PDF
2020/11/26 下午 02:22:32*** 客戶函 T172400.1725.CUS.PDF 轉檔開始 ***
2020/11/26 下午 02:22:36--> 已轉入卷宗區 T172400.1725.CUS.PDF
2020/11/26 下午 02:22:37*** 客戶函 T173215.1725.CUS.PDF 轉檔開始 ***
2020/11/26 下午 02:22:41--> 已轉入卷宗區 T173215.1725.CUS.PDF
2020/11/26 下午 02:22:42*** 客戶函 T121819.1725.CUS.PDF 轉檔開始 ***
2020/11/26 下午 02:22:47--> 已轉入卷宗區 T121819.1725.CUS.PDF
2020/11/26 下午 02:22:48*** 客戶函 T129043.1725.CUS.PDF 轉檔開始 ***
2020/11/26 下午 02:22:53--> 已轉入卷宗區 T129043.1725.CUS.PDF
2020/11/26 下午 02:22:54*** 客戶函 T172678.1725.CUS.PDF 轉檔開始 ***
2020/11/26 下午 02:22:58--> 已轉入卷宗區 T172678.1725.CUS.PDF
2020/11/26 下午 02:22:59*** 客戶函 T174540.1725.CUS.PDF 轉檔開始 ***
2020/11/26 下午 02:23:03--> 已轉入卷宗區 T174540.1725.CUS.PDF
2020/11/26 下午 02:23:04*** 客戶函 T119798.1725.CUS.PDF 轉檔開始 ***
2020/11/26 下午 02:23:08--> 已轉入卷宗區 T119798.1725.CUS.PDF
2020/11/26 下午 02:23:09*** 客戶函 T172582.1725.CUS.PDF 轉檔開始 ***
2020/11/26 下午 02:23:14--> 已轉入卷宗區 T172582.1725.CUS.PDF
2020/11/26 下午 02:23:15*** 客戶函 T114414.1725.CUS.PDF 轉檔開始 ***
2020/11/26 下午 02:23:19--> 已轉入卷宗區 T114414.1725.CUS.PDF
2020/11/26 下午 02:23:20*** 客戶函 T116845.1725.CUS.PDF 轉檔開始 ***
2020/11/26 下午 02:23:24--> 已轉入卷宗區 T116845.1725.CUS.PDF
2020/11/26 下午 02:23:25*** 客戶函 T121752.1725.CUS.PDF 轉檔開始 ***
2020/11/26 下午 02:23:29--> 已轉入卷宗區 T121752.1725.CUS.PDF
2020/11/26 下午 02:23:29--> 較早訊息移入LOG檔(100)
2020/11/26 下午 02:23:30*** 客戶函 T171915.1725.CUS.PDF 轉檔開始 ***
2020/11/26 下午 02:23:34--> 已轉入卷宗區 T171915.1725.CUS.PDF
2020/11/26 下午 02:23:35*** 客戶函 T171888.1725.CUS.PDF 轉檔開始 ***
2020/11/26 下午 02:23:39--> 已轉入卷宗區 T171888.1725.CUS.PDF
2020/11/26 下午 02:23:40*** 客戶函 T171561.1725.CUS.PDF 轉檔開始 ***
2020/11/26 下午 02:23:44--> 已轉入卷宗區 T171561.1725.CUS.PDF
2020/11/26 下午 02:23:45*** 客戶函 T172241.1725.CUS.PDF 轉檔開始 ***
2020/11/26 下午 02:23:49--> 已轉入卷宗區 T172241.1725.CUS.PDF
2020/11/26 下午 02:23:50*** 客戶函 T172242.1725.CUS.PDF 轉檔開始 ***
2020/11/26 下午 02:23:54--> 已轉入卷宗區 T172242.1725.CUS.PDF
2020/11/26 下午 02:23:55*** 客戶函 T172376.1725.CUS.PDF 轉檔開始 ***
2020/11/26 下午 02:23:59--> 已轉入卷宗區 T172376.1725.CUS.PDF
2020/11/26 下午 02:24:00*** 客戶函 T171660.1725.CUS.PDF 轉檔開始 ***
2020/11/26 下午 02:24:04--> 已轉入卷宗區 T171660.1725.CUS.PDF
2020/11/26 下午 02:24:05*** 客戶函 T173668.1725.CUS.PDF 轉檔開始 ***
2020/11/26 下午 02:24:09--> 已轉入卷宗區 T173668.1725.CUS.PDF
2020/11/26 下午 02:24:10*** 客戶函 T119271.1725.CUS.PDF 轉檔開始 ***
2020/11/26 下午 02:24:15--> 已轉入卷宗區 T119271.1725.CUS.PDF
2020/11/26 下午 02:24:16*** 客戶函 T119284.1725.CUS.PDF 轉檔開始 ***
2020/11/26 下午 02:24:20--> 已轉入卷宗區 T119284.1725.CUS.PDF
2020/11/26 下午 02:24:21*** 客戶函 T121131.1725.CUS.PDF 轉檔開始 ***
2020/11/26 下午 02:24:25--> 已轉入卷宗區 T121131.1725.CUS.PDF
2020/11/26 下午 02:24:26*** 客戶函 T121701.1725.CUS.PDF 轉檔開始 ***
2020/11/26 下午 02:24:30--> 已轉入卷宗區 T121701.1725.CUS.PDF
2020/11/26 下午 02:24:31*** 客戶函 T121832.1725.CUS.PDF 轉檔開始 ***
2020/11/26 下午 02:24:35--> 已轉入卷宗區 T121832.1725.CUS.PDF
2020/11/26 下午 02:24:37*** 客戶函 T172119.1725.CUS.PDF 轉檔開始 ***
2020/11/26 下午 02:24:42--> 已轉入卷宗區 T172119.1725.CUS.PDF
2020/11/26 下午 02:24:43*** 客戶函 T172161.1725.CUS.PDF 轉檔開始 ***
2020/11/26 下午 02:24:47--> 已轉入卷宗區 T172161.1725.CUS.PDF
2020/11/26 下午 02:24:48*** 客戶函 T172162.1725.CUS.PDF 轉檔開始 ***
2020/11/26 下午 02:24:52--> 已轉入卷宗區 T172162.1725.CUS.PDF
2020/11/26 下午 02:24:53*** 客戶函 T172165.1725.CUS.PDF 轉檔開始 ***
2020/11/26 下午 02:24:57--> 已轉入卷宗區 T172165.1725.CUS.PDF
2020/11/26 下午 02:24:58*** 客戶函 T172166.1725.CUS.PDF 轉檔開始 ***
2020/11/26 下午 02:25:02--> 已轉入卷宗區 T172166.1725.CUS.PDF
2020/11/26 下午 02:25:03*** 客戶函 T120135.1725.CUS.PDF 轉檔開始 ***
2020/11/26 下午 02:25:07--> 已轉入卷宗區 T120135.1725.CUS.PDF
2020/11/26 下午 02:25:08*** 客戶函 T175747.1725.CUS.PDF 轉檔開始 ***
2020/11/26 下午 02:25:12--> 已轉入卷宗區 T175747.1725.CUS.PDF
2020/11/26 下午 02:25:13*** 客戶函 T172447.1725.CUS.PDF 轉檔開始 ***
2020/11/26 下午 02:25:17--> 已轉入卷宗區 T172447.1725.CUS.PDF
2020/11/26 下午 02:25:18*** 客戶函 T173513.1725.CUS.PDF 轉檔開始 ***
2020/11/26 下午 02:25:22--> 已轉入卷宗區 T173513.1725.CUS.PDF
2020/11/26 下午 02:25:23*** 客戶函 T171265.1725.CUS.PDF 轉檔開始 ***
2020/11/26 下午 02:25:27--> 已轉入卷宗區 T171265.1725.CUS.PDF
2020/11/26 下午 02:25:28*** 客戶函 T171266.1725.CUS.PDF 轉檔開始 ***
2020/11/26 下午 02:25:32--> 已轉入卷宗區 T171266.1725.CUS.PDF
2020/11/26 下午 02:25:33*** 客戶函 T171267.1725.CUS.PDF 轉檔開始 ***
2020/11/26 下午 02:25:37--> 已轉入卷宗區 T171267.1725.CUS.PDF
2020/11/26 下午 02:25:38*** 客戶函 T171268.1725.CUS.PDF 轉檔開始 ***
2020/11/26 下午 02:25:42--> 已轉入卷宗區 T171268.1725.CUS.PDF
2020/11/26 下午 02:25:43*** 客戶函 T171289.1725.CUS.PDF 轉檔開始 ***
2020/11/26 下午 02:25:47--> 已轉入卷宗區 T171289.1725.CUS.PDF
2020/11/26 下午 02:25:48*** 客戶函 T171290.1725.CUS.PDF 轉檔開始 ***
2020/11/26 下午 02:25:52--> 已轉入卷宗區 T171290.1725.CUS.PDF
2020/11/26 下午 02:25:53*** 客戶函 T171291.1725.CUS.PDF 轉檔開始 ***
2020/11/26 下午 02:25:57--> 已轉入卷宗區 T171291.1725.CUS.PDF
2020/11/26 下午 02:25:58*** 客戶函 T171292.1725.CUS.PDF 轉檔開始 ***
2020/11/26 下午 02:26:02--> 已轉入卷宗區 T171292.1725.CUS.PDF
2020/11/26 下午 02:26:03*** 客戶函 T171171.1725.CUS.PDF 轉檔開始 ***
2020/11/26 下午 02:26:07--> 已轉入卷宗區 T171171.1725.CUS.PDF
2020/11/26 下午 02:26:08*** 客戶函 T171727.1725.CUS.PDF 轉檔開始 ***
2020/11/26 下午 02:26:12--> 已轉入卷宗區 T171727.1725.CUS.PDF
2020/11/26 下午 02:26:13*** 客戶函 T171728.1725.CUS.PDF 轉檔開始 ***
2020/11/26 下午 02:26:17--> 已轉入卷宗區 T171728.1725.CUS.PDF
2020/11/26 下午 02:26:18*** 客戶函 T118431.1725.CUS.PDF 轉檔開始 ***
2020/11/26 下午 02:26:22--> 已轉入卷宗區 T118431.1725.CUS.PDF
2020/11/26 下午 02:26:23*** 客戶函 T172638.1725.CUS.PDF 轉檔開始 ***
2020/11/26 下午 02:26:27--> 已轉入卷宗區 T172638.1725.CUS.PDF
2020/11/26 下午 02:26:28*** 客戶函 T173309.1725.CUS.PDF 轉檔開始 ***
2020/11/26 下午 02:26:32--> 已轉入卷宗區 T173309.1725.CUS.PDF
2020/11/26 下午 02:26:33*** 客戶函 T173688.1725.CUS.PDF 轉檔開始 ***
2020/11/26 下午 02:26:37--> 已轉入卷宗區 T173688.1725.CUS.PDF
2020/11/26 下午 02:26:39*** 客戶函 T171365.1725.CUS.PDF 轉檔開始 ***
2020/11/26 下午 02:26:42--> 已轉入卷宗區 T171365.1725.CUS.PDF
2020/11/26 下午 02:26:43*** 客戶函 T171366.1725.CUS.PDF 轉檔開始 ***
2020/11/26 下午 02:26:48--> 已轉入卷宗區 T171366.1725.CUS.PDF
2020/11/26 下午 02:26:49*** 客戶函 T173193.1725.CUS.PDF 轉檔開始 ***
2020/11/26 下午 02:26:53--> 已轉入卷宗區 T173193.1725.CUS.PDF
2020/11/26 下午 02:26:54*** 客戶函 T171849.1725.CUS.PDF 轉檔開始 ***
2020/11/26 下午 02:26:58--> 已轉入卷宗區 T171849.1725.CUS.PDF
2020/11/26 下午 02:26:59*** 客戶函 T171850.1725.CUS.PDF 轉檔開始 ***
2020/11/26 下午 02:27:03--> 已轉入卷宗區 T171850.1725.CUS.PDF
2020/11/26 下午 02:27:04*** 客戶函 T172464.1725.CUS.PDF 轉檔開始 ***
2020/11/26 下午 02:27:08--> 已轉入卷宗區 T172464.1725.CUS.PDF
2020/11/26 下午 02:27:10*** 客戶函 T172465.1725.CUS.PDF 轉檔開始 ***
2020/11/26 下午 02:27:13--> 已轉入卷宗區 T172465.1725.CUS.PDF
2020/11/26 下午 02:27:14*** 客戶函 T171744.1725.CUS.PDF 轉檔開始 ***
2020/11/26 下午 02:27:18--> 已轉入卷宗區 T171744.1725.CUS.PDF
2020/11/26 下午 02:27:19*** 客戶函 T172262.1725.CUS.PDF 轉檔開始 ***
2020/11/26 下午 02:27:23--> 已轉入卷宗區 T172262.1725.CUS.PDF
2020/11/26 下午 02:27:24*** 客戶函 T172264.1725.CUS.PDF 轉檔開始 ***
2020/11/26 下午 02:27:28--> 已轉入卷宗區 T172264.1725.CUS.PDF
2020/11/26 下午 02:27:30*** 客戶函 T172270.1725.CUS.PDF 轉檔開始 ***
2020/11/26 下午 02:27:34--> 已轉入卷宗區 T172270.1725.CUS.PDF
2020/11/26 下午 02:27:35*** 客戶函 T172273.1725.CUS.PDF 轉檔開始 ***
2020/11/26 下午 02:27:39--> 已轉入卷宗區 T172273.1725.CUS.PDF
2020/11/26 下午 02:27:40--> 較早訊息移入LOG檔(100)
2020/11/26 下午 02:27:41*** 客戶函 T172274.1725.CUS.PDF 轉檔開始 ***
2020/11/26 下午 02:27:45--> 已轉入卷宗區 T172274.1725.CUS.PDF
2020/11/26 下午 02:27:46*** 客戶函 T172275.1725.CUS.PDF 轉檔開始 ***
2020/11/26 下午 02:27:50--> 已轉入卷宗區 T172275.1725.CUS.PDF
2020/11/26 下午 02:27:51*** 客戶函 T172276.1725.CUS.PDF 轉檔開始 ***
2020/11/26 下午 02:27:55--> 已轉入卷宗區 T172276.1725.CUS.PDF
2020/11/26 下午 02:27:56*** 客戶函 T171904.1725.CUS.PDF 轉檔開始 ***
2020/11/26 下午 02:28:00--> 已轉入卷宗區 T171904.1725.CUS.PDF
2020/11/26 下午 02:28:01*** 客戶函 T172977.1725.CUS.PDF 轉檔開始 ***
2020/11/26 下午 02:28:05--> 已轉入卷宗區 T172977.1725.CUS.PDF
2020/11/26 下午 02:28:06*** 客戶函 T172978.1725.CUS.PDF 轉檔開始 ***
2020/11/26 下午 02:28:09--> 已轉入卷宗區 T172978.1725.CUS.PDF
2020/11/26 下午 02:28:11*** 客戶函 T069607.1725.CUS.PDF 轉檔開始 ***
2020/11/26 下午 02:28:14--> 已轉入卷宗區 T069607.1725.CUS.PDF
2020/11/26 下午 02:28:16*** 客戶函 T171703.1725.CUS.PDF 轉檔開始 ***
2020/11/26 下午 02:28:20--> 已轉入卷宗區 T171703.1725.CUS.PDF
2020/11/26 下午 02:28:21*** 客戶函 T171704.1725.CUS.PDF 轉檔開始 ***
2020/11/26 下午 02:28:24--> 已轉入卷宗區 T171704.1725.CUS.PDF
2020/11/26 下午 02:28:25*** 客戶函 T172417.1725.CUS.PDF 轉檔開始 ***
2020/11/26 下午 02:28:29--> 已轉入卷宗區 T172417.1725.CUS.PDF
2020/11/26 下午 02:28:30*** 客戶函 T172418.1725.CUS.PDF 轉檔開始 ***
2020/11/26 下午 02:28:34--> 已轉入卷宗區 T172418.1725.CUS.PDF
2020/11/26 下午 02:28:35*** 客戶函 T173815.1725.CUS.PDF 轉檔開始 ***
2020/11/26 下午 02:28:39--> 已轉入卷宗區 T173815.1725.CUS.PDF
2020/11/26 下午 02:28:40*** 客戶函 T173816.1725.CUS.PDF 轉檔開始 ***
2020/11/26 下午 02:28:45--> 已轉入卷宗區 T173816.1725.CUS.PDF
2020/11/26 下午 02:28:46*** 客戶函 T173817.1725.CUS.PDF 轉檔開始 ***
2020/11/26 下午 02:28:50--> 已轉入卷宗區 T173817.1725.CUS.PDF
2020/11/26 下午 02:28:51*** 客戶函 T173818.1725.CUS.PDF 轉檔開始 ***
2020/11/26 下午 02:28:55--> 已轉入卷宗區 T173818.1725.CUS.PDF
2020/11/26 下午 02:28:56*** 客戶函 T120326.1725.CUS.PDF 轉檔開始 ***
2020/11/26 下午 02:29:01--> 已轉入卷宗區 T120326.1725.CUS.PDF
2020/11/26 下午 02:29:02*** 客戶函 T123812.1725.CUS.PDF 轉檔開始 ***
2020/11/26 下午 02:29:08--> 已轉入卷宗區 T123812.1725.CUS.PDF
2020/11/26 下午 02:29:09*** 客戶函 T119094.1725.CUS.PDF 轉檔開始 ***
2020/11/26 下午 02:29:13--> 已轉入卷宗區 T119094.1725.CUS.PDF
2020/11/26 下午 02:29:14*** 客戶函 T119095.1725.CUS.PDF 轉檔開始 ***
2020/11/26 下午 02:29:18--> 已轉入卷宗區 T119095.1725.CUS.PDF
2020/11/26 下午 02:29:19*** 客戶函 T172422.1725.CUS.PDF 轉檔開始 ***
2020/11/26 下午 02:29:23--> 已轉入卷宗區 T172422.1725.CUS.PDF
2020/11/26 下午 02:29:24*** 客戶函 T173272.1725.CUS.PDF 轉檔開始 ***
2020/11/26 下午 02:29:28--> 已轉入卷宗區 T173272.1725.CUS.PDF
2020/11/26 下午 02:29:29*** 客戶函 T173273.1725.CUS.PDF 轉檔開始 ***
2020/11/26 下午 02:29:33--> 已轉入卷宗區 T173273.1725.CUS.PDF
2020/11/26 下午 02:29:34*** 客戶函 T173274.1725.CUS.PDF 轉檔開始 ***
2020/11/26 下午 02:29:38--> 已轉入卷宗區 T173274.1725.CUS.PDF
2020/11/26 下午 02:29:39*** 客戶函 T173275.1725.CUS.PDF 轉檔開始 ***
2020/11/26 下午 02:29:43--> 已轉入卷宗區 T173275.1725.CUS.PDF
2020/11/26 下午 02:29:45*** 客戶函 T173276.1725.CUS.PDF 轉檔開始 ***
2020/11/26 下午 02:29:49--> 已轉入卷宗區 T173276.1725.CUS.PDF
2020/11/26 下午 02:29:50*** 客戶函 T173277.1725.CUS.PDF 轉檔開始 ***
2020/11/26 下午 02:29:55--> 已轉入卷宗區 T173277.1725.CUS.PDF
2020/11/26 下午 02:29:56*** 客戶函 T119582.1725.CUS.PDF 轉檔開始 ***
2020/11/26 下午 02:30:01--> 已轉入卷宗區 T119582.1725.CUS.PDF
2020/11/26 下午 02:30:03*** 客戶函 T172331.1725.CUS.PDF 轉檔開始 ***
2020/11/26 下午 02:30:07--> 已轉入卷宗區 T172331.1725.CUS.PDF
2020/11/26 下午 02:30:08*** 客戶函 T118770.1725.CUS.PDF 轉檔開始 ***
2020/11/26 下午 02:30:12--> 已轉入卷宗區 T118770.1725.CUS.PDF
2020/11/26 下午 02:30:13*** 客戶函 T171681.1725.CUS.PDF 轉檔開始 ***
2020/11/26 下午 02:30:17--> 已轉入卷宗區 T171681.1725.CUS.PDF
2020/11/26 下午 02:30:18*** 客戶函 T171682.1725.CUS.PDF 轉檔開始 ***
2020/11/26 下午 02:30:22--> 已轉入卷宗區 T171682.1725.CUS.PDF
2020/11/26 下午 02:30:23*** 客戶函 T172480.1725.CUS.PDF 轉檔開始 ***
2020/11/26 下午 02:30:27--> 已轉入卷宗區 T172480.1725.CUS.PDF
2020/11/26 下午 02:30:28*** 客戶函 T171650.1725.CUS.PDF 轉檔開始 ***
2020/11/26 下午 02:30:32--> 已轉入卷宗區 T171650.1725.CUS.PDF
2020/11/26 下午 02:30:33*** 客戶函 T004864.1725.CUS.PDF 轉檔開始 ***
2020/11/26 下午 02:30:37--> 已轉入卷宗區 T004864.1725.CUS.PDF
2020/11/26 下午 02:30:38*** 客戶函 T172832.1725.CUS.PDF 轉檔開始 ***
2020/11/26 下午 02:30:42--> 已轉入卷宗區 T172832.1725.CUS.PDF
2020/11/26 下午 02:30:43*** 客戶函 T172565.1725.CUS.PDF 轉檔開始 ***
2020/11/26 下午 02:30:47--> 已轉入卷宗區 T172565.1725.CUS.PDF
2020/11/26 下午 02:30:48*** 客戶函 T226772.1725.CUS.PDF 轉檔開始 ***
2020/11/26 下午 02:30:52--> 已轉入卷宗區 T226772.1725.CUS.PDF
2020/11/26 下午 02:30:53*** 客戶函 T226773.1725.CUS.PDF 轉檔開始 ***
2020/11/26 下午 02:30:57--> 已轉入卷宗區 T226773.1725.CUS.PDF
2020/11/26 下午 02:30:58*** 客戶函 T123014.1725.CUS.PDF 轉檔開始 ***
2020/11/26 下午 02:31:02--> 已轉入卷宗區 T123014.1725.CUS.PDF
2020/11/26 下午 02:31:03*** 客戶函 T070951.1725.CUS.PDF 轉檔開始 ***
2020/11/26 下午 02:31:07--> 已轉入卷宗區 T070951.1725.CUS.PDF
2020/11/26 下午 02:31:08*** 客戶函 T070952.1725.CUS.PDF 轉檔開始 ***
2020/11/26 下午 02:31:12--> 已轉入卷宗區 T070952.1725.CUS.PDF
2020/11/26 下午 02:31:13*** 客戶函 T119604.1725.CUS.PDF 轉檔開始 ***
2020/11/26 下午 02:31:17--> 已轉入卷宗區 T119604.1725.CUS.PDF
2020/11/26 下午 02:31:18*** 客戶函 T119605.1725.CUS.PDF 轉檔開始 ***
2020/11/26 下午 02:31:22--> 已轉入卷宗區 T119605.1725.CUS.PDF
2020/11/26 下午 02:31:23*** 客戶函 T171541.1725.CUS.PDF 轉檔開始 ***
2020/11/26 下午 02:31:27--> 已轉入卷宗區 T171541.1725.CUS.PDF
2020/11/26 下午 02:31:28*** 客戶函 T171547.1725.CUS.PDF 轉檔開始 ***
2020/11/26 下午 02:31:32--> 已轉入卷宗區 T171547.1725.CUS.PDF
2020/11/26 下午 02:31:33*** 客戶函 T173248.1725.CUS.PDF 轉檔開始 ***
2020/11/26 下午 02:31:37--> 已轉入卷宗區 T173248.1725.CUS.PDF
2020/11/26 下午 02:32:25--> 開始 寄發 QPGMR 郵件暫存 (Morgan)
2020/11/26 下午 02:32:25--> 結束 寄發 QPGMR 郵件暫存 (Morgan)
2020/11/26 下午 02:32:25--> 開始 FCP案件命名通知信
2020/11/26 下午 02:32:25--> 結束 FCP案件命名通知信
2020/11/26 下午 02:33:03--> 較早訊息移入LOG檔(118)
2020/11/26 下午 02:37:26--> 開始 寄發 QPGMR 郵件暫存 (Morgan)
2020/11/26 下午 02:37:26--> 結束 寄發 QPGMR 郵件暫存 (Morgan)
2020/11/26 下午 02:37:26--> 開始 FCP案件命名通知信
2020/11/26 下午 02:37:26--> 結束 FCP案件命名通知信
2020/11/26 下午 02:39:12--> 較早訊息移入LOG檔(5)
2020/11/26 下午 02:42:26--> 開始 寄發 QPGMR 郵件暫存 (Morgan)
2020/11/26 下午 02:42:26--> 結束 寄發 QPGMR 郵件暫存 (Morgan)
2020/11/26 下午 02:42:26--> 開始 FCP案件命名通知信
2020/11/26 下午 02:42:26--> 結束 FCP案件命名通知信
2020/11/26 下午 02:45:21--> 較早訊息移入LOG檔(5)
2020/11/26 下午 02:47:26--> 開始 寄發 QPGMR 郵件暫存 (Morgan)
2020/11/26 下午 02:47:26--> 結束 寄發 QPGMR 郵件暫存 (Morgan)
2020/11/26 下午 02:47:26--> 開始 FCP案件命名通知信
2020/11/26 下午 02:47:26--> 結束 FCP案件命名通知信
2020/11/26 下午 02:51:30--> 較早訊息移入LOG檔(5)
2020/11/26 下午 02:52:26--> 開始 寄發 QPGMR 郵件暫存 (Morgan)
2020/11/26 下午 02:52:26--> 結束 寄發 QPGMR 郵件暫存 (Morgan)
2020/11/26 下午 02:52:26--> 開始 FCP案件命名通知信
2020/11/26 下午 02:52:26--> 結束 FCP案件命名通知信
2020/11/26 下午 02:57:26--> 開始 寄發 QPGMR 郵件暫存 (Morgan)
2020/11/26 下午 02:57:26--> 結束 寄發 QPGMR 郵件暫存 (Morgan)
2020/11/26 下午 02:57:26--> 開始 FCP案件命名通知信
2020/11/26 下午 02:57:26--> 結束 FCP案件命名通知信
2020/11/26 下午 02:57:40--> 較早訊息移入LOG檔(9)
2020/11/26 下午 03:02:27--> 開始 寄發 QPGMR 郵件暫存 (Morgan)
2020/11/26 下午 03:02:27--> 結束 寄發 QPGMR 郵件暫存 (Morgan)
2020/11/26 下午 03:02:27--> 開始 FCP案件命名通知信
2020/11/26 下午 03:02:27--> 結束 FCP案件命名通知信
2020/11/26 下午 03:03:49--> 較早訊息移入LOG檔(5)
2020/11/26 下午 03:07:27--> 開始 寄發 QPGMR 郵件暫存 (Morgan)
2020/11/26 下午 03:07:27--> 結束 寄發 QPGMR 郵件暫存 (Morgan)
2020/11/26 下午 03:07:27--> 開始 FCP案件命名通知信
2020/11/26 下午 03:07:27--> 結束 FCP案件命名通知信
2020/11/26 下午 05:02:36--> 程式已載入
2020/11/26 下午 05:02:39--> 開始
2020/11/26 下午 05:02:40*** 客戶函 T228648.717.CUS.PDF 轉檔開始 ***
2020/11/26 下午 05:02:46--> 已轉入卷宗區 T228648.717.CUS.PDF
2020/11/26 下午 05:07:38--> 開始 寄發 QPGMR 郵件暫存 (Morgan)
2020/11/26 下午 05:07:38--> 結束 寄發 QPGMR 郵件暫存 (Morgan)
2020/11/26 下午 05:07:38--> 開始 FCP案件命名通知信
2020/11/26 下午 05:08:49--> 已逾期通知：FCP-064228新案命名 收件者: 88003;A6019 副本:86024
2020/11/26 下午 05:08:51--> 已逾期通知：FCP-064229新案命名 收件者: 88003;A6019 副本:86024
2020/11/26 下午 05:08:55--> 已逾期通知：FCP-064230新案命名 收件者: 89020;A4029 副本:85033
2020/11/26 下午 05:08:55--> 結束 FCP案件命名通知信
2020/11/26 下午 05:09:50--> 較早訊息移入LOG檔(11)
2020/11/26 下午 05:13:55--> 開始 寄發 QPGMR 郵件暫存 (Morgan)
2020/11/26 下午 05:13:55--> 結束 寄發 QPGMR 郵件暫存 (Morgan)
2020/11/26 下午 05:13:56--> 開始 FCP案件命名通知信
2020/11/26 下午 05:13:56--> 結束 FCP案件命名通知信
2020/11/26 下午 05:15:59--> 較早訊息移入LOG檔(5)
2020/11/26 下午 05:16:51--> 程式結束
