2020/2/4 下午 03:40:39--> 程式已載入
2020/2/4 下午 03:40:50--> 開始
2020/2/4 下午 03:40:52--> 檔案已存在 T164619.1717.CUS.PDF(CA9005053)
2020/2/4 下午 03:41:01--> 檔案已存在 T164544.1717.CUS.PDF(CA9005060)
2020/2/4 下午 03:41:08--> 檔案已存在 T164920.1717.CUS.PDF(CA9005083)
2020/2/4 下午 03:41:14--> 檔案已存在 T165061.1717.CUS.PDF(CA9005149)
2020/2/4 下午 03:41:18--> 檔案已存在 T162854.1717.CUS.PDF(CA9005282)
2020/2/4 下午 03:41:30--> 程式結束
2020/2/6 上午 10:09:06--> 程式已載入
2020/2/6 上午 10:09:10--> 開始
2020/2/6 上午 10:09:11--> 檔案已存在 P103878.605.CUS.PDF(AA8056336)
2020/2/6 上午 10:09:17*** 客戶函 T213888.612.CUS.PDF 轉檔開始 ***
2020/2/6 上午 10:09:22--> 已轉入卷宗區 T213888.612.CUS.PDF
2020/2/6 上午 10:09:28--> 程式結束
2020/2/6 上午 11:12:25--> 程式已載入
2020/2/6 上午 11:12:28--> 開始
2020/2/6 上午 11:12:29*** 客戶函 T213888.612.CUS.PDF 轉檔開始 ***
2020/2/6 上午 11:12:32--> 已轉入卷宗區 T213888.612.CUS.PDF
2020/2/6 上午 11:12:36--> 程式結束
2020/2/6 下午 03:56:30--> 程式已載入
2020/2/6 下午 03:56:34--> 開始
2020/2/6 下午 03:57:05*** 客戶函 T224536.1717.CUS.PDF 轉檔開始 ***
2020/2/6 下午 03:59:20--> pdf產生失敗 T224536.1717.CUS.PDF
2020/2/6 下午 03:59:27*** 客戶函 T224536.1717.CUS.PDF 轉檔開始 ***
2020/2/6 下午 03:59:39--> pdf產生失敗 T224536.1717.CUS.PDF
2020/2/6 下午 03:59:40*** 客戶函 T224536.1717.CUS.PDF 轉檔開始 ***
2020/2/6 下午 03:59:45--> pdf產生失敗 T224536.1717.CUS.PDF
2020/2/6 下午 03:59:46--> 轉檔停止
2020/2/6 下午 04:00:00--> 開始
2020/2/6 下午 04:00:01*** 客戶函 T224536.1717.CUS.PDF 轉檔開始 ***
2020/2/6 下午 04:00:04--> 已轉入卷宗區 T224536.1717.CUS.PDF
2020/2/6 下午 04:05:00--> 開始 寄發 QPGMR 郵件暫存 (Morgan)
2020/2/6 下午 04:05:00--> 結束 寄發 QPGMR 郵件暫存 (Morgan)
2020/2/6 下午 04:05:00--> 開始 FCP案件命名通知信
2020/2/6 下午 04:13:42--> 已逾期通知：P-124390新案命名 收件者: 88003;95003;89030 副本:86024
2020/2/6 下午 04:13:45--> 已逾期通知：FCP-062667新案命名 收件者: 79034;A1031;A4029 副本:85033
2020/2/6 下午 04:13:46--> 已逾期通知：急件！P-124405新案命名(譯畢期限：109/02/06 16:00) 收件者: 89020;A4029 副本:85033
2020/2/6 下午 04:13:46--> 結束 FCP案件命名通知信
2020/2/6 下午 04:13:52--> 轉檔停止
2020/2/6 下午 04:16:29--> 程式結束
2020/2/6 下午 05:06:07--> 程式已載入
2020/2/6 下午 05:06:10--> 開始
2020/2/6 下午 05:06:11*** 客戶函 T224536.1717.CUS.PDF 轉檔開始 ***
2020/2/6 下午 05:06:14--> 已轉入卷宗區 T224536.1717.CUS.PDF
2020/2/6 下午 05:06:21--> 程式結束
