2020/11/19 下午 04:39:23--> 程式已載入
2020/11/19 下午 04:39:50--> 開始
2020/11/19 下午 04:39:52*** 客戶函 T230578.1101.CUS.PDF 轉檔開始 ***
2020/11/19 下午 04:39:56--> 已轉入卷宗區 T230578.1101.CUS.PDF
2020/11/19 下午 04:39:57*** 客戶函 T230579.1101.CUS.PDF 轉檔開始 ***
2020/11/19 下午 04:40:00--> 已轉入卷宗區 T230579.1101.CUS.PDF
2020/11/19 下午 04:40:01*** 客戶函 T230580.1101.CUS.PDF 轉檔開始 ***
2020/11/19 下午 04:40:05--> 已轉入卷宗區 T230580.1101.CUS.PDF
2020/11/19 下午 04:40:06*** 客戶函 T230581.1101.CUS.PDF 轉檔開始 ***
2020/11/19 下午 04:40:09--> 已轉入卷宗區 T230581.1101.CUS.PDF
2020/11/19 下午 04:40:11*** 客戶函 CFP022587.1999.CUS.PDF 轉檔開始 ***
2020/11/19 下午 04:40:15--> 已轉入卷宗區 CFP022587.1999.CUS.PDF
2020/11/19 下午 04:40:16*** 客戶函 CFP020011.1999.CUS.PDF 轉檔開始 ***
2020/11/19 下午 04:40:21--> 已轉入卷宗區 CFP020011.1999.CUS.PDF
2020/11/19 下午 04:40:22*** 客戶函 CFP028743.1999.CUS.PDF 轉檔開始 ***
2020/11/19 下午 04:40:27--> 已轉入卷宗區 CFP028743.1999.CUS.PDF
2020/11/19 下午 04:40:28*** 客戶函 CFP029032.1999.CUS.PDF 轉檔開始 ***
2020/11/19 下午 04:40:33--> 已轉入卷宗區 CFP029032.1999.CUS.PDF
2020/11/19 下午 04:40:34*** 客戶函 CFP028961.1999.CUS.PDF 轉檔開始 ***
2020/11/19 下午 04:40:38--> 已轉入卷宗區 CFP028961.1999.CUS.PDF
2020/11/19 下午 04:40:40*** 客戶函 CFP029006.1999.CUS.PDF 轉檔開始 ***
2020/11/19 下午 04:40:44--> 已轉入卷宗區 CFP029006.1999.CUS.PDF
2020/11/19 下午 04:40:45*** 客戶函 CFP027879.1999.CUS.PDF 轉檔開始 ***
2020/11/19 下午 04:40:50--> 已轉入卷宗區 CFP027879.1999.CUS.PDF
2020/11/19 下午 04:40:51*** 客戶函 CFP025343.1999.CUS.PDF 轉檔開始 ***
2020/11/19 下午 04:40:56--> 已轉入卷宗區 CFP025343.1999.CUS.PDF
2020/11/19 下午 04:40:57*** 客戶函 CFP023874.1999.CUS.PDF 轉檔開始 ***
2020/11/19 下午 04:41:02--> 已轉入卷宗區 CFP023874.1999.CUS.PDF
2020/11/19 下午 04:41:03*** 客戶函 CFP024561.1999.CUS.PDF 轉檔開始 ***
2020/11/19 下午 04:41:08--> 已轉入卷宗區 CFP024561.1999.CUS.PDF
2020/11/19 下午 04:41:09*** 客戶函 CFP025407.1999.CUS.PDF 轉檔開始 ***
2020/11/19 下午 04:41:14--> 已轉入卷宗區 CFP025407.1999.CUS.PDF
2020/11/19 下午 04:41:15*** 客戶函 CFP025407-1.1999.CUS.PDF 轉檔開始 ***
2020/11/19 下午 04:41:19--> 已轉入卷宗區 CFP025407-1.1999.CUS.PDF
2020/11/19 下午 04:41:21*** 客戶函 CFP026196.1999.CUS.PDF 轉檔開始 ***
2020/11/19 下午 04:41:25--> 已轉入卷宗區 CFP026196.1999.CUS.PDF
2020/11/19 下午 04:41:25--> 程式結束
