2020/12/15 下午 02:38:29--> 程式已載入
2020/12/15 下午 02:38:36--> 程式結束
2020/12/15 下午 02:38:49--> 程式已載入
2020/12/15 下午 02:38:57--> 開始
2020/12/15 下午 02:38:58*** 客戶函 T226366.1701.CUS.PDF 轉檔開始 ***
2020/12/15 下午 02:39:02--> 已轉入卷宗區 T226366.1701.CUS.PDF
2020/12/15 下午 02:39:03*** 客戶函 T170447.1725.CUS.PDF 轉檔開始 ***
2020/12/15 下午 02:39:07--> 已轉入卷宗區 T170447.1725.CUS.PDF
2020/12/15 下午 02:39:08*** 客戶函 T172932.1725.CUS.PDF 轉檔開始 ***
2020/12/15 下午 02:39:15--> 已轉入卷宗區 T172932.1725.CUS.PDF
2020/12/15 下午 02:39:16*** 客戶函 T116036.1725.CUS.PDF 轉檔開始 ***
2020/12/15 下午 02:39:20--> 已轉入卷宗區 T116036.1725.CUS.PDF
2020/12/15 下午 02:39:21*** 客戶函 T169922.1725.CUS.PDF 轉檔開始 ***
2020/12/15 下午 02:39:25--> 已轉入卷宗區 T169922.1725.CUS.PDF
2020/12/15 下午 02:39:26--> 程式結束
2020/12/15 下午 02:41:54--> 程式已載入
2020/12/15 下午 02:42:02--> 開始
2020/12/15 下午 02:42:11--> 程式結束
2020/12/15 下午 02:42:39--> 程式已載入
2020/12/15 下午 02:42:42--> 開始
2020/12/15 下午 02:42:49--> 程式結束
2020/12/15 下午 02:43:36--> 程式已載入
2020/12/15 下午 02:43:41--> 開始
2020/12/15 下午 02:43:42--> 有 1 筆未轉完成定稿已釋放!!
2020/12/15 下午 02:43:42--> 檔案已存在 T226366.1701.CUS.PDF(CA9076957)
2020/12/15 下午 02:43:50--> 程式結束
2020/12/15 下午 04:08:22--> 程式已載入
2020/12/15 下午 04:08:25--> 開始
2020/12/15 下午 04:13:25--> 開始 寄發 QPGMR 郵件暫存 (Morgan)
2020/12/15 下午 04:13:26--> 結束 寄發 QPGMR 郵件暫存 (Morgan)
2020/12/15 下午 04:13:26--> 開始 FCP案件命名通知信
2020/12/15 下午 04:14:17--> 已逾期通知：FCP-064314新案命名 收件者: 79034;A5001 副本:85033
2020/12/15 下午 04:14:19--> 已逾期通知：FCP-064319新案命名 收件者: 89020;A7028;A4035 副本:86013
2020/12/15 下午 04:14:19--> 結束 FCP案件命名通知信
2020/12/15 下午 04:14:22*** 客戶函 T226366.1701.CUS.PDF 轉檔開始 ***
2020/12/15 下午 04:14:26--> 已轉入卷宗區 T226366.1701.CUS.PDF
2020/12/15 下午 04:14:32--> 程式結束
