2020/11/5 上午 11:06:49--> 程式已載入
2020/11/5 上午 11:06:53--> 開始
2020/11/5 上午 11:06:54*** 客戶函 T161706.102.CUS.PDF 轉檔開始 ***
2020/11/5 上午 11:06:58--> 已轉入卷宗區 T161706.102.CUS.PDF
2020/11/5 上午 11:06:59*** 客戶函 T230225.1101.CUS.PDF 轉檔開始 ***
2020/11/5 上午 11:07:03--> 已轉入卷宗區 T230225.1101.CUS.PDF
2020/11/5 上午 11:11:53--> 開始 寄發 QPGMR 郵件暫存 (Morgan)
2020/11/5 上午 11:11:53--> 結束 寄發 QPGMR 郵件暫存 (Morgan)
2020/11/5 上午 11:11:53--> 開始 FCP案件命名通知信
2020/11/5 上午 11:11:53--> 結束 FCP案件命名通知信
2020/11/5 上午 11:12:54--> 較早訊息移入LOG檔(10)
2020/11/5 上午 11:16:53--> 開始 寄發 QPGMR 郵件暫存 (Morgan)
2020/11/5 上午 11:16:53--> 結束 寄發 QPGMR 郵件暫存 (Morgan)
2020/11/5 上午 11:16:53--> 開始 FCP案件命名通知信
2020/11/5 上午 11:16:53--> 結束 FCP案件命名通知信
2020/11/5 上午 11:19:03--> 較早訊息移入LOG檔(5)
2020/11/5 上午 11:21:53--> 開始 寄發 QPGMR 郵件暫存 (Morgan)
2020/11/5 上午 11:21:53--> 結束 寄發 QPGMR 郵件暫存 (Morgan)
2020/11/5 上午 11:21:53--> 開始 FCP案件命名通知信
2020/11/5 上午 11:21:53--> 結束 FCP案件命名通知信
2020/11/5 上午 11:23:23*** 客戶函 T230112.202.CUS.PDF 轉檔開始 ***
2020/11/5 上午 11:23:28--> 已轉入卷宗區 T230112.202.CUS.PDF
2020/11/5 上午 11:24:23--> 轉檔停止
2020/11/5 上午 11:24:24--> 開始
2020/11/5 上午 11:24:34--> 程式結束
2020/11/5 上午 11:24:35--> 程式已載入
2020/11/5 上午 11:24:43--> 開始
2020/11/5 上午 11:24:56--> 轉檔停止
2020/11/5 上午 11:24:57--> 開始
2020/11/5 上午 11:29:57--> 開始 寄發 QPGMR 郵件暫存 (Morgan)
2020/11/5 上午 11:29:57--> 結束 寄發 QPGMR 郵件暫存 (Morgan)
2020/11/5 上午 11:29:57--> 開始 FCP案件命名通知信
2020/11/5 上午 11:29:57--> 結束 FCP案件命名通知信
2020/11/5 上午 11:30:49--> 較早訊息移入LOG檔(8)
2020/11/5 上午 11:34:58--> 開始 寄發 QPGMR 郵件暫存 (Morgan)
2020/11/5 上午 11:34:58--> 結束 寄發 QPGMR 郵件暫存 (Morgan)
2020/11/5 上午 11:34:58--> 開始 FCP案件命名通知信
2020/11/5 上午 11:34:58--> 結束 FCP案件命名通知信
2020/11/5 上午 11:36:59--> 較早訊息移入LOG檔(5)
2020/11/5 上午 11:39:36*** 客戶函 T230330.101.CUS.PDF 轉檔開始 ***
2020/11/5 上午 11:39:39--> 已轉入卷宗區 T230330.101.CUS.PDF
2020/11/5 上午 11:39:58--> 開始 寄發 QPGMR 郵件暫存 (Morgan)
2020/11/5 上午 11:39:58--> 結束 寄發 QPGMR 郵件暫存 (Morgan)
2020/11/5 上午 11:39:58--> 開始 FCP案件命名通知信
2020/11/5 上午 11:39:58--> 結束 FCP案件命名通知信
2020/11/5 上午 11:43:11--> 較早訊息移入LOG檔(7)
2020/11/5 上午 11:44:58--> 開始 寄發 QPGMR 郵件暫存 (Morgan)
2020/11/5 上午 11:44:58--> 結束 寄發 QPGMR 郵件暫存 (Morgan)
2020/11/5 上午 11:44:58--> 開始 FCP案件命名通知信
2020/11/5 上午 11:44:58--> 結束 FCP案件命名通知信
2020/11/5 上午 11:49:20--> 較早訊息移入LOG檔(5)
2020/11/5 上午 11:49:59--> 開始 寄發 QPGMR 郵件暫存 (Morgan)
2020/11/5 上午 11:49:59--> 結束 寄發 QPGMR 郵件暫存 (Morgan)
2020/11/5 上午 11:49:59--> 開始 FCP案件命名通知信
2020/11/5 上午 11:49:59--> 結束 FCP案件命名通知信
2020/11/5 上午 11:54:59--> 開始 寄發 QPGMR 郵件暫存 (Morgan)
2020/11/5 上午 11:54:59--> 結束 寄發 QPGMR 郵件暫存 (Morgan)
2020/11/5 上午 11:54:59--> 開始 FCP案件命名通知信
2020/11/5 上午 11:54:59--> 結束 FCP案件命名通知信
2020/11/5 上午 11:55:29--> 較早訊息移入LOG檔(9)
2020/11/5 上午 11:59:59--> 開始 寄發 QPGMR 郵件暫存 (Morgan)
2020/11/5 上午 11:59:59--> 結束 寄發 QPGMR 郵件暫存 (Morgan)
2020/11/5 上午 11:59:59--> 開始 FCP案件命名通知信
2020/11/5 上午 11:59:59--> 結束 FCP案件命名通知信
2020/11/5 下午 12:01:38--> 較早訊息移入LOG檔(5)
2020/11/5 下午 12:04:59--> 開始 寄發 QPGMR 郵件暫存 (Morgan)
2020/11/5 下午 12:04:59--> 結束 寄發 QPGMR 郵件暫存 (Morgan)
2020/11/5 下午 12:04:59--> 開始 FCP案件命名通知信
2020/11/5 下午 12:04:59--> 結束 FCP案件命名通知信
2020/11/5 下午 12:07:46--> 較早訊息移入LOG檔(5)
2020/11/5 下午 12:09:59--> 開始 寄發 QPGMR 郵件暫存 (Morgan)
2020/11/5 下午 12:09:59--> 結束 寄發 QPGMR 郵件暫存 (Morgan)
2020/11/5 下午 12:09:59--> 開始 FCP案件命名通知信
2020/11/5 下午 12:09:59--> 結束 FCP案件命名通知信
2020/11/5 下午 12:13:55--> 較早訊息移入LOG檔(5)
2020/11/5 下午 12:14:59--> 開始 寄發 QPGMR 郵件暫存 (Morgan)
2020/11/5 下午 12:14:59--> 結束 寄發 QPGMR 郵件暫存 (Morgan)
2020/11/5 下午 12:14:59--> 開始 FCP案件命名通知信
2020/11/5 下午 12:14:59--> 結束 FCP案件命名通知信
2020/11/5 下午 12:19:59--> 開始 寄發 QPGMR 郵件暫存 (Morgan)
2020/11/5 下午 12:19:59--> 結束 寄發 QPGMR 郵件暫存 (Morgan)
2020/11/5 下午 12:19:59--> 開始 FCP案件命名通知信
2020/11/5 下午 12:19:59--> 結束 FCP案件命名通知信
2020/11/5 下午 12:20:04--> 較早訊息移入LOG檔(9)
2020/11/5 下午 12:25:00--> 開始 寄發 QPGMR 郵件暫存 (Morgan)
2020/11/5 下午 12:25:00--> 結束 寄發 QPGMR 郵件暫存 (Morgan)
2020/11/5 下午 12:25:00--> 開始 FCP案件命名通知信
2020/11/5 下午 12:25:00--> 結束 FCP案件命名通知信
2020/11/5 下午 12:26:13--> 較早訊息移入LOG檔(5)
2020/11/5 下午 12:30:00--> 開始 寄發 QPGMR 郵件暫存 (Morgan)
2020/11/5 下午 12:30:00--> 結束 寄發 QPGMR 郵件暫存 (Morgan)
2020/11/5 下午 12:30:00--> 開始 FCP案件命名通知信
2020/11/5 下午 12:30:00--> 結束 FCP案件命名通知信
2020/11/5 下午 12:32:22--> 較早訊息移入LOG檔(5)
2020/11/5 下午 12:35:00--> 開始 寄發 QPGMR 郵件暫存 (Morgan)
2020/11/5 下午 12:35:00--> 結束 寄發 QPGMR 郵件暫存 (Morgan)
2020/11/5 下午 12:35:00--> 開始 FCP案件命名通知信
2020/11/5 下午 12:35:00--> 結束 FCP案件命名通知信
2020/11/5 下午 12:38:30--> 較早訊息移入LOG檔(5)
2020/11/5 下午 12:40:00--> 開始 寄發 QPGMR 郵件暫存 (Morgan)
2020/11/5 下午 12:40:00--> 結束 寄發 QPGMR 郵件暫存 (Morgan)
2020/11/5 下午 12:40:00--> 開始 FCP案件命名通知信
2020/11/5 下午 12:40:00--> 結束 FCP案件命名通知信
2020/11/5 下午 12:44:39--> 較早訊息移入LOG檔(5)
2020/11/5 下午 12:45:00--> 開始 寄發 QPGMR 郵件暫存 (Morgan)
2020/11/5 下午 12:45:00--> 結束 寄發 QPGMR 郵件暫存 (Morgan)
2020/11/5 下午 12:45:00--> 開始 FCP案件命名通知信
2020/11/5 下午 12:45:00--> 結束 FCP案件命名通知信
2020/11/5 下午 12:50:00--> 開始 寄發 QPGMR 郵件暫存 (Morgan)
2020/11/5 下午 12:50:00--> 結束 寄發 QPGMR 郵件暫存 (Morgan)
2020/11/5 下午 12:50:00--> 開始 FCP案件命名通知信
2020/11/5 下午 12:50:00--> 結束 FCP案件命名通知信
2020/11/5 下午 12:50:48--> 較早訊息移入LOG檔(9)
2020/11/5 下午 12:55:00--> 開始 寄發 QPGMR 郵件暫存 (Morgan)
2020/11/5 下午 12:55:01--> 結束 寄發 QPGMR 郵件暫存 (Morgan)
2020/11/5 下午 12:55:01--> 開始 FCP案件命名通知信
2020/11/5 下午 12:55:01--> 結束 FCP案件命名通知信
2020/11/5 下午 12:56:57--> 較早訊息移入LOG檔(5)
2020/11/5 下午 01:00:01--> 開始 寄發 QPGMR 郵件暫存 (Morgan)
2020/11/5 下午 01:00:01--> 結束 寄發 QPGMR 郵件暫存 (Morgan)
2020/11/5 下午 01:00:01--> 開始 FCP案件命名通知信
2020/11/5 下午 01:00:01--> 結束 FCP案件命名通知信
2020/11/5 下午 01:03:06--> 較早訊息移入LOG檔(5)
2020/11/5 下午 01:05:01--> 開始 寄發 QPGMR 郵件暫存 (Morgan)
2020/11/5 下午 01:05:01--> 結束 寄發 QPGMR 郵件暫存 (Morgan)
2020/11/5 下午 01:05:01--> 開始 FCP案件命名通知信
2020/11/5 下午 01:05:01--> 結束 FCP案件命名通知信
2020/11/5 下午 01:09:15--> 較早訊息移入LOG檔(5)
2020/11/5 下午 01:10:01--> 開始 寄發 QPGMR 郵件暫存 (Morgan)
2020/11/5 下午 01:10:01--> 結束 寄發 QPGMR 郵件暫存 (Morgan)
2020/11/5 下午 01:10:01--> 開始 FCP案件命名通知信
2020/11/5 下午 01:10:01--> 結束 FCP案件命名通知信
2020/11/5 下午 01:15:01--> 開始 寄發 QPGMR 郵件暫存 (Morgan)
2020/11/5 下午 01:15:01--> 結束 寄發 QPGMR 郵件暫存 (Morgan)
2020/11/5 下午 01:15:01--> 開始 FCP案件命名通知信
2020/11/5 下午 01:15:01--> 結束 FCP案件命名通知信
2020/11/5 下午 01:15:24--> 較早訊息移入LOG檔(9)
2020/11/5 下午 01:20:01--> 開始 寄發 QPGMR 郵件暫存 (Morgan)
2020/11/5 下午 01:20:01--> 結束 寄發 QPGMR 郵件暫存 (Morgan)
2020/11/5 下午 01:20:01--> 開始 FCP案件命名通知信
2020/11/5 下午 01:20:01--> 結束 FCP案件命名通知信
2020/11/5 下午 01:21:32--> 較早訊息移入LOG檔(5)
2020/11/5 下午 01:25:01--> 開始 寄發 QPGMR 郵件暫存 (Morgan)
2020/11/5 下午 01:25:01--> 結束 寄發 QPGMR 郵件暫存 (Morgan)
2020/11/5 下午 01:25:01--> 開始 FCP案件命名通知信
2020/11/5 下午 01:25:01--> 結束 FCP案件命名通知信
2020/11/5 下午 01:27:41--> 較早訊息移入LOG檔(5)
2020/11/5 下午 01:30:02--> 開始 寄發 QPGMR 郵件暫存 (Morgan)
2020/11/5 下午 01:30:02--> 結束 寄發 QPGMR 郵件暫存 (Morgan)
2020/11/5 下午 01:30:02--> 開始 FCP案件命名通知信
2020/11/5 下午 01:37:31--> 到期前通知：FCP-064135新案命名 收件者: 89020;A7028
2020/11/5 下午 01:37:31--> 結束 FCP案件命名通知信
2020/11/5 下午 01:37:32--> 程式結束
2020/11/6 上午 11:17:43--> 程式已載入
2020/11/6 上午 11:17:47--> 開始
2020/11/6 上午 11:17:48*** 客戶函 T230599.1101.CUS.PDF 轉檔開始 ***
2020/11/6 上午 11:17:53--> 已轉入卷宗區 T230599.1101.CUS.PDF
2020/11/6 上午 11:22:47--> 開始 寄發 QPGMR 郵件暫存 (Morgan)
2020/11/6 上午 11:22:48--> 結束 寄發 QPGMR 郵件暫存 (Morgan)
2020/11/6 上午 11:22:48--> 開始 FCP案件命名通知信
2020/11/6 上午 11:22:48--> 結束 FCP案件命名通知信
2020/11/6 上午 11:23:50--> 較早訊息移入LOG檔(8)
2020/11/6 上午 11:27:48--> 開始 寄發 QPGMR 郵件暫存 (Morgan)
2020/11/6 上午 11:27:48--> 結束 寄發 QPGMR 郵件暫存 (Morgan)
2020/11/6 上午 11:27:48--> 開始 FCP案件命名通知信
2020/11/6 上午 11:27:48--> 結束 FCP案件命名通知信
2020/11/6 上午 11:29:59--> 較早訊息移入LOG檔(5)
2020/11/6 上午 11:32:48--> 開始 寄發 QPGMR 郵件暫存 (Morgan)
2020/11/6 上午 11:32:48--> 結束 寄發 QPGMR 郵件暫存 (Morgan)
2020/11/6 上午 11:32:48--> 開始 FCP案件命名通知信
2020/11/6 上午 11:32:48--> 結束 FCP案件命名通知信
2020/11/6 上午 11:34:00*** 客戶函 T229314.1101.CUS.PDF 轉檔開始 ***
2020/11/6 上午 11:34:04--> 已轉入卷宗區 T229314.1101.CUS.PDF
2020/11/6 上午 11:34:29--> 程式結束
2020/11/6 上午 11:34:31--> 程式已載入
2020/11/6 上午 11:34:36--> 開始
2020/11/6 上午 11:38:33*** 客戶函 T229314.1101.CUS.PDF 轉檔開始 ***
2020/11/6 上午 11:38:36--> 已轉入卷宗區 T229314.1101.CUS.PDF
2020/11/6 上午 11:39:37--> 開始 寄發 QPGMR 郵件暫存 (Morgan)
2020/11/6 上午 11:39:37--> 結束 寄發 QPGMR 郵件暫存 (Morgan)
2020/11/6 上午 11:39:37--> 開始 FCP案件命名通知信
2020/11/6 上午 11:39:37--> 結束 FCP案件命名通知信
2020/11/6 上午 11:40:43--> 較早訊息移入LOG檔(8)
2020/11/6 上午 11:44:37--> 開始 寄發 QPGMR 郵件暫存 (Morgan)
2020/11/6 上午 11:44:37--> 結束 寄發 QPGMR 郵件暫存 (Morgan)
2020/11/6 上午 11:44:37--> 開始 FCP案件命名通知信
2020/11/6 上午 11:44:37--> 結束 FCP案件命名通知信
2020/11/6 上午 11:46:52--> 較早訊息移入LOG檔(5)
2020/11/6 上午 11:49:37--> 開始 寄發 QPGMR 郵件暫存 (Morgan)
2020/11/6 上午 11:49:37--> 結束 寄發 QPGMR 郵件暫存 (Morgan)
2020/11/6 上午 11:49:37--> 開始 FCP案件命名通知信
2020/11/6 上午 11:49:37--> 結束 FCP案件命名通知信
2020/11/6 上午 11:53:01--> 較早訊息移入LOG檔(5)
2020/11/6 上午 11:54:37--> 開始 寄發 QPGMR 郵件暫存 (Morgan)
2020/11/6 上午 11:54:37--> 結束 寄發 QPGMR 郵件暫存 (Morgan)
2020/11/6 上午 11:54:37--> 開始 FCP案件命名通知信
2020/11/6 上午 11:54:38--> 結束 FCP案件命名通知信
2020/11/6 上午 11:55:46--> 程式結束
