2020/11/30 下午 01:47:55--> 程式已載入
2020/11/30 下午 01:47:58--> 開始
2020/11/30 下午 01:47:59*** 客戶函 T228648.717.CUS.PDF 轉檔開始 ***
2020/11/30 下午 01:48:05--> 已轉入卷宗區 T228648.717.CUS.PDF
2020/11/30 下午 01:48:06*** 客戶函 T228649.717.CUS.PDF 轉檔開始 ***
2020/11/30 下午 01:48:09--> 已轉入卷宗區 T228649.717.CUS.PDF
2020/11/30 下午 01:48:10*** 客戶函 T228650.717.CUS.PDF 轉檔開始 ***
2020/11/30 下午 01:48:14--> 已轉入卷宗區 T228650.717.CUS.PDF
2020/11/30 下午 01:52:29--> 檔案已存在 T228650.717.CUS.PDF(AA9047090)
2020/11/30 下午 02:10:39--> 程式結束
2020/12/2 下午 04:35:12--> 程式已載入
2020/12/2 下午 04:35:16--> 開始
2020/12/2 下午 04:35:17*** 客戶函 T226704.102.CUS.PDF 轉檔開始 ***
2020/12/2 下午 04:35:21--> 已轉入卷宗區 T226704.102.CUS.PDF
2020/12/2 下午 04:40:16--> 開始 寄發 QPGMR 郵件暫存 (Morgan)
2020/12/2 下午 04:40:17--> 結束 寄發 QPGMR 郵件暫存 (Morgan)
2020/12/2 下午 04:40:17--> 開始 FCP案件命名通知信
2020/12/2 下午 04:40:17--> 結束 FCP案件命名通知信
2020/12/2 下午 04:41:19--> 較早訊息移入LOG檔(8)
2020/12/2 下午 04:45:17--> 開始 寄發 QPGMR 郵件暫存 (Morgan)
2020/12/2 下午 04:45:17--> 結束 寄發 QPGMR 郵件暫存 (Morgan)
2020/12/2 下午 04:45:17--> 開始 FCP案件命名通知信
2020/12/2 下午 04:45:17--> 結束 FCP案件命名通知信
2020/12/2 下午 04:47:28--> 較早訊息移入LOG檔(5)
2020/12/2 下午 04:50:17--> 開始 寄發 QPGMR 郵件暫存 (Morgan)
2020/12/2 下午 04:50:17--> 結束 寄發 QPGMR 郵件暫存 (Morgan)
2020/12/2 下午 04:50:17--> 開始 FCP案件命名通知信
2020/12/2 下午 04:50:17--> 結束 FCP案件命名通知信
2020/12/2 下午 04:53:37--> 較早訊息移入LOG檔(5)
2020/12/2 下午 04:55:17--> 開始 寄發 QPGMR 郵件暫存 (Morgan)
2020/12/2 下午 04:55:17--> 結束 寄發 QPGMR 郵件暫存 (Morgan)
2020/12/2 下午 04:55:17--> 開始 FCP案件命名通知信
2020/12/2 下午 04:55:17--> 結束 FCP案件命名通知信
2020/12/3 上午 10:11:49--> 程式已載入
2020/12/3 上午 10:11:54--> 開始
2020/12/3 上午 10:11:55*** 客戶函 T231019.101.CUS.PDF 轉檔開始 ***
2020/12/3 上午 10:11:59--> 已轉入卷宗區 T231019.101.CUS.PDF
2020/12/3 上午 10:12:00*** 客戶函 P118555.1913.CUS.PDF 轉檔開始 ***
2020/12/3 上午 10:12:06--> 已轉入卷宗區 P118555.1913.CUS.PDF
2020/12/3 上午 10:16:54--> 開始 寄發 QPGMR 郵件暫存 (Morgan)
2020/12/3 上午 10:16:54--> 結束 寄發 QPGMR 郵件暫存 (Morgan)
2020/12/3 上午 10:16:54--> 開始 FCP案件命名通知信
2020/12/3 上午 10:16:54--> 結束 FCP案件命名通知信
2020/12/3 上午 10:17:40*** 客戶函 T231019.1909.CUS.PDF 轉檔開始 ***
2020/12/3 上午 10:17:43--> 已轉入卷宗區 T231019.1909.CUS.PDF
2020/12/3 上午 10:18:01--> 較早訊息移入LOG檔(12)
2020/12/3 上午 10:21:54--> 開始 寄發 QPGMR 郵件暫存 (Morgan)
2020/12/3 上午 10:21:54--> 結束 寄發 QPGMR 郵件暫存 (Morgan)
2020/12/3 上午 10:21:54--> 開始 FCP案件命名通知信
2020/12/3 上午 10:21:54--> 結束 FCP案件命名通知信
2020/12/3 上午 10:24:10--> 較早訊息移入LOG檔(5)
2020/12/3 上午 10:26:54--> 開始 寄發 QPGMR 郵件暫存 (Morgan)
2020/12/3 上午 10:26:54--> 結束 寄發 QPGMR 郵件暫存 (Morgan)
2020/12/3 上午 10:26:54--> 開始 FCP案件命名通知信
2020/12/3 上午 10:26:54--> 結束 FCP案件命名通知信
2020/12/3 上午 10:30:01*** 客戶函 P115814.1913.CUS.PDF 轉檔開始 ***
2020/12/3 上午 10:30:07--> 已轉入卷宗區 P115814.1913.CUS.PDF
2020/12/3 上午 10:30:25--> 較早訊息移入LOG檔(7)
2020/12/3 上午 10:31:55--> 開始 寄發 QPGMR 郵件暫存 (Morgan)
2020/12/3 上午 10:31:55--> 結束 寄發 QPGMR 郵件暫存 (Morgan)
2020/12/3 上午 10:31:55--> 開始 FCP案件命名通知信
2020/12/3 上午 10:31:55--> 結束 FCP案件命名通知信
2020/12/3 上午 10:33:45*** 客戶函 P110976.1913.CUS.PDF 轉檔開始 ***
2020/12/3 上午 10:33:51--> 已轉入卷宗區 P110976.1913.CUS.PDF
2020/12/3 上午 10:36:40--> 較早訊息移入LOG檔(7)
2020/12/3 上午 10:36:55--> 開始 寄發 QPGMR 郵件暫存 (Morgan)
2020/12/3 上午 10:36:55--> 結束 寄發 QPGMR 郵件暫存 (Morgan)
2020/12/3 上午 10:36:55--> 開始 FCP案件命名通知信
2020/12/3 上午 10:36:56--> 結束 FCP案件命名通知信
2020/12/3 上午 10:41:56--> 開始 寄發 QPGMR 郵件暫存 (Morgan)
2020/12/3 上午 10:41:56--> 結束 寄發 QPGMR 郵件暫存 (Morgan)
2020/12/3 上午 10:41:56--> 開始 FCP案件命名通知信
2020/12/3 上午 10:41:56--> 結束 FCP案件命名通知信
2020/12/3 上午 10:42:49--> 較早訊息移入LOG檔(9)
2020/12/3 上午 10:46:56--> 開始 寄發 QPGMR 郵件暫存 (Morgan)
2020/12/3 上午 10:46:56--> 結束 寄發 QPGMR 郵件暫存 (Morgan)
2020/12/3 上午 10:46:56--> 開始 FCP案件命名通知信
2020/12/3 上午 10:46:56--> 結束 FCP案件命名通知信
2020/12/3 上午 10:48:58--> 較早訊息移入LOG檔(5)
2020/12/3 上午 10:51:56--> 開始 寄發 QPGMR 郵件暫存 (Morgan)
2020/12/3 上午 10:51:56--> 結束 寄發 QPGMR 郵件暫存 (Morgan)
2020/12/3 上午 10:51:56--> 開始 FCP案件命名通知信
2020/12/3 上午 10:51:56--> 結束 FCP案件命名通知信
2020/12/3 上午 10:55:07--> 較早訊息移入LOG檔(5)
2020/12/3 上午 10:56:56--> 開始 寄發 QPGMR 郵件暫存 (Morgan)
2020/12/3 上午 10:56:56--> 結束 寄發 QPGMR 郵件暫存 (Morgan)
2020/12/3 上午 10:56:56--> 開始 FCP案件命名通知信
2020/12/3 上午 10:56:56--> 結束 FCP案件命名通知信
2020/12/3 上午 11:01:15--> 較早訊息移入LOG檔(5)
2020/12/3 上午 11:01:56--> 開始 寄發 QPGMR 郵件暫存 (Morgan)
2020/12/3 上午 11:01:56--> 結束 寄發 QPGMR 郵件暫存 (Morgan)
2020/12/3 上午 11:01:56--> 開始 FCP案件命名通知信
2020/12/3 上午 11:01:56--> 結束 FCP案件命名通知信
2020/12/3 上午 11:06:56--> 開始 寄發 QPGMR 郵件暫存 (Morgan)
2020/12/3 上午 11:06:56--> 結束 寄發 QPGMR 郵件暫存 (Morgan)
2020/12/3 上午 11:06:56--> 開始 FCP案件命名通知信
2020/12/3 上午 11:06:56--> 結束 FCP案件命名通知信
2020/12/3 上午 11:07:24--> 較早訊息移入LOG檔(9)
2020/12/3 上午 11:11:56--> 開始 寄發 QPGMR 郵件暫存 (Morgan)
2020/12/3 上午 11:11:56--> 結束 寄發 QPGMR 郵件暫存 (Morgan)
2020/12/3 上午 11:11:56--> 開始 FCP案件命名通知信
2020/12/3 上午 11:11:56--> 結束 FCP案件命名通知信
2020/12/3 上午 11:13:33--> 較早訊息移入LOG檔(5)
2020/12/3 上午 11:16:57--> 開始 寄發 QPGMR 郵件暫存 (Morgan)
2020/12/3 上午 11:16:57--> 結束 寄發 QPGMR 郵件暫存 (Morgan)
2020/12/3 上午 11:16:57--> 開始 FCP案件命名通知信
2020/12/3 上午 11:16:57--> 結束 FCP案件命名通知信
2020/12/3 上午 11:19:42--> 較早訊息移入LOG檔(5)
2020/12/3 上午 11:21:57--> 開始 寄發 QPGMR 郵件暫存 (Morgan)
2020/12/3 上午 11:21:57--> 結束 寄發 QPGMR 郵件暫存 (Morgan)
2020/12/3 上午 11:21:57--> 開始 FCP案件命名通知信
2020/12/3 上午 11:21:57--> 結束 FCP案件命名通知信
2020/12/3 上午 11:25:51--> 較早訊息移入LOG檔(5)
2020/12/3 上午 11:26:57--> 開始 寄發 QPGMR 郵件暫存 (Morgan)
2020/12/3 上午 11:26:57--> 結束 寄發 QPGMR 郵件暫存 (Morgan)
2020/12/3 上午 11:26:57--> 開始 FCP案件命名通知信
2020/12/3 上午 11:26:57--> 結束 FCP案件命名通知信
2020/12/3 上午 11:31:57--> 開始 寄發 QPGMR 郵件暫存 (Morgan)
2020/12/3 上午 11:31:57--> 結束 寄發 QPGMR 郵件暫存 (Morgan)
2020/12/3 上午 11:31:57--> 開始 FCP案件命名通知信
2020/12/3 上午 11:31:57--> 結束 FCP案件命名通知信
2020/12/3 上午 11:31:59--> 較早訊息移入LOG檔(9)
2020/12/3 上午 11:36:57--> 開始 寄發 QPGMR 郵件暫存 (Morgan)
2020/12/3 上午 11:36:57--> 結束 寄發 QPGMR 郵件暫存 (Morgan)
2020/12/3 上午 11:36:57--> 開始 FCP案件命名通知信
2020/12/3 上午 11:36:57--> 結束 FCP案件命名通知信
2020/12/3 上午 11:38:09--> 較早訊息移入LOG檔(5)
2020/12/3 上午 11:41:58--> 開始 寄發 QPGMR 郵件暫存 (Morgan)
2020/12/3 上午 11:41:58--> 結束 寄發 QPGMR 郵件暫存 (Morgan)
2020/12/3 上午 11:41:58--> 開始 FCP案件命名通知信
2020/12/3 上午 11:41:58--> 結束 FCP案件命名通知信
2020/12/3 上午 11:44:17--> 較早訊息移入LOG檔(5)
2020/12/3 上午 11:46:58--> 開始 寄發 QPGMR 郵件暫存 (Morgan)
2020/12/3 上午 11:46:58--> 結束 寄發 QPGMR 郵件暫存 (Morgan)
2020/12/3 上午 11:46:58--> 開始 FCP案件命名通知信
2020/12/3 上午 11:46:58--> 結束 FCP案件命名通知信
2020/12/3 上午 11:50:26--> 較早訊息移入LOG檔(5)
2020/12/3 上午 11:51:58--> 開始 寄發 QPGMR 郵件暫存 (Morgan)
2020/12/3 上午 11:51:58--> 結束 寄發 QPGMR 郵件暫存 (Morgan)
2020/12/3 上午 11:51:58--> 開始 FCP案件命名通知信
2020/12/3 上午 11:51:58--> 結束 FCP案件命名通知信
2020/12/3 上午 11:56:36--> 較早訊息移入LOG檔(5)
2020/12/3 上午 11:56:58--> 開始 寄發 QPGMR 郵件暫存 (Morgan)
2020/12/3 上午 11:56:58--> 結束 寄發 QPGMR 郵件暫存 (Morgan)
2020/12/3 上午 11:56:58--> 開始 FCP案件命名通知信
2020/12/3 上午 11:56:58--> 結束 FCP案件命名通知信
2020/12/3 下午 12:01:59--> 開始 寄發 QPGMR 郵件暫存 (Morgan)
2020/12/3 下午 12:01:59--> 結束 寄發 QPGMR 郵件暫存 (Morgan)
2020/12/3 下午 12:01:59--> 開始 FCP案件命名通知信
2020/12/3 下午 12:01:59--> 結束 FCP案件命名通知信
2020/12/3 下午 12:02:44--> 較早訊息移入LOG檔(9)
2020/12/3 下午 12:06:59--> 開始 寄發 QPGMR 郵件暫存 (Morgan)
2020/12/3 下午 12:06:59--> 結束 寄發 QPGMR 郵件暫存 (Morgan)
2020/12/3 下午 12:06:59--> 開始 FCP案件命名通知信
2020/12/3 下午 12:06:59--> 結束 FCP案件命名通知信
2020/12/3 下午 12:08:53--> 較早訊息移入LOG檔(5)
2020/12/3 下午 12:11:59--> 開始 寄發 QPGMR 郵件暫存 (Morgan)
2020/12/3 下午 12:11:59--> 結束 寄發 QPGMR 郵件暫存 (Morgan)
2020/12/3 下午 12:11:59--> 開始 FCP案件命名通知信
2020/12/3 下午 12:11:59--> 結束 FCP案件命名通知信
2020/12/3 下午 12:15:03--> 較早訊息移入LOG檔(5)
2020/12/3 下午 12:17:00--> 開始 寄發 QPGMR 郵件暫存 (Morgan)
2020/12/3 下午 12:17:00--> 結束 寄發 QPGMR 郵件暫存 (Morgan)
2020/12/3 下午 12:17:00--> 開始 FCP案件命名通知信
2020/12/3 下午 12:17:00--> 結束 FCP案件命名通知信
2020/12/3 下午 12:21:12--> 較早訊息移入LOG檔(5)
2020/12/3 下午 12:22:00--> 開始 寄發 QPGMR 郵件暫存 (Morgan)
2020/12/3 下午 12:22:00--> 結束 寄發 QPGMR 郵件暫存 (Morgan)
2020/12/3 下午 12:22:00--> 開始 FCP案件命名通知信
2020/12/3 下午 12:22:00--> 結束 FCP案件命名通知信
2020/12/3 下午 12:27:00--> 開始 寄發 QPGMR 郵件暫存 (Morgan)
2020/12/3 下午 12:27:00--> 結束 寄發 QPGMR 郵件暫存 (Morgan)
2020/12/3 下午 12:27:00--> 開始 FCP案件命名通知信
2020/12/3 下午 12:27:00--> 結束 FCP案件命名通知信
2020/12/3 下午 12:27:20--> 較早訊息移入LOG檔(9)
2020/12/3 下午 12:32:00--> 開始 寄發 QPGMR 郵件暫存 (Morgan)
2020/12/3 下午 12:32:00--> 結束 寄發 QPGMR 郵件暫存 (Morgan)
2020/12/3 下午 12:32:00--> 開始 FCP案件命名通知信
2020/12/3 下午 12:32:00--> 結束 FCP案件命名通知信
2020/12/3 下午 12:33:29--> 較早訊息移入LOG檔(5)
2020/12/3 下午 12:37:00--> 開始 寄發 QPGMR 郵件暫存 (Morgan)
2020/12/3 下午 12:37:00--> 結束 寄發 QPGMR 郵件暫存 (Morgan)
2020/12/3 下午 12:37:00--> 開始 FCP案件命名通知信
2020/12/3 下午 12:37:00--> 結束 FCP案件命名通知信
2020/12/3 下午 12:39:37--> 較早訊息移入LOG檔(5)
2020/12/3 下午 12:42:00--> 開始 寄發 QPGMR 郵件暫存 (Morgan)
2020/12/3 下午 12:42:00--> 結束 寄發 QPGMR 郵件暫存 (Morgan)
2020/12/3 下午 12:42:00--> 開始 FCP案件命名通知信
2020/12/3 下午 12:42:00--> 結束 FCP案件命名通知信
2020/12/3 下午 12:45:46--> 較早訊息移入LOG檔(5)
2020/12/3 下午 12:47:00--> 開始 寄發 QPGMR 郵件暫存 (Morgan)
2020/12/3 下午 12:47:00--> 結束 寄發 QPGMR 郵件暫存 (Morgan)
2020/12/3 下午 12:47:00--> 開始 FCP案件命名通知信
2020/12/3 下午 12:47:01--> 結束 FCP案件命名通知信
2020/12/3 下午 12:51:55--> 較早訊息移入LOG檔(5)
2020/12/3 下午 12:52:01--> 開始 寄發 QPGMR 郵件暫存 (Morgan)
2020/12/3 下午 12:52:01--> 結束 寄發 QPGMR 郵件暫存 (Morgan)
2020/12/3 下午 12:52:01--> 開始 FCP案件命名通知信
2020/12/3 下午 12:52:01--> 結束 FCP案件命名通知信
2020/12/3 下午 12:57:01--> 開始 寄發 QPGMR 郵件暫存 (Morgan)
2020/12/3 下午 12:57:01--> 結束 寄發 QPGMR 郵件暫存 (Morgan)
2020/12/3 下午 12:57:01--> 開始 FCP案件命名通知信
2020/12/3 下午 12:57:01--> 結束 FCP案件命名通知信
2020/12/3 下午 12:58:04--> 較早訊息移入LOG檔(9)
2020/12/3 下午 01:02:01--> 開始 寄發 QPGMR 郵件暫存 (Morgan)
2020/12/3 下午 01:02:01--> 結束 寄發 QPGMR 郵件暫存 (Morgan)
2020/12/3 下午 01:02:01--> 開始 FCP案件命名通知信
2020/12/3 下午 01:02:01--> 結束 FCP案件命名通知信
2020/12/3 下午 01:04:13--> 較早訊息移入LOG檔(5)
2020/12/3 下午 01:07:01--> 開始 寄發 QPGMR 郵件暫存 (Morgan)
2020/12/3 下午 01:07:01--> 結束 寄發 QPGMR 郵件暫存 (Morgan)
2020/12/3 下午 01:07:01--> 開始 FCP案件命名通知信
2020/12/3 下午 01:07:01--> 結束 FCP案件命名通知信
2020/12/3 下午 01:10:22--> 較早訊息移入LOG檔(5)
2020/12/3 下午 01:12:01--> 開始 寄發 QPGMR 郵件暫存 (Morgan)
2020/12/3 下午 01:12:01--> 結束 寄發 QPGMR 郵件暫存 (Morgan)
2020/12/3 下午 01:12:01--> 開始 FCP案件命名通知信
2020/12/3 下午 01:12:01--> 結束 FCP案件命名通知信
2020/12/3 下午 01:16:30--> 較早訊息移入LOG檔(5)
2020/12/3 下午 01:17:01--> 開始 寄發 QPGMR 郵件暫存 (Morgan)
2020/12/3 下午 01:17:01--> 結束 寄發 QPGMR 郵件暫存 (Morgan)
2020/12/3 下午 01:17:01--> 開始 FCP案件命名通知信
2020/12/3 下午 01:17:01--> 結束 FCP案件命名通知信
2020/12/3 下午 01:22:02--> 開始 寄發 QPGMR 郵件暫存 (Morgan)
2020/12/3 下午 01:22:02--> 結束 寄發 QPGMR 郵件暫存 (Morgan)
2020/12/3 下午 01:22:02--> 開始 FCP案件命名通知信
2020/12/3 下午 01:22:02--> 結束 FCP案件命名通知信
2020/12/3 下午 01:22:39--> 較早訊息移入LOG檔(9)
2020/12/3 下午 01:27:02--> 開始 寄發 QPGMR 郵件暫存 (Morgan)
2020/12/3 下午 01:27:02--> 結束 寄發 QPGMR 郵件暫存 (Morgan)
2020/12/3 下午 01:27:02--> 開始 FCP案件命名通知信
2020/12/3 下午 01:27:02--> 結束 FCP案件命名通知信
2020/12/3 下午 01:28:48--> 較早訊息移入LOG檔(5)
2020/12/3 下午 01:32:02--> 開始 寄發 QPGMR 郵件暫存 (Morgan)
2020/12/3 下午 01:32:02--> 結束 寄發 QPGMR 郵件暫存 (Morgan)
2020/12/3 下午 01:32:02--> 開始 FCP案件命名通知信
2020/12/3 下午 01:32:02--> 結束 FCP案件命名通知信
2020/12/3 下午 01:34:56--> 較早訊息移入LOG檔(5)
2020/12/3 下午 01:37:02--> 開始 寄發 QPGMR 郵件暫存 (Morgan)
2020/12/3 下午 01:37:02--> 結束 寄發 QPGMR 郵件暫存 (Morgan)
2020/12/3 下午 01:37:02--> 開始 FCP案件命名通知信
2020/12/3 下午 01:37:02--> 結束 FCP案件命名通知信
2020/12/3 下午 01:41:05--> 較早訊息移入LOG檔(5)
2020/12/3 下午 01:42:02--> 開始 寄發 QPGMR 郵件暫存 (Morgan)
2020/12/3 下午 01:42:02--> 結束 寄發 QPGMR 郵件暫存 (Morgan)
2020/12/3 下午 01:42:02--> 開始 FCP案件命名通知信
2020/12/3 下午 01:42:02--> 結束 FCP案件命名通知信
2020/12/3 下午 01:47:02--> 開始 寄發 QPGMR 郵件暫存 (Morgan)
2020/12/3 下午 01:47:02--> 結束 寄發 QPGMR 郵件暫存 (Morgan)
2020/12/3 下午 01:47:02--> 開始 FCP案件命名通知信
2020/12/3 下午 01:47:02--> 結束 FCP案件命名通知信
2020/12/3 下午 01:47:13--> 較早訊息移入LOG檔(9)
2020/12/3 下午 01:47:43*** 客戶函 T230640.1101.CUS.PDF 轉檔開始 ***
2020/12/3 下午 01:47:47--> 已轉入卷宗區 T230640.1101.CUS.PDF
2020/12/3 下午 01:52:02--> 開始 寄發 QPGMR 郵件暫存 (Morgan)
2020/12/3 下午 01:52:02--> 結束 寄發 QPGMR 郵件暫存 (Morgan)
2020/12/3 下午 01:52:02--> 開始 FCP案件命名通知信
2020/12/3 下午 01:52:02--> 結束 FCP案件命名通知信
2020/12/3 下午 01:53:25--> 較早訊息移入LOG檔(7)
2020/12/3 下午 01:57:03--> 開始 寄發 QPGMR 郵件暫存 (Morgan)
2020/12/3 下午 01:57:03--> 結束 寄發 QPGMR 郵件暫存 (Morgan)
2020/12/3 下午 01:57:03--> 開始 FCP案件命名通知信
2020/12/3 下午 01:57:03--> 結束 FCP案件命名通知信
2020/12/3 下午 01:59:34--> 較早訊息移入LOG檔(5)
2020/12/3 下午 01:59:58*** 客戶函 T230584.1101.CUS.PDF 轉檔開始 ***
2020/12/3 下午 02:00:01--> 已轉入卷宗區 T230584.1101.CUS.PDF
2020/12/3 下午 02:02:03--> 開始 寄發 QPGMR 郵件暫存 (Morgan)
2020/12/3 下午 02:02:03--> 結束 寄發 QPGMR 郵件暫存 (Morgan)
2020/12/3 下午 02:02:03--> 開始 FCP案件命名通知信
2020/12/3 下午 02:02:03--> 結束 FCP案件命名通知信
2020/12/3 下午 02:05:46--> 較早訊息移入LOG檔(7)
2020/12/3 下午 02:06:23--> 程式結束
