2021/1/11 下午 02:49:10--> 程式已載入
2021/1/11 下午 02:49:13--> 開始
2021/1/11 下午 02:49:15--> 檔案已存在 T228488.308.CUS.PDF(AA9053429)
2021/1/11 下午 02:49:19--> 檔案已存在 T231344.308.CUS.PDF(AA9053430)
2021/1/11 下午 02:49:22*** 客戶函 P116275.1506.CUS.PDF 轉檔開始 ***
2021/1/11 下午 02:49:25--> 已轉入卷宗區 P116275.1506.CUS.PDF
2021/1/11 下午 02:49:26*** 客戶函 CFP031304.1902.BLANK.PDF 轉檔開始 ***
2021/1/11 下午 02:49:29--> 已轉入卷宗區 CFP031304.1902.BLANK.PDF
2021/1/11 下午 02:49:32--> 程式結束
2021/1/11 下午 02:56:10--> 程式已載入
2021/1/11 下午 02:56:14--> 開始
2021/1/11 下午 02:56:51--> 有 2 筆未轉完成定稿已釋放!!
2021/1/11 下午 02:56:52*** 客戶函 T228488.308.CUS.PDF 轉檔開始 ***
2021/1/11 下午 02:56:55--> 已轉入卷宗區 T228488.308.CUS.PDF
2021/1/11 下午 02:57:01*** 客戶函 T231344.308.CUS.PDF 轉檔開始 ***
2021/1/11 下午 02:57:05--> 已轉入卷宗區 T231344.308.CUS.PDF
2021/1/11 下午 03:01:14--> 開始 寄發 QPGMR 郵件暫存 (Morgan)
2021/1/11 下午 03:01:14--> 結束 寄發 QPGMR 郵件暫存 (Morgan)
2021/1/11 下午 03:01:14--> 開始 FCP案件命名通知信
2021/1/11 下午 03:01:14--> 結束 FCP案件命名通知信
2021/1/11 下午 03:02:25--> 較早訊息移入LOG檔(11)
2021/1/11 下午 03:06:14--> 開始 寄發 QPGMR 郵件暫存 (Morgan)
2021/1/11 下午 03:06:14--> 結束 寄發 QPGMR 郵件暫存 (Morgan)
2021/1/11 下午 03:06:14--> 開始 FCP案件命名通知信
2021/1/11 下午 03:06:14--> 結束 FCP案件命名通知信
2021/1/11 下午 03:08:34--> 較早訊息移入LOG檔(5)
2021/1/11 下午 03:11:14--> 開始 寄發 QPGMR 郵件暫存 (Morgan)
2021/1/11 下午 03:11:14--> 結束 寄發 QPGMR 郵件暫存 (Morgan)
2021/1/11 下午 03:11:14--> 開始 FCP案件命名通知信
2021/1/11 下午 03:11:14--> 結束 FCP案件命名通知信
2021/1/11 下午 03:14:15--> 程式結束
