2024/11/21 上午 11:22:34--> 程式已載入
2024/11/21 上午 11:23:54--> 開始
2024/11/21 上午 11:24:10--> 程式結束
2024/11/21 上午 11:24:31--> 程式已載入
2024/11/21 上午 11:24:34--> 開始
2024/11/21 上午 11:24:40--> 開始 檢查待執行紀錄 (Morgan)
2024/11/21 上午 11:24:40--> 結束 檢查待執行紀錄 (Morgan)
2024/11/21 上午 11:24:40--> 開始 寄發 QPGMR 郵件暫存 (Morgan)
2024/11/21 上午 11:24:40--> 結束 寄發 QPGMR 郵件暫存 (Morgan)
2024/11/21 上午 11:24:40--> 開始 FCP案件命名通知信
2024/11/21 上午 11:24:49--> 已逾期通知(4)：FCP-072742新案命名 收件者: 87003;B3018;A4035 副本:86013
2024/11/21 上午 11:29:11--> 已逾期通知：FCP-072680新案命名 收件者: 87003;B3009
2024/11/21 上午 11:29:11--> 結束 FCP案件命名通知信
2024/11/21 上午 11:29:12--> 程式結束
2024/11/21 上午 11:33:29--> 程式已載入
2024/11/21 上午 11:33:37--> 開始
2024/11/21 上午 11:33:43--> 開始 檢查待執行紀錄 (Morgan)
2024/11/21 上午 11:33:44--> 結束 檢查待執行紀錄 (Morgan)
2024/11/21 上午 11:33:44--> 開始 寄發 QPGMR 郵件暫存 (Morgan)
2024/11/21 上午 11:33:44--> 結束 寄發 QPGMR 郵件暫存 (Morgan)
2024/11/21 上午 11:33:44--> 開始 FCP案件命名通知信
2024/11/21 上午 11:33:57--> 已逾期通知(5)：FCP-072742新案命名 收件者: 87003;B3018;A4035 副本:86013
2024/11/21 上午 11:34:08--> 已逾期通知(2)：FCP-072680新案命名 收件者: 87003;B3009;A4029 副本:85033
2024/11/21 上午 11:34:08--> 結束 FCP案件命名通知信
2024/11/21 上午 11:34:09--> 程式結束
2024/11/21 上午 11:37:18--> 程式已載入
2024/11/21 上午 11:37:37--> 開始
2024/11/21 上午 11:37:43--> 開始 檢查待執行紀錄 (Morgan)
2024/11/21 上午 11:37:43--> 結束 檢查待執行紀錄 (Morgan)
2024/11/21 上午 11:37:43--> 開始 寄發 QPGMR 郵件暫存 (Morgan)
2024/11/21 上午 11:37:43--> 結束 寄發 QPGMR 郵件暫存 (Morgan)
2024/11/21 上午 11:37:43--> 開始 FCP案件命名通知信
2024/11/21 上午 11:37:56*** 客戶函 P134577.422.CUS.PDF 轉檔開始 ***
2024/11/21 上午 11:38:02--> 已轉入卷宗區 P134577.422.CUS.PDF
2024/11/21 上午 11:38:09--> 到期前通知：FCP-072680新案命名 收件者: 87003;B3009
2024/11/21 上午 11:38:09--> 結束 FCP案件命名通知信
2024/11/21 上午 11:38:10--> 程式結束
2024/11/21 上午 11:38:40--> 程式已載入
2024/11/21 上午 11:38:45--> 開始
2024/11/21 上午 11:38:51--> 開始 檢查待執行紀錄 (Morgan)
2024/11/21 上午 11:38:52--> 結束 檢查待執行紀錄 (Morgan)
2024/11/21 上午 11:38:52--> 開始 寄發 QPGMR 郵件暫存 (Morgan)
2024/11/21 上午 11:38:52--> 結束 寄發 QPGMR 郵件暫存 (Morgan)
2024/11/21 上午 11:38:52--> 開始 FCP案件命名通知信
2024/11/21 上午 11:39:01--> 已逾期通知：FCP-072680新案命名 收件者: 87003;B3009
2024/11/21 上午 11:39:01--> 結束 FCP案件命名通知信
2024/11/21 上午 11:39:04--> 程式結束
