2025/4/17 下午 12:03:45--> 程式已載入
2025/4/17 下午 12:03:59--> 開始
2025/4/17 下午 12:04:01*** 客戶函 T198129.1725.CUS.PDF 轉檔開始 ***
2025/4/17 下午 12:04:10--> 已轉入卷宗區 T198129.1725.CUS.PDF
2025/4/17 下午 12:04:11*** 客戶函 T191547.1725.CUS.PDF 轉檔開始 ***
2025/4/17 下午 12:04:18--> 已轉入卷宗區 T191547.1725.CUS.PDF
2025/4/17 下午 12:04:19*** 客戶函 T198787.1725.CUS.PDF 轉檔開始 ***
2025/4/17 下午 12:04:25--> 已轉入卷宗區 T198787.1725.CUS.PDF
2025/4/17 下午 12:04:26*** 客戶函 T199011.1725.CUS.PDF 轉檔開始 ***
2025/4/17 下午 12:04:32--> 已轉入卷宗區 T199011.1725.CUS.PDF
2025/4/17 下午 12:04:33*** 客戶函 T199187.1725.CUS.PDF 轉檔開始 ***
2025/4/17 下午 12:04:39--> 已轉入卷宗區 T199187.1725.CUS.PDF
2025/4/17 下午 12:04:40*** 客戶函 T199294.1725.CUS.PDF 轉檔開始 ***
2025/4/17 下午 12:04:47--> 已轉入卷宗區 T199294.1725.CUS.PDF
2025/4/17 下午 12:04:48*** 客戶函 T199295.1725.CUS.PDF 轉檔開始 ***
2025/4/17 下午 12:04:54--> 已轉入卷宗區 T199295.1725.CUS.PDF
2025/4/17 下午 12:04:55*** 客戶函 T199296.1725.CUS.PDF 轉檔開始 ***
2025/4/17 下午 12:05:01--> 已轉入卷宗區 T199296.1725.CUS.PDF
2025/4/17 下午 12:05:02*** 客戶函 T199297.1725.CUS.PDF 轉檔開始 ***
2025/4/17 下午 12:05:07--> 已轉入卷宗區 T199297.1725.CUS.PDF
2025/4/17 下午 12:05:09*** 客戶函 T199310.1725.CUS.PDF 轉檔開始 ***
2025/4/17 下午 12:05:15--> 已轉入卷宗區 T199310.1725.CUS.PDF
2025/4/17 下午 12:05:16*** 客戶函 T199311.1725.CUS.PDF 轉檔開始 ***
2025/4/17 下午 12:05:22--> 已轉入卷宗區 T199311.1725.CUS.PDF
2025/4/17 下午 12:05:23*** 客戶函 T203010.1725.CUS.PDF 轉檔開始 ***
2025/4/17 下午 12:05:29--> 已轉入卷宗區 T203010.1725.CUS.PDF
2025/4/17 下午 12:05:30*** 客戶函 T198911.1725.CUS.PDF 轉檔開始 ***
2025/4/17 下午 12:05:36--> 已轉入卷宗區 T198911.1725.CUS.PDF
2025/4/17 下午 12:05:37*** 客戶函 T144967.1725.CUS.PDF 轉檔開始 ***
2025/4/17 下午 12:05:43--> 已轉入卷宗區 T144967.1725.CUS.PDF
2025/4/17 下午 12:05:45*** 客戶函 T198845.1725.CUS.PDF 轉檔開始 ***
2025/4/17 下午 12:05:50--> 已轉入卷宗區 T198845.1725.CUS.PDF
2025/4/17 下午 12:05:52*** 客戶函 T197675.1725.CUS.PDF 轉檔開始 ***
2025/4/17 下午 12:05:58--> 已轉入卷宗區 T197675.1725.CUS.PDF
2025/4/17 下午 12:05:59*** 客戶函 T199236.1725.CUS.PDF 轉檔開始 ***
2025/4/17 下午 12:06:05--> 已轉入卷宗區 T199236.1725.CUS.PDF
2025/4/17 下午 12:06:07*** 客戶函 T199237.1725.CUS.PDF 轉檔開始 ***
2025/4/17 下午 12:06:12--> 已轉入卷宗區 T199237.1725.CUS.PDF
2025/4/17 下午 12:06:14*** 客戶函 T204983.1725.CUS.PDF 轉檔開始 ***
2025/4/17 下午 12:06:20--> 已轉入卷宗區 T204983.1725.CUS.PDF
2025/4/17 下午 12:06:21*** 客戶函 T199190.1725.CUS.PDF 轉檔開始 ***
2025/4/17 下午 12:06:27--> 已轉入卷宗區 T199190.1725.CUS.PDF
2025/4/17 下午 12:06:28*** 客戶函 T199191.1725.CUS.PDF 轉檔開始 ***
2025/4/17 下午 12:06:34--> 已轉入卷宗區 T199191.1725.CUS.PDF
2025/4/17 下午 12:06:35*** 客戶函 T196399.1725.CUS.PDF 轉檔開始 ***
2025/4/17 下午 12:06:42--> 已轉入卷宗區 T196399.1725.CUS.PDF
2025/4/17 下午 12:06:43*** 客戶函 T199309.1725.CUS.PDF 轉檔開始 ***
2025/4/17 下午 12:06:48--> 已轉入卷宗區 T199309.1725.CUS.PDF
2025/4/17 下午 12:06:50*** 客戶函 T197447.1725.CUS.PDF 轉檔開始 ***
2025/4/17 下午 12:06:57--> 已轉入卷宗區 T197447.1725.CUS.PDF
2025/4/17 下午 12:06:58*** 客戶函 T197399.1725.CUS.PDF 轉檔開始 ***
2025/4/17 下午 12:07:06--> 已轉入卷宗區 T197399.1725.CUS.PDF
2025/4/17 下午 12:07:07*** 客戶函 T199122.1725.CUS.PDF 轉檔開始 ***
2025/4/17 下午 12:07:15--> 已轉入卷宗區 T199122.1725.CUS.PDF
2025/4/17 下午 12:07:16*** 客戶函 T198719.1725.CUS.PDF 轉檔開始 ***
2025/4/17 下午 12:07:24--> 已轉入卷宗區 T198719.1725.CUS.PDF
2025/4/17 下午 12:07:25*** 客戶函 T220952.1725.CUS.PDF 轉檔開始 ***
2025/4/17 下午 12:07:34--> 已轉入卷宗區 T220952.1725.CUS.PDF
2025/4/17 下午 12:07:35*** 客戶函 T220955.1725.CUS.PDF 轉檔開始 ***
2025/4/17 下午 12:07:42--> 已轉入卷宗區 T220955.1725.CUS.PDF
2025/4/17 下午 12:07:44*** 客戶函 T200980.1725.CUS.PDF 轉檔開始 ***
2025/4/17 下午 12:07:51--> 已轉入卷宗區 T200980.1725.CUS.PDF
2025/4/17 下午 12:07:53*** 客戶函 T201839.1725.CUS.PDF 轉檔開始 ***
2025/4/17 下午 12:08:00--> 已轉入卷宗區 T201839.1725.CUS.PDF
2025/4/17 下午 12:08:01*** 客戶函 T199022.1725.CUS.PDF 轉檔開始 ***
2025/4/17 下午 12:08:08--> 已轉入卷宗區 T199022.1725.CUS.PDF
2025/4/17 下午 12:08:09*** 客戶函 T202766.1725.CUS.PDF 轉檔開始 ***
2025/4/17 下午 12:08:16--> 已轉入卷宗區 T202766.1725.CUS.PDF
2025/4/17 下午 12:08:17*** 客戶函 T091742.1725.CUS.PDF 轉檔開始 ***
2025/4/17 下午 12:08:25--> 已轉入卷宗區 T091742.1725.CUS.PDF
2025/4/17 下午 12:08:26*** 客戶函 T144940.1725.CUS.PDF 轉檔開始 ***
2025/4/17 下午 12:08:33--> 已轉入卷宗區 T144940.1725.CUS.PDF
2025/4/17 下午 12:08:34*** 客戶函 T144948.1725.CUS.PDF 轉檔開始 ***
2025/4/17 下午 12:08:42--> 已轉入卷宗區 T144948.1725.CUS.PDF
2025/4/17 下午 12:08:43*** 客戶函 T199224.1725.CUS.PDF 轉檔開始 ***
2025/4/17 下午 12:08:50--> 已轉入卷宗區 T199224.1725.CUS.PDF
2025/4/17 下午 12:08:51*** 客戶函 T089895.1725.CUS.PDF 轉檔開始 ***
2025/4/17 下午 12:08:58--> 已轉入卷宗區 T089895.1725.CUS.PDF
2025/4/17 下午 12:09:00*** 客戶函 T196485.1725.CUS.PDF 轉檔開始 ***
2025/4/17 下午 12:09:00--> 開始 外專新案認領-批次處理
2025/4/17 下午 12:09:00--> 結束 外專新案認領-批次處理
2025/4/17 下午 12:09:07--> 已轉入卷宗區 T196485.1725.CUS.PDF
2025/4/17 下午 12:09:08*** 客戶函 T092499.1725.CUS.PDF 轉檔開始 ***
2025/4/17 下午 12:09:16--> 已轉入卷宗區 T092499.1725.CUS.PDF
2025/4/17 下午 12:09:17*** 客戶函 T212266.1725.CUS.PDF 轉檔開始 ***
2025/4/17 下午 12:09:25--> 已轉入卷宗區 T212266.1725.CUS.PDF
2025/4/17 下午 12:09:26*** 客戶函 T199220.1725.CUS.PDF 轉檔開始 ***
2025/4/17 下午 12:09:33--> 已轉入卷宗區 T199220.1725.CUS.PDF
2025/4/17 下午 12:09:34*** 客戶函 T144370.1725.CUS.PDF 轉檔開始 ***
2025/4/17 下午 12:09:41--> 已轉入卷宗區 T144370.1725.CUS.PDF
2025/4/17 下午 12:09:43*** 客戶函 T199323.1725.CUS.PDF 轉檔開始 ***
2025/4/17 下午 12:09:50--> 已轉入卷宗區 T199323.1725.CUS.PDF
2025/4/17 下午 12:09:52*** 客戶函 T199324.1725.CUS.PDF 轉檔開始 ***
2025/4/17 下午 12:09:59--> 已轉入卷宗區 T199324.1725.CUS.PDF
2025/4/17 下午 12:10:00*** 客戶函 T199325.1725.CUS.PDF 轉檔開始 ***
2025/4/17 下午 12:10:08--> 已轉入卷宗區 T199325.1725.CUS.PDF
2025/4/17 下午 12:10:09*** 客戶函 T228046.1725.CUS.PDF 轉檔開始 ***
2025/4/17 下午 12:10:17--> 已轉入卷宗區 T228046.1725.CUS.PDF
2025/4/17 下午 12:10:18*** 客戶函 T199146.1725.CUS.PDF 轉檔開始 ***
2025/4/17 下午 12:10:26--> 已轉入卷宗區 T199146.1725.CUS.PDF
2025/4/17 下午 12:10:27*** 客戶函 T142363.1725.CUS.PDF 轉檔開始 ***
2025/4/17 下午 12:10:36--> 已轉入卷宗區 T142363.1725.CUS.PDF
2025/4/17 下午 12:10:37*** 客戶函 T199035.1725.CUS.PDF 轉檔開始 ***
2025/4/17 下午 12:10:45--> 已轉入卷宗區 T199035.1725.CUS.PDF
2025/4/17 下午 12:10:46*** 客戶函 T199036.1725.CUS.PDF 轉檔開始 ***
2025/4/17 下午 12:10:53--> 已轉入卷宗區 T199036.1725.CUS.PDF
2025/4/17 下午 12:10:55*** 客戶函 T199037.1725.CUS.PDF 轉檔開始 ***
2025/4/17 下午 12:11:02--> 已轉入卷宗區 T199037.1725.CUS.PDF
2025/4/17 下午 12:11:02--> 開始 檢查待執行紀錄 (Morgan)
2025/4/17 下午 12:11:03--> 結束 檢查待執行紀錄 (Morgan)
2025/4/17 下午 12:11:03--> 開始 寄發 QPGMR 郵件暫存 (Morgan)
2025/4/17 下午 12:11:04--> 結束 寄發 QPGMR 郵件暫存 (Morgan)
2025/4/17 下午 12:11:04--> 開始 FCP案件命名通知信
2025/4/17 下午 12:11:05*** 客戶函 T199038.1725.CUS.PDF 轉檔開始 ***
2025/4/17 下午 12:11:12--> 已轉入卷宗區 T199038.1725.CUS.PDF
2025/4/17 下午 12:11:14*** 客戶函 T199039.1725.CUS.PDF 轉檔開始 ***
2025/4/17 下午 12:11:22--> 已轉入卷宗區 T199039.1725.CUS.PDF
2025/4/17 下午 12:11:23*** 客戶函 T199040.1725.CUS.PDF 轉檔開始 ***
2025/4/17 下午 12:11:31--> 已轉入卷宗區 T199040.1725.CUS.PDF
2025/4/17 下午 12:11:31--> 已逾期通知：FCP-073610新案命名 收件者: A0022;B2036;A4029 副本:85033
2025/4/17 下午 12:11:31--> 結束 FCP案件命名通知信
2025/4/17 下午 12:11:33*** 客戶函 T199041.1725.CUS.PDF 轉檔開始 ***
2025/4/17 下午 12:11:40--> 已轉入卷宗區 T199041.1725.CUS.PDF
2025/4/17 下午 12:11:40--> 較早訊息移入LOG檔(100)
2025/4/17 下午 12:11:42*** 客戶函 T199326.1725.CUS.PDF 轉檔開始 ***
2025/4/17 下午 12:11:49--> 已轉入卷宗區 T199326.1725.CUS.PDF
2025/4/17 下午 12:11:50*** 客戶函 T199327.1725.CUS.PDF 轉檔開始 ***
2025/4/17 下午 12:11:58--> 已轉入卷宗區 T199327.1725.CUS.PDF
2025/4/17 下午 12:11:59*** 客戶函 T199328.1725.CUS.PDF 轉檔開始 ***
2025/4/17 下午 12:12:06--> 已轉入卷宗區 T199328.1725.CUS.PDF
2025/4/17 下午 12:12:08*** 客戶函 T198885.1725.CUS.PDF 轉檔開始 ***
2025/4/17 下午 12:12:15--> 已轉入卷宗區 T198885.1725.CUS.PDF
2025/4/17 下午 12:12:16*** 客戶函 T199075.1725.CUS.PDF 轉檔開始 ***
2025/4/17 下午 12:12:23--> 已轉入卷宗區 T199075.1725.CUS.PDF
2025/4/17 下午 12:12:24*** 客戶函 T199197.1725.CUS.PDF 轉檔開始 ***
2025/4/17 下午 12:12:31--> 已轉入卷宗區 T199197.1725.CUS.PDF
2025/4/17 下午 12:12:32*** 客戶函 T199198.1725.CUS.PDF 轉檔開始 ***
2025/4/17 下午 12:12:40--> 已轉入卷宗區 T199198.1725.CUS.PDF
2025/4/17 下午 12:12:41*** 客戶函 T199199.1725.CUS.PDF 轉檔開始 ***
2025/4/17 下午 12:12:48--> 已轉入卷宗區 T199199.1725.CUS.PDF
2025/4/17 下午 12:12:49*** 客戶函 T199202.1725.CUS.PDF 轉檔開始 ***
2025/4/17 下午 12:12:56--> 已轉入卷宗區 T199202.1725.CUS.PDF
2025/4/17 下午 12:12:57*** 客戶函 T199203.1725.CUS.PDF 轉檔開始 ***
2025/4/17 下午 12:13:05--> 已轉入卷宗區 T199203.1725.CUS.PDF
2025/4/17 下午 12:13:06*** 客戶函 T199206.1725.CUS.PDF 轉檔開始 ***
2025/4/17 下午 12:13:13--> 已轉入卷宗區 T199206.1725.CUS.PDF
2025/4/17 下午 12:13:14*** 客戶函 T092648.1725.CUS.PDF 轉檔開始 ***
2025/4/17 下午 12:13:22--> 已轉入卷宗區 T092648.1725.CUS.PDF
2025/4/17 下午 12:13:23*** 客戶函 T198058.1725.CUS.PDF 轉檔開始 ***
2025/4/17 下午 12:13:30--> 已轉入卷宗區 T198058.1725.CUS.PDF
2025/4/17 下午 12:13:31*** 客戶函 T197673.1725.CUS.PDF 轉檔開始 ***
2025/4/17 下午 12:13:38--> 已轉入卷宗區 T197673.1725.CUS.PDF
2025/4/17 下午 12:13:39*** 客戶函 T145491.1725.CUS.PDF 轉檔開始 ***
2025/4/17 下午 12:13:46--> 已轉入卷宗區 T145491.1725.CUS.PDF
2025/4/17 下午 12:13:47*** 客戶函 T145970.1725.CUS.PDF 轉檔開始 ***
2025/4/17 下午 12:13:54--> 已轉入卷宗區 T145970.1725.CUS.PDF
2025/4/17 下午 12:13:55*** 客戶函 T199181.1725.CUS.PDF 轉檔開始 ***
2025/4/17 下午 12:14:03--> 已轉入卷宗區 T199181.1725.CUS.PDF
2025/4/17 下午 12:14:04*** 客戶函 T199182.1725.CUS.PDF 轉檔開始 ***
2025/4/17 下午 12:14:12--> 已轉入卷宗區 T199182.1725.CUS.PDF
2025/4/17 下午 12:14:13*** 客戶函 T199183.1725.CUS.PDF 轉檔開始 ***
2025/4/17 下午 12:14:20--> 已轉入卷宗區 T199183.1725.CUS.PDF
2025/4/17 下午 12:14:22*** 客戶函 T199184.1725.CUS.PDF 轉檔開始 ***
2025/4/17 下午 12:14:29--> 已轉入卷宗區 T199184.1725.CUS.PDF
2025/4/17 下午 12:14:30*** 客戶函 T201778.1725.CUS.PDF 轉檔開始 ***
2025/4/17 下午 12:14:38--> 已轉入卷宗區 T201778.1725.CUS.PDF
2025/4/17 下午 12:14:39*** 客戶函 T146236.1725.CUS.PDF 轉檔開始 ***
2025/4/17 下午 12:14:47--> 已轉入卷宗區 T146236.1725.CUS.PDF
2025/4/17 下午 12:14:49*** 客戶函 T199225.1725.CUS.PDF 轉檔開始 ***
2025/4/17 下午 12:14:56--> 已轉入卷宗區 T199225.1725.CUS.PDF
2025/4/17 下午 12:14:57*** 客戶函 T198900.1725.CUS.PDF 轉檔開始 ***
2025/4/17 下午 12:15:04--> 已轉入卷宗區 T198900.1725.CUS.PDF
2025/4/17 下午 12:15:06*** 客戶函 T199670.1725.CUS.PDF 轉檔開始 ***
2025/4/17 下午 12:15:13--> 已轉入卷宗區 T199670.1725.CUS.PDF
2025/4/17 下午 12:15:15*** 客戶函 T037102.1725.CUS.PDF 轉檔開始 ***
2025/4/17 下午 12:15:23--> 已轉入卷宗區 T037102.1725.CUS.PDF
2025/4/17 下午 12:15:24*** 客戶函 T105555.1725.CUS.PDF 轉檔開始 ***
2025/4/17 下午 12:15:31--> 已轉入卷宗區 T105555.1725.CUS.PDF
2025/4/17 下午 12:15:33*** 客戶函 T108083.1725.CUS.PDF 轉檔開始 ***
2025/4/17 下午 12:15:40--> 已轉入卷宗區 T108083.1725.CUS.PDF
2025/4/17 下午 12:15:41*** 客戶函 T199513.1725.CUS.PDF 轉檔開始 ***
2025/4/17 下午 12:15:49--> 已轉入卷宗區 T199513.1725.CUS.PDF
2025/4/17 下午 12:15:50*** 客戶函 T199514.1725.CUS.PDF 轉檔開始 ***
2025/4/17 下午 12:15:58--> 已轉入卷宗區 T199514.1725.CUS.PDF
2025/4/17 下午 12:15:59*** 客戶函 T197210.1725.CUS.PDF 轉檔開始 ***
2025/4/17 下午 12:16:06--> 已轉入卷宗區 T197210.1725.CUS.PDF
2025/4/17 下午 12:16:06--> 開始 外專新案認領-批次處理
2025/4/17 下午 12:16:06--> 結束 外專新案認領-批次處理
2025/4/17 下午 12:16:08*** 客戶函 T198031.1725.CUS.PDF 轉檔開始 ***
2025/4/17 下午 12:16:15--> 已轉入卷宗區 T198031.1725.CUS.PDF
2025/4/17 下午 12:16:16*** 客戶函 T198032.1725.CUS.PDF 轉檔開始 ***
2025/4/17 下午 12:16:23--> 已轉入卷宗區 T198032.1725.CUS.PDF
2025/4/17 下午 12:16:25*** 客戶函 T198497.1725.CUS.PDF 轉檔開始 ***
2025/4/17 下午 12:16:31--> 已轉入卷宗區 T198497.1725.CUS.PDF
2025/4/17 下午 12:16:33*** 客戶函 T145753.1725.CUS.PDF 轉檔開始 ***
2025/4/17 下午 12:16:40--> 已轉入卷宗區 T145753.1725.CUS.PDF
2025/4/17 下午 12:16:41*** 客戶函 T144571.1725.CUS.PDF 轉檔開始 ***
2025/4/17 下午 12:16:49--> 已轉入卷宗區 T144571.1725.CUS.PDF
2025/4/17 下午 12:16:50*** 客戶函 T199512.1725.CUS.PDF 轉檔開始 ***
2025/4/17 下午 12:16:57--> 已轉入卷宗區 T199512.1725.CUS.PDF
2025/4/17 下午 12:16:58*** 客戶函 T145062.1725.CUS.PDF 轉檔開始 ***
2025/4/17 下午 12:17:05--> 已轉入卷宗區 T145062.1725.CUS.PDF
2025/4/17 下午 12:17:07*** 客戶函 T199170.1725.CUS.PDF 轉檔開始 ***
2025/4/17 下午 12:17:14--> 已轉入卷宗區 T199170.1725.CUS.PDF
2025/4/17 下午 12:17:15*** 客戶函 T198994.1725.CUS.PDF 轉檔開始 ***
2025/4/17 下午 12:17:23--> 已轉入卷宗區 T198994.1725.CUS.PDF
2025/4/17 下午 12:17:25*** 客戶函 T147774.1725.CUS.PDF 轉檔開始 ***
2025/4/17 下午 12:17:32--> 已轉入卷宗區 T147774.1725.CUS.PDF
2025/4/17 下午 12:17:33*** 客戶函 T147775.1725.CUS.PDF 轉檔開始 ***
2025/4/17 下午 12:17:40--> 已轉入卷宗區 T147775.1725.CUS.PDF
2025/4/17 下午 12:17:42*** 客戶函 T199624.1725.CUS.PDF 轉檔開始 ***
2025/4/17 下午 12:17:49--> 已轉入卷宗區 T199624.1725.CUS.PDF
2025/4/17 下午 12:17:50*** 客戶函 T198950.1725.CUS.PDF 轉檔開始 ***
2025/4/17 下午 12:17:58--> 已轉入卷宗區 T198950.1725.CUS.PDF
2025/4/17 下午 12:17:59*** 客戶函 T197724.1725.CUS.PDF 轉檔開始 ***
2025/4/17 下午 12:18:06--> 已轉入卷宗區 T197724.1725.CUS.PDF
2025/4/17 下午 12:18:07*** 客戶函 T038463.1725.CUS.PDF 轉檔開始 ***
2025/4/17 下午 12:18:14--> 已轉入卷宗區 T038463.1725.CUS.PDF
2025/4/17 下午 12:18:16*** 客戶函 T092982.1725.CUS.PDF 轉檔開始 ***
2025/4/17 下午 12:18:23--> 已轉入卷宗區 T092982.1725.CUS.PDF
2025/4/17 下午 12:18:24*** 客戶函 T197004.1725.CUS.PDF 轉檔開始 ***
2025/4/17 下午 12:18:32--> 已轉入卷宗區 T197004.1725.CUS.PDF
2025/4/17 下午 12:18:33--> 較早訊息移入LOG檔(100)
2025/4/17 下午 12:18:33--> 開始 檢查待執行紀錄 (Morgan)
2025/4/17 下午 12:18:33--> 結束 檢查待執行紀錄 (Morgan)
2025/4/17 下午 12:18:33--> 開始 寄發 QPGMR 郵件暫存 (Morgan)
2025/4/17 下午 12:18:33--> 結束 寄發 QPGMR 郵件暫存 (Morgan)
2025/4/17 下午 12:18:33--> 開始 FCP案件命名通知信
2025/4/17 下午 12:18:33--> 結束 FCP案件命名通知信
2025/4/17 下午 12:18:34*** 客戶函 T197773.1725.CUS.PDF 轉檔開始 ***
2025/4/17 下午 12:18:41--> 已轉入卷宗區 T197773.1725.CUS.PDF
2025/4/17 下午 12:18:42*** 客戶函 T199097.1725.CUS.PDF 轉檔開始 ***
2025/4/17 下午 12:18:49--> 已轉入卷宗區 T199097.1725.CUS.PDF
2025/4/17 下午 12:18:50*** 客戶函 T199679.1725.CUS.PDF 轉檔開始 ***
2025/4/17 下午 12:18:58--> 已轉入卷宗區 T199679.1725.CUS.PDF
2025/4/17 下午 12:18:59*** 客戶函 T199680.1725.CUS.PDF 轉檔開始 ***
2025/4/17 下午 12:19:06--> 已轉入卷宗區 T199680.1725.CUS.PDF
2025/4/17 下午 12:19:07*** 客戶函 T197301.1725.CUS.PDF 轉檔開始 ***
2025/4/17 下午 12:19:15--> 已轉入卷宗區 T197301.1725.CUS.PDF
2025/4/17 下午 12:19:17*** 客戶函 T197302.1725.CUS.PDF 轉檔開始 ***
2025/4/17 下午 12:19:23--> 已轉入卷宗區 T197302.1725.CUS.PDF
2025/4/17 下午 12:19:25*** 客戶函 T197303.1725.CUS.PDF 轉檔開始 ***
2025/4/17 下午 12:19:32--> 已轉入卷宗區 T197303.1725.CUS.PDF
2025/4/17 下午 12:19:33*** 客戶函 T222481.1725.CUS.PDF 轉檔開始 ***
2025/4/17 下午 12:19:42--> 已轉入卷宗區 T222481.1725.CUS.PDF
2025/4/17 下午 12:19:43*** 客戶函 T145389.1725.CUS.PDF 轉檔開始 ***
2025/4/17 下午 12:19:50--> 已轉入卷宗區 T145389.1725.CUS.PDF
2025/4/17 下午 12:19:51*** 客戶函 T146202.1725.CUS.PDF 轉檔開始 ***
2025/4/17 下午 12:19:59--> 已轉入卷宗區 T146202.1725.CUS.PDF
2025/4/17 下午 12:20:00*** 客戶函 T197927.1725.CUS.PDF 轉檔開始 ***
2025/4/17 下午 12:20:07--> 已轉入卷宗區 T197927.1725.CUS.PDF
2025/4/17 下午 12:20:09*** 客戶函 T144739.1725.CUS.PDF 轉檔開始 ***
2025/4/17 下午 12:20:16--> 已轉入卷宗區 T144739.1725.CUS.PDF
2025/4/17 下午 12:20:17*** 客戶函 T144740.1725.CUS.PDF 轉檔開始 ***
2025/4/17 下午 12:20:25--> 已轉入卷宗區 T144740.1725.CUS.PDF
2025/4/17 下午 12:20:26*** 客戶函 T144741.1725.CUS.PDF 轉檔開始 ***
2025/4/17 下午 12:20:34--> 已轉入卷宗區 T144741.1725.CUS.PDF
2025/4/17 下午 12:20:35*** 客戶函 T144742.1725.CUS.PDF 轉檔開始 ***
2025/4/17 下午 12:20:42--> 已轉入卷宗區 T144742.1725.CUS.PDF
2025/4/17 下午 12:20:43*** 客戶函 T144743.1725.CUS.PDF 轉檔開始 ***
2025/4/17 下午 12:20:50--> 已轉入卷宗區 T144743.1725.CUS.PDF
2025/4/17 下午 12:20:52*** 客戶函 T145297.1725.CUS.PDF 轉檔開始 ***
2025/4/17 下午 12:20:59--> 已轉入卷宗區 T145297.1725.CUS.PDF
2025/4/17 下午 12:21:00*** 客戶函 T155230.1725.CUS.PDF 轉檔開始 ***
2025/4/17 下午 12:21:07--> 已轉入卷宗區 T155230.1725.CUS.PDF
2025/4/17 下午 12:21:07--> 開始 外專新案認領-批次處理
2025/4/17 下午 12:21:07--> 結束 外專新案認領-批次處理
2025/4/17 下午 12:21:09*** 客戶函 T145590.1725.CUS.PDF 轉檔開始 ***
2025/4/17 下午 12:21:16--> 已轉入卷宗區 T145590.1725.CUS.PDF
2025/4/17 下午 12:21:17*** 客戶函 T199371.1725.CUS.PDF 轉檔開始 ***
2025/4/17 下午 12:21:24--> 已轉入卷宗區 T199371.1725.CUS.PDF
2025/4/17 下午 12:21:26*** 客戶函 T199372.1725.CUS.PDF 轉檔開始 ***
2025/4/17 下午 12:21:33--> 已轉入卷宗區 T199372.1725.CUS.PDF
2025/4/17 下午 12:21:34*** 客戶函 T199373.1725.CUS.PDF 轉檔開始 ***
2025/4/17 下午 12:21:42--> 已轉入卷宗區 T199373.1725.CUS.PDF
2025/4/17 下午 12:21:43*** 客戶函 T199374.1725.CUS.PDF 轉檔開始 ***
2025/4/17 下午 12:21:51--> 已轉入卷宗區 T199374.1725.CUS.PDF
2025/4/17 下午 12:21:52*** 客戶函 T199375.1725.CUS.PDF 轉檔開始 ***
2025/4/17 下午 12:21:59--> 已轉入卷宗區 T199375.1725.CUS.PDF
2025/4/17 下午 12:22:00*** 客戶函 T199376.1725.CUS.PDF 轉檔開始 ***
2025/4/17 下午 12:22:08--> 已轉入卷宗區 T199376.1725.CUS.PDF
2025/4/17 下午 12:22:09*** 客戶函 T199377.1725.CUS.PDF 轉檔開始 ***
2025/4/17 下午 12:22:16--> 已轉入卷宗區 T199377.1725.CUS.PDF
2025/4/17 下午 12:22:17*** 客戶函 T199379.1725.CUS.PDF 轉檔開始 ***
2025/4/17 下午 12:22:25--> 已轉入卷宗區 T199379.1725.CUS.PDF
2025/4/17 下午 12:22:26*** 客戶函 T199380.1725.CUS.PDF 轉檔開始 ***
2025/4/17 下午 12:22:34--> 已轉入卷宗區 T199380.1725.CUS.PDF
2025/4/17 下午 12:22:35*** 客戶函 T199381.1725.CUS.PDF 轉檔開始 ***
2025/4/17 下午 12:22:43--> 已轉入卷宗區 T199381.1725.CUS.PDF
2025/4/17 下午 12:22:44*** 客戶函 T199382.1725.CUS.PDF 轉檔開始 ***
2025/4/17 下午 12:22:51--> 已轉入卷宗區 T199382.1725.CUS.PDF
2025/4/17 下午 12:22:52*** 客戶函 T199383.1725.CUS.PDF 轉檔開始 ***
2025/4/17 下午 12:23:01--> 已轉入卷宗區 T199383.1725.CUS.PDF
2025/4/17 下午 12:23:02*** 客戶函 T199384.1725.CUS.PDF 轉檔開始 ***
2025/4/17 下午 12:23:09--> 已轉入卷宗區 T199384.1725.CUS.PDF
2025/4/17 下午 12:23:10*** 客戶函 T167445.1725.CUS.PDF 轉檔開始 ***
2025/4/17 下午 12:23:18--> 已轉入卷宗區 T167445.1725.CUS.PDF
2025/4/17 下午 12:23:19*** 客戶函 T143533.1725.CUS.PDF 轉檔開始 ***
2025/4/17 下午 12:23:26--> 已轉入卷宗區 T143533.1725.CUS.PDF
2025/4/17 下午 12:23:27*** 客戶函 T144665.1725.CUS.PDF 轉檔開始 ***
2025/4/17 下午 12:23:34--> 已轉入卷宗區 T144665.1725.CUS.PDF
2025/4/17 下午 12:23:34--> 開始 檢查待執行紀錄 (Morgan)
2025/4/17 下午 12:23:35--> 結束 檢查待執行紀錄 (Morgan)
2025/4/17 下午 12:23:35--> 開始 寄發 QPGMR 郵件暫存 (Morgan)
2025/4/17 下午 12:23:35--> 結束 寄發 QPGMR 郵件暫存 (Morgan)
2025/4/17 下午 12:23:35--> 開始 FCP案件命名通知信
2025/4/17 下午 12:23:35--> 結束 FCP案件命名通知信
2025/4/17 下午 12:23:35*** 客戶函 T144667.1725.CUS.PDF 轉檔開始 ***
2025/4/17 下午 12:23:42--> 已轉入卷宗區 T144667.1725.CUS.PDF
2025/4/17 下午 12:23:43*** 客戶函 T145144.1725.CUS.PDF 轉檔開始 ***
2025/4/17 下午 12:23:51--> 已轉入卷宗區 T145144.1725.CUS.PDF
2025/4/17 下午 12:23:53*** 客戶函 T199451.1725.CUS.PDF 轉檔開始 ***
2025/4/17 下午 12:24:00--> 已轉入卷宗區 T199451.1725.CUS.PDF
2025/4/17 下午 12:24:01*** 客戶函 T199096.1725.CUS.PDF 轉檔開始 ***
2025/4/17 下午 12:24:09--> 已轉入卷宗區 T199096.1725.CUS.PDF
2025/4/17 下午 12:24:10*** 客戶函 T197743.1725.CUS.PDF 轉檔開始 ***
2025/4/17 下午 12:24:17--> 已轉入卷宗區 T197743.1725.CUS.PDF
2025/4/17 下午 12:24:19*** 客戶函 T198800.1725.CUS.PDF 轉檔開始 ***
2025/4/17 下午 12:24:26--> 已轉入卷宗區 T198800.1725.CUS.PDF
2025/4/17 下午 12:24:27*** 客戶函 T198801.1725.CUS.PDF 轉檔開始 ***
2025/4/17 下午 12:24:34--> 已轉入卷宗區 T198801.1725.CUS.PDF
2025/4/17 下午 12:24:35--> 較早訊息移入LOG檔(100)
2025/4/17 下午 12:24:36*** 客戶函 T197851.1725.CUS.PDF 轉檔開始 ***
2025/4/17 下午 12:24:43--> 已轉入卷宗區 T197851.1725.CUS.PDF
2025/4/17 下午 12:24:45*** 客戶函 T199362.1725.CUS.PDF 轉檔開始 ***
2025/4/17 下午 12:24:52--> 已轉入卷宗區 T199362.1725.CUS.PDF
2025/4/17 下午 12:24:54*** 客戶函 T207910.1725.CUS.PDF 轉檔開始 ***
2025/4/17 下午 12:25:01--> 已轉入卷宗區 T207910.1725.CUS.PDF
2025/4/17 下午 12:25:02*** 客戶函 T207918.1725.CUS.PDF 轉檔開始 ***
2025/4/17 下午 12:25:09--> 已轉入卷宗區 T207918.1725.CUS.PDF
2025/4/17 下午 12:25:10*** 客戶函 T145965.1725.CUS.PDF 轉檔開始 ***
2025/4/17 下午 12:25:17--> 已轉入卷宗區 T145965.1725.CUS.PDF
2025/4/17 下午 12:25:19*** 客戶函 T145966.1725.CUS.PDF 轉檔開始 ***
2025/4/17 下午 12:25:26--> 已轉入卷宗區 T145966.1725.CUS.PDF
2025/4/17 下午 12:25:27*** 客戶函 T145971.1725.CUS.PDF 轉檔開始 ***
2025/4/17 下午 12:25:35--> 已轉入卷宗區 T145971.1725.CUS.PDF
2025/4/17 下午 12:25:36*** 客戶函 T199000.1725.CUS.PDF 轉檔開始 ***
2025/4/17 下午 12:25:43--> 已轉入卷宗區 T199000.1725.CUS.PDF
2025/4/17 下午 12:25:45*** 客戶函 T145233.1725.CUS.PDF 轉檔開始 ***
2025/4/17 下午 12:25:52--> 已轉入卷宗區 T145233.1725.CUS.PDF
2025/4/17 下午 12:25:53*** 客戶函 T198958.1725.CUS.PDF 轉檔開始 ***
2025/4/17 下午 12:26:00--> 已轉入卷宗區 T198958.1725.CUS.PDF
2025/4/17 下午 12:26:01*** 客戶函 T200487.1725.CUS.PDF 轉檔開始 ***
2025/4/17 下午 12:26:08--> 已轉入卷宗區 T200487.1725.CUS.PDF
2025/4/17 下午 12:26:09--> 開始 外專新案認領-批次處理
2025/4/17 下午 12:26:09--> 結束 外專新案認領-批次處理
2025/4/17 下午 12:26:10*** 客戶函 T200488.1725.CUS.PDF 轉檔開始 ***
2025/4/17 下午 12:26:17--> 已轉入卷宗區 T200488.1725.CUS.PDF
2025/4/17 下午 12:26:18*** 客戶函 T202678.1725.CUS.PDF 轉檔開始 ***
2025/4/17 下午 12:26:26--> 已轉入卷宗區 T202678.1725.CUS.PDF
2025/4/17 下午 12:26:27*** 客戶函 T202679.1725.CUS.PDF 轉檔開始 ***
2025/4/17 下午 12:26:35--> 已轉入卷宗區 T202679.1725.CUS.PDF
2025/4/17 下午 12:26:37*** 客戶函 T221772.1725.CUS.PDF 轉檔開始 ***
2025/4/17 下午 12:26:44--> 已轉入卷宗區 T221772.1725.CUS.PDF
2025/4/17 下午 12:26:45*** 客戶函 T246292.1725.CUS.PDF 轉檔開始 ***
2025/4/17 下午 12:26:52--> 已轉入卷宗區 T246292.1725.CUS.PDF
2025/4/17 下午 12:26:53*** 客戶函 T246293.1725.CUS.PDF 轉檔開始 ***
2025/4/17 下午 12:27:01--> 已轉入卷宗區 T246293.1725.CUS.PDF
2025/4/17 下午 12:27:02*** 客戶函 T246294.1725.CUS.PDF 轉檔開始 ***
2025/4/17 下午 12:27:09--> 已轉入卷宗區 T246294.1725.CUS.PDF
2025/4/17 下午 12:27:10*** 客戶函 T246295.1725.CUS.PDF 轉檔開始 ***
2025/4/17 下午 12:27:19--> 已轉入卷宗區 T246295.1725.CUS.PDF
2025/4/17 下午 12:27:20*** 客戶函 T246296.1725.CUS.PDF 轉檔開始 ***
2025/4/17 下午 12:27:27--> 已轉入卷宗區 T246296.1725.CUS.PDF
2025/4/17 下午 12:27:28*** 客戶函 T144989.1725.CUS.PDF 轉檔開始 ***
2025/4/17 下午 12:27:35--> 已轉入卷宗區 T144989.1725.CUS.PDF
2025/4/17 下午 12:27:36*** 客戶函 T201761.1725.CUS.PDF 轉檔開始 ***
2025/4/17 下午 12:27:43--> 已轉入卷宗區 T201761.1725.CUS.PDF
2025/4/17 下午 12:27:45*** 客戶函 T145987.1725.CUS.PDF 轉檔開始 ***
2025/4/17 下午 12:27:52--> 已轉入卷宗區 T145987.1725.CUS.PDF
2025/4/17 下午 12:27:53*** 客戶函 T145988.1725.CUS.PDF 轉檔開始 ***
2025/4/17 下午 12:28:00--> 已轉入卷宗區 T145988.1725.CUS.PDF
2025/4/17 下午 12:28:02*** 客戶函 T198953.1725.CUS.PDF 轉檔開始 ***
2025/4/17 下午 12:28:09--> 已轉入卷宗區 T198953.1725.CUS.PDF
2025/4/17 下午 12:28:10*** 客戶函 T198922.1725.CUS.PDF 轉檔開始 ***
2025/4/17 下午 12:28:18--> 已轉入卷宗區 T198922.1725.CUS.PDF
2025/4/17 下午 12:28:19*** 客戶函 T145115.1725.CUS.PDF 轉檔開始 ***
2025/4/17 下午 12:28:26--> 已轉入卷宗區 T145115.1725.CUS.PDF
2025/4/17 下午 12:28:27*** 客戶函 T194686.1725.CUS.PDF 轉檔開始 ***
2025/4/17 下午 12:28:34--> 已轉入卷宗區 T194686.1725.CUS.PDF
2025/4/17 下午 12:28:36*** 客戶函 T194689.1725.CUS.PDF 轉檔開始 ***
2025/4/17 下午 12:28:44--> 已轉入卷宗區 T194689.1725.CUS.PDF
2025/4/17 下午 12:28:45*** 客戶函 T194690.1725.CUS.PDF 轉檔開始 ***
2025/4/17 下午 12:28:52--> 已轉入卷宗區 T194690.1725.CUS.PDF
2025/4/17 下午 12:28:54*** 客戶函 T201152.1725.CUS.PDF 轉檔開始 ***
2025/4/17 下午 12:29:01--> 已轉入卷宗區 T201152.1725.CUS.PDF
2025/4/17 下午 12:29:02*** 客戶函 T201153.1725.CUS.PDF 轉檔開始 ***
2025/4/17 下午 12:29:09--> 已轉入卷宗區 T201153.1725.CUS.PDF
2025/4/17 下午 12:29:09--> 開始 外專新案認領-批次處理
2025/4/17 下午 12:29:09--> 結束 外專新案認領-批次處理
2025/4/17 下午 12:29:11*** 客戶函 T194680.1725.CUS.PDF 轉檔開始 ***
2025/4/17 下午 12:29:18--> 已轉入卷宗區 T194680.1725.CUS.PDF
2025/4/17 下午 12:29:19*** 客戶函 T194681.1725.CUS.PDF 轉檔開始 ***
2025/4/17 下午 12:29:26--> 已轉入卷宗區 T194681.1725.CUS.PDF
2025/4/17 下午 12:29:28*** 客戶函 T194682.1725.CUS.PDF 轉檔開始 ***
2025/4/17 下午 12:29:35--> 已轉入卷宗區 T194682.1725.CUS.PDF
2025/4/17 下午 12:29:36*** 客戶函 T022331.1725.CUS.PDF 轉檔開始 ***
2025/4/17 下午 12:29:44--> 已轉入卷宗區 T022331.1725.CUS.PDF
2025/4/17 下午 12:29:45*** 客戶函 T200404.1725.CUS.PDF 轉檔開始 ***
2025/4/17 下午 12:29:52--> 已轉入卷宗區 T200404.1725.CUS.PDF
2025/4/17 下午 12:29:53*** 客戶函 T200405.1725.CUS.PDF 轉檔開始 ***
2025/4/17 下午 12:30:00--> 已轉入卷宗區 T200405.1725.CUS.PDF
2025/4/17 下午 12:30:01*** 客戶函 T198927.1725.CUS.PDF 轉檔開始 ***
2025/4/17 下午 12:30:09--> 已轉入卷宗區 T198927.1725.CUS.PDF
2025/4/17 下午 12:30:10*** 客戶函 T199031.1725.CUS.PDF 轉檔開始 ***
2025/4/17 下午 12:30:18--> 已轉入卷宗區 T199031.1725.CUS.PDF
2025/4/17 下午 12:30:20*** 客戶函 T199029.1725.CUS.PDF 轉檔開始 ***
2025/4/17 下午 12:30:26--> 已轉入卷宗區 T199029.1725.CUS.PDF
2025/4/17 下午 12:30:28*** 客戶函 T091986.1725.CUS.PDF 轉檔開始 ***
2025/4/17 下午 12:30:35--> 已轉入卷宗區 T091986.1725.CUS.PDF
2025/4/17 下午 12:30:36*** 客戶函 T100348.1725.CUS.PDF 轉檔開始 ***
2025/4/17 下午 12:30:43--> 已轉入卷宗區 T100348.1725.CUS.PDF
2025/4/17 下午 12:30:44*** 客戶函 T100349.1725.CUS.PDF 轉檔開始 ***
2025/4/17 下午 12:30:51--> 已轉入卷宗區 T100349.1725.CUS.PDF
2025/4/17 下午 12:30:53*** 客戶函 T100350.1725.CUS.PDF 轉檔開始 ***
2025/4/17 下午 12:31:00--> 已轉入卷宗區 T100350.1725.CUS.PDF
2025/4/17 下午 12:31:01*** 客戶函 T037577.1725.CUS.PDF 轉檔開始 ***
2025/4/17 下午 12:31:09--> 已轉入卷宗區 T037577.1725.CUS.PDF
2025/4/17 下午 12:31:10*** 客戶函 T093670.1725.CUS.PDF 轉檔開始 ***
2025/4/17 下午 12:31:17--> 已轉入卷宗區 T093670.1725.CUS.PDF
2025/4/17 下午 12:31:18*** 客戶函 T090778.1725.CUS.PDF 轉檔開始 ***
2025/4/17 下午 12:31:26--> 已轉入卷宗區 T090778.1725.CUS.PDF
2025/4/17 下午 12:31:27--> 較早訊息移入LOG檔(100)
2025/4/17 下午 12:31:28*** 客戶函 T092025.1725.CUS.PDF 轉檔開始 ***
2025/4/17 下午 12:31:35--> 已轉入卷宗區 T092025.1725.CUS.PDF
2025/4/17 下午 12:31:36--> 開始 檢查待執行紀錄 (Morgan)
2025/4/17 下午 12:31:37--> 結束 檢查待執行紀錄 (Morgan)
2025/4/17 下午 12:31:37--> 開始 寄發 QPGMR 郵件暫存 (Morgan)
2025/4/17 下午 12:31:37--> 結束 寄發 QPGMR 郵件暫存 (Morgan)
2025/4/17 下午 12:31:37--> 開始 FCP案件命名通知信
2025/4/17 下午 12:31:37--> 結束 FCP案件命名通知信
2025/4/17 下午 12:31:37*** 客戶函 T199635.1725.CUS.PDF 轉檔開始 ***
2025/4/17 下午 12:31:44--> 已轉入卷宗區 T199635.1725.CUS.PDF
2025/4/17 下午 12:31:45*** 客戶函 T197844.1725.CUS.PDF 轉檔開始 ***
2025/4/17 下午 12:31:53--> 已轉入卷宗區 T197844.1725.CUS.PDF
2025/4/17 下午 12:31:54*** 客戶函 T197972.1725.CUS.PDF 轉檔開始 ***
2025/4/17 下午 12:32:02--> 已轉入卷宗區 T197972.1725.CUS.PDF
2025/4/17 下午 12:32:03*** 客戶函 T197973.1725.CUS.PDF 轉檔開始 ***
2025/4/17 下午 12:32:10--> 已轉入卷宗區 T197973.1725.CUS.PDF
2025/4/17 下午 12:32:12*** 客戶函 T228596.1725.CUS.PDF 轉檔開始 ***
2025/4/17 下午 12:32:19--> 已轉入卷宗區 T228596.1725.CUS.PDF
2025/4/17 下午 12:32:21*** 客戶函 T199473.1725.CUS.PDF 轉檔開始 ***
2025/4/17 下午 12:32:28--> 已轉入卷宗區 T199473.1725.CUS.PDF
2025/4/17 下午 12:32:29*** 客戶函 T199474.1725.CUS.PDF 轉檔開始 ***
2025/4/17 下午 12:32:36--> 已轉入卷宗區 T199474.1725.CUS.PDF
2025/4/17 下午 12:32:38*** 客戶函 T199475.1725.CUS.PDF 轉檔開始 ***
2025/4/17 下午 12:32:45--> 已轉入卷宗區 T199475.1725.CUS.PDF
2025/4/17 下午 12:32:46*** 客戶函 T199070.1725.CUS.PDF 轉檔開始 ***
2025/4/17 下午 12:32:54--> 已轉入卷宗區 T199070.1725.CUS.PDF
2025/4/17 下午 12:32:55*** 客戶函 T199071.1725.CUS.PDF 轉檔開始 ***
2025/4/17 下午 12:33:02--> 已轉入卷宗區 T199071.1725.CUS.PDF
2025/4/17 下午 12:33:03*** 客戶函 T199409.1725.CUS.PDF 轉檔開始 ***
2025/4/17 下午 12:33:11--> 已轉入卷宗區 T199409.1725.CUS.PDF
2025/4/17 下午 12:33:12*** 客戶函 T198073.1725.CUS.PDF 轉檔開始 ***
2025/4/17 下午 12:33:19--> 已轉入卷宗區 T198073.1725.CUS.PDF
2025/4/17 下午 12:33:20*** 客戶函 T198140.1725.CUS.PDF 轉檔開始 ***
2025/4/17 下午 12:33:28--> 已轉入卷宗區 T198140.1725.CUS.PDF
2025/4/17 下午 12:33:29*** 客戶函 T145447.1725.CUS.PDF 轉檔開始 ***
2025/4/17 下午 12:33:36--> 已轉入卷宗區 T145447.1725.CUS.PDF
2025/4/17 下午 12:33:37*** 客戶函 T145345.1725.CUS.PDF 轉檔開始 ***
2025/4/17 下午 12:33:44--> 已轉入卷宗區 T145345.1725.CUS.PDF
2025/4/17 下午 12:33:46*** 客戶函 T197195.1725.CUS.PDF 轉檔開始 ***
2025/4/17 下午 12:33:53--> 已轉入卷宗區 T197195.1725.CUS.PDF
2025/4/17 下午 12:33:54*** 客戶函 T091587.1725.CUS.PDF 轉檔開始 ***
2025/4/17 下午 12:34:01--> 已轉入卷宗區 T091587.1725.CUS.PDF
2025/4/17 下午 12:34:02*** 客戶函 T198987.1725.CUS.PDF 轉檔開始 ***
2025/4/17 下午 12:34:10--> 已轉入卷宗區 T198987.1725.CUS.PDF
2025/4/17 下午 12:34:11--> 開始 外專新案認領-批次處理
2025/4/17 下午 12:34:11--> 結束 外專新案認領-批次處理
2025/4/17 下午 12:34:11*** 客戶函 T198264.1725.CUS.PDF 轉檔開始 ***
2025/4/17 下午 12:34:18--> 已轉入卷宗區 T198264.1725.CUS.PDF
2025/4/17 下午 12:34:19*** 客戶函 T143616.1725.CUS.PDF 轉檔開始 ***
2025/4/17 下午 12:34:27--> 已轉入卷宗區 T143616.1725.CUS.PDF
2025/4/17 下午 12:34:28*** 客戶函 T198021.1725.CUS.PDF 轉檔開始 ***
2025/4/17 下午 12:34:36--> 已轉入卷宗區 T198021.1725.CUS.PDF
2025/4/17 下午 12:34:37*** 客戶函 T199412.1725.CUS.PDF 轉檔開始 ***
2025/4/17 下午 12:34:44--> 已轉入卷宗區 T199412.1725.CUS.PDF
2025/4/17 下午 12:34:45*** 客戶函 T199414.1725.CUS.PDF 轉檔開始 ***
2025/4/17 下午 12:34:53--> 已轉入卷宗區 T199414.1725.CUS.PDF
2025/4/17 下午 12:34:54*** 客戶函 T199502.1725.CUS.PDF 轉檔開始 ***
2025/4/17 下午 12:35:02--> 已轉入卷宗區 T199502.1725.CUS.PDF
2025/4/17 下午 12:35:03*** 客戶函 T201006.1725.CUS.PDF 轉檔開始 ***
2025/4/17 下午 12:35:11--> 已轉入卷宗區 T201006.1725.CUS.PDF
2025/4/17 下午 12:35:12*** 客戶函 T141340.1725.CUS.PDF 轉檔開始 ***
2025/4/17 下午 12:35:19--> 已轉入卷宗區 T141340.1725.CUS.PDF
2025/4/17 下午 12:35:20*** 客戶函 T194709.1725.CUS.PDF 轉檔開始 ***
2025/4/17 下午 12:35:28--> 已轉入卷宗區 T194709.1725.CUS.PDF
2025/4/17 下午 12:35:29*** 客戶函 T200244.1725.CUS.PDF 轉檔開始 ***
2025/4/17 下午 12:35:37--> 已轉入卷宗區 T200244.1725.CUS.PDF
2025/4/17 下午 12:35:38*** 客戶函 T202070.1725.CUS.PDF 轉檔開始 ***
2025/4/17 下午 12:35:47--> 已轉入卷宗區 T202070.1725.CUS.PDF
2025/4/17 下午 12:35:48*** 客戶函 T199617.1725.CUS.PDF 轉檔開始 ***
2025/4/17 下午 12:35:55--> 已轉入卷宗區 T199617.1725.CUS.PDF
2025/4/17 下午 12:35:56*** 客戶函 T199620.1725.CUS.PDF 轉檔開始 ***
2025/4/17 下午 12:36:04--> 已轉入卷宗區 T199620.1725.CUS.PDF
2025/4/17 下午 12:36:05*** 客戶函 T199621.1725.CUS.PDF 轉檔開始 ***
2025/4/17 下午 12:36:12--> 已轉入卷宗區 T199621.1725.CUS.PDF
2025/4/17 下午 12:36:13*** 客戶函 T199623.1725.CUS.PDF 轉檔開始 ***
2025/4/17 下午 12:36:20--> 已轉入卷宗區 T199623.1725.CUS.PDF
2025/4/17 下午 12:36:21*** 客戶函 T145300.1725.CUS.PDF 轉檔開始 ***
2025/4/17 下午 12:36:28--> 已轉入卷宗區 T145300.1725.CUS.PDF
2025/4/17 下午 12:36:29*** 客戶函 T199013.1725.CUS.PDF 轉檔開始 ***
2025/4/17 下午 12:36:36--> 已轉入卷宗區 T199013.1725.CUS.PDF
2025/4/17 下午 12:36:37--> 開始 檢查待執行紀錄 (Morgan)
2025/4/17 下午 12:36:38--> 結束 檢查待執行紀錄 (Morgan)
2025/4/17 下午 12:36:38--> 開始 寄發 QPGMR 郵件暫存 (Morgan)
2025/4/17 下午 12:36:38--> 結束 寄發 QPGMR 郵件暫存 (Morgan)
2025/4/17 下午 12:36:38--> 開始 FCP案件命名通知信
2025/4/17 下午 12:36:38--> 結束 FCP案件命名通知信
2025/4/17 下午 12:36:38*** 客戶函 T144473.1725.CUS.PDF 轉檔開始 ***
2025/4/17 下午 12:36:45--> 已轉入卷宗區 T144473.1725.CUS.PDF
2025/4/17 下午 12:36:46*** 客戶函 T147914.1725.CUS.PDF 轉檔開始 ***
2025/4/17 下午 12:36:53--> 已轉入卷宗區 T147914.1725.CUS.PDF
2025/4/17 下午 12:36:54*** 客戶函 T199422.1725.CUS.PDF 轉檔開始 ***
2025/4/17 下午 12:37:02--> 已轉入卷宗區 T199422.1725.CUS.PDF
2025/4/17 下午 12:37:03*** 客戶函 T202552.1725.CUS.PDF 轉檔開始 ***
2025/4/17 下午 12:37:10--> 已轉入卷宗區 T202552.1725.CUS.PDF
2025/4/17 下午 12:37:11*** 客戶函 T225226.1725.CUS.PDF 轉檔開始 ***
2025/4/17 下午 12:37:19--> 已轉入卷宗區 T225226.1725.CUS.PDF
2025/4/17 下午 12:37:20*** 客戶函 T225227.1725.CUS.PDF 轉檔開始 ***
2025/4/17 下午 12:37:27--> 已轉入卷宗區 T225227.1725.CUS.PDF
2025/4/17 下午 12:37:28--> 較早訊息移入LOG檔(100)
2025/4/17 下午 12:37:29*** 客戶函 T225228.1725.CUS.PDF 轉檔開始 ***
2025/4/17 下午 12:37:36--> 已轉入卷宗區 T225228.1725.CUS.PDF
2025/4/17 下午 12:37:37*** 客戶函 T225231.1725.CUS.PDF 轉檔開始 ***
2025/4/17 下午 12:37:44--> 已轉入卷宗區 T225231.1725.CUS.PDF
2025/4/17 下午 12:37:45*** 客戶函 T225263.1725.CUS.PDF 轉檔開始 ***
2025/4/17 下午 12:37:53--> 已轉入卷宗區 T225263.1725.CUS.PDF
2025/4/17 下午 12:37:54*** 客戶函 T225264.1725.CUS.PDF 轉檔開始 ***
2025/4/17 下午 12:38:02--> 已轉入卷宗區 T225264.1725.CUS.PDF
2025/4/17 下午 12:38:03*** 客戶函 T225267.1725.CUS.PDF 轉檔開始 ***
2025/4/17 下午 12:38:11--> 已轉入卷宗區 T225267.1725.CUS.PDF
2025/4/17 下午 12:38:12*** 客戶函 T225268.1725.CUS.PDF 轉檔開始 ***
2025/4/17 下午 12:38:19--> 已轉入卷宗區 T225268.1725.CUS.PDF
2025/4/17 下午 12:38:20*** 客戶函 T225269.1725.CUS.PDF 轉檔開始 ***
2025/4/17 下午 12:38:28--> 已轉入卷宗區 T225269.1725.CUS.PDF
2025/4/17 下午 12:38:29*** 客戶函 T225298.1725.CUS.PDF 轉檔開始 ***
2025/4/17 下午 12:38:36--> 已轉入卷宗區 T225298.1725.CUS.PDF
2025/4/17 下午 12:38:38*** 客戶函 T225299.1725.CUS.PDF 轉檔開始 ***
2025/4/17 下午 12:38:45--> 已轉入卷宗區 T225299.1725.CUS.PDF
2025/4/17 下午 12:38:46*** 客戶函 T225300.1725.CUS.PDF 轉檔開始 ***
2025/4/17 下午 12:38:53--> 已轉入卷宗區 T225300.1725.CUS.PDF
2025/4/17 下午 12:38:55*** 客戶函 T225303.1725.CUS.PDF 轉檔開始 ***
2025/4/17 下午 12:39:02--> 已轉入卷宗區 T225303.1725.CUS.PDF
2025/4/17 下午 12:39:03*** 客戶函 T225390.1725.CUS.PDF 轉檔開始 ***
2025/4/17 下午 12:39:11--> 已轉入卷宗區 T225390.1725.CUS.PDF
2025/4/17 下午 12:39:12*** 客戶函 T225421.1725.CUS.PDF 轉檔開始 ***
2025/4/17 下午 12:39:20--> 已轉入卷宗區 T225421.1725.CUS.PDF
2025/4/17 下午 12:39:21*** 客戶函 T145322.1725.CUS.PDF 轉檔開始 ***
2025/4/17 下午 12:39:28--> 已轉入卷宗區 T145322.1725.CUS.PDF
2025/4/17 下午 12:39:29*** 客戶函 T199151.1725.CUS.PDF 轉檔開始 ***
2025/4/17 下午 12:39:36--> 已轉入卷宗區 T199151.1725.CUS.PDF
2025/4/17 下午 12:39:37*** 客戶函 T174958.1725.CUS.PDF 轉檔開始 ***
2025/4/17 下午 12:39:44--> 已轉入卷宗區 T174958.1725.CUS.PDF
2025/4/17 下午 12:39:45*** 客戶函 T093053.1725.CUS.PDF 轉檔開始 ***
2025/4/17 下午 12:39:52--> 已轉入卷宗區 T093053.1725.CUS.PDF
2025/4/17 下午 12:39:53*** 客戶函 T145911.1725.CUS.PDF 轉檔開始 ***
2025/4/17 下午 12:40:01--> 已轉入卷宗區 T145911.1725.CUS.PDF
2025/4/17 下午 12:40:03*** 客戶函 T145913.1725.CUS.PDF 轉檔開始 ***
2025/4/17 下午 12:40:10--> 已轉入卷宗區 T145913.1725.CUS.PDF
2025/4/17 下午 12:40:12*** 客戶函 T198868.1725.CUS.PDF 轉檔開始 ***
2025/4/17 下午 12:40:19--> 已轉入卷宗區 T198868.1725.CUS.PDF
2025/4/17 下午 12:40:21*** 客戶函 T199143.1725.CUS.PDF 轉檔開始 ***
2025/4/17 下午 12:40:28--> 已轉入卷宗區 T199143.1725.CUS.PDF
2025/4/17 下午 12:40:29*** 客戶函 T199797.1725.CUS.PDF 轉檔開始 ***
2025/4/17 下午 12:40:36--> 已轉入卷宗區 T199797.1725.CUS.PDF
2025/4/17 下午 12:40:37*** 客戶函 T199651.1725.CUS.PDF 轉檔開始 ***
2025/4/17 下午 12:40:44--> 已轉入卷宗區 T199651.1725.CUS.PDF
2025/4/17 下午 12:40:45*** 客戶函 T198174.1725.CUS.PDF 轉檔開始 ***
2025/4/17 下午 12:40:53--> 已轉入卷宗區 T198174.1725.CUS.PDF
2025/4/17 下午 12:40:54*** 客戶函 T197910.1725.CUS.PDF 轉檔開始 ***
2025/4/17 下午 12:41:01--> 已轉入卷宗區 T197910.1725.CUS.PDF
2025/4/17 下午 12:41:03*** 客戶函 T197912.1725.CUS.PDF 轉檔開始 ***
2025/4/17 下午 12:41:10--> 已轉入卷宗區 T197912.1725.CUS.PDF
2025/4/17 下午 12:41:11*** 客戶函 T144028.1725.CUS.PDF 轉檔開始 ***
2025/4/17 下午 12:41:18--> 已轉入卷宗區 T144028.1725.CUS.PDF
2025/4/17 下午 12:41:19*** 客戶函 T198832.1725.CUS.PDF 轉檔開始 ***
2025/4/17 下午 12:41:27--> 已轉入卷宗區 T198832.1725.CUS.PDF
2025/4/17 下午 12:41:28*** 客戶函 T198833.1725.CUS.PDF 轉檔開始 ***
2025/4/17 下午 12:41:35--> 已轉入卷宗區 T198833.1725.CUS.PDF
2025/4/17 下午 12:41:37*** 客戶函 T198834.1725.CUS.PDF 轉檔開始 ***
2025/4/17 下午 12:41:44--> 已轉入卷宗區 T198834.1725.CUS.PDF
2025/4/17 下午 12:41:45*** 客戶函 T198835.1725.CUS.PDF 轉檔開始 ***
2025/4/17 下午 12:41:52--> 已轉入卷宗區 T198835.1725.CUS.PDF
2025/4/17 下午 12:41:54*** 客戶函 T198836.1725.CUS.PDF 轉檔開始 ***
2025/4/17 下午 12:42:01--> 已轉入卷宗區 T198836.1725.CUS.PDF
2025/4/17 下午 12:42:02*** 客戶函 T198837.1725.CUS.PDF 轉檔開始 ***
2025/4/17 下午 12:42:10--> 已轉入卷宗區 T198837.1725.CUS.PDF
2025/4/17 下午 12:42:12*** 客戶函 T199123.1725.CUS.PDF 轉檔開始 ***
2025/4/17 下午 12:42:19--> 已轉入卷宗區 T199123.1725.CUS.PDF
2025/4/17 下午 12:42:20*** 客戶函 T199124.1725.CUS.PDF 轉檔開始 ***
2025/4/17 下午 12:42:27--> 已轉入卷宗區 T199124.1725.CUS.PDF
2025/4/17 下午 12:42:28*** 客戶函 T145337.1725.CUS.PDF 轉檔開始 ***
2025/4/17 下午 12:42:35--> 已轉入卷宗區 T145337.1725.CUS.PDF
2025/4/17 下午 12:42:36*** 客戶函 T143329.1725.CUS.PDF 轉檔開始 ***
2025/4/17 下午 12:42:43--> 已轉入卷宗區 T143329.1725.CUS.PDF
2025/4/17 下午 12:42:44*** 客戶函 T144775.1725.CUS.PDF 轉檔開始 ***
2025/4/17 下午 12:42:51--> 已轉入卷宗區 T144775.1725.CUS.PDF
2025/4/17 下午 12:42:53*** 客戶函 T199089.1725.CUS.PDF 轉檔開始 ***
2025/4/17 下午 12:43:00--> 已轉入卷宗區 T199089.1725.CUS.PDF
2025/4/17 下午 12:43:01*** 客戶函 T197612.1725.CUS.PDF 轉檔開始 ***
2025/4/17 下午 12:43:09--> 已轉入卷宗區 T197612.1725.CUS.PDF
2025/4/17 下午 12:43:11*** 客戶函 T199127.1725.CUS.PDF 轉檔開始 ***
2025/4/17 下午 12:43:18--> 已轉入卷宗區 T199127.1725.CUS.PDF
2025/4/17 下午 12:43:19*** 客戶函 T199432.1725.CUS.PDF 轉檔開始 ***
2025/4/17 下午 12:43:27--> 已轉入卷宗區 T199432.1725.CUS.PDF
2025/4/17 下午 12:43:28*** 客戶函 T148294.1725.CUS.PDF 轉檔開始 ***
2025/4/17 下午 12:43:35--> 已轉入卷宗區 T148294.1725.CUS.PDF
2025/4/17 下午 12:43:36*** 客戶函 T092446.1725.CUS.PDF 轉檔開始 ***
2025/4/17 下午 12:43:44--> 已轉入卷宗區 T092446.1725.CUS.PDF
2025/4/17 下午 12:43:46*** 客戶函 T092495.1725.CUS.PDF 轉檔開始 ***
2025/4/17 下午 12:43:53--> 已轉入卷宗區 T092495.1725.CUS.PDF
2025/4/17 下午 12:43:54*** 客戶函 T199100.1725.CUS.PDF 轉檔開始 ***
2025/4/17 下午 12:44:02--> 已轉入卷宗區 T199100.1725.CUS.PDF
2025/4/17 下午 12:44:04*** 客戶函 T197771.1725.CUS.PDF 轉檔開始 ***
2025/4/17 下午 12:44:11--> 已轉入卷宗區 T197771.1725.CUS.PDF
2025/4/17 下午 12:44:13*** 客戶函 T144576.1725.CUS.PDF 轉檔開始 ***
2025/4/17 下午 12:44:20--> 已轉入卷宗區 T144576.1725.CUS.PDF
2025/4/17 下午 12:44:21*** 客戶函 T144577.1725.CUS.PDF 轉檔開始 ***
2025/4/17 下午 12:44:29--> 已轉入卷宗區 T144577.1725.CUS.PDF
2025/4/17 下午 12:44:30*** 客戶函 T197730.1725.CUS.PDF 轉檔開始 ***
2025/4/17 下午 12:44:37--> 已轉入卷宗區 T197730.1725.CUS.PDF
2025/4/17 下午 12:44:38--> 較早訊息移入LOG檔(100)
2025/4/17 下午 12:44:39*** 客戶函 T198053.1725.CUS.PDF 轉檔開始 ***
2025/4/17 下午 12:44:46--> 已轉入卷宗區 T198053.1725.CUS.PDF
2025/4/17 下午 12:44:47*** 客戶函 T198156.1725.CUS.PDF 轉檔開始 ***
2025/4/17 下午 12:44:55--> 已轉入卷宗區 T198156.1725.CUS.PDF
2025/4/17 下午 12:44:57*** 客戶函 T198673.1725.CUS.PDF 轉檔開始 ***
2025/4/17 下午 12:45:04--> 已轉入卷宗區 T198673.1725.CUS.PDF
2025/4/17 下午 12:45:06*** 客戶函 T198831.1725.CUS.PDF 轉檔開始 ***
2025/4/17 下午 12:45:13--> 已轉入卷宗區 T198831.1725.CUS.PDF
2025/4/17 下午 12:45:13--> 開始 外專新案認領-批次處理
2025/4/17 下午 12:45:13--> 結束 外專新案認領-批次處理
2025/4/17 下午 12:45:14*** 客戶函 T198957.1725.CUS.PDF 轉檔開始 ***
2025/4/17 下午 12:45:21--> 已轉入卷宗區 T198957.1725.CUS.PDF
2025/4/17 下午 12:45:22*** 客戶函 T202553.1725.CUS.PDF 轉檔開始 ***
2025/4/17 下午 12:45:29--> 已轉入卷宗區 T202553.1725.CUS.PDF
2025/4/17 下午 12:45:30*** 客戶函 T092669.1725.CUS.PDF 轉檔開始 ***
2025/4/17 下午 12:45:39--> 已轉入卷宗區 T092669.1725.CUS.PDF
2025/4/17 下午 12:45:40*** 客戶函 T092671.1725.CUS.PDF 轉檔開始 ***
2025/4/17 下午 12:45:47--> 已轉入卷宗區 T092671.1725.CUS.PDF
2025/4/17 下午 12:45:48*** 客戶函 T092749.1725.CUS.PDF 轉檔開始 ***
2025/4/17 下午 12:45:55--> 已轉入卷宗區 T092749.1725.CUS.PDF
2025/4/17 下午 12:45:56*** 客戶函 T145429.1725.CUS.PDF 轉檔開始 ***
2025/4/17 下午 12:46:03--> 已轉入卷宗區 T145429.1725.CUS.PDF
2025/4/17 下午 12:46:05*** 客戶函 T145039.1725.CUS.PDF 轉檔開始 ***
2025/4/17 下午 12:46:12--> 已轉入卷宗區 T145039.1725.CUS.PDF
2025/4/17 下午 12:46:14*** 客戶函 T185912.1725.CUS.PDF 轉檔開始 ***
2025/4/17 下午 12:46:21--> 已轉入卷宗區 T185912.1725.CUS.PDF
2025/4/17 下午 12:47:39--> 開始 檢查待執行紀錄 (Morgan)
2025/4/17 下午 12:47:39--> 結束 檢查待執行紀錄 (Morgan)
2025/4/17 下午 12:47:39--> 開始 寄發 QPGMR 郵件暫存 (Morgan)
2025/4/17 下午 12:47:39--> 結束 寄發 QPGMR 郵件暫存 (Morgan)
2025/4/17 下午 12:47:39--> 開始 FCP案件命名通知信
2025/4/17 下午 12:47:39--> 結束 FCP案件命名通知信
2025/4/17 下午 12:50:13--> 開始 外專新案認領-批次處理
2025/4/17 下午 12:50:13--> 結束 外專新案認領-批次處理
2025/4/17 下午 12:51:19--> 較早訊息移入LOG檔(57)
2025/4/17 下午 12:52:39--> 開始 檢查待執行紀錄 (Morgan)
2025/4/17 下午 12:52:40--> 結束 檢查待執行紀錄 (Morgan)
2025/4/17 下午 12:52:40--> 開始 寄發 QPGMR 郵件暫存 (Morgan)
2025/4/17 下午 12:52:40--> 結束 寄發 QPGMR 郵件暫存 (Morgan)
2025/4/17 下午 12:52:40--> 開始 FCP案件命名通知信
2025/4/17 下午 12:52:40--> 結束 FCP案件命名通知信
2025/4/17 下午 12:55:13--> 開始 外專新案認領-批次處理
2025/4/17 下午 12:55:14--> 結束 外專新案認領-批次處理
2025/4/17 下午 12:57:35--> 較早訊息移入LOG檔(9)
2025/4/17 下午 12:57:40--> 開始 檢查待執行紀錄 (Morgan)
2025/4/17 下午 12:57:41--> 結束 檢查待執行紀錄 (Morgan)
2025/4/17 下午 12:57:41--> 開始 寄發 QPGMR 郵件暫存 (Morgan)
2025/4/17 下午 12:57:41--> 結束 寄發 QPGMR 郵件暫存 (Morgan)
2025/4/17 下午 12:57:41--> 開始 FCP案件命名通知信
2025/4/17 下午 12:57:41--> 結束 FCP案件命名通知信
2025/4/17 下午 01:00:14--> 開始 外專新案認領-批次處理
2025/4/17 下午 01:00:14--> 結束 外專新案認領-批次處理
2025/4/17 下午 01:02:41--> 開始 檢查待執行紀錄 (Morgan)
2025/4/17 下午 01:02:42--> 結束 檢查待執行紀錄 (Morgan)
2025/4/17 下午 01:02:42--> 開始 寄發 QPGMR 郵件暫存 (Morgan)
2025/4/17 下午 01:02:42--> 結束 寄發 QPGMR 郵件暫存 (Morgan)
2025/4/17 下午 01:02:42--> 開始 FCP案件命名通知信
2025/4/17 下午 01:02:42--> 結束 FCP案件命名通知信
2025/4/17 下午 01:03:52--> 較早訊息移入LOG檔(15)
2025/4/17 下午 01:05:14--> 開始 外專新案認領-批次處理
2025/4/17 下午 01:05:14--> 結束 外專新案認領-批次處理
2025/4/17 下午 01:07:42--> 開始 檢查待執行紀錄 (Morgan)
2025/4/17 下午 01:07:42--> 結束 檢查待執行紀錄 (Morgan)
2025/4/17 下午 01:07:42--> 開始 寄發 QPGMR 郵件暫存 (Morgan)
2025/4/17 下午 01:07:42--> 結束 寄發 QPGMR 郵件暫存 (Morgan)
2025/4/17 下午 01:07:42--> 開始 FCP案件命名通知信
2025/4/17 下午 01:07:42--> 結束 FCP案件命名通知信
2025/4/17 下午 01:10:08--> 較早訊息移入LOG檔(9)
2025/4/17 下午 01:10:14--> 開始 外專新案認領-批次處理
2025/4/17 下午 01:10:14--> 結束 外專新案認領-批次處理
2025/4/17 下午 01:12:42--> 開始 檢查待執行紀錄 (Morgan)
2025/4/17 下午 01:12:43--> 結束 檢查待執行紀錄 (Morgan)
2025/4/17 下午 01:12:43--> 開始 寄發 QPGMR 郵件暫存 (Morgan)
2025/4/17 下午 01:12:43--> 結束 寄發 QPGMR 郵件暫存 (Morgan)
2025/4/17 下午 01:12:43--> 開始 FCP案件命名通知信
2025/4/17 下午 01:12:43--> 結束 FCP案件命名通知信
2025/4/17 下午 01:15:14--> 開始 外專新案認領-批次處理
2025/4/17 下午 01:15:14--> 結束 外專新案認領-批次處理
2025/4/17 下午 01:16:24--> 較早訊息移入LOG檔(11)
2025/4/17 下午 01:17:43--> 開始 檢查待執行紀錄 (Morgan)
2025/4/17 下午 01:17:44--> 結束 檢查待執行紀錄 (Morgan)
2025/4/17 下午 01:17:44--> 開始 寄發 QPGMR 郵件暫存 (Morgan)
2025/4/17 下午 01:17:44--> 結束 寄發 QPGMR 郵件暫存 (Morgan)
2025/4/17 下午 01:17:44--> 開始 FCP案件命名通知信
2025/4/17 下午 01:17:44--> 結束 FCP案件命名通知信
2025/4/17 下午 01:20:14--> 開始 外專新案認領-批次處理
2025/4/17 下午 01:20:14--> 結束 外專新案認領-批次處理
2025/4/17 下午 01:22:29--> 程式結束
2025/4/18 上午 11:18:21--> 程式已載入
2025/4/18 上午 11:18:28--> 開始
2025/4/18 上午 11:18:30*** 客戶函 T138857.1725.CUS.PDF 轉檔開始 ***
2025/4/18 上午 11:18:37--> 已轉入卷宗區 T138857.1725.CUS.PDF
2025/4/18 上午 11:18:39*** 客戶函 T139045.1725.CUS.PDF 轉檔開始 ***
2025/4/18 上午 11:18:47--> 已轉入卷宗區 T139045.1725.CUS.PDF
2025/4/18 上午 11:18:48*** 客戶函 T197447.1725.CUS.PDF 轉檔開始 ***
2025/4/18 上午 11:18:56--> 已轉入卷宗區 T197447.1725.CUS.PDF
2025/4/18 上午 11:18:57*** 客戶函 T197399.1725.CUS.PDF 轉檔開始 ***
2025/4/18 上午 11:19:04--> 已轉入卷宗區 T197399.1725.CUS.PDF
2025/4/18 上午 11:19:06*** 客戶函 T199122.1725.CUS.PDF 轉檔開始 ***
2025/4/18 上午 11:19:13--> 已轉入卷宗區 T199122.1725.CUS.PDF
2025/4/18 上午 11:19:14*** 客戶函 T198719.1725.CUS.PDF 轉檔開始 ***
2025/4/18 上午 11:19:21--> 已轉入卷宗區 T198719.1725.CUS.PDF
2025/4/18 上午 11:19:23*** 客戶函 T220952.1725.CUS.PDF 轉檔開始 ***
2025/4/18 上午 11:19:30--> 已轉入卷宗區 T220952.1725.CUS.PDF
2025/4/18 上午 11:19:31*** 客戶函 T220955.1725.CUS.PDF 轉檔開始 ***
2025/4/18 上午 11:19:38--> 已轉入卷宗區 T220955.1725.CUS.PDF
2025/4/18 上午 11:19:39*** 客戶函 T200980.1725.CUS.PDF 轉檔開始 ***
2025/4/18 上午 11:19:47--> 已轉入卷宗區 T200980.1725.CUS.PDF
2025/4/18 上午 11:19:48*** 客戶函 T201839.1725.CUS.PDF 轉檔開始 ***
2025/4/18 上午 11:19:56--> 已轉入卷宗區 T201839.1725.CUS.PDF
2025/4/18 上午 11:19:57*** 客戶函 T199022.1725.CUS.PDF 轉檔開始 ***
2025/4/18 上午 11:20:05--> 已轉入卷宗區 T199022.1725.CUS.PDF
2025/4/18 上午 11:20:06*** 客戶函 T202766.1725.CUS.PDF 轉檔開始 ***
2025/4/18 上午 11:20:13--> 已轉入卷宗區 T202766.1725.CUS.PDF
2025/4/18 上午 11:20:14*** 客戶函 T091742.1725.CUS.PDF 轉檔開始 ***
2025/4/18 上午 11:20:22--> 已轉入卷宗區 T091742.1725.CUS.PDF
2025/4/18 上午 11:20:23*** 客戶函 T144940.1725.CUS.PDF 轉檔開始 ***
2025/4/18 上午 11:20:30--> 已轉入卷宗區 T144940.1725.CUS.PDF
2025/4/18 上午 11:20:31*** 客戶函 T144948.1725.CUS.PDF 轉檔開始 ***
2025/4/18 上午 11:20:39--> 已轉入卷宗區 T144948.1725.CUS.PDF
2025/4/18 上午 11:20:40*** 客戶函 T199224.1725.CUS.PDF 轉檔開始 ***
2025/4/18 上午 11:20:47--> 已轉入卷宗區 T199224.1725.CUS.PDF
2025/4/18 上午 11:20:49*** 客戶函 T089895.1725.CUS.PDF 轉檔開始 ***
2025/4/18 上午 11:20:56--> 已轉入卷宗區 T089895.1725.CUS.PDF
2025/4/18 上午 11:20:57*** 客戶函 T196485.1725.CUS.PDF 轉檔開始 ***
2025/4/18 上午 11:21:04--> 已轉入卷宗區 T196485.1725.CUS.PDF
2025/4/18 上午 11:21:06*** 客戶函 T092499.1725.CUS.PDF 轉檔開始 ***
2025/4/18 上午 11:21:13--> 已轉入卷宗區 T092499.1725.CUS.PDF
2025/4/18 上午 11:21:14*** 客戶函 T212266.1725.CUS.PDF 轉檔開始 ***
2025/4/18 上午 11:21:22--> 已轉入卷宗區 T212266.1725.CUS.PDF
2025/4/18 上午 11:21:23*** 客戶函 T199220.1725.CUS.PDF 轉檔開始 ***
2025/4/18 上午 11:21:30--> 已轉入卷宗區 T199220.1725.CUS.PDF
2025/4/18 上午 11:21:30--> 開始 外專新案認領-批次處理
2025/4/18 上午 11:21:30--> 結束 外專新案認領-批次處理
2025/4/18 上午 11:21:31*** 客戶函 T144370.1725.CUS.PDF 轉檔開始 ***
2025/4/18 上午 11:21:39--> 已轉入卷宗區 T144370.1725.CUS.PDF
2025/4/18 上午 11:21:41*** 客戶函 T199323.1725.CUS.PDF 轉檔開始 ***
2025/4/18 上午 11:21:48--> 已轉入卷宗區 T199323.1725.CUS.PDF
2025/4/18 上午 11:21:49*** 客戶函 T199324.1725.CUS.PDF 轉檔開始 ***
2025/4/18 上午 11:21:56--> 已轉入卷宗區 T199324.1725.CUS.PDF
2025/4/18 上午 11:21:57*** 客戶函 T199325.1725.CUS.PDF 轉檔開始 ***
2025/4/18 上午 11:22:06--> 已轉入卷宗區 T199325.1725.CUS.PDF
2025/4/18 上午 11:22:07*** 客戶函 T228046.1725.CUS.PDF 轉檔開始 ***
2025/4/18 上午 11:22:14--> 已轉入卷宗區 T228046.1725.CUS.PDF
2025/4/18 上午 11:22:16*** 客戶函 T199146.1725.CUS.PDF 轉檔開始 ***
2025/4/18 上午 11:22:23--> 已轉入卷宗區 T199146.1725.CUS.PDF
2025/4/18 上午 11:22:24*** 客戶函 T142363.1725.CUS.PDF 轉檔開始 ***
2025/4/18 上午 11:22:31--> 已轉入卷宗區 T142363.1725.CUS.PDF
2025/4/18 上午 11:22:33*** 客戶函 T199035.1725.CUS.PDF 轉檔開始 ***
2025/4/18 上午 11:22:40--> 已轉入卷宗區 T199035.1725.CUS.PDF
2025/4/18 上午 11:22:41*** 客戶函 T199036.1725.CUS.PDF 轉檔開始 ***
2025/4/18 上午 11:22:48--> 已轉入卷宗區 T199036.1725.CUS.PDF
2025/4/18 上午 11:22:49*** 客戶函 T199037.1725.CUS.PDF 轉檔開始 ***
2025/4/18 上午 11:22:56--> 已轉入卷宗區 T199037.1725.CUS.PDF
2025/4/18 上午 11:22:57*** 客戶函 T199038.1725.CUS.PDF 轉檔開始 ***
2025/4/18 上午 11:23:04--> 已轉入卷宗區 T199038.1725.CUS.PDF
2025/4/18 上午 11:23:05*** 客戶函 T199039.1725.CUS.PDF 轉檔開始 ***
2025/4/18 上午 11:23:12--> 已轉入卷宗區 T199039.1725.CUS.PDF
2025/4/18 上午 11:23:14*** 客戶函 T199040.1725.CUS.PDF 轉檔開始 ***
2025/4/18 上午 11:23:20--> 已轉入卷宗區 T199040.1725.CUS.PDF
2025/4/18 上午 11:23:21*** 客戶函 T199041.1725.CUS.PDF 轉檔開始 ***
2025/4/18 上午 11:23:28--> 已轉入卷宗區 T199041.1725.CUS.PDF
2025/4/18 上午 11:23:30*** 客戶函 T199326.1725.CUS.PDF 轉檔開始 ***
2025/4/18 上午 11:23:36--> 已轉入卷宗區 T199326.1725.CUS.PDF
2025/4/18 上午 11:23:38*** 客戶函 T199327.1725.CUS.PDF 轉檔開始 ***
2025/4/18 上午 11:23:45--> 已轉入卷宗區 T199327.1725.CUS.PDF
2025/4/18 上午 11:23:46*** 客戶函 T199328.1725.CUS.PDF 轉檔開始 ***
2025/4/18 上午 11:23:53--> 已轉入卷宗區 T199328.1725.CUS.PDF
2025/4/18 上午 11:23:55*** 客戶函 T198885.1725.CUS.PDF 轉檔開始 ***
2025/4/18 上午 11:24:02--> 已轉入卷宗區 T198885.1725.CUS.PDF
2025/4/18 上午 11:24:03*** 客戶函 T199075.1725.CUS.PDF 轉檔開始 ***
2025/4/18 上午 11:24:10--> 已轉入卷宗區 T199075.1725.CUS.PDF
2025/4/18 上午 11:24:11*** 客戶函 T199197.1725.CUS.PDF 轉檔開始 ***
2025/4/18 上午 11:24:18--> 已轉入卷宗區 T199197.1725.CUS.PDF
2025/4/18 上午 11:24:20*** 客戶函 T199198.1725.CUS.PDF 轉檔開始 ***
2025/4/18 上午 11:24:27--> 已轉入卷宗區 T199198.1725.CUS.PDF
2025/4/18 上午 11:24:29*** 客戶函 T199199.1725.CUS.PDF 轉檔開始 ***
2025/4/18 上午 11:24:36--> 已轉入卷宗區 T199199.1725.CUS.PDF
2025/4/18 上午 11:24:37*** 客戶函 T199202.1725.CUS.PDF 轉檔開始 ***
2025/4/18 上午 11:24:44--> 已轉入卷宗區 T199202.1725.CUS.PDF
2025/4/18 上午 11:24:45*** 客戶函 T199203.1725.CUS.PDF 轉檔開始 ***
2025/4/18 上午 11:24:53--> 已轉入卷宗區 T199203.1725.CUS.PDF
2025/4/18 上午 11:24:54*** 客戶函 T199206.1725.CUS.PDF 轉檔開始 ***
2025/4/18 上午 11:25:03--> 已轉入卷宗區 T199206.1725.CUS.PDF
2025/4/18 上午 11:25:04*** 客戶函 T092648.1725.CUS.PDF 轉檔開始 ***
2025/4/18 上午 11:25:11--> 已轉入卷宗區 T092648.1725.CUS.PDF
2025/4/18 上午 11:25:12*** 客戶函 T198058.1725.CUS.PDF 轉檔開始 ***
2025/4/18 上午 11:25:20--> 已轉入卷宗區 T198058.1725.CUS.PDF
2025/4/18 上午 11:25:21*** 客戶函 T197673.1725.CUS.PDF 轉檔開始 ***
2025/4/18 上午 11:25:29--> 已轉入卷宗區 T197673.1725.CUS.PDF
2025/4/18 上午 11:25:30*** 客戶函 T145491.1725.CUS.PDF 轉檔開始 ***
2025/4/18 上午 11:25:37--> 已轉入卷宗區 T145491.1725.CUS.PDF
2025/4/18 上午 11:25:38*** 客戶函 T145970.1725.CUS.PDF 轉檔開始 ***
2025/4/18 上午 11:25:45--> 已轉入卷宗區 T145970.1725.CUS.PDF
2025/4/18 上午 11:25:47*** 客戶函 T199181.1725.CUS.PDF 轉檔開始 ***
2025/4/18 上午 11:25:54--> 已轉入卷宗區 T199181.1725.CUS.PDF
2025/4/18 上午 11:25:55*** 客戶函 T199182.1725.CUS.PDF 轉檔開始 ***
2025/4/18 上午 11:26:02--> 已轉入卷宗區 T199182.1725.CUS.PDF
2025/4/18 上午 11:26:04*** 客戶函 T199183.1725.CUS.PDF 轉檔開始 ***
2025/4/18 上午 11:26:11--> 已轉入卷宗區 T199183.1725.CUS.PDF
2025/4/18 上午 11:26:12*** 客戶函 T199184.1725.CUS.PDF 轉檔開始 ***
2025/4/18 上午 11:26:19--> 已轉入卷宗區 T199184.1725.CUS.PDF
2025/4/18 上午 11:26:20*** 客戶函 T201778.1725.CUS.PDF 轉檔開始 ***
2025/4/18 上午 11:26:27--> 已轉入卷宗區 T201778.1725.CUS.PDF
2025/4/18 上午 11:26:29*** 客戶函 T146236.1725.CUS.PDF 轉檔開始 ***
2025/4/18 上午 11:26:36--> 已轉入卷宗區 T146236.1725.CUS.PDF
2025/4/18 上午 11:26:37*** 客戶函 T199225.1725.CUS.PDF 轉檔開始 ***
2025/4/18 上午 11:26:44--> 已轉入卷宗區 T199225.1725.CUS.PDF
2025/4/18 上午 11:26:46*** 客戶函 T198900.1725.CUS.PDF 轉檔開始 ***
2025/4/18 上午 11:26:53--> 已轉入卷宗區 T198900.1725.CUS.PDF
2025/4/18 上午 11:26:53--> 較早訊息移入LOG檔(100)
2025/4/18 上午 11:26:54*** 客戶函 T199670.1725.CUS.PDF 轉檔開始 ***
2025/4/18 上午 11:27:02--> 已轉入卷宗區 T199670.1725.CUS.PDF
2025/4/18 上午 11:27:03*** 客戶函 T037102.1725.CUS.PDF 轉檔開始 ***
2025/4/18 上午 11:27:11--> 已轉入卷宗區 T037102.1725.CUS.PDF
2025/4/18 上午 11:27:13*** 客戶函 T105555.1725.CUS.PDF 轉檔開始 ***
2025/4/18 上午 11:27:20--> 已轉入卷宗區 T105555.1725.CUS.PDF
2025/4/18 上午 11:27:22*** 客戶函 T108083.1725.CUS.PDF 轉檔開始 ***
2025/4/18 上午 11:27:29--> 已轉入卷宗區 T108083.1725.CUS.PDF
2025/4/18 上午 11:27:31*** 客戶函 T199513.1725.CUS.PDF 轉檔開始 ***
2025/4/18 上午 11:27:38--> 已轉入卷宗區 T199513.1725.CUS.PDF
2025/4/18 上午 11:27:39*** 客戶函 T199514.1725.CUS.PDF 轉檔開始 ***
2025/4/18 上午 11:27:46--> 已轉入卷宗區 T199514.1725.CUS.PDF
2025/4/18 上午 11:27:48*** 客戶函 T197210.1725.CUS.PDF 轉檔開始 ***
2025/4/18 上午 11:27:55--> 已轉入卷宗區 T197210.1725.CUS.PDF
2025/4/18 上午 11:27:56*** 客戶函 T198031.1725.CUS.PDF 轉檔開始 ***
2025/4/18 上午 11:28:05--> 已轉入卷宗區 T198031.1725.CUS.PDF
2025/4/18 上午 11:28:06*** 客戶函 T198032.1725.CUS.PDF 轉檔開始 ***
2025/4/18 上午 11:28:13--> 已轉入卷宗區 T198032.1725.CUS.PDF
2025/4/18 上午 11:28:14*** 客戶函 T198497.1725.CUS.PDF 轉檔開始 ***
2025/4/18 上午 11:28:22--> 已轉入卷宗區 T198497.1725.CUS.PDF
2025/4/18 上午 11:28:23*** 客戶函 T145753.1725.CUS.PDF 轉檔開始 ***
2025/4/18 上午 11:28:31--> 已轉入卷宗區 T145753.1725.CUS.PDF
2025/4/18 上午 11:28:31--> 開始 檢查待執行紀錄 (Morgan)
2025/4/18 上午 11:28:32--> 結束 檢查待執行紀錄 (Morgan)
2025/4/18 上午 11:28:32--> 開始 寄發 QPGMR 郵件暫存 (Morgan)
2025/4/18 上午 11:28:34--> 結束 寄發 QPGMR 郵件暫存 (Morgan)
2025/4/18 上午 11:28:34--> 開始 FCP案件命名通知信
2025/4/18 上午 11:28:34*** 客戶函 T144571.1725.CUS.PDF 轉檔開始 ***
2025/4/18 上午 11:28:41--> 已轉入卷宗區 T144571.1725.CUS.PDF
2025/4/18 上午 11:28:43*** 客戶函 T199512.1725.CUS.PDF 轉檔開始 ***
2025/4/18 上午 11:28:51--> 已轉入卷宗區 T199512.1725.CUS.PDF
2025/4/18 上午 11:28:52*** 客戶函 T145062.1725.CUS.PDF 轉檔開始 ***
2025/4/18 上午 11:28:59--> 已轉入卷宗區 T145062.1725.CUS.PDF
2025/4/18 上午 11:29:00--> 已逾期通知：FCP-073614新案命名 收件者: A0022;B2036;A4029 副本:85033
2025/4/18 上午 11:29:01*** 客戶函 T199170.1725.CUS.PDF 轉檔開始 ***
2025/4/18 上午 11:29:08--> 已轉入卷宗區 T199170.1725.CUS.PDF
2025/4/18 上午 11:29:08--> 到期前通知：FCP-073615新案命名 收件者: 87003;B3009
2025/4/18 上午 11:29:08--> 結束 FCP案件命名通知信
2025/4/18 上午 11:29:10*** 客戶函 T198994.1725.CUS.PDF 轉檔開始 ***
2025/4/18 上午 11:29:17--> 已轉入卷宗區 T198994.1725.CUS.PDF
2025/4/18 上午 11:29:18*** 客戶函 T147774.1725.CUS.PDF 轉檔開始 ***
2025/4/18 上午 11:29:25--> 已轉入卷宗區 T147774.1725.CUS.PDF
2025/4/18 上午 11:29:27*** 客戶函 T147775.1725.CUS.PDF 轉檔開始 ***
2025/4/18 上午 11:29:34--> 已轉入卷宗區 T147775.1725.CUS.PDF
2025/4/18 上午 11:29:35*** 客戶函 T199624.1725.CUS.PDF 轉檔開始 ***
2025/4/18 上午 11:29:43--> 已轉入卷宗區 T199624.1725.CUS.PDF
2025/4/18 上午 11:29:44*** 客戶函 T198950.1725.CUS.PDF 轉檔開始 ***
2025/4/18 上午 11:29:51--> 已轉入卷宗區 T198950.1725.CUS.PDF
2025/4/18 上午 11:29:52*** 客戶函 T197724.1725.CUS.PDF 轉檔開始 ***
2025/4/18 上午 11:29:59--> 已轉入卷宗區 T197724.1725.CUS.PDF
2025/4/18 上午 11:30:00*** 客戶函 T038463.1725.CUS.PDF 轉檔開始 ***
2025/4/18 上午 11:30:09--> 已轉入卷宗區 T038463.1725.CUS.PDF
2025/4/18 上午 11:30:10*** 客戶函 T092982.1725.CUS.PDF 轉檔開始 ***
2025/4/18 上午 11:30:17--> 已轉入卷宗區 T092982.1725.CUS.PDF
2025/4/18 上午 11:30:19*** 客戶函 T197004.1725.CUS.PDF 轉檔開始 ***
2025/4/18 上午 11:30:27--> 已轉入卷宗區 T197004.1725.CUS.PDF
2025/4/18 上午 11:30:28*** 客戶函 T197773.1725.CUS.PDF 轉檔開始 ***
2025/4/18 上午 11:30:35--> 已轉入卷宗區 T197773.1725.CUS.PDF
2025/4/18 上午 11:30:37*** 客戶函 T199097.1725.CUS.PDF 轉檔開始 ***
2025/4/18 上午 11:30:45--> 已轉入卷宗區 T199097.1725.CUS.PDF
2025/4/18 上午 11:30:46*** 客戶函 T199679.1725.CUS.PDF 轉檔開始 ***
2025/4/18 上午 11:30:54--> 已轉入卷宗區 T199679.1725.CUS.PDF
2025/4/18 上午 11:30:55*** 客戶函 T199680.1725.CUS.PDF 轉檔開始 ***
2025/4/18 上午 11:31:02--> 已轉入卷宗區 T199680.1725.CUS.PDF
2025/4/18 上午 11:31:03*** 客戶函 T197301.1725.CUS.PDF 轉檔開始 ***
2025/4/18 上午 11:31:11--> 已轉入卷宗區 T197301.1725.CUS.PDF
2025/4/18 上午 11:31:12*** 客戶函 T197302.1725.CUS.PDF 轉檔開始 ***
2025/4/18 上午 11:31:19--> 已轉入卷宗區 T197302.1725.CUS.PDF
2025/4/18 上午 11:31:20*** 客戶函 T197303.1725.CUS.PDF 轉檔開始 ***
2025/4/18 上午 11:31:28--> 已轉入卷宗區 T197303.1725.CUS.PDF
2025/4/18 上午 11:31:29*** 客戶函 T222481.1725.CUS.PDF 轉檔開始 ***
2025/4/18 上午 11:31:38--> 已轉入卷宗區 T222481.1725.CUS.PDF
2025/4/18 上午 11:31:39*** 客戶函 T145389.1725.CUS.PDF 轉檔開始 ***
2025/4/18 上午 11:31:46--> 已轉入卷宗區 T145389.1725.CUS.PDF
2025/4/18 上午 11:31:48*** 客戶函 T146202.1725.CUS.PDF 轉檔開始 ***
2025/4/18 上午 11:31:55--> 已轉入卷宗區 T146202.1725.CUS.PDF
2025/4/18 上午 11:31:56*** 客戶函 T197927.1725.CUS.PDF 轉檔開始 ***
2025/4/18 上午 11:32:03--> 已轉入卷宗區 T197927.1725.CUS.PDF
2025/4/18 上午 11:32:04*** 客戶函 T144739.1725.CUS.PDF 轉檔開始 ***
2025/4/18 上午 11:32:12--> 已轉入卷宗區 T144739.1725.CUS.PDF
2025/4/18 上午 11:32:13*** 客戶函 T144740.1725.CUS.PDF 轉檔開始 ***
2025/4/18 上午 11:32:20--> 已轉入卷宗區 T144740.1725.CUS.PDF
2025/4/18 上午 11:32:21*** 客戶函 T144741.1725.CUS.PDF 轉檔開始 ***
2025/4/18 上午 11:32:28--> 已轉入卷宗區 T144741.1725.CUS.PDF
2025/4/18 上午 11:32:29*** 客戶函 T144742.1725.CUS.PDF 轉檔開始 ***
2025/4/18 上午 11:32:36--> 已轉入卷宗區 T144742.1725.CUS.PDF
2025/4/18 上午 11:32:38*** 客戶函 T144743.1725.CUS.PDF 轉檔開始 ***
2025/4/18 上午 11:32:45--> 已轉入卷宗區 T144743.1725.CUS.PDF
2025/4/18 上午 11:32:47*** 客戶函 T145297.1725.CUS.PDF 轉檔開始 ***
2025/4/18 上午 11:32:54--> 已轉入卷宗區 T145297.1725.CUS.PDF
2025/4/18 上午 11:32:56*** 客戶函 T155230.1725.CUS.PDF 轉檔開始 ***
2025/4/18 上午 11:33:04--> 已轉入卷宗區 T155230.1725.CUS.PDF
2025/4/18 上午 11:33:05*** 客戶函 T145590.1725.CUS.PDF 轉檔開始 ***
2025/4/18 上午 11:33:12--> 已轉入卷宗區 T145590.1725.CUS.PDF
2025/4/18 上午 11:33:13*** 客戶函 T199371.1725.CUS.PDF 轉檔開始 ***
2025/4/18 上午 11:33:20--> 已轉入卷宗區 T199371.1725.CUS.PDF
2025/4/18 上午 11:33:22*** 客戶函 T199372.1725.CUS.PDF 轉檔開始 ***
2025/4/18 上午 11:33:28--> 已轉入卷宗區 T199372.1725.CUS.PDF
2025/4/18 上午 11:33:29--> 較早訊息移入LOG檔(100)
2025/4/18 上午 11:33:30*** 客戶函 T199373.1725.CUS.PDF 轉檔開始 ***
2025/4/18 上午 11:33:37--> 已轉入卷宗區 T199373.1725.CUS.PDF
2025/4/18 上午 11:33:39*** 客戶函 T199374.1725.CUS.PDF 轉檔開始 ***
2025/4/18 上午 11:33:46--> 已轉入卷宗區 T199374.1725.CUS.PDF
2025/4/18 上午 11:33:47*** 客戶函 T199375.1725.CUS.PDF 轉檔開始 ***
2025/4/18 上午 11:33:54--> 已轉入卷宗區 T199375.1725.CUS.PDF
2025/4/18 上午 11:33:56*** 客戶函 T199376.1725.CUS.PDF 轉檔開始 ***
2025/4/18 上午 11:34:03--> 已轉入卷宗區 T199376.1725.CUS.PDF
2025/4/18 上午 11:34:04*** 客戶函 T199377.1725.CUS.PDF 轉檔開始 ***
2025/4/18 上午 11:34:13--> 已轉入卷宗區 T199377.1725.CUS.PDF
2025/4/18 上午 11:34:13--> 開始 檢查待執行紀錄 (Morgan)
2025/4/18 上午 11:34:13--> 結束 檢查待執行紀錄 (Morgan)
2025/4/18 上午 11:34:13--> 開始 寄發 QPGMR 郵件暫存 (Morgan)
2025/4/18 上午 11:34:13--> 結束 寄發 QPGMR 郵件暫存 (Morgan)
2025/4/18 上午 11:34:13--> 開始 FCP案件命名通知信
2025/4/18 上午 11:34:13--> 結束 FCP案件命名通知信
2025/4/18 上午 11:34:14*** 客戶函 T199379.1725.CUS.PDF 轉檔開始 ***
2025/4/18 上午 11:34:21--> 已轉入卷宗區 T199379.1725.CUS.PDF
2025/4/18 上午 11:34:22*** 客戶函 T199380.1725.CUS.PDF 轉檔開始 ***
2025/4/18 上午 11:34:30--> 已轉入卷宗區 T199380.1725.CUS.PDF
2025/4/18 上午 11:34:31*** 客戶函 T199381.1725.CUS.PDF 轉檔開始 ***
2025/4/18 上午 11:34:38--> 已轉入卷宗區 T199381.1725.CUS.PDF
2025/4/18 上午 11:34:40*** 客戶函 T199382.1725.CUS.PDF 轉檔開始 ***
2025/4/18 上午 11:34:47--> 已轉入卷宗區 T199382.1725.CUS.PDF
2025/4/18 上午 11:34:48*** 客戶函 T199383.1725.CUS.PDF 轉檔開始 ***
2025/4/18 上午 11:34:55--> 已轉入卷宗區 T199383.1725.CUS.PDF
2025/4/18 上午 11:34:56*** 客戶函 T199384.1725.CUS.PDF 轉檔開始 ***
2025/4/18 上午 11:35:04--> 已轉入卷宗區 T199384.1725.CUS.PDF
2025/4/18 上午 11:35:05*** 客戶函 T167445.1725.CUS.PDF 轉檔開始 ***
2025/4/18 上午 11:35:13--> 已轉入卷宗區 T167445.1725.CUS.PDF
2025/4/18 上午 11:35:14*** 客戶函 T143533.1725.CUS.PDF 轉檔開始 ***
2025/4/18 上午 11:35:21--> 已轉入卷宗區 T143533.1725.CUS.PDF
2025/4/18 上午 11:35:23*** 客戶函 T144665.1725.CUS.PDF 轉檔開始 ***
2025/4/18 上午 11:35:30--> 已轉入卷宗區 T144665.1725.CUS.PDF
2025/4/18 上午 11:35:31*** 客戶函 T144667.1725.CUS.PDF 轉檔開始 ***
2025/4/18 上午 11:35:38--> 已轉入卷宗區 T144667.1725.CUS.PDF
2025/4/18 上午 11:35:39*** 客戶函 T145144.1725.CUS.PDF 轉檔開始 ***
2025/4/18 上午 11:35:46--> 已轉入卷宗區 T145144.1725.CUS.PDF
2025/4/18 上午 11:35:48*** 客戶函 T199451.1725.CUS.PDF 轉檔開始 ***
2025/4/18 上午 11:35:55--> 已轉入卷宗區 T199451.1725.CUS.PDF
2025/4/18 上午 11:35:56*** 客戶函 T199096.1725.CUS.PDF 轉檔開始 ***
2025/4/18 上午 11:36:03--> 已轉入卷宗區 T199096.1725.CUS.PDF
2025/4/18 上午 11:36:05*** 客戶函 T197743.1725.CUS.PDF 轉檔開始 ***
2025/4/18 上午 11:36:12--> 已轉入卷宗區 T197743.1725.CUS.PDF
2025/4/18 上午 11:36:13*** 客戶函 T198800.1725.CUS.PDF 轉檔開始 ***
2025/4/18 上午 11:36:21--> 已轉入卷宗區 T198800.1725.CUS.PDF
2025/4/18 上午 11:36:22*** 客戶函 T198801.1725.CUS.PDF 轉檔開始 ***
2025/4/18 上午 11:36:29--> 已轉入卷宗區 T198801.1725.CUS.PDF
2025/4/18 上午 11:36:31*** 客戶函 T197851.1725.CUS.PDF 轉檔開始 ***
2025/4/18 上午 11:36:38--> 已轉入卷宗區 T197851.1725.CUS.PDF
2025/4/18 上午 11:36:39*** 客戶函 T199362.1725.CUS.PDF 轉檔開始 ***
2025/4/18 上午 11:36:46--> 已轉入卷宗區 T199362.1725.CUS.PDF
2025/4/18 上午 11:36:47*** 客戶函 T207910.1725.CUS.PDF 轉檔開始 ***
2025/4/18 上午 11:36:55--> 已轉入卷宗區 T207910.1725.CUS.PDF
2025/4/18 上午 11:36:56*** 客戶函 T207918.1725.CUS.PDF 轉檔開始 ***
2025/4/18 上午 11:37:03--> 已轉入卷宗區 T207918.1725.CUS.PDF
2025/4/18 上午 11:37:04*** 客戶函 T145965.1725.CUS.PDF 轉檔開始 ***
2025/4/18 上午 11:37:12--> 已轉入卷宗區 T145965.1725.CUS.PDF
2025/4/18 上午 11:37:13*** 客戶函 T145966.1725.CUS.PDF 轉檔開始 ***
2025/4/18 上午 11:37:21--> 已轉入卷宗區 T145966.1725.CUS.PDF
2025/4/18 上午 11:37:22*** 客戶函 T145971.1725.CUS.PDF 轉檔開始 ***
2025/4/18 上午 11:37:30--> 已轉入卷宗區 T145971.1725.CUS.PDF
2025/4/18 上午 11:37:32*** 客戶函 T199000.1725.CUS.PDF 轉檔開始 ***
2025/4/18 上午 11:37:39--> 已轉入卷宗區 T199000.1725.CUS.PDF
2025/4/18 上午 11:37:40*** 客戶函 T145233.1725.CUS.PDF 轉檔開始 ***
2025/4/18 上午 11:37:47--> 已轉入卷宗區 T145233.1725.CUS.PDF
2025/4/18 上午 11:37:49*** 客戶函 T198958.1725.CUS.PDF 轉檔開始 ***
2025/4/18 上午 11:37:56--> 已轉入卷宗區 T198958.1725.CUS.PDF
2025/4/18 上午 11:37:57*** 客戶函 T200487.1725.CUS.PDF 轉檔開始 ***
2025/4/18 上午 11:38:05--> 已轉入卷宗區 T200487.1725.CUS.PDF
2025/4/18 上午 11:38:06*** 客戶函 T200488.1725.CUS.PDF 轉檔開始 ***
2025/4/18 上午 11:38:14--> 已轉入卷宗區 T200488.1725.CUS.PDF
2025/4/18 上午 11:38:15*** 客戶函 T202678.1725.CUS.PDF 轉檔開始 ***
2025/4/18 上午 11:38:22--> 已轉入卷宗區 T202678.1725.CUS.PDF
2025/4/18 上午 11:38:23*** 客戶函 T202679.1725.CUS.PDF 轉檔開始 ***
2025/4/18 上午 11:38:31--> 已轉入卷宗區 T202679.1725.CUS.PDF
2025/4/18 上午 11:38:32--> 開始 外專新案認領-批次處理
2025/4/18 上午 11:38:32--> 結束 外專新案認領-批次處理
2025/4/18 上午 11:38:32*** 客戶函 T221772.1725.CUS.PDF 轉檔開始 ***
2025/4/18 上午 11:38:39--> 已轉入卷宗區 T221772.1725.CUS.PDF
2025/4/18 上午 11:38:41*** 客戶函 T246292.1725.CUS.PDF 轉檔開始 ***
2025/4/18 上午 11:38:48--> 已轉入卷宗區 T246292.1725.CUS.PDF
2025/4/18 上午 11:38:49*** 客戶函 T246293.1725.CUS.PDF 轉檔開始 ***
2025/4/18 上午 11:38:57--> 已轉入卷宗區 T246293.1725.CUS.PDF
2025/4/18 上午 11:38:58*** 客戶函 T246294.1725.CUS.PDF 轉檔開始 ***
2025/4/18 上午 11:39:05--> 已轉入卷宗區 T246294.1725.CUS.PDF
2025/4/18 上午 11:39:07*** 客戶函 T246295.1725.CUS.PDF 轉檔開始 ***
2025/4/18 上午 11:39:15--> 已轉入卷宗區 T246295.1725.CUS.PDF
2025/4/18 上午 11:39:16*** 客戶函 T246296.1725.CUS.PDF 轉檔開始 ***
2025/4/18 上午 11:39:23--> 已轉入卷宗區 T246296.1725.CUS.PDF
2025/4/18 上午 11:39:25*** 客戶函 T144989.1725.CUS.PDF 轉檔開始 ***
2025/4/18 上午 11:39:32--> 已轉入卷宗區 T144989.1725.CUS.PDF
2025/4/18 上午 11:39:34*** 客戶函 T201761.1725.CUS.PDF 轉檔開始 ***
2025/4/18 上午 11:39:41--> 已轉入卷宗區 T201761.1725.CUS.PDF
2025/4/18 上午 11:39:42*** 客戶函 T145987.1725.CUS.PDF 轉檔開始 ***
2025/4/18 上午 11:39:49--> 已轉入卷宗區 T145987.1725.CUS.PDF
2025/4/18 上午 11:39:51*** 客戶函 T145988.1725.CUS.PDF 轉檔開始 ***
2025/4/18 上午 11:39:58--> 已轉入卷宗區 T145988.1725.CUS.PDF
2025/4/18 上午 11:40:00*** 客戶函 T198953.1725.CUS.PDF 轉檔開始 ***
2025/4/18 上午 11:40:09--> 已轉入卷宗區 T198953.1725.CUS.PDF
2025/4/18 上午 11:40:09--> 較早訊息移入LOG檔(100)
2025/4/18 上午 11:40:10*** 客戶函 T198922.1725.CUS.PDF 轉檔開始 ***
2025/4/18 上午 11:40:18--> 已轉入卷宗區 T198922.1725.CUS.PDF
2025/4/18 上午 11:40:19*** 客戶函 T145115.1725.CUS.PDF 轉檔開始 ***
2025/4/18 上午 11:40:26--> 已轉入卷宗區 T145115.1725.CUS.PDF
2025/4/18 上午 11:40:27*** 客戶函 T194686.1725.CUS.PDF 轉檔開始 ***
2025/4/18 上午 11:40:34--> 已轉入卷宗區 T194686.1725.CUS.PDF
2025/4/18 上午 11:40:36*** 客戶函 T194689.1725.CUS.PDF 轉檔開始 ***
2025/4/18 上午 11:40:42--> 已轉入卷宗區 T194689.1725.CUS.PDF
2025/4/18 上午 11:40:44*** 客戶函 T194690.1725.CUS.PDF 轉檔開始 ***
2025/4/18 上午 11:40:51--> 已轉入卷宗區 T194690.1725.CUS.PDF
2025/4/18 上午 11:40:52*** 客戶函 T201152.1725.CUS.PDF 轉檔開始 ***
2025/4/18 上午 11:40:59--> 已轉入卷宗區 T201152.1725.CUS.PDF
2025/4/18 上午 11:41:00*** 客戶函 T201153.1725.CUS.PDF 轉檔開始 ***
2025/4/18 上午 11:41:07--> 已轉入卷宗區 T201153.1725.CUS.PDF
2025/4/18 上午 11:41:09*** 客戶函 T194680.1725.CUS.PDF 轉檔開始 ***
2025/4/18 上午 11:41:16--> 已轉入卷宗區 T194680.1725.CUS.PDF
2025/4/18 上午 11:41:18*** 客戶函 T194681.1725.CUS.PDF 轉檔開始 ***
2025/4/18 上午 11:41:25--> 已轉入卷宗區 T194681.1725.CUS.PDF
2025/4/18 上午 11:41:26*** 客戶函 T194682.1725.CUS.PDF 轉檔開始 ***
2025/4/18 上午 11:41:33--> 已轉入卷宗區 T194682.1725.CUS.PDF
2025/4/18 上午 11:41:34*** 客戶函 T022331.1725.CUS.PDF 轉檔開始 ***
2025/4/18 上午 11:41:35--> 開始 外專新案認領-批次處理
2025/4/18 上午 11:41:35--> 結束 外專新案認領-批次處理
2025/4/18 上午 11:41:42--> 已轉入卷宗區 T022331.1725.CUS.PDF
2025/4/18 上午 11:41:44*** 客戶函 T200404.1725.CUS.PDF 轉檔開始 ***
2025/4/18 上午 11:41:51--> 已轉入卷宗區 T200404.1725.CUS.PDF
2025/4/18 上午 11:41:53*** 客戶函 T200405.1725.CUS.PDF 轉檔開始 ***
2025/4/18 上午 11:41:59--> 已轉入卷宗區 T200405.1725.CUS.PDF
2025/4/18 上午 11:42:01*** 客戶函 T198927.1725.CUS.PDF 轉檔開始 ***
2025/4/18 上午 11:42:08--> 已轉入卷宗區 T198927.1725.CUS.PDF
2025/4/18 上午 11:42:09*** 客戶函 T199031.1725.CUS.PDF 轉檔開始 ***
2025/4/18 上午 11:42:17--> 已轉入卷宗區 T199031.1725.CUS.PDF
2025/4/18 上午 11:42:18*** 客戶函 T199029.1725.CUS.PDF 轉檔開始 ***
2025/4/18 上午 11:42:25--> 已轉入卷宗區 T199029.1725.CUS.PDF
2025/4/18 上午 11:42:27*** 客戶函 T091986.1725.CUS.PDF 轉檔開始 ***
2025/4/18 上午 11:42:34--> 已轉入卷宗區 T091986.1725.CUS.PDF
2025/4/18 上午 11:42:35*** 客戶函 T100348.1725.CUS.PDF 轉檔開始 ***
2025/4/18 上午 11:42:42--> 已轉入卷宗區 T100348.1725.CUS.PDF
2025/4/18 上午 11:42:44*** 客戶函 T100349.1725.CUS.PDF 轉檔開始 ***
2025/4/18 上午 11:42:51--> 已轉入卷宗區 T100349.1725.CUS.PDF
2025/4/18 上午 11:42:52*** 客戶函 T100350.1725.CUS.PDF 轉檔開始 ***
2025/4/18 上午 11:43:00--> 已轉入卷宗區 T100350.1725.CUS.PDF
2025/4/18 上午 11:43:01*** 客戶函 T037577.1725.CUS.PDF 轉檔開始 ***
2025/4/18 上午 11:43:10--> 已轉入卷宗區 T037577.1725.CUS.PDF
2025/4/18 上午 11:43:11*** 客戶函 T093670.1725.CUS.PDF 轉檔開始 ***
2025/4/18 上午 11:43:18--> 已轉入卷宗區 T093670.1725.CUS.PDF
2025/4/18 上午 11:43:19*** 客戶函 T090778.1725.CUS.PDF 轉檔開始 ***
2025/4/18 上午 11:43:27--> 已轉入卷宗區 T090778.1725.CUS.PDF
2025/4/18 上午 11:43:28*** 客戶函 T092025.1725.CUS.PDF 轉檔開始 ***
2025/4/18 上午 11:43:35--> 已轉入卷宗區 T092025.1725.CUS.PDF
2025/4/18 上午 11:43:37*** 客戶函 T199635.1725.CUS.PDF 轉檔開始 ***
2025/4/18 上午 11:43:44--> 已轉入卷宗區 T199635.1725.CUS.PDF
2025/4/18 上午 11:43:46*** 客戶函 T197844.1725.CUS.PDF 轉檔開始 ***
2025/4/18 上午 11:43:53--> 已轉入卷宗區 T197844.1725.CUS.PDF
2025/4/18 上午 11:43:54*** 客戶函 T197972.1725.CUS.PDF 轉檔開始 ***
2025/4/18 上午 11:44:01--> 已轉入卷宗區 T197972.1725.CUS.PDF
2025/4/18 上午 11:44:03*** 客戶函 T197973.1725.CUS.PDF 轉檔開始 ***
2025/4/18 上午 11:44:10--> 已轉入卷宗區 T197973.1725.CUS.PDF
2025/4/18 上午 11:44:11*** 客戶函 T228596.1725.CUS.PDF 轉檔開始 ***
2025/4/18 上午 11:44:18--> 已轉入卷宗區 T228596.1725.CUS.PDF
2025/4/18 上午 11:44:18--> 開始 檢查待執行紀錄 (Morgan)
2025/4/18 上午 11:44:19--> 結束 檢查待執行紀錄 (Morgan)
2025/4/18 上午 11:44:19--> 開始 寄發 QPGMR 郵件暫存 (Morgan)
2025/4/18 上午 11:44:19--> 結束 寄發 QPGMR 郵件暫存 (Morgan)
2025/4/18 上午 11:44:19--> 開始 FCP案件命名通知信
2025/4/18 上午 11:44:19--> 結束 FCP案件命名通知信
2025/4/18 上午 11:44:19*** 客戶函 T199473.1725.CUS.PDF 轉檔開始 ***
2025/4/18 上午 11:44:27--> 已轉入卷宗區 T199473.1725.CUS.PDF
2025/4/18 上午 11:44:28*** 客戶函 T199474.1725.CUS.PDF 轉檔開始 ***
2025/4/18 上午 11:44:35--> 已轉入卷宗區 T199474.1725.CUS.PDF
2025/4/18 上午 11:44:36*** 客戶函 T199475.1725.CUS.PDF 轉檔開始 ***
2025/4/18 上午 11:44:43--> 已轉入卷宗區 T199475.1725.CUS.PDF
2025/4/18 上午 11:44:45*** 客戶函 T199070.1725.CUS.PDF 轉檔開始 ***
2025/4/18 上午 11:44:52--> 已轉入卷宗區 T199070.1725.CUS.PDF
2025/4/18 上午 11:44:53*** 客戶函 T199071.1725.CUS.PDF 轉檔開始 ***
2025/4/18 上午 11:45:00--> 已轉入卷宗區 T199071.1725.CUS.PDF
2025/4/18 上午 11:45:02*** 客戶函 T199409.1725.CUS.PDF 轉檔開始 ***
2025/4/18 上午 11:45:10--> 已轉入卷宗區 T199409.1725.CUS.PDF
2025/4/18 上午 11:45:11*** 客戶函 T198073.1725.CUS.PDF 轉檔開始 ***
2025/4/18 上午 11:45:18--> 已轉入卷宗區 T198073.1725.CUS.PDF
2025/4/18 上午 11:45:20*** 客戶函 T198140.1725.CUS.PDF 轉檔開始 ***
2025/4/18 上午 11:45:27--> 已轉入卷宗區 T198140.1725.CUS.PDF
2025/4/18 上午 11:45:28*** 客戶函 T145447.1725.CUS.PDF 轉檔開始 ***
2025/4/18 上午 11:45:35--> 已轉入卷宗區 T145447.1725.CUS.PDF
2025/4/18 上午 11:45:36*** 客戶函 T145345.1725.CUS.PDF 轉檔開始 ***
2025/4/18 上午 11:45:44--> 已轉入卷宗區 T145345.1725.CUS.PDF
2025/4/18 上午 11:45:45*** 客戶函 T197195.1725.CUS.PDF 轉檔開始 ***
2025/4/18 上午 11:45:52--> 已轉入卷宗區 T197195.1725.CUS.PDF
2025/4/18 上午 11:45:54*** 客戶函 T091587.1725.CUS.PDF 轉檔開始 ***
2025/4/18 上午 11:46:01--> 已轉入卷宗區 T091587.1725.CUS.PDF
2025/4/18 上午 11:46:03*** 客戶函 T198987.1725.CUS.PDF 轉檔開始 ***
2025/4/18 上午 11:46:10--> 已轉入卷宗區 T198987.1725.CUS.PDF
2025/4/18 上午 11:46:11*** 客戶函 T198264.1725.CUS.PDF 轉檔開始 ***
2025/4/18 上午 11:46:18--> 已轉入卷宗區 T198264.1725.CUS.PDF
2025/4/18 上午 11:46:20*** 客戶函 T143616.1725.CUS.PDF 轉檔開始 ***
2025/4/18 上午 11:46:27--> 已轉入卷宗區 T143616.1725.CUS.PDF
2025/4/18 上午 11:46:28*** 客戶函 T198021.1725.CUS.PDF 轉檔開始 ***
2025/4/18 上午 11:46:35--> 已轉入卷宗區 T198021.1725.CUS.PDF
2025/4/18 上午 11:46:36--> 較早訊息移入LOG檔(100)
2025/4/18 上午 11:46:36--> 開始 外專新案認領-批次處理
2025/4/18 上午 11:46:36--> 結束 外專新案認領-批次處理
2025/4/18 上午 11:46:37*** 客戶函 T199412.1725.CUS.PDF 轉檔開始 ***
2025/4/18 上午 11:46:44--> 已轉入卷宗區 T199412.1725.CUS.PDF
2025/4/18 上午 11:46:45*** 客戶函 T199414.1725.CUS.PDF 轉檔開始 ***
2025/4/18 上午 11:46:52--> 已轉入卷宗區 T199414.1725.CUS.PDF
2025/4/18 上午 11:46:54*** 客戶函 T199502.1725.CUS.PDF 轉檔開始 ***
2025/4/18 上午 11:47:01--> 已轉入卷宗區 T199502.1725.CUS.PDF
2025/4/18 上午 11:47:02*** 客戶函 T201006.1725.CUS.PDF 轉檔開始 ***
2025/4/18 上午 11:47:09--> 已轉入卷宗區 T201006.1725.CUS.PDF
2025/4/18 上午 11:47:10*** 客戶函 T141340.1725.CUS.PDF 轉檔開始 ***
2025/4/18 上午 11:47:18--> 已轉入卷宗區 T141340.1725.CUS.PDF
2025/4/18 上午 11:47:19*** 客戶函 T194709.1725.CUS.PDF 轉檔開始 ***
2025/4/18 上午 11:47:26--> 已轉入卷宗區 T194709.1725.CUS.PDF
2025/4/18 上午 11:47:27*** 客戶函 T200244.1725.CUS.PDF 轉檔開始 ***
2025/4/18 上午 11:47:34--> 已轉入卷宗區 T200244.1725.CUS.PDF
2025/4/18 上午 11:47:35*** 客戶函 T202070.1725.CUS.PDF 轉檔開始 ***
2025/4/18 上午 11:47:43--> 已轉入卷宗區 T202070.1725.CUS.PDF
2025/4/18 上午 11:47:44*** 客戶函 T199617.1725.CUS.PDF 轉檔開始 ***
2025/4/18 上午 11:47:52--> 已轉入卷宗區 T199617.1725.CUS.PDF
2025/4/18 上午 11:47:53*** 客戶函 T199620.1725.CUS.PDF 轉檔開始 ***
2025/4/18 上午 11:48:00--> 已轉入卷宗區 T199620.1725.CUS.PDF
2025/4/18 上午 11:48:01*** 客戶函 T199621.1725.CUS.PDF 轉檔開始 ***
2025/4/18 上午 11:48:09--> 已轉入卷宗區 T199621.1725.CUS.PDF
2025/4/18 上午 11:48:10*** 客戶函 T199623.1725.CUS.PDF 轉檔開始 ***
2025/4/18 上午 11:48:17--> 已轉入卷宗區 T199623.1725.CUS.PDF
2025/4/18 上午 11:48:18*** 客戶函 T145300.1725.CUS.PDF 轉檔開始 ***
2025/4/18 上午 11:48:26--> 已轉入卷宗區 T145300.1725.CUS.PDF
2025/4/18 上午 11:48:27*** 客戶函 T199013.1725.CUS.PDF 轉檔開始 ***
2025/4/18 上午 11:48:34--> 已轉入卷宗區 T199013.1725.CUS.PDF
2025/4/18 上午 11:48:36*** 客戶函 T144473.1725.CUS.PDF 轉檔開始 ***
2025/4/18 上午 11:48:43--> 已轉入卷宗區 T144473.1725.CUS.PDF
2025/4/18 上午 11:48:44*** 客戶函 T147914.1725.CUS.PDF 轉檔開始 ***
2025/4/18 上午 11:48:52--> 已轉入卷宗區 T147914.1725.CUS.PDF
2025/4/18 上午 11:48:54*** 客戶函 T199422.1725.CUS.PDF 轉檔開始 ***
2025/4/18 上午 11:49:01--> 已轉入卷宗區 T199422.1725.CUS.PDF
2025/4/18 上午 11:49:02*** 客戶函 T202552.1725.CUS.PDF 轉檔開始 ***
2025/4/18 上午 11:49:09--> 已轉入卷宗區 T202552.1725.CUS.PDF
2025/4/18 上午 11:49:11*** 客戶函 T225226.1725.CUS.PDF 轉檔開始 ***
2025/4/18 上午 11:49:17--> 已轉入卷宗區 T225226.1725.CUS.PDF
2025/4/18 上午 11:49:19*** 客戶函 T225227.1725.CUS.PDF 轉檔開始 ***
2025/4/18 上午 11:49:27--> 已轉入卷宗區 T225227.1725.CUS.PDF
2025/4/18 上午 11:49:28*** 客戶函 T225228.1725.CUS.PDF 轉檔開始 ***
2025/4/18 上午 11:49:35--> 已轉入卷宗區 T225228.1725.CUS.PDF
2025/4/18 上午 11:49:36*** 客戶函 T225231.1725.CUS.PDF 轉檔開始 ***
2025/4/18 上午 11:49:43--> 已轉入卷宗區 T225231.1725.CUS.PDF
2025/4/18 上午 11:49:44*** 客戶函 T225263.1725.CUS.PDF 轉檔開始 ***
2025/4/18 上午 11:49:53--> 已轉入卷宗區 T225263.1725.CUS.PDF
2025/4/18 上午 11:49:54*** 客戶函 T225264.1725.CUS.PDF 轉檔開始 ***
2025/4/18 上午 11:50:01--> 已轉入卷宗區 T225264.1725.CUS.PDF
2025/4/18 上午 11:50:03*** 客戶函 T225267.1725.CUS.PDF 轉檔開始 ***
2025/4/18 上午 11:50:10--> 已轉入卷宗區 T225267.1725.CUS.PDF
2025/4/18 上午 11:50:12*** 客戶函 T225268.1725.CUS.PDF 轉檔開始 ***
2025/4/18 上午 11:50:19--> 已轉入卷宗區 T225268.1725.CUS.PDF
2025/4/18 上午 11:50:20*** 客戶函 T225269.1725.CUS.PDF 轉檔開始 ***
2025/4/18 上午 11:50:27--> 已轉入卷宗區 T225269.1725.CUS.PDF
2025/4/18 上午 11:50:28*** 客戶函 T225298.1725.CUS.PDF 轉檔開始 ***
2025/4/18 上午 11:50:35--> 已轉入卷宗區 T225298.1725.CUS.PDF
2025/4/18 上午 11:50:36*** 客戶函 T225299.1725.CUS.PDF 轉檔開始 ***
2025/4/18 上午 11:50:44--> 已轉入卷宗區 T225299.1725.CUS.PDF
2025/4/18 上午 11:50:45*** 客戶函 T225300.1725.CUS.PDF 轉檔開始 ***
2025/4/18 上午 11:50:53--> 已轉入卷宗區 T225300.1725.CUS.PDF
2025/4/18 上午 11:50:54*** 客戶函 T225303.1725.CUS.PDF 轉檔開始 ***
2025/4/18 上午 11:51:01--> 已轉入卷宗區 T225303.1725.CUS.PDF
2025/4/18 上午 11:51:03*** 客戶函 T225390.1725.CUS.PDF 轉檔開始 ***
2025/4/18 上午 11:51:10--> 已轉入卷宗區 T225390.1725.CUS.PDF
2025/4/18 上午 11:51:11*** 客戶函 T225421.1725.CUS.PDF 轉檔開始 ***
2025/4/18 上午 11:51:18--> 已轉入卷宗區 T225421.1725.CUS.PDF
2025/4/18 上午 11:51:19*** 客戶函 T145322.1725.CUS.PDF 轉檔開始 ***
2025/4/18 上午 11:51:25--> 已轉入卷宗區 T145322.1725.CUS.PDF
2025/4/18 上午 11:51:27*** 客戶函 T199151.1725.CUS.PDF 轉檔開始 ***
2025/4/18 上午 11:51:33--> 已轉入卷宗區 T199151.1725.CUS.PDF
2025/4/18 上午 11:51:34*** 客戶函 T174958.1725.CUS.PDF 轉檔開始 ***
2025/4/18 上午 11:51:41--> 已轉入卷宗區 T174958.1725.CUS.PDF
2025/4/18 上午 11:51:42*** 客戶函 T093053.1725.CUS.PDF 轉檔開始 ***
2025/4/18 上午 11:51:49--> 已轉入卷宗區 T093053.1725.CUS.PDF
2025/4/18 上午 11:51:50*** 客戶函 T145911.1725.CUS.PDF 轉檔開始 ***
2025/4/18 上午 11:51:58--> 已轉入卷宗區 T145911.1725.CUS.PDF
2025/4/18 上午 11:51:59*** 客戶函 T145913.1725.CUS.PDF 轉檔開始 ***
2025/4/18 上午 11:52:06--> 已轉入卷宗區 T145913.1725.CUS.PDF
2025/4/18 上午 11:52:07*** 客戶函 T198868.1725.CUS.PDF 轉檔開始 ***
2025/4/18 上午 11:52:15--> 已轉入卷宗區 T198868.1725.CUS.PDF
2025/4/18 上午 11:52:16*** 客戶函 T199143.1725.CUS.PDF 轉檔開始 ***
2025/4/18 上午 11:52:23--> 已轉入卷宗區 T199143.1725.CUS.PDF
2025/4/18 上午 11:52:24*** 客戶函 T199797.1725.CUS.PDF 轉檔開始 ***
2025/4/18 上午 11:52:31--> 已轉入卷宗區 T199797.1725.CUS.PDF
2025/4/18 上午 11:52:33*** 客戶函 T199651.1725.CUS.PDF 轉檔開始 ***
2025/4/18 上午 11:52:40--> 已轉入卷宗區 T199651.1725.CUS.PDF
2025/4/18 上午 11:52:41*** 客戶函 T198174.1725.CUS.PDF 轉檔開始 ***
2025/4/18 上午 11:52:48--> 已轉入卷宗區 T198174.1725.CUS.PDF
2025/4/18 上午 11:52:50*** 客戶函 T197910.1725.CUS.PDF 轉檔開始 ***
2025/4/18 上午 11:52:57--> 已轉入卷宗區 T197910.1725.CUS.PDF
2025/4/18 上午 11:52:58*** 客戶函 T197912.1725.CUS.PDF 轉檔開始 ***
2025/4/18 上午 11:53:06--> 已轉入卷宗區 T197912.1725.CUS.PDF
2025/4/18 上午 11:53:07*** 客戶函 T144028.1725.CUS.PDF 轉檔開始 ***
2025/4/18 上午 11:53:14--> 已轉入卷宗區 T144028.1725.CUS.PDF
2025/4/18 上午 11:53:16*** 客戶函 T198832.1725.CUS.PDF 轉檔開始 ***
2025/4/18 上午 11:53:23--> 已轉入卷宗區 T198832.1725.CUS.PDF
2025/4/18 上午 11:53:24*** 客戶函 T198833.1725.CUS.PDF 轉檔開始 ***
2025/4/18 上午 11:53:32--> 已轉入卷宗區 T198833.1725.CUS.PDF
2025/4/18 上午 11:53:32--> 較早訊息移入LOG檔(100)
2025/4/18 上午 11:53:33*** 客戶函 T198834.1725.CUS.PDF 轉檔開始 ***
2025/4/18 上午 11:53:40--> 已轉入卷宗區 T198834.1725.CUS.PDF
2025/4/18 上午 11:53:42*** 客戶函 T198835.1725.CUS.PDF 轉檔開始 ***
2025/4/18 上午 11:53:49--> 已轉入卷宗區 T198835.1725.CUS.PDF
2025/4/18 上午 11:53:50*** 客戶函 T198836.1725.CUS.PDF 轉檔開始 ***
2025/4/18 上午 11:53:57--> 已轉入卷宗區 T198836.1725.CUS.PDF
2025/4/18 上午 11:53:58*** 客戶函 T198837.1725.CUS.PDF 轉檔開始 ***
2025/4/18 上午 11:54:06--> 已轉入卷宗區 T198837.1725.CUS.PDF
2025/4/18 上午 11:54:07*** 客戶函 T199123.1725.CUS.PDF 轉檔開始 ***
2025/4/18 上午 11:54:14--> 已轉入卷宗區 T199123.1725.CUS.PDF
2025/4/18 上午 11:54:15*** 客戶函 T199124.1725.CUS.PDF 轉檔開始 ***
2025/4/18 上午 11:54:22--> 已轉入卷宗區 T199124.1725.CUS.PDF
2025/4/18 上午 11:54:23*** 客戶函 T145337.1725.CUS.PDF 轉檔開始 ***
2025/4/18 上午 11:54:30--> 已轉入卷宗區 T145337.1725.CUS.PDF
2025/4/18 上午 11:54:31*** 客戶函 T143329.1725.CUS.PDF 轉檔開始 ***
2025/4/18 上午 11:54:38--> 已轉入卷宗區 T143329.1725.CUS.PDF
2025/4/18 上午 11:54:39*** 客戶函 T144775.1725.CUS.PDF 轉檔開始 ***
2025/4/18 上午 11:54:46--> 已轉入卷宗區 T144775.1725.CUS.PDF
2025/4/18 上午 11:54:48*** 客戶函 T199089.1725.CUS.PDF 轉檔開始 ***
2025/4/18 上午 11:54:55--> 已轉入卷宗區 T199089.1725.CUS.PDF
2025/4/18 上午 11:54:56*** 客戶函 T197612.1725.CUS.PDF 轉檔開始 ***
2025/4/18 上午 11:55:04--> 已轉入卷宗區 T197612.1725.CUS.PDF
2025/4/18 上午 11:55:05*** 客戶函 T199127.1725.CUS.PDF 轉檔開始 ***
2025/4/18 上午 11:55:12--> 已轉入卷宗區 T199127.1725.CUS.PDF
2025/4/18 上午 11:55:13*** 客戶函 T199432.1725.CUS.PDF 轉檔開始 ***
2025/4/18 上午 11:55:21--> 已轉入卷宗區 T199432.1725.CUS.PDF
2025/4/18 上午 11:55:22*** 客戶函 T148294.1725.CUS.PDF 轉檔開始 ***
2025/4/18 上午 11:55:29--> 已轉入卷宗區 T148294.1725.CUS.PDF
2025/4/18 上午 11:55:30*** 客戶函 T092446.1725.CUS.PDF 轉檔開始 ***
2025/4/18 上午 11:55:37--> 已轉入卷宗區 T092446.1725.CUS.PDF
2025/4/18 上午 11:55:37--> 開始 外專新案認領-批次處理
2025/4/18 上午 11:55:37--> 結束 外專新案認領-批次處理
2025/4/18 上午 11:55:39*** 客戶函 T092495.1725.CUS.PDF 轉檔開始 ***
2025/4/18 上午 11:55:45--> 已轉入卷宗區 T092495.1725.CUS.PDF
2025/4/18 上午 11:55:47*** 客戶函 T199100.1725.CUS.PDF 轉檔開始 ***
2025/4/18 上午 11:55:54--> 已轉入卷宗區 T199100.1725.CUS.PDF
2025/4/18 上午 11:55:55*** 客戶函 T197771.1725.CUS.PDF 轉檔開始 ***
2025/4/18 上午 11:56:02--> 已轉入卷宗區 T197771.1725.CUS.PDF
2025/4/18 上午 11:56:03*** 客戶函 T144576.1725.CUS.PDF 轉檔開始 ***
2025/4/18 上午 11:56:10--> 已轉入卷宗區 T144576.1725.CUS.PDF
2025/4/18 上午 11:56:12*** 客戶函 T144577.1725.CUS.PDF 轉檔開始 ***
2025/4/18 上午 11:56:19--> 已轉入卷宗區 T144577.1725.CUS.PDF
2025/4/18 上午 11:56:21*** 客戶函 T197730.1725.CUS.PDF 轉檔開始 ***
2025/4/18 上午 11:56:28--> 已轉入卷宗區 T197730.1725.CUS.PDF
2025/4/18 上午 11:56:29*** 客戶函 T198156.1725.CUS.PDF 轉檔開始 ***
2025/4/18 上午 11:56:36--> 已轉入卷宗區 T198156.1725.CUS.PDF
2025/4/18 上午 11:56:37*** 客戶函 T198673.1725.CUS.PDF 轉檔開始 ***
2025/4/18 上午 11:56:44--> 已轉入卷宗區 T198673.1725.CUS.PDF
2025/4/18 上午 11:56:46*** 客戶函 T198831.1725.CUS.PDF 轉檔開始 ***
2025/4/18 上午 11:56:53--> 已轉入卷宗區 T198831.1725.CUS.PDF
2025/4/18 上午 11:56:54*** 客戶函 T198957.1725.CUS.PDF 轉檔開始 ***
2025/4/18 上午 11:57:02--> 已轉入卷宗區 T198957.1725.CUS.PDF
2025/4/18 上午 11:57:04*** 客戶函 T202553.1725.CUS.PDF 轉檔開始 ***
2025/4/18 上午 11:57:11--> 已轉入卷宗區 T202553.1725.CUS.PDF
2025/4/18 上午 11:57:13*** 客戶函 T092669.1725.CUS.PDF 轉檔開始 ***
2025/4/18 上午 11:57:21--> 已轉入卷宗區 T092669.1725.CUS.PDF
2025/4/18 上午 11:57:22*** 客戶函 T092671.1725.CUS.PDF 轉檔開始 ***
2025/4/18 上午 11:57:30--> 已轉入卷宗區 T092671.1725.CUS.PDF
2025/4/18 上午 11:57:32*** 客戶函 T092749.1725.CUS.PDF 轉檔開始 ***
2025/4/18 上午 11:57:39--> 已轉入卷宗區 T092749.1725.CUS.PDF
2025/4/18 上午 11:57:41*** 客戶函 T145429.1725.CUS.PDF 轉檔開始 ***
2025/4/18 上午 11:57:49--> 已轉入卷宗區 T145429.1725.CUS.PDF
2025/4/18 上午 11:57:51*** 客戶函 T145039.1725.CUS.PDF 轉檔開始 ***
2025/4/18 上午 11:57:58--> 已轉入卷宗區 T145039.1725.CUS.PDF
2025/4/18 上午 11:57:59*** 客戶函 T185912.1725.CUS.PDF 轉檔開始 ***
2025/4/18 上午 11:58:06--> 已轉入卷宗區 T185912.1725.CUS.PDF
2025/4/18 上午 11:58:39--> 開始 外專新案認領-批次處理
2025/4/18 上午 11:58:39--> 結束 外專新案認領-批次處理
2025/4/18 下午 12:01:01--> 較早訊息移入LOG檔(91)
2025/4/18 下午 12:01:21--> 開始 檢查待執行紀錄 (Morgan)
2025/4/18 下午 12:01:21--> 結束 檢查待執行紀錄 (Morgan)
2025/4/18 下午 12:01:21--> 開始 寄發 QPGMR 郵件暫存 (Morgan)
2025/4/18 下午 12:01:21--> 結束 寄發 QPGMR 郵件暫存 (Morgan)
2025/4/18 下午 12:01:21--> 開始 FCP案件命名通知信
2025/4/18 下午 12:05:39--> 開始 外專新案認領-批次處理
2025/4/18 下午 12:05:40--> 結束 外專新案認領-批次處理
2025/4/18 下午 12:07:17--> 較早訊息移入LOG檔(8)
2025/4/18 下午 12:10:40--> 開始 外專新案認領-批次處理
2025/4/18 下午 12:10:40--> 結束 外專新案認領-批次處理
2025/4/18 下午 12:13:34--> 較早訊息移入LOG檔(3)
2025/4/18 下午 12:15:40--> 開始 外專新案認領-批次處理
2025/4/18 下午 12:15:40--> 結束 外專新案認領-批次處理
2025/4/18 下午 12:19:50--> 較早訊息移入LOG檔(3)
2025/4/18 下午 12:20:40--> 開始 外專新案認領-批次處理
2025/4/18 下午 12:20:40--> 結束 外專新案認領-批次處理
2025/4/18 下午 12:25:40--> 開始 外專新案認領-批次處理
2025/4/18 下午 12:25:40--> 結束 外專新案認領-批次處理
2025/4/18 下午 12:26:07--> 較早訊息移入LOG檔(5)
2025/4/18 下午 12:30:40--> 開始 外專新案認領-批次處理
2025/4/18 下午 12:30:40--> 結束 外專新案認領-批次處理
2025/4/18 下午 12:30:46--> 程式結束
