2025/8/15 上午 09:05:14--> 程式已載入
2025/8/15 上午 09:05:18--> 開始
2025/8/15 上午 09:05:32*** 客戶函 TF000900.1001.CUS.PDF 轉檔開始 ***
2025/8/15 上午 09:05:39--> 已轉入卷宗區 TF000900.1001.CUS.PDF
2025/8/15 上午 09:08:18--> 開始 外專新案認領-批次處理
2025/8/15 上午 09:08:18--> 結束 外專新案認領-批次處理
2025/8/15 上午 09:10:18--> 開始 檢查待執行紀錄 (Morgan)
2025/8/15 上午 09:10:19--> 結束 檢查待執行紀錄 (Morgan)
2025/8/15 上午 09:10:19--> 開始 寄發 QPGMR 郵件暫存 (Morgan)
2025/8/15 上午 09:10:22--> 結束 寄發 QPGMR 郵件暫存 (Morgan)
2025/8/15 上午 09:10:22--> 開始 FCP案件命名通知信
2025/8/15 上午 09:10:22--> 結束 FCP案件命名通知信
2025/8/15 上午 09:11:38--> 較早訊息移入LOG檔(12)
2025/8/15 上午 09:13:18--> 開始 外專新案認領-批次處理
2025/8/15 上午 09:13:18--> 結束 外專新案認領-批次處理
2025/8/15 上午 09:15:22--> 開始 檢查待執行紀錄 (Morgan)
2025/8/15 上午 09:15:22--> 結束 檢查待執行紀錄 (Morgan)
2025/8/15 上午 09:15:22--> 開始 寄發 QPGMR 郵件暫存 (Morgan)
2025/8/15 上午 09:15:23--> 結束 寄發 QPGMR 郵件暫存 (Morgan)
2025/8/15 上午 09:15:23--> 開始 FCP案件命名通知信
2025/8/15 上午 09:15:23--> 結束 FCP案件命名通知信
2025/8/15 上午 09:17:54--> 較早訊息移入LOG檔(9)
2025/8/15 上午 09:18:18--> 開始 外專新案認領-批次處理
2025/8/15 上午 09:18:18--> 結束 外專新案認領-批次處理
2025/8/15 上午 09:20:23--> 開始 檢查待執行紀錄 (Morgan)
2025/8/15 上午 09:20:23--> 結束 檢查待執行紀錄 (Morgan)
2025/8/15 上午 09:20:23--> 開始 寄發 QPGMR 郵件暫存 (Morgan)
2025/8/15 上午 09:20:23--> 結束 寄發 QPGMR 郵件暫存 (Morgan)
2025/8/15 上午 09:20:23--> 開始 FCP案件命名通知信
2025/8/15 上午 09:20:23--> 結束 FCP案件命名通知信
2025/8/15 上午 09:23:18--> 開始 外專新案認領-批次處理
2025/8/15 上午 09:23:18--> 結束 外專新案認領-批次處理
2025/8/15 上午 09:24:11--> 較早訊息移入LOG檔(11)
2025/8/15 上午 09:25:23--> 開始 檢查待執行紀錄 (Morgan)
2025/8/15 上午 09:25:24--> 結束 檢查待執行紀錄 (Morgan)
2025/8/15 上午 09:25:24--> 開始 寄發 QPGMR 郵件暫存 (Morgan)
2025/8/15 上午 09:25:24--> 結束 寄發 QPGMR 郵件暫存 (Morgan)
2025/8/15 上午 09:25:24--> 開始 FCP案件命名通知信
2025/8/15 上午 09:25:24--> 結束 FCP案件命名通知信
2025/8/15 上午 09:28:18--> 開始 外專新案認領-批次處理
2025/8/15 上午 09:28:18--> 結束 外專新案認領-批次處理
2025/8/15 上午 09:30:24--> 開始 檢查待執行紀錄 (Morgan)
2025/8/15 上午 09:30:25--> 結束 檢查待執行紀錄 (Morgan)
2025/8/15 上午 09:30:25--> 開始 寄發 QPGMR 郵件暫存 (Morgan)
2025/8/15 上午 09:30:25--> 結束 寄發 QPGMR 郵件暫存 (Morgan)
2025/8/15 上午 09:30:25--> 開始 FCP案件命名通知信
2025/8/15 上午 09:30:25--> 結束 FCP案件命名通知信
2025/8/15 上午 09:30:28--> 較早訊息移入LOG檔(15)
2025/8/15 上午 09:33:18--> 開始 外專新案認領-批次處理
2025/8/15 上午 09:33:19--> 結束 外專新案認領-批次處理
2025/8/15 上午 09:34:04*** 客戶函 TF000900.1001.CUS.PDF 轉檔開始 ***
2025/8/15 上午 09:34:10--> 已轉入卷宗區 TF000900.1001.CUS.PDF
2025/8/15 上午 09:35:25--> 開始 檢查待執行紀錄 (Morgan)
2025/8/15 上午 09:35:26--> 結束 檢查待執行紀錄 (Morgan)
2025/8/15 上午 09:35:26--> 開始 寄發 QPGMR 郵件暫存 (Morgan)
2025/8/15 上午 09:35:26--> 結束 寄發 QPGMR 郵件暫存 (Morgan)
2025/8/15 上午 09:35:26--> 開始 FCP案件命名通知信
2025/8/15 上午 09:35:26--> 結束 FCP案件命名通知信
2025/8/15 上午 09:36:51--> 較早訊息移入LOG檔(11)
2025/8/15 上午 09:37:49--> 程式結束
