
2015/2/25 13:52:12 檢查程式....
2015/2/25 13:52:12 連線中....
2015/2/25 13:52:13 檢查網路....
2015/2/25 13:52:13 檢查程式更新....
2015/2/25 13:52:13 下載新程式....
2015/2/25 13:52:17 LIBICONV2.DLL  	 => Fail
2015/2/25 13:52:17 PDFTK.EXE  	 => Fail
2015/2/25 13:52:17 檢查下載之新程式....
2015/2/25 13:52:19 檢查程式更新....
2015/2/25 13:52:19 檢查程式更新....
2015/2/25 13:52:19 下載新程式....
2015/2/25 13:52:19 檢查程式....
2015/2/25 13:52:19 閒置中....時間未到...

2015/2/25 13:52:27 檢查程式....
2015/2/25 13:52:27 連線中....
2015/2/25 13:52:27 檢查網路....
2015/2/25 13:52:27 檢查程式更新....
2015/2/25 13:52:27 下載新程式....
2015/2/25 13:52:48 LIBICONV2.DLL  	 => Fail
2015/2/25 13:52:51 PDFTK.EXE  	 => Fail
2015/2/25 13:52:51 檢查下載之新程式....
2015/2/25 13:52:53 檢查程式更新....
2015/2/25 13:52:53 檢查程式更新....
2015/2/25 13:52:53 下載新程式....
2015/2/25 13:52:53 檢查程式....
2015/2/25 13:52:53 閒置中....時間未到...

2015/2/25 13:56:33 檢查程式....
2015/2/25 13:56:33 連線中....
2015/2/25 13:56:34 檢查網路....
2015/2/25 13:56:34 檢查程式更新....
2015/2/25 13:56:42 下載新程式....
2015/2/25 13:56:45 libiconv2.dll.f  	 => OK
2015/2/25 13:56:46 pdftk.exe.f  	 => OK
2015/2/25 13:56:46 檢查下載之新程式....
2015/2/25 13:56:47 檢查程式更新....
2015/2/25 13:56:47 檢查程式更新....
2015/2/25 13:56:47 下載新程式....
2015/2/25 13:56:47 檢查程式....
2015/2/25 13:56:47 閒置中....時間未到...

2015/2/25 13:59:14 檢查程式....
2015/2/25 13:59:14 連線中....
2015/2/25 13:59:15 檢查網路....
2015/2/25 13:59:15 檢查程式更新....
2015/2/25 13:59:15 檢查程式更新....
2015/2/25 13:59:15 檢查程式更新....
2015/2/25 13:59:15 TEACCOUNT.EXE  	 : 20150101000000 => 20150217155255
2015/2/25 13:59:15 下載新程式....
2015/2/25 13:59:19 teaccount.exe.f  	 => OK
2015/2/25 13:59:19 teaccount.exe.f  	 => OK
2015/2/25 13:59:20 teaccount.exe  	 => OK
2015/2/25 13:59:20 檢查程式....
2015/2/25 13:59:20 閒置中....時間未到...

2015/2/25 14:03:20 檢查程式....
2015/2/25 14:03:20 連線中....
2015/2/25 14:03:21 檢查網路....
2015/2/25 14:03:21 檢查程式更新....
2015/2/25 14:03:21 檢查程式更新....
2015/2/25 14:03:21 檢查程式更新....
2015/2/25 14:03:21 TEACCOUNT.EXE  	 : 20150101000000 => 20150217155255
2015/2/25 14:03:21 下載新程式....
2015/2/25 14:03:26 teaccount.exe.f  	 => OK
2015/2/25 14:03:26 teaccount.exe.f  	 => OK
2015/2/25 14:03:26 teaccount.exe  	 => OK
2015/2/25 14:03:26 檢查程式....
2015/2/25 14:03:26 閒置中....時間未到...

2015/2/25 14:03:45 檢查程式....
2015/2/25 14:03:45 連線中....
2015/2/25 14:03:45 檢查網路....
2015/2/25 14:03:45 檢查程式更新....
2015/2/25 14:04:07 檢查程式更新....
2015/2/25 14:04:52 檢查程式更新....
2015/2/25 14:04:52 TEACCOUNT.EXE  	 : 20150101000000 => 20150217155255
2015/2/25 14:04:52 下載新程式....
2015/2/25 14:05:37 teaccount.exe.f  	 => OK
2015/2/25 14:05:37 teaccount.exe.f  	 => OK
2015/2/25 14:05:37 teaccount.exe  	 => OK
2015/2/25 14:05:37 檢查程式....
2015/2/25 14:05:37 閒置中....時間未到...

2015/2/25 14:05:51 1.0.0
2015/2/25 14:05:53 檢查程式....
2015/2/25 14:05:53 閒置中....時間未到...

2015/2/25 14:05:56 檢查程式....
2015/2/25 14:05:56 連線中....
2015/2/25 14:05:57 檢查網路....
2015/2/25 14:05:57 檢查程式更新....
2015/2/25 14:06:04 檢查程式更新....
2015/2/25 14:06:04 檢查程式更新....
2015/2/25 14:06:04 TEACCOUNT.EXE  	 : 20150101000000 => 20150217155255
2015/2/25 14:06:04 下載新程式....
2015/2/25 14:06:24 teaccount.exe.f  	 => OK
2015/2/25 14:06:24 teaccount.exe.f  	 => OK
2015/2/25 14:06:25 teaccount.exe  	 => OK
2015/2/25 14:06:25 檢查程式....
2015/2/25 14:06:25 閒置中....時間未到...

2015/2/25 15:23:51 1.0.0
2015/2/25 15:23:51 檢查程式....

2015/2/26 11:13:14 1.0.0
2015/2/26 11:13:14 檢查程式....
2015/2/26 11:13:15 閒置中....時間未到...

2015/3/2 11:30:26 1.0.0
2015/3/2 11:30:29 檢查程式....
2015/3/2 11:30:36 閒置中....時間未到...

2015/3/2 11:30:43 檢查程式....
2015/3/2 11:30:43 連線中....
2015/3/2 11:30:44 檢查網路....
2015/3/2 11:30:44 檢查程式更新....
2015/3/2 11:30:44 檢查程式更新....
2015/3/2 11:30:44 檢查程式更新....
2015/3/2 11:30:44 teaccount.exe  	 : 20150217155255 => 20150226131752
2015/3/2 11:30:44 下載新程式....
2015/3/2 11:30:49 teaccount.exe.f  	 => OK
2015/3/2 11:30:49 teaccount.exe.f  	 => OK
2015/3/2 11:30:52 teaccount.exe  	 => OK
2015/3/2 11:30:52 檢查程式....
2015/3/2 11:30:52 閒置中....時間未到...
