TranData.frm||389702||20030210124656
FileList.exe||172032||20240816111114
Modtra_var.bas||1099||20010211151322
FCP.oft||16384||20090707113624
TeSalary.exe||10452992||20250227103942
TeAutoBatch.exe||5120000||20250307111318
FCL.oft||14848||20090421162605
FCT.oft||17408||20090707120122
mdlVar.bas||1149||20010210182900
Tefinance.exe||9134080||20250117090532
libiconv2.dll||978432||20041014000820
TeAutoMail.exe||98304||20140121151555
Tecasher.exe||48074752||20250311100135
CHAJEI.TBL||20938||20190521165422
TeAutoUpd.exe||315392||20241213093413
XP_CHAJEI.reg||444||20110316110410
TAIE_LOGO.JPG||25530||20040617135642
Transfer.vbp||1204||20030210124658
sqlnet.log||11289||20190521170747
TePerson.exe||13213696||20250313171236
TeAutoDown.exe||241664||20150302113104
TCEUDCPH.TBL||27320||20241101093158
mdlFun.bas||26874||20030114183736
PHON.TBL||27024||20190521165456
Trigger.tme||28||20070117095136
TeBatchDay.exe||8032256||20250313171020
LogIn.frm||7493||20021007125728
Transfer.PDM||6107||20010202114502
Teaccount.exe||43388928||20250313151728
TCEUDCCJ.TBL||21127||20241101093158
eudccji.tbl||28360||20121016094650
Transfer.vbw||206||20160630153737
MSSCCPRJ.SCC||195||20030424162432
eudctj.tbl||20416||20121015182358
O12.flg||0||20180620013719
ACC1K0.txt||4738||20021010003928
IMTC10.reg||73856||20110103175842
UpdMe.exe||32768||20161222155130
HDACS.dll||585728||20190517101211
XP_PHON.reg||432||20110316110431
TeAutoUpdBranch.exe||245760||20161014162644
EUDC.EUF||40074||20111011164947
TeQuery.exe||42926080||20250311134316
EUDC.TTE||2304686||20241101093125
Tetrademark.exe||82939904||20250310090502
Telaw.exe||72888320||20250307103220
pdftk.exe||8890393||20130729175918
Tefile.exe||47038464||20250311134350
Tewriter.exe||53207040||20250307101605
EzCopy.exe||90112||20181115080140
Tecomputer.exe||71036928||20250313173543
Tetrademark1.exe||83001344||20250312153011
Tepromoter.exe||83972096||20250313173601
background090.jpg||3510||19970809183426
Tepatpro1.exe||86605824||20250313165334
Tepatpro.exe||84975616||20250313172125
TeAutoPdf.exe||5029888||20240327171757
