行號 21: 控制項 ImageList1 的物件類別 MSComctlLib.ImageList 尚未被載入。
行號 79: 控制項 TBar1 的物件類別 MSComctlLib.Toolbar 尚未被載入。
行號 306: 控制項 textECD14 的物件類別 MSForms.TextBox 尚未被載入。
行號 320: 控制項 textECD16 的物件類別 MSForms.TextBox 尚未被載入。
行號 335: 控制項 textECD15 的物件類別 MSForms.TextBox 尚未被載入。
行號 349: 控制項 textECD12 的物件類別 MSForms.TextBox 尚未被載入。
行號 363: 控制項 textECD04 的物件類別 MSForms.TextBox 尚未被載入。
行號 377: 控制項 textECD03 的物件類別 MSForms.TextBox 尚未被載入。
行號 391: 控制項 textECD05 的物件類別 MSForms.TextBox 尚未被載入。
行號 405: 控制項 textECD06 的物件類別 MSForms.TextBox 尚未被載入。
行號 419: 控制項 textECD07 的物件類別 MSForms.TextBox 尚未被載入。
行號 433: 控制項 textECD08 的物件類別 MSForms.TextBox 尚未被載入。
行號 447: 控制項 textECD09 的物件類別 MSForms.TextBox 尚未被載入。
行號 461: 控制項 textECD11 的物件類別 MSForms.TextBox 尚未被載入。
行號 475: 控制項 textECD01 的物件類別 MSForms.TextBox 尚未被載入。
行號 489: 控制項 textECD13 的物件類別 MSForms.TextBox 尚未被載入。
行號 503: 控制項 textECD10 的物件類別 MSForms.TextBox 尚未被載入。
行號 517: 控制項 textECD02 的物件類別 MSForms.TextBox 尚未被載入。
行號 531: 控制項 LabelECD02 的物件類別 MSForms.Label 尚未被載入。
行號 544: 控制項 textECA02 的物件類別 MSForms.TextBox 尚未被載入。
