行號 83: 控制項 lstMailCC 的物件類別 MSForms.ListBox 尚未被載入。
行號 130: 控制項 ImageList1 的物件類別 MSComctlLib.ImageList 尚未被載入。
行號 188: 控制項 tlbar 的物件類別 MSComctlLib.Toolbar 尚未被載入。
行號 303: 控制項 lbePerson 的物件類別 MSForms.Label 尚未被載入。
行號 317: 控制項 cboPerson 的物件類別 MSForms.ComboBox 尚未被載入。
行號 333: 控制項 Text 的物件類別 MSForms.TextBox 尚未被載入。
行號 348: 控制項 Text 的物件類別 MSForms.TextBox 尚未被載入。
行號 363: 控制項 Text1 的物件類別 MSForms.TextBox 尚未被載入。
行號 378: 控制項 Text1 的物件類別 MSForms.TextBox 尚未被載入。
行號 393: 控制項 Text1 的物件類別 MSForms.TextBox 尚未被載入。
行號 408: 控制項 Text2 的物件類別 MSForms.TextBox 尚未被載入。
行號 423: 控制項 Text2 的物件類別 MSForms.TextBox 尚未被載入。
行號 438: 控制項 Text2 的物件類別 MSForms.TextBox 尚未被載入。
行號 453: 控制項 Text 的物件類別 MSForms.TextBox 尚未被載入。
行號 468: 控制項 Text 的物件類別 MSForms.TextBox 尚未被載入。
行號 484: 控制項 Text 的物件類別 MSForms.TextBox 尚未被載入。
行號 499: 控制項 Text 的物件類別 MSForms.TextBox 尚未被載入。
行號 514: 控制項 Label4 的物件類別 MSForms.Label 尚未被載入。
行號 528: 控制項 cboCaseName 的物件類別 MSForms.ComboBox 尚未被載入。
行號 544: 控制項 lbeCusName 的物件類別 MSForms.Label 尚未被載入。
行號 558: 控制項 UIDname 的物件類別 MSForms.Label 尚未被載入。
行號 572: 控制項 IDname 的物件類別 MSForms.Label 尚未被載入。
