行號 78: 控制項 cboGov 的物件類別 MSForms.ComboBox 尚未被載入。
行號 94: 控制項 Text 的物件類別 MSForms.TextBox 尚未被載入。
行號 109: 控制項 Text 的物件類別 MSForms.TextBox 尚未被載入。
行號 124: 控制項 Text2 的物件類別 MSForms.TextBox 尚未被載入。
行號 139: 控制項 Text2 的物件類別 MSForms.TextBox 尚未被載入。
行號 154: 控制項 Text2 的物件類別 MSForms.TextBox 尚未被載入。
行號 169: 控制項 Text1 的物件類別 MSForms.TextBox 尚未被載入。
行號 184: 控制項 Text1 的物件類別 MSForms.TextBox 尚未被載入。
行號 199: 控制項 Text1 的物件類別 MSForms.TextBox 尚未被載入。
行號 214: 控制項 Text 的物件類別 MSForms.TextBox 尚未被載入。
行號 229: 控制項 Text 的物件類別 MSForms.TextBox 尚未被載入。
行號 244: 控制項 Text 的物件類別 MSForms.TextBox 尚未被載入。
行號 260: 控制項 Text 的物件類別 MSForms.TextBox 尚未被載入。
行號 275: 控制項 Text 的物件類別 MSForms.TextBox 尚未被載入。
行號 290: 控制項 Text 的物件類別 MSForms.TextBox 尚未被載入。
行號 305: 控制項 cboPerson 的物件類別 MSForms.ComboBox 尚未被載入。
行號 321: 控制項 Label9 的物件類別 MSForms.Label 尚未被載入。
行號 335: 控制項 lbeName 的物件類別 MSForms.Label 尚未被載入。
行號 349: 控制項 lbeTitle 的物件類別 MSForms.Label 尚未被載入。
行號 363: 控制項 lbeCusName 的物件類別 MSForms.Label 尚未被載入。
行號 377: 控制項 cboCaseName 的物件類別 MSForms.ComboBox 尚未被載入。
