行號 1409: 控制項 textCP131 的物件類別 MSForms.TextBox 尚未被載入。
行號 1424: 控制項 textCP29_2 的物件類別 MSForms.TextBox 尚未被載入。
行號 1459: 控制項 lstNameAgent 的物件類別 MSForms.ListBox 尚未被載入。
行號 1477: 控制項 textCP37_1 的物件類別 MSForms.TextBox 尚未被載入。
行號 1492: 控制項 textCP42 的物件類別 MSForms.TextBox 尚未被載入。
行號 1507: 控制項 textCP41 的物件類別 MSForms.TextBox 尚未被載入。
行號 1521: 控制項 textCP40 的物件類別 MSForms.TextBox 尚未被載入。
行號 1536: 控制項 textCP39 的物件類別 MSForms.TextBox 尚未被載入。
行號 1551: 控制項 textCP38 的物件類別 MSForms.TextBox 尚未被載入。
行號 1566: 控制項 textCP37 的物件類別 MSForms.TextBox 尚未被載入。
行號 1581: 控制項 textCP144 的物件類別 MSForms.TextBox 尚未被載入。
行號 1596: 控制項 textCP52 的物件類別 MSForms.TextBox 尚未被載入。
行號 1611: 控制項 textCP51 的物件類別 MSForms.TextBox 尚未被載入。
行號 1626: 控制項 textCP50 的物件類別 MSForms.TextBox 尚未被載入。
行號 1641: 控制項 textCP92_2 的物件類別 MSForms.TextBox 尚未被載入。
行號 1658: 控制項 textCP91_2 的物件類別 MSForms.TextBox 尚未被載入。
行號 1675: 控制項 textCP90_2 的物件類別 MSForms.TextBox 尚未被載入。
行號 1692: 控制項 textCP89_2 的物件類別 MSForms.TextBox 尚未被載入。
行號 1709: 控制項 textCP56_2 的物件類別 MSForms.TextBox 尚未被載入。
行號 1726: 控制項 textCP96_2 的物件類別 MSForms.TextBox 尚未被載入。
行號 1749: 控制項 textCP95_2 的物件類別 MSForms.TextBox 尚未被載入。
行號 1766: 控制項 textCP94_2 的物件類別 MSForms.TextBox 尚未被載入。
行號 1783: 控制項 textCP93_2 的物件類別 MSForms.TextBox 尚未被載入。
行號 1800: 控制項 textCP55_2 的物件類別 MSForms.TextBox 尚未被載入。
行號 1817: 控制項 textCP49 的物件類別 MSForms.TextBox 尚未被載入。
行號 1832: 控制項 textCP64 的物件類別 MSForms.TextBox 尚未被載入。
行號 1847: 控制項 textCP44_2 的物件類別 MSForms.TextBox 尚未被載入。
行號 1864: 控制項 textCP83_2 的物件類別 MSForms.TextBox 尚未被載入。
行號 1881: 控制項 textCP13_2 的物件類別 MSForms.TextBox 尚未被載入。
行號 1898: 控制項 textCP14_2 的物件類別 MSForms.TextBox 尚未被載入。
行號 3209: 控制項 tlbar 的物件類別 MSComctlLib.Toolbar 尚未被載入。
行號 3310: 控制項 ImageList1 的物件類別 MSComctlLib.ImageList 尚未被載入。
行號 3384: 控制項 textCUID 的物件類別 MSForms.TextBox 尚未被載入。
行號 3401: 控制項 cmbTM05 的物件類別 MSForms.ComboBox 尚未被載入。
行號 3417: 控制項 textTM23 的物件類別 MSForms.TextBox 尚未被載入。
