2025/11/10 下午 03:03:00  ==>  (inbound@taie.com.tw)14:55:56 ~ 
第 1 筆
寄件日期 : 2025/11/07
寄件時間 : 05:00:40
寄件者 : shanghai@molex.com
主旨 : FW: Quatation Inquiry
strFileName : 20251110145623.1.msg
無產生電子檔,疑似中病毒 Err.Number:0


【信件已刪除】
2025/11/10 下午 03:22:22  ==>  (inbound@taie.com.tw)15:21:25 ~ 
第 1 筆
寄件日期 : 2025/11/07
寄件時間 : 05:00:40
寄件者 : shanghai@molex.com
主旨 : FW: Quatation Inquiry
strFileName : 20251110152154.1.msg
無產生電子檔,疑似中病毒 Err.Number:0


【信件已刪除】
2025/11/10 下午 04:41:58  ==>  (inbound@taie.com.tw)16:40:47 ~ 
第 1 筆
寄件日期 : 2025/11/07
寄件時間 : 05:00:40
寄件者 : shanghai@molex.com
主旨 : FW: Quatation Inquiry
strFileName : 20251110164047.1.msg
無產生電子檔,疑似中病毒 Err.Number:0


【信件已刪除】
2025/11/18 上午 11:32:12  ==>  Read: ??: Request for a Meeting at APAA 2025 _TAI E [Our Ref:R1963800.B11.APAA2025] (EY/yk)
==> Class : 46 MessageClass : REPORT.IPM.Note.IPNRN

