2025/6/3 上午 08:52:28  ==>  第 35 筆 主旨: AW: DY/ap VR25-3085-3 kl, New national patent application in Taiwan [Our Ref: Y5390100.A02][REPLY.]
　　　　　　　　　　　　strSender: 
　　　　　　　　　　　　strMailDateTime:  
2025/6/3 上午 08:52:30  ==>  [加密郵件]

2025/6/3 上午 08:52:43  ==>  第 34 筆 主旨: AW: Wonderful Meeting You at INTA 2025  – Let’s Stay in Touch! [Our Ref: R19449.B11.INTA2025]
　　　　　　　　　　　　strSender: 
　　　　　　　　　　　　strMailDateTime:  
2025/6/3 上午 08:53:03  ==>  [加密郵件]

2025/6/3 上午 08:53:03  ==>  第 33 筆 主旨: UPDATE on BITMA 2025 - Weickmann ref.:70387K/UHshp
　　　　　　　　　　　　strSender: 
　　　　　　　　　　　　strMailDateTime:  
2025/6/3 上午 08:53:03  ==>  [加密郵件]

2025/6/3 上午 08:53:04  ==>  第 32 筆 主旨: Re: Reminder DY/ap DY/bc - Taiwan Patent Application No. 110127158; Your Ref: 2020P00296TW; Our Ref: FCP-065208 [RMDR.1917]
　　　　　　　　　　　　strSender: WHITE, Allen [allen.white@airliquide.com]
　　　　　　　　　　　　strMailDateTime: 2025/06/02 23:00:06
2025/6/3 上午 08:53:10  ==>  產生暫存電子檔: C:\IPDept\20250603085307.32.msg
2025/6/3 上午 08:53:52  ==>  bolExecution = True; (全部信件 / 剩餘件數：34 / 32); myItems.Count = 35
2025/6/3 上午 08:53:52  ==>  strSubject_E = Re: Reminder DY/ap DY/bc - Taiwan Patent Application No. 110127158; Your Ref: 2020P00296TW; Our Ref: FCP-065208 [RMDR.1917]
2025/6/3 上午 08:53:52  ==>  strSocSubject = Re: Reminder DY/ap DY/bc - Taiwan Patent Application No. 110127158; Your Ref: 2020P00296TW; Our Ref: FCP-065208 [RMDR.1917]
2025/6/3 上午 08:53:52  ==>  分信成功，欲刪除郵件
2025/6/3 上午 08:53:52  ==>  刪除郵件(32):Re: Reminder DY/ap DY/bc - Taiwan Patent Application No. 110127158; Your Ref: 2020P00296TW; Our Ref: FCP-065208 [RMDR.1917]

2025/6/3 上午 08:53:53  ==>  第 31 筆 主旨: Upcoming Public Holidays in Germany (Bavaria) 
　　　　　　　　　　　　strSender: Pruefer & Partner mbB [office@pruefer.eu]
　　　　　　　　　　　　strMailDateTime: 2025/06/02 23:01:24
2025/6/3 上午 08:53:59  ==>  產生暫存電子檔: C:\IPDept\20250603085358.31.msg
2025/6/3 上午 08:54:26  ==>  bolExecution = True; (全部信件 / 剩餘件數：34 / 31); myItems.Count = 34
2025/6/3 上午 08:54:26  ==>  strSubject_E = Upcoming Public Holidays in Germany (Bavaria) 
2025/6/3 上午 08:54:26  ==>  strSocSubject = Upcoming Public Holidays in Germany (Bavaria) 
2025/6/3 上午 08:54:26  ==>  分信成功，欲刪除郵件
2025/6/3 上午 08:54:26  ==>  刪除郵件(31):Upcoming Public Holidays in Germany (Bavaria) 

2025/6/3 上午 08:54:26  ==>  第 30 筆 主旨: RE: AP/fc - LEDES Monthly Invoice for May 2025 for Outokumpu’s patent matters [Our Ref: Y51971000.A12][REP.]
　　　　　　　　　　　　strSender: Invoices [invoices@questel.com]
　　　　　　　　　　　　strMailDateTime: 2025/06/03 01:33:31
2025/6/3 上午 08:54:27  ==>  產生暫存電子檔: C:\IPDept\20250603085426.30.msg
2025/6/3 上午 09:06:59  ==>  第 36 筆 主旨: AW: DY/ap VR25-3085-3 kl, New national patent application in Taiwan [Our Ref: Y5390100.A02][REPLY.]
　　　　　　　　　　　　strSender: 
　　　　　　　　　　　　strMailDateTime:  
2025/6/3 上午 09:06:59  ==>  [加密郵件]

2025/6/3 上午 09:06:59  ==>  第 35 筆 主旨: AW: Wonderful Meeting You at INTA 2025  – Let’s Stay in Touch! [Our Ref: R19449.B11.INTA2025]
　　　　　　　　　　　　strSender: 
　　　　　　　　　　　　strMailDateTime:  
2025/6/3 上午 09:06:59  ==>  [加密郵件]

2025/6/3 上午 09:07:00  ==>  第 34 筆 主旨: UPDATE on BITMA 2025 - Weickmann ref.:70387K/UHshp
　　　　　　　　　　　　strSender: 
　　　　　　　　　　　　strMailDateTime:  
2025/6/3 上午 09:07:00  ==>  [加密郵件]

2025/6/3 上午 09:07:00  ==>  第 33 筆 主旨: RE: AP/fc - LEDES Monthly Invoice for May 2025 for Outokumpu’s patent matters [Our Ref: Y51971000.A12][REP.]
　　　　　　　　　　　　strSender: Invoices [invoices@questel.com]
　　　　　　　　　　　　strMailDateTime: 2025/06/03 01:33:31
2025/6/3 上午 09:07:01  ==>  產生暫存電子檔: C:\IPDept\20250603090700.33.msg
2025/6/3 上午 09:16:31  ==>  第 31 筆 主旨: AW: DY/ap VR25-3085-3 kl, New national patent application in Taiwan [Our Ref: Y5390100.A02][REPLY.]
　　　　　　　　　　　　strSender: 
　　　　　　　　　　　　strMailDateTime:  
2025/6/3 上午 09:16:31  ==>  [加密郵件]

2025/6/3 上午 09:16:31  ==>  第 30 筆 主旨: AW: Wonderful Meeting You at INTA 2025  – Let’s Stay in Touch! [Our Ref: R19449.B11.INTA2025]
　　　　　　　　　　　　strSender: 
　　　　　　　　　　　　strMailDateTime:  
2025/6/3 上午 09:16:31  ==>  [加密郵件]

2025/6/3 上午 09:16:31  ==>  第 29 筆 主旨: UPDATE on BITMA 2025 - Weickmann ref.:70387K/UHshp
　　　　　　　　　　　　strSender: 
　　　　　　　　　　　　strMailDateTime:  
2025/6/3 上午 09:16:31  ==>  [加密郵件]

2025/6/3 上午 09:17:27  ==>  第 28 筆 主旨: RE: AP/fc - LEDES Monthly Invoice for May 2025 for Outokumpu’s patent matters [Our Ref: Y51971000.A12][REP.]
　　　　　　　　　　　　strSender: Invoices [invoices@questel.com]
　　　　　　　　　　　　strMailDateTime: 2025/06/03 01:33:31
2025/6/3 上午 09:17:28  ==>  產生暫存電子檔: C:\IPDept\20250603091727.28.msg
2025/6/3 上午 09:22:09  ==>  第 35 筆 主旨: AW: DY/ap VR25-3085-3 kl, New national patent application in Taiwan [Our Ref: Y5390100.A02][REPLY.]
　　　　　　　　　　　　strSender: 
　　　　　　　　　　　　strMailDateTime:  
2025/6/3 上午 09:22:09  ==>  [加密郵件]

2025/6/3 上午 09:22:09  ==>  第 34 筆 主旨: AW: Wonderful Meeting You at INTA 2025  – Let’s Stay in Touch! [Our Ref: R19449.B11.INTA2025]
　　　　　　　　　　　　strSender: 
　　　　　　　　　　　　strMailDateTime:  
2025/6/3 上午 09:22:09  ==>  [加密郵件]

2025/6/3 上午 09:22:09  ==>  第 33 筆 主旨: UPDATE on BITMA 2025 - Weickmann ref.:70387K/UHshp
　　　　　　　　　　　　strSender: 
　　　　　　　　　　　　strMailDateTime:  
2025/6/3 上午 09:22:09  ==>  [加密郵件]

2025/6/3 上午 09:22:10  ==>  第 32 筆 主旨: RE: AP/fc - LEDES Monthly Invoice for May 2025 for Outokumpu’s patent matters [Our Ref: Y51971000.A12][REP.]
　　　　　　　　　　　　strSender: Invoices [invoices@questel.com]
　　　　　　　　　　　　strMailDateTime: 2025/06/03 01:33:31
2025/6/3 上午 09:22:11  ==>  產生暫存電子檔: C:\IPDept\20250603092210.32.msg
2025/6/3 上午 09:27:26  ==>  第 38 筆 主旨: AW: DY/ap VR25-3085-3 kl, New national patent application in Taiwan [Our Ref: Y5390100.A02][REPLY.]
　　　　　　　　　　　　strSender: 
　　　　　　　　　　　　strMailDateTime:  
2025/6/3 上午 09:27:26  ==>  [加密郵件]

2025/6/3 上午 09:27:26  ==>  第 37 筆 主旨: AW: Wonderful Meeting You at INTA 2025  – Let’s Stay in Touch! [Our Ref: R19449.B11.INTA2025]
　　　　　　　　　　　　strSender: 
　　　　　　　　　　　　strMailDateTime:  
2025/6/3 上午 09:27:26  ==>  [加密郵件]

2025/6/3 上午 09:27:26  ==>  第 36 筆 主旨: UPDATE on BITMA 2025 - Weickmann ref.:70387K/UHshp
　　　　　　　　　　　　strSender: 
　　　　　　　　　　　　strMailDateTime:  
2025/6/3 上午 09:27:26  ==>  [加密郵件]

2025/6/3 上午 09:27:26  ==>  第 35 筆 主旨: RE: AP/fc - LEDES Monthly Invoice for May 2025 for Outokumpu’s patent matters [Our Ref: Y51971000.A12][REP.]
　　　　　　　　　　　　strSender: Invoices [invoices@questel.com]
　　　　　　　　　　　　strMailDateTime: 2025/06/03 01:33:31
2025/6/3 上午 09:27:27  ==>  產生暫存電子檔: C:\IPDept\20250603092726.35.msg
2025/6/3 上午 09:27:49  ==>  bolExecution = True; (全部信件 / 剩餘件數：38 / 35); myItems.Count = 38
2025/6/3 上午 09:27:49  ==>  strSubject_E = RE: AP/fc - LEDES Monthly Invoice for May 2025 for Outokumpu’s patent matters [Our Ref: Y51971000.A12][REP.]
2025/6/3 上午 09:27:49  ==>  strSocSubject = RE: AP/fc - LEDES Monthly Invoice for May 2025 for Outokumpu’s patent matters [Our Ref: Y51971000.A12][REP.]
2025/6/3 上午 09:27:49  ==>  分信成功，欲刪除郵件
2025/6/3 上午 09:27:50  ==>  刪除郵件(35):RE: AP/fc - LEDES Monthly Invoice for May 2025 for Outokumpu’s patent matters [Our Ref: Y51971000.A12][REP.]

2025/6/3 上午 09:27:50  ==>  第 34 筆 主旨: RE: AP/fc - LEDES Monthly Invoice for May 2025 for Novo Nordisk A/S [Our Ref: Y20412000.A12][REP.]
　　　　　　　　　　　　strSender: Invoices [invoices@questel.com]
　　　　　　　　　　　　strMailDateTime: 2025/06/03 01:41:10
2025/6/3 上午 09:27:51  ==>  產生暫存電子檔: C:\IPDept\20250603092750.34.msg
2025/6/3 上午 09:28:17  ==>  bolExecution = True; (全部信件 / 剩餘件數：38 / 34); myItems.Count = 37
2025/6/3 上午 09:28:17  ==>  strSubject_E = RE: AP/fc - LEDES Monthly Invoice for May 2025 for Novo Nordisk A/S [Our Ref: Y20412000.A12][REP.]
2025/6/3 上午 09:28:17  ==>  strSocSubject = RE: AP/fc - LEDES Monthly Invoice for May 2025 for Novo Nordisk A/S [Our Ref: Y20412000.A12][REP.]
2025/6/3 上午 09:28:17  ==>  分信成功，欲刪除郵件
2025/6/3 上午 09:28:18  ==>  刪除郵件(34):RE: AP/fc - LEDES Monthly Invoice for May 2025 for Novo Nordisk A/S [Our Ref: Y20412000.A12][REP.]

2025/6/3 上午 09:28:20  ==>  第 33 筆 主旨: RE: DY/ap Air Liquide Monthly Invoice Data For Patent Matters (May2025) (Tai E International Patent & Law Office); [Our Ref: Y34126000.A12][REP.]
　　　　　　　　　　　　strSender: Invoices [invoices@questel.com]
　　　　　　　　　　　　strMailDateTime: 2025/06/03 02:49:55
2025/6/3 上午 09:28:21  ==>  產生暫存電子檔: C:\IPDept\20250603092820.33.msg
