2025/11/10 下午 02:56:17  ==>  第 1 筆 主旨: FW: Quatation Inquiry
　　　　　　　　　　　　strSender: shanghai@molex.com
　　　　　　　　　　　　strMailDateTime: 2025/11/07 05:00:40
2025/11/10 下午 03:01:15  ==>  產生暫存電子檔: C:\IPDept\20251110145623.1.msg
2025/11/10 下午 03:01:26  ==>  strSubject_E = FW: Quatation Inquiry
2025/11/10 下午 03:01:26  ==>  strSocSubject = FW: Quatation Inquiry
2025/11/10 下午 03:01:26  ==>  (inbound@taie.com.tw)14:55:56 ~ 
第 1 筆
寄件日期 : 2025/11/07
寄件時間 : 05:00:40
寄件者 : shanghai@molex.com
主旨 : FW: Quatation Inquiry
strFileName : 20251110145623.1.msg
無產生電子檔,疑似中病毒 Err.Number:0


2025/11/10 下午 03:01:26  ==>  刪除郵件(1):FW: Quatation Inquiry

2025/11/10 下午 03:03:00  ==>  寄件日期 : 2025/11/07
寄件時間 : 05:00:40
寄件者 : shanghai@molex.com
主旨 : FW: Quatation Inquiry
strFileName : 20251110145623.1.msg
無產生電子檔,疑似中病毒 Err.Number:0


【信件已刪除】
2025/11/10 下午 03:18:43  ==>  ExportEMailErr:bolIsEnd=T; -2147352567:陣列索引超出界限。
2025/11/10 下午 03:21:25  ==>  第 1 筆 主旨: FW: Quatation Inquiry
　　　　　　　　　　　　strSender: shanghai@molex.com
　　　　　　　　　　　　strMailDateTime: 2025/11/07 05:00:40
2025/11/10 下午 03:22:00  ==>  產生暫存電子檔: C:\IPDept\20251110152154.1.msg
2025/11/10 下午 03:22:18  ==>  strSubject_E = FW: Quatation Inquiry
2025/11/10 下午 03:22:18  ==>  strSocSubject = FW: Quatation Inquiry
2025/11/10 下午 03:22:18  ==>  (inbound@taie.com.tw)15:21:25 ~ 
第 1 筆
寄件日期 : 2025/11/07
寄件時間 : 05:00:40
寄件者 : shanghai@molex.com
主旨 : FW: Quatation Inquiry
strFileName : 20251110152154.1.msg
無產生電子檔,疑似中病毒 Err.Number:0


2025/11/10 下午 03:22:18  ==>  刪除郵件(1):FW: Quatation Inquiry

2025/11/10 下午 03:22:22  ==>  寄件日期 : 2025/11/07
寄件時間 : 05:00:40
寄件者 : shanghai@molex.com
主旨 : FW: Quatation Inquiry
strFileName : 20251110152154.1.msg
無產生電子檔,疑似中病毒 Err.Number:0


【信件已刪除】
2025/11/10 下午 03:23:24  ==>  ExportEMailErr:bolIsEnd=T; -2147352567:陣列索引超出界限。
2025/11/10 下午 03:24:01  ==>  第 1 筆 主旨: FW: Quatation Inquiry
　　　　　　　　　　　　strSender: shanghai@molex.com
　　　　　　　　　　　　strMailDateTime: 2025/11/07 05:00:40
2025/11/10 下午 03:25:09  ==>  產生暫存電子檔: C:\IPDept\20251110152437.1.msg
2025/11/10 下午 03:26:08  ==>  strSubject_E = FW: Quatation Inquiry
2025/11/10 下午 03:26:08  ==>  strSocSubject = FW: Quatation Inquiry
2025/11/10 下午 03:26:08  ==>  (inbound@taie.com.tw)15:24:01 ~ 
第 1 筆
寄件日期 : 2025/11/07
寄件時間 : 05:00:40
寄件者 : shanghai@molex.com
主旨 : FW: Quatation Inquiry
strFileName : 20251110152437.1.msg
無產生電子檔,疑似中病毒 Err.Number:0


2025/11/10 下午 03:26:08  ==>  刪除郵件(1):FW: Quatation Inquiry

2025/11/10 下午 03:26:58  ==>  ExportEMailErr:bolIsEnd=T; -2147352567:陣列索引超出界限。
2025/11/10 下午 04:40:47  ==>  第 1 筆 主旨: FW: Quatation Inquiry
　　　　　　　　　　　　strSender: shanghai@molex.com
　　　　　　　　　　　　strMailDateTime: 2025/11/07 05:00:40
2025/11/10 下午 04:40:49  ==>  產生暫存電子檔: C:\IPDept\20251110164047.1.msg
2025/11/10 下午 04:41:48  ==>  strSubject_E = FW: Quatation Inquiry
2025/11/10 下午 04:41:48  ==>  strSocSubject = FW: Quatation Inquiry
2025/11/10 下午 04:41:48  ==>  (inbound@taie.com.tw)16:40:47 ~ 
第 1 筆
寄件日期 : 2025/11/07
寄件時間 : 05:00:40
寄件者 : shanghai@molex.com
主旨 : FW: Quatation Inquiry
strFileName : 20251110164047.1.msg
無產生電子檔,疑似中病毒 Err.Number:0


2025/11/10 下午 04:41:48  ==>  刪除郵件(1):FW: Quatation Inquiry

2025/11/10 下午 04:41:58  ==>  寄件日期 : 2025/11/07
寄件時間 : 05:00:40
寄件者 : shanghai@molex.com
主旨 : FW: Quatation Inquiry
strFileName : 20251110164047.1.msg
無產生電子檔,疑似中病毒 Err.Number:0


【信件已刪除】
2025/11/10 下午 04:42:27  ==>  第 1 筆 主旨: FW: Quatation Inquiry
　　　　　　　　　　　　strSender: shanghai@molex.com
　　　　　　　　　　　　strMailDateTime: 2025/11/07 05:00:40
2025/11/10 下午 04:42:28  ==>  產生暫存電子檔: C:\IPDept\20251110164227.1.msg
2025/11/10 下午 04:42:37  ==>  第 1 筆 [Msg無法開啟] 主旨: FW: Quatation Inquiry
C:\IPDept\20251110164227.1.msg
Err.Number:-2147287008我們無法開啟 'C:\IPDept\20251110164227.1.msg'。這可能是因為該檔案已開啟，或是您沒有權限可開啟該檔案。

若要檢查您的權限，請以滑鼠右鍵按一下檔案資料夾，然後按一下 [內容]。

2025/11/10 下午 04:44:24  ==>  strSubject_E = FW: Quatation Inquiry
2025/11/10 下午 04:44:24  ==>  strSocSubject = FW: Quatation Inquiry
2025/11/10 下午 04:44:24  ==>  (inbound@taie.com.tw)16:42:27 ~ 
第 1 筆
寄件日期 : 2025/11/07
寄件時間 : 05:00:40
寄件者 : shanghai@molex.com
主旨 : FW: Quatation Inquiry
strFileName : 20251110164227.1.msg
無產生電子檔,疑似中病毒 Err.Number:0


2025/11/10 下午 04:44:24  ==>  刪除郵件(1):FW: Quatation Inquiry

2025/11/10 下午 04:45:03  ==>  第 1 筆 主旨: FW: Quatation Inquiry
　　　　　　　　　　　　strSender: shanghai@molex.com
　　　　　　　　　　　　strMailDateTime: 2025/11/07 05:00:40
2025/11/10 下午 04:45:04  ==>  產生暫存電子檔: C:\IPDept\20251110164503.1.msg
2025/11/10 下午 04:48:47  ==>  strSubject_E = FW: Quatation Inquiry
2025/11/10 下午 04:48:47  ==>  strSocSubject = FW: Quatation Inquiry
2025/11/10 下午 04:48:47  ==>  (inbound@taie.com.tw)16:45:03 ~ 
第 1 筆
寄件日期 : 2025/11/07
寄件時間 : 05:00:40
寄件者 : shanghai@molex.com
主旨 : FW: Quatation Inquiry
strFileName : 20251110164503.1.msg
無產生電子檔,疑似中病毒 Err.Number:0


2025/11/10 下午 04:48:47  ==>  刪除郵件(1):FW: Quatation Inquiry

2025/11/10 下午 04:49:16  ==>  ExportEMailErr:bolIsEnd=T; -2147352567:陣列索引超出界限。
