2025/5/22 下午 03:58:53  ==>  第 1 筆 主旨: Taiwan - Trademark no. 483680 "VORWERK (LOGO)" of Vorwerk Elektrowerke GmbH & Co. KG - address change (1M2205.001167) Your Ref: FCT-4857
　　　　　　　　　　　　strSender: Schnepel, Stefanie [stefanie.schnepel@hoganlovells.com]
　　　　　　　　　　　　strMailDateTime: 2025/05/22 15:09:03
2025/5/22 下午 03:58:54  ==>  產生暫存電子檔: C:\IPDept\20250522155853.1.msg
2025/5/22 下午 03:58:55  ==>  欲存: FCT-004857(CA9033383)
2025/5/22 下午 03:58:56  ==>  SaveAttFile_PDF 成功
2025/5/22 下午 04:03:38  ==>  bolExecution = True; (全部信件 / 剩餘件數：1 / 1); myItems.Count = 1
2025/5/22 下午 04:03:38  ==>  strSubject_E = Taiwan - Trademark no. 483680 "VORWERK (LOGO)" of Vorwerk Elektrowerke GmbH & Co. KG - address change (1M2205.001167) Your Ref: FCT-4857
2025/5/22 下午 04:03:38  ==>  strSocSubject = Taiwan - Trademark no. 483680 "VORWERK (LOGO)" of Vorwerk Elektrowerke GmbH & Co. KG - address change (1M2205.001167) Your Ref: FCT-4857
2025/5/22 下午 04:03:38  ==>  分信成功，欲刪除郵件
2025/5/22 下午 04:03:38  ==>  刪除郵件(1):Taiwan - Trademark no. 483680 "VORWERK (LOGO)" of Vorwerk Elektrowerke GmbH & Co. KG - address change (1M2205.001167) Your Ref: FCT-4857

2025/5/22 下午 04:04:35  ==>  第 1 筆 主旨: Taiwan - Trademark no. 483680 "VORWERK (LOGO)" of Vorwerk Elektrowerke GmbH & Co. KG - address change (1M2205.001167) Your Ref: FCT-4857
　　　　　　　　　　　　strSender: Schnepel, Stefanie [stefanie.schnepel@hoganlovells.com]
　　　　　　　　　　　　strMailDateTime: 2025/05/22 15:09:03
2025/5/22 下午 04:04:36  ==>  產生暫存電子檔: C:\IPDept\20250522160435.1.msg
2025/5/22 下午 04:07:37  ==>  欲存: FCT-004857(CA9033383)
2025/5/22 下午 04:07:37  ==>  SaveAttFile_PDF 成功
2025/5/22 下午 04:35:54  ==>  分信失敗(1): 
2025/5/22 下午 04:35:54  ==>  分信失敗(2): 找不到檔案,疑似中病毒;0:
2025/5/22 下午 04:35:54  ==>  strSubject_E = Taiwan - Trademark no. 483680 "VORWERK (LOGO)" of Vorwerk Elektrowerke GmbH & Co. KG - address change (1M2205.001167) Your Ref: FCT-4857
2025/5/22 下午 04:35:54  ==>  strSocSubject = Taiwan - Trademark no. 483680 "VORWERK (LOGO)" of Vorwerk Elektrowerke GmbH & Co. KG - address change (1M2205.001167) Your Ref: FCT-4857
2025/5/22 下午 04:35:54  ==>  (inbound@taie.com.tw)16:04:35 ~ 
第 1 筆
寄件日期 : 2025/05/22
寄件時間 : 15:09:03
寄件者 : Schnepel, Stefanie [stefanie.schnepel@hoganlovells.com]
主旨 : Taiwan - Trademark no. 483680 "VORWERK (LOGO)" of Vorwerk Elektrowerke GmbH & Co. KG - address change (1M2205.001167) Your Ref: FCT-4857
strFileName : 20250522160435.1.msg
找不到檔案,疑似中病毒

2025/5/22 下午 04:35:54  ==>  刪除郵件(1):Taiwan - Trademark no. 483680 "VORWERK (LOGO)" of Vorwerk Elektrowerke GmbH & Co. KG - address change (1M2205.001167) Your Ref: FCT-4857

2025/5/22 下午 04:35:56  ==>  寄件日期 : 2025/05/22
寄件時間 : 15:09:03
寄件者 : Schnepel, Stefanie [stefanie.schnepel@hoganlovells.com]
主旨 : Taiwan - Trademark no. 483680 "VORWERK (LOGO)" of Vorwerk Elektrowerke GmbH & Co. KG - address change (1M2205.001167) Your Ref: FCT-4857
strFileName : 20250522160435.1.msg
找不到檔案,疑似中病毒

【信件已刪除】
2025/5/22 下午 04:37:28  ==>  第 1 筆 主旨: Taiwan - Trademark no. 483680 "VORWERK (LOGO)" of Vorwerk Elektrowerke GmbH & Co. KG - address change (1M2205.001167) Your Ref: FCT-4857
　　　　　　　　　　　　strSender: Schnepel, Stefanie [stefanie.schnepel@hoganlovells.com]
　　　　　　　　　　　　strMailDateTime: 2025/05/22 15:09:03
2025/5/22 下午 04:37:29  ==>  產生暫存電子檔: C:\IPDept\20250522163728.1.msg
