

2024/1/19 上午 09:09:40   列印清單及附件...開始
2024/1/19 上午 09:09:46   列印外商清單...完成 (13筆)
2024/1/19 上午 09:09:47   列印外商附件
2024/1/19 上午 09:09:47   列印 $11380041600.pdf...完成 1/1
2024/1/19 上午 09:09:51   列印 $11380041280.pdf...完成 2/2
2024/1/19 上午 09:09:54   列印 $11380041570.pdf...完成 3/3
2024/1/19 上午 09:09:57   列印 $11380040500.pdf.001...完成 4/4
2024/1/19 上午 09:09:58   列印 $11380040500.pdf.002...完成 4/5
2024/1/19 上午 09:09:59   列印 $11380040500.pdf...不收文列印取消5
2024/1/19 上午 09:09:59   列印 $11380040860.pdf...完成 6/6
2024/1/19 上午 09:10:02   列印 $11380040880.pdf...完成 7/7
2024/1/19 上午 09:10:05   列印 $11390062060.pdf...完成 8/8
2024/1/19 上午 09:10:09   列印 $11390062190.pdf...完成 9/9
2024/1/19 上午 09:10:11   列印 $11380040420.pdf...完成 10/10
2024/1/19 上午 09:10:14   列印 $11380040020.pdf...完成 11/11
2024/1/19 上午 09:10:18   列印 $11380040000.pdf...完成 12/12
2024/1/19 上午 09:10:21   列印 $11380039990.pdf...完成 13/13
2024/1/19 上午 09:10:24   列印清單及附件...結束(1 + 13 = 14)

2024/1/19 上午 09:22:31   列印清單及附件...開始
2024/1/19 上午 09:22:37   列印外商清單...完成 (13筆)
2024/1/19 上午 09:22:37   列印外商附件
2024/1/19 上午 09:22:37   列印 $11380041600.pdf...完成 1/1
2024/1/19 上午 09:22:41   列印 $11380041280.pdf...完成 2/2
2024/1/19 上午 09:22:44   列印 $11380041570.pdf...完成 3/3
2024/1/19 上午 09:22:47   列印 $11380040500.pdf.001...完成 4/4
2024/1/19 上午 09:22:50   列印 $11380040500.pdf.002...完成 4/5
2024/1/19 上午 09:22:52   列印 $11380040500.pdf...不收文列印取消5
2024/1/19 上午 09:22:53   列印 $11380040860.pdf...完成 6/6
2024/1/19 上午 09:22:57   列印 $11380040880.pdf...完成 7/7
2024/1/19 上午 09:23:00   列印 $11390062060.pdf...完成 8/8
2024/1/19 上午 09:23:03   列印 $11390062190.pdf...完成 9/9
2024/1/19 上午 09:23:06   列印 $11380040420.pdf...完成 10/10
2024/1/19 上午 09:23:09   列印 $11380040020.pdf...完成 11/11
2024/1/19 上午 09:23:12   列印 $11380040000.pdf...完成 12/12
2024/1/19 上午 09:23:17   列印 $11380039990.pdf...完成 13/13
2024/1/19 上午 09:23:20   列印清單及附件...結束(1 + 13 = 14)