行號 1313: 控制項 LblSourceN 的物件類別 MSForms.Label 尚未被載入。
行號 1327: 控制項 txtXYS03 的物件類別 MSForms.TextBox 尚未被載入。
行號 1371: 控制項 textFA36 的物件類別 MSForms.TextBox 尚未被載入。
行號 1385: 控制項 textFA34 的物件類別 MSForms.TextBox 尚未被載入。
行號 1399: 控制項 textFA32 的物件類別 MSForms.TextBox 尚未被載入。
行號 1413: 控制項 textFA35 的物件類別 MSForms.TextBox 尚未被載入。
行號 1427: 控制項 textFA33 的物件類別 MSForms.TextBox 尚未被載入。
行號 1441: 控制項 textFA57 的物件類別 MSForms.TextBox 尚未被載入。
行號 1455: 控制項 textFA53 的物件類別 MSForms.TextBox 尚未被載入。
行號 1469: 控制項 textFA08 的物件類別 MSForms.TextBox 尚未被載入。
行號 1483: 控制項 textFA70 的物件類別 MSForms.TextBox 尚未被載入。
行號 1497: 控制項 textFA65 的物件類別 MSForms.TextBox 尚未被載入。
行號 1511: 控制項 textFA64 的物件類別 MSForms.TextBox 尚未被載入。
行號 1525: 控制項 textFA63 的物件類別 MSForms.TextBox 尚未被載入。
行號 1539: 控制項 textFA05 的物件類別 MSForms.TextBox 尚未被載入。
行號 1553: 控制項 textFA18 的物件類別 MSForms.TextBox 尚未被載入。
行號 1567: 控制項 textFA22 的物件類別 MSForms.TextBox 尚未被載入。
行號 1581: 控制項 textFA21 的物件類別 MSForms.TextBox 尚未被載入。
行號 1595: 控制項 textFA20 的物件類別 MSForms.TextBox 尚未被載入。
行號 1609: 控制項 textFA19 的物件類別 MSForms.TextBox 尚未被載入。
行號 1623: 控制項 textFA107_2 的物件類別 MSForms.TextBox 尚未被載入。
行號 1639: 控制項 textFA111_2 的物件類別 MSForms.TextBox 尚未被載入。
行號 1655: 控制項 textFA112_2 的物件類別 MSForms.TextBox 尚未被載入。
行號 1671: 控制項 textFA71_2 的物件類別 MSForms.TextBox 尚未被載入。
行號 1687: 控制項 textFA72_2 的物件類別 MSForms.TextBox 尚未被載入。
行號 1703: 控制項 textFA62_2 的物件類別 MSForms.TextBox 尚未被載入。
行號 1719: 控制項 textFA61_2 的物件類別 MSForms.TextBox 尚未被載入。
行號 1735: 控制項 textFA30_2 的物件類別 MSForms.TextBox 尚未被載入。
行號 1751: 控制項 textFA67_2 的物件類別 MSForms.TextBox 尚未被載入。
行號 1767: 控制項 textFA66_2 的物件類別 MSForms.TextBox 尚未被載入。
行號 1783: 控制項 textFA58 的物件類別 MSForms.TextBox 尚未被載入。
行號 1797: 控制項 textFA56 的物件類別 MSForms.TextBox 尚未被載入。
行號 1811: 控制項 textFA78 的物件類別 MSForms.TextBox 尚未被載入。
行號 1825: 控制項 textFA54 的物件類別 MSForms.TextBox 尚未被載入。
行號 1839: 控制項 textFA52 的物件類別 MSForms.TextBox 尚未被載入。
行號 1852: 控制項 textFA09 的物件類別 MSForms.TextBox 尚未被載入。
行號 1866: 控制項 textFA07 的物件類別 MSForms.TextBox 尚未被載入。
行號 1879: 控制項 textFA17 的物件類別 MSForms.TextBox 尚未被載入。
行號 1893: 控制項 textFA04 的物件類別 MSForms.TextBox 尚未被載入。
行號 1907: 控制項 textFA06 的物件類別 MSForms.TextBox 尚未被載入。
行號 1921: 控制項 textFA23 的物件類別 MSForms.TextBox 尚未被載入。
行號 1935: 控制項 textFA29 的物件類別 MSForms.TextBox 尚未被載入。
行號 1950: 控制項 textFA110 的物件類別 MSForms.TextBox 尚未被載入。
行號 1965: 控制項 textFA59_2 的物件類別 MSForms.TextBox 尚未被載入。
行號 1981: 控制項 textFA60 的物件類別 MSForms.TextBox 尚未被載入。
行號 1995: 控制項 textFA38_2 的物件類別 MSForms.TextBox 尚未被載入。
行號 2011: 控制項 textFA37 的物件類別 MSForms.TextBox 尚未被載入。
行號 2025: 控制項 textFA45 的物件類別 MSForms.TextBox 尚未被載入。
行號 2040: 控制項 textFA92 的物件類別 MSForms.TextBox 尚未被載入。
行號 2055: 控制項 lstDeveloper 的物件類別 MSForms.ListBox 尚未被載入。
行號 3134: 控制項 ImageList1 的物件類別 MSComctlLib.ImageList 尚未被載入。
行號 3192: 控制項 tlbar 的物件類別 MSComctlLib.Toolbar 尚未被載入。
行號 3295: 控制項 textCUID 的物件類別 MSForms.TextBox 尚未被載入。
