行號 1536: 控制項 Label30 的物件類別 MSForms.Label 尚未被載入。
行號 1560: 控制項 textCU191 的物件類別 MSForms.TextBox 尚未被載入。
行號 1604: 控制項 textCU102 的物件類別 MSForms.TextBox 尚未被載入。
行號 1618: 控制項 textCU69 的物件類別 MSForms.TextBox 尚未被載入。
行號 1632: 控制項 textCU68 的物件類別 MSForms.TextBox 尚未被載入。
行號 1646: 控制項 textCU67 的物件類別 MSForms.TextBox 尚未被載入。
行號 1660: 控制項 textCU66 的物件類別 MSForms.TextBox 尚未被載入。
行號 1674: 控制項 textCU65 的物件類別 MSForms.TextBox 尚未被載入。
行號 1688: 控制項 textCU28 的物件類別 MSForms.TextBox 尚未被載入。
行號 1702: 控制項 textCU27 的物件類別 MSForms.TextBox 尚未被載入。
行號 1716: 控制項 textCU26 的物件類別 MSForms.TextBox 尚未被載入。
行號 1730: 控制項 textCU25 的物件類別 MSForms.TextBox 尚未被載入。
行號 1744: 控制項 textCU24 的物件類別 MSForms.TextBox 尚未被載入。
行號 1758: 控制項 textCU05 的物件類別 MSForms.TextBox 尚未被載入。
行號 1772: 控制項 textCU88 的物件類別 MSForms.TextBox 尚未被載入。
行號 1786: 控制項 textCU89 的物件類別 MSForms.TextBox 尚未被載入。
行號 1800: 控制項 textCU90 的物件類別 MSForms.TextBox 尚未被載入。
行號 1814: 控制項 lstDeveloper 的物件類別 MSForms.ListBox 尚未被載入。
行號 1831: 控制項 cboContact 的物件類別 MSForms.ComboBox 尚未被載入。
行號 1847: 控制項 textCU180 的物件類別 MSForms.TextBox 尚未被載入。
行號 1862: 控制項 textCU79 的物件類別 MSForms.TextBox 尚未被載入。
行號 1876: 控制項 textCU113 的物件類別 MSForms.TextBox 尚未被載入。
行號 1890: 控制項 textCU150 的物件類別 MSForms.TextBox 尚未被載入。
行號 1905: 控制項 textCU70 的物件類別 MSForms.TextBox 尚未被載入。
行號 1919: 控制項 textCU95 的物件類別 MSForms.TextBox 尚未被載入。
行號 1933: 控制項 textCU125 的物件類別 MSForms.TextBox 尚未被載入。
行號 1948: 控制項 textCU114 的物件類別 MSForms.TextBox 尚未被載入。
行號 1962: 控制項 textCU104 的物件類別 MSForms.TextBox 尚未被載入。
行號 1977: 控制項 textCU93 的物件類別 MSForms.TextBox 尚未被載入。
行號 1991: 控制項 textCU92 的物件類別 MSForms.TextBox 尚未被載入。
行號 2005: 控制項 textCU91 的物件類別 MSForms.TextBox 尚未被載入。
行號 2019: 控制項 textCU78 的物件類別 MSForms.TextBox 尚未被載入。
行號 2034: 控制項 textCU63 的物件類別 MSForms.TextBox 尚未被載入。
行號 2047: 控制項 textCU62 的物件類別 MSForms.TextBox 尚未被載入。
行號 2060: 控制項 textCU61 的物件類別 MSForms.TextBox 尚未被載入。
行號 2073: 控制項 textCU60 的物件類別 MSForms.TextBox 尚未被載入。
行號 2086: 控制項 textCU59 的物件類別 MSForms.TextBox 尚未被載入。
行號 2099: 控制項 textCU58 的物件類別 MSForms.TextBox 尚未被載入。
行號 2112: 控制項 textCU56 的物件類別 MSForms.TextBox 尚未被載入。
行號 2126: 控制項 textCU55 的物件類別 MSForms.TextBox 尚未被載入。
行號 2140: 控制項 textCU54 的物件類別 MSForms.TextBox 尚未被載入。
行號 2154: 控制項 textCU53 的物件類別 MSForms.TextBox 尚未被載入。
行號 2168: 控制項 textCU52 的物件類別 MSForms.TextBox 尚未被載入。
行號 2182: 控制項 textCU51 的物件類別 MSForms.TextBox 尚未被載入。
行號 2196: 控制項 textCU50 的物件類別 MSForms.TextBox 尚未被載入。
行號 2210: 控制項 textCU49 的物件類別 MSForms.TextBox 尚未被載入。
行號 2224: 控制項 textCU48 的物件類別 MSForms.TextBox 尚未被載入。
行號 2238: 控制項 textCU47 的物件類別 MSForms.TextBox 尚未被載入。
行號 2252: 控制項 textCU46 的物件類別 MSForms.TextBox 尚未被載入。
行號 2266: 控制項 textCU45 的物件類別 MSForms.TextBox 尚未被載入。
行號 2280: 控制項 textCU44 的物件類別 MSForms.TextBox 尚未被載入。
行號 2294: 控制項 textCU43 的物件類別 MSForms.TextBox 尚未被載入。
行號 2308: 控制項 textCU42 的物件類別 MSForms.TextBox 尚未被載入。
行號 2322: 控制項 textCU41 的物件類別 MSForms.TextBox 尚未被載入。
行號 2336: 控制項 textCU40 的物件類別 MSForms.TextBox 尚未被載入。
行號 2350: 控制項 textCU39 的物件類別 MSForms.TextBox 尚未被載入。
行號 2364: 控制項 textCU31 的物件類別 MSForms.TextBox 尚未被載入。
行號 2379: 控制項 textCU29 的物件類別 MSForms.TextBox 尚未被載入。
行號 2394: 控制項 textCU23 的物件類別 MSForms.TextBox 尚未被載入。
行號 2409: 控制項 textCU07 的物件類別 MSForms.TextBox 尚未被載入。
行號 2423: 控制項 textCU06 的物件類別 MSForms.TextBox 尚未被載入。
行號 2437: 控制項 textCU04 的物件類別 MSForms.TextBox 尚未被載入。
行號 2832: 控制項 Label30 的物件類別 MSForms.Label 尚未被載入。
行號 2847: 控制項 Label30 的物件類別 MSForms.Label 尚未被載入。
行號 2872: 控制項 Label30 的物件類別 MSForms.Label 尚未被載入。
行號 2957: 控制項 Label30 的物件類別 MSForms.Label 尚未被載入。
行號 2972: 控制項 Label30 的物件類別 MSForms.Label 尚未被載入。
行號 3007: 控制項 Label30 的物件類別 MSForms.Label 尚未被載入。
行號 3022: 控制項 Label30 的物件類別 MSForms.Label 尚未被載入。
行號 3352: 控制項 Label30 的物件類別 MSForms.Label 尚未被載入。
行號 3377: 控制項 Label30 的物件類別 MSForms.Label 尚未被載入。
行號 3413: 控制項 Label30 的物件類別 MSForms.Label 尚未被載入。
行號 3428: 控制項 Label30 的物件類別 MSForms.Label 尚未被載入。
行號 3443: 控制項 Label30 的物件類別 MSForms.Label 尚未被載入。
行號 3458: 控制項 Label30 的物件類別 MSForms.Label 尚未被載入。
行號 3473: 控制項 Label30 的物件類別 MSForms.Label 尚未被載入。
行號 3488: 控制項 Label30 的物件類別 MSForms.Label 尚未被載入。
行號 3503: 控制項 Label30 的物件類別 MSForms.Label 尚未被載入。
行號 4208: 控制項 Label30 的物件類別 MSForms.Label 尚未被載入。
行號 4254: 控制項 ImageList1 的物件類別 MSComctlLib.ImageList 尚未被載入。
行號 4337: 控制項 TBar1 的物件類別 MSComctlLib.Toolbar 尚未被載入。
行號 4438: 控制項 textCUID 的物件類別 MSForms.TextBox 尚未被載入。
