行號 135: 控制項 ImageList1 的物件類別 MSComctlLib.ImageList 尚未被載入。
行號 193: 控制項 TBar1 的物件類別 MSComctlLib.Toolbar 尚未被載入。
行號 352: 控制項 txtCR 的物件類別 MSForms.TextBox 尚未被載入。
行號 413: 控制項 lblName 的物件類別 MSForms.Label 尚未被載入。
行號 429: 控制項 lstAtt 的物件類別 MSForms.ListBox 尚未被載入。
行號 446: 控制項 lstUsers 的物件類別 MSForms.ListBox 尚未被載入。
行號 465: 控制項 cboPlace 的物件類別 MSForms.ComboBox 尚未被載入。
行號 481: 控制項 lstSort 的物件類別 MSForms.ListBox 尚未被載入。
行號 499: 控制項 cboSort 的物件類別 MSForms.ComboBox 尚未被載入。
行號 515: 控制項 cboContact 的物件類別 MSForms.ComboBox 尚未被載入。
行號 531: 控制項 lstContact 的物件類別 MSForms.ListBox 尚未被載入。
行號 548: 控制項 txtCR 的物件類別 MSForms.TextBox 尚未被載入。
行號 565: 控制項 txtCR 的物件類別 MSForms.TextBox 尚未被載入。
行號 580: 控制項 txtCR 的物件類別 MSForms.TextBox 尚未被載入。
行號 595: 控制項 txtCR 的物件類別 MSForms.TextBox 尚未被載入。
行號 612: 控制項 txtCR 的物件類別 MSForms.TextBox 尚未被載入。
行號 629: 控制項 txtCR 的物件類別 MSForms.TextBox 尚未被載入。
行號 645: 控制項 txtCR 的物件類別 MSForms.TextBox 尚未被載入。
行號 661: 控制項 txtCR 的物件類別 MSForms.TextBox 尚未被載入。
行號 677: 控制項 txtCR 的物件類別 MSForms.TextBox 尚未被載入。
行號 692: 控制項 txtCR 的物件類別 MSForms.TextBox 尚未被載入。
行號 707: 控制項 lbl1 的物件類別 MSForms.Label 尚未被載入。
行號 721: 控制項 textCUID 的物件類別 MSForms.TextBox 尚未被載入。
