行號 108: 控制項 txtPCC 的物件類別 MSForms.TextBox 尚未被載入。
行號 159: 控制項 txtPCC 的物件類別 MSForms.TextBox 尚未被載入。
行號 211: 控制項 txtPCC 的物件類別 MSForms.TextBox 尚未被載入。
行號 228: 控制項 lblName 的物件類別 MSForms.Label 尚未被載入。
行號 286: 控制項 txtPCC 的物件類別 MSForms.TextBox 尚未被載入。
行號 301: 控制項 txtPCC 的物件類別 MSForms.TextBox 尚未被載入。
行號 317: 控制項 txtPCC 的物件類別 MSForms.TextBox 尚未被載入。
行號 332: 控制項 txtPCC 的物件類別 MSForms.TextBox 尚未被載入。
行號 347: 控制項 txtPCC 的物件類別 MSForms.TextBox 尚未被載入。
行號 362: 控制項 txtPCC 的物件類別 MSForms.TextBox 尚未被載入。
行號 377: 控制項 txtPCC 的物件類別 MSForms.TextBox 尚未被載入。
行號 392: 控制項 txtPCC 的物件類別 MSForms.TextBox 尚未被載入。
行號 408: 控制項 txtPCC 的物件類別 MSForms.TextBox 尚未被載入。
行號 423: 控制項 txtPCC 的物件類別 MSForms.TextBox 尚未被載入。
行號 438: 控制項 txtPCC 的物件類別 MSForms.TextBox 尚未被載入。
行號 453: 控制項 lstUsers 的物件類別 MSForms.ListBox 尚未被載入。
行號 472: 控制項 textCUID1 的物件類別 MSForms.TextBox 尚未被載入。
行號 653: 控制項 ImageList1 的物件類別 MSComctlLib.ImageList 尚未被載入。
行號 720: 控制項 TBar1 的物件類別 MSComctlLib.Toolbar 尚未被載入。
行號 1113: 控制項 textName 的物件類別 MSForms.TextBox 尚未被載入。
