2025/4/25 下午 03:23:47  ==>  （手動）20250423 下班打卡異常檢查開始！
2025/4/25 下午 03:42:16  ==>  （手動）20250423 下班打卡異常檢查開始！
2025/4/25 下午 04:53:52  ==>  （手動）20250423 下班打卡異常檢查開始！
2025/4/25 下午 05:04:20  ==>  （手動）20250423 下班打卡異常檢查結束！（北所）異常筆數：0 筆
2025/4/25 下午 05:04:36  ==>  （手動）20250423 下班打卡異常檢查開始！
2025/4/25 下午 05:07:32  ==>  系統自動上會稿完成日開始！
2025/4/25 下午 05:07:33  ==>  更新文號AB4012455-->20250424
2025/4/25 下午 05:07:47  ==>  系統自動上會稿完成日結束！更新筆數：1 筆
2025/4/25 下午 05:07:47  ==>  系統自動上齊備日結束！更新筆數：0 筆
2025/4/25 下午 05:07:47  ==>  系統自動上會完開始！
2025/4/25 下午 05:07:50  ==>  新增會完CB4023446-->78027-99031-20250425
2025/4/25 下午 05:07:58  ==>  新增會完CB4023115-->B1017-99031-20250425
2025/4/25 下午 05:08:01  ==>  新增會完CB4023496-->B0016-A8007-20250425
2025/4/25 下午 05:08:06  ==>  新增會完CB4023503-->B0016-A8007-20250425
2025/4/25 下午 05:08:36  ==>  新增會完CB4023494-->B0016-A8007-20250425
2025/4/25 下午 05:08:40  ==>  新增會完CB4023267-->B0011-A8016-20250425
2025/4/25 下午 05:08:42  ==>  新增會完CB4023443-->A4022-B0006-20250425
2025/4/25 下午 05:08:43  ==>  新增會完CB4023402-->A4022-B0006-20250425
2025/4/25 下午 05:08:46  ==>  新增會完CB4023444-->B0017-B3035-20250425
2025/4/25 下午 05:16:23  ==>  （手動）20250423 下班打卡異常檢查開始！
2025/4/25 下午 05:16:55  ==>  系統自動上會稿完成日開始！
2025/4/25 下午 05:17:00  ==>  系統自動上會稿完成日結束！更新筆數：0 筆
2025/4/25 下午 05:17:00  ==>  系統自動上齊備日結束！更新筆數：0 筆
2025/4/25 下午 05:17:00  ==>  系統自動上會完開始！
2025/4/25 下午 05:17:00  ==>  系統自動上會完結束！筆數：0 筆
2025/4/25 下午 05:17:00  ==>  檢查系統自動接收郵件,是否有正常Run...開始！
2025/4/25 下午 05:17:00  ==>  檢查系統自動接收郵件,是否有正常Run...結束！
2025/4/25 下午 05:17:25  ==>  （手動）20250423 下班打卡異常檢查結束！（北所）異常筆數：0 筆
2025/4/25 下午 05:19:20  ==>  （手動）20250423 下班打卡異常檢查開始！
2025/4/25 下午 05:20:27  ==>  （手動）20250423 下班打卡異常檢查結束！（北所）異常筆數：0 筆
