2019/3/20 Uと 04:50:39  ==>  ]も笆^20190320 WZ]1^ゴd钵`浪d}lI
2019/3/20 Uと 05:27:14  ==>  ]も笆^20190320 WZ]1^ゴd钵`浪d}lI
2019/3/21 Uと 04:04:24  ==>  ]も笆^t参郯胜W|ZЧΘら}lI
2019/3/21 Uと 04:04:24  ==>  蠓sゅ腹CA8013237-->20190320
2019/3/21 Uと 04:04:43  ==>  |ゼ旖T{|ZЧΘら寒涩qC
2019/3/21 Uと 04:05:00  ==>  ]も笆^t参郯胜W|ZЧΘら挡簟I蠓s掸计G1 掸
2019/3/21 Uと 04:05:00  ==>  ]も笆^t参郯胜W霍称ら挡簟I蠓s掸计G0 掸
2019/3/21 Uと 04:05:00  ==>  ]も笆^t参郯胜W|Ч挡簟I掸计G0 掸
2019/3/21 Uと 04:05:53  ==>  t参郯胜W|Ч}lI
2019/3/21 Uと 04:09:40  ==>  t参郯胜W|Ч}lI
2019/3/21 Uと 04:14:46  ==>  sW|ЧCA8016807-->98019-A1033-20190321
2019/3/21 Uと 04:15:31  ==>  sW|ЧCA8016625-->69001-A3023-20190321
2019/3/21 Uと 04:15:54  ==>  t参郯胜W|Ч挡簟I掸计G2 掸
2019/3/21 Uと 04:22:58  ==>  t参郯胜W|Ч}lI
2019/3/21 Uと 04:24:47  ==>  sW|ЧCA8016908-->69001-A3023-20190321
2020/6/9 Uと 02:38:10  ==>  廿叱su...
2020/6/9 Uと 02:38:10  ==>  U更辚d隹...
2020/6/9 Uと 02:38:10  ==>  廿叱su...
2020/6/9 Uと 02:38:10  ==>  U更辚d隹...
2020/6/9 Uと 02:38:10  ==>  廿叱su...
2020/6/9 Uと 02:38:10  ==>  U更辚d隹...
2020/6/9 Uと 02:38:11  ==>  廿叱su...
2020/6/9 Uと 02:38:11  ==>  U更辚d隹...
2020/6/9 Uと 02:38:11  ==>  廿叱su...
2020/6/9 Uと 02:38:11  ==>  U更辚d隹...
2020/6/9 Uと 02:38:12  ==>  廿叱su...
2020/6/9 Uと 02:38:12  ==>  U更辚d隹...
2020/6/9 Uと 02:38:12  ==>  廿叱su...
2020/6/9 Uと 02:38:12  ==>  U更辚d隹...
2020/6/9 Uと 02:38:13  ==>  廿叱su...
2020/6/9 Uと 02:38:13  ==>  U更辚d隹...
2020/6/9 Uと 02:41:26  ==>  廿叱su...
2020/6/9 Uと 02:41:26  ==>  U更辚d隹...
2020/6/9 Uと 02:41:27  ==>  U更辚d隹...
2020/6/9 Uと 02:41:27  ==>  廿叱su...
2020/6/9 Uと 02:41:27  ==>  U更辚d隹...
2020/6/9 Uと 02:41:27  ==>  廿叱su...
2020/6/9 Uと 02:41:27  ==>  U更辚d隹...
2020/6/9 Uと 02:41:28  ==>  廿叱su...
2020/6/9 Uと 02:41:28  ==>  U更辚d隹...
2020/6/9 Uと 02:41:28  ==>  廿叱su...
2020/6/9 Uと 02:41:28  ==>  U更辚d隹...
2020/6/9 Uと 02:41:29  ==>  廿叱su...
2020/6/9 Uと 02:41:34  ==>  U更辚d隹...
2020/6/9 Uと 02:41:34  ==>  廿叱su...
2020/6/9 Uと 02:41:34  ==>  U更辚d隹...
2020/6/9 Uと 02:41:34  ==>  廿叱su...
2020/6/9 Uと 02:41:35  ==>  U更辚d隹...
2021/5/17 Wと 10:49:30  ==>  廿叱su...
2021/5/17 Wと 10:49:30  ==>  U更辚d隹...
2021/5/17 Wと 10:49:31  ==>  U更辚d隹...
2021/5/17 Wと 10:49:31  ==>  U更辚d隹...
2021/5/17 Wと 10:49:31  ==>  U更辚d隹...
2021/5/17 Wと 10:49:32  ==>  U更辚d隹...
2021/5/17 Wと 10:49:32  ==>  U更辚d隹...
2021/5/17 Wと 10:49:32  ==>  廿叱su...
2021/5/17 Wと 10:49:32  ==>  U更辚d隹...
2021/5/17 Wと 10:49:33  ==>  U更辚d隹...
2021/5/17 Wと 10:49:33  ==>  U更辚d隹...
2021/5/17 Wと 10:49:33  ==>  U更辚d隹...
2021/5/17 Wと 10:49:34  ==>  廿叱su...
2021/5/17 Wと 10:49:34  ==>  U更辚d隹...
2021/5/17 Wと 10:49:34  ==>  U更辚d隹...
2021/5/17 Wと 10:49:35  ==>  U更辚d隹...
2021/5/17 Wと 10:49:35  ==>  廿叱su...
2021/5/17 Wと 10:49:35  ==>  U更辚d隹...
2021/5/17 Wと 10:49:35  ==>  U更辚d隹...
2021/5/17 Wと 10:49:36  ==>  U更辚d隹...
2021/5/17 Wと 10:49:36  ==>  廿叱su...
2021/5/17 Wと 10:49:36  ==>  U更辚d隹...
2021/5/17 Wと 10:49:36  ==>  U更辚d隹...
2021/5/17 Wと 10:49:37  ==>  廿叱su...
2021/5/17 Wと 10:49:37  ==>  U更辚d隹...
2021/5/17 Wと 10:49:37  ==>  U更辚d隹...
2021/5/17 Wと 10:49:37  ==>  U更辚d隹...
2021/5/17 Wと 10:49:38  ==>  U更辚d隹...
2021/5/17 Wと 10:49:38  ==>  U更辚d隹...
2021/5/17 Wと 10:49:38  ==>  廿叱su...
2021/5/17 Wと 10:49:38  ==>  U更辚d隹...
2021/5/17 Wと 10:49:38  ==>  U更辚d隹...
2021/5/17 Wと 10:49:39  ==>  U更辚d隹...
2021/5/17 Wと 10:49:39  ==>  廿叱su...
2021/5/17 Wと 10:49:39  ==>  U更辚d隹...
2021/5/17 Wと 10:49:39  ==>  U更辚d隹...
2021/5/17 Wと 10:49:42  ==>  廿叱su...
2021/5/17 Wと 10:49:42  ==>  U更辚d隹...
2021/5/17 Wと 10:49:43  ==>  廿叱su...
2021/5/17 Wと 10:49:43  ==>  U更辚d隹...
2021/5/17 Wと 10:49:43  ==>  廿叱su...
2021/5/17 Wと 10:49:43  ==>  U更辚d隹...
2021/5/17 Wと 10:49:43  ==>  廿叱su...
2021/5/17 Wと 10:49:43  ==>  U更辚d隹...
2021/5/17 Wと 10:49:44  ==>  廿叱su...
2021/5/17 Wと 10:49:44  ==>  U更辚d隹...
2021/5/17 Wと 10:49:44  ==>  廿叱su...
2021/5/17 Wと 10:49:44  ==>  U更辚d隹...
2021/5/17 Wと 10:49:45  ==>  廿叱su...
2021/5/17 Wと 10:49:45  ==>  U更辚d隹...
2021/5/17 Wと 10:49:45  ==>  廿叱su...
2021/5/17 Wと 10:49:45  ==>  U更辚d隹...
2021/5/17 Wと 10:51:58  ==>  廿叱su...
2021/5/17 Wと 10:51:58  ==>  U更辚d隹...
2021/5/17 Wと 10:51:58  ==>  廿叱su...
2021/5/17 Wと 10:51:58  ==>  U更辚d隹...
2021/5/17 Wと 10:51:58  ==>  廿叱su...
2021/5/17 Wと 10:51:58  ==>  U更辚d隹...
2021/5/17 Wと 10:51:59  ==>  廿叱su...
2021/5/17 Wと 10:51:59  ==>  U更辚d隹...
2021/5/17 Wと 10:51:59  ==>  廿叱su...
2021/5/17 Wと 10:51:59  ==>  U更辚d隹...
2021/5/17 Wと 10:52:00  ==>  廿叱su...
2021/5/17 Wと 10:52:00  ==>  U更辚d隹...
2021/5/17 Wと 10:52:00  ==>  廿叱su...
2021/5/17 Wと 10:52:00  ==>  U更辚d隹...
2021/5/17 Wと 10:52:00  ==>  廿叱su...
2021/5/17 Wと 10:52:00  ==>  U更辚d隹...
2021/5/17 Wと 10:52:39  ==>  廿叱su...
2021/5/17 Wと 10:52:39  ==>  U更辚d隹...
2021/5/17 Wと 10:52:39  ==>  廿叱su...
2021/5/17 Wと 10:52:39  ==>  U更辚d隹...
2021/5/17 Wと 10:52:39  ==>  廿叱su...
2021/5/17 Wと 10:52:39  ==>  U更辚d隹...
2021/5/17 Wと 10:52:40  ==>  廿叱su...
2021/5/17 Wと 10:52:40  ==>  U更辚d隹...
2021/5/17 Wと 10:52:40  ==>  廿叱su...
2021/5/17 Wと 10:52:40  ==>  U更辚d隹...
2021/5/17 Wと 10:52:41  ==>  廿叱su...
2021/5/17 Wと 10:52:41  ==>  U更辚d隹...
2021/5/17 Wと 10:52:41  ==>  廿叱su...
2021/5/17 Wと 10:52:41  ==>  U更辚d隹...
2021/5/17 Wと 10:52:41  ==>  廿叱su...
2021/5/17 Wと 10:52:41  ==>  U更辚d隹...
2021/5/17 Wと 10:54:01  ==>  廿叱su...
2021/5/17 Wと 10:54:01  ==>  U更辚d隹...
2021/5/17 Wと 10:54:02  ==>  廿叱su...
2021/5/17 Wと 10:54:02  ==>  U更辚d隹...
2021/5/17 Wと 10:54:02  ==>  廿叱su...
2021/5/17 Wと 10:54:02  ==>  U更辚d隹...
2021/5/17 Wと 10:54:02  ==>  廿叱su...
2021/5/17 Wと 10:54:02  ==>  U更辚d隹...
2021/5/17 Wと 10:54:03  ==>  廿叱su...
2021/5/17 Wと 10:54:03  ==>  U更辚d隹...
2021/5/17 Wと 10:54:03  ==>  廿叱su...
2021/5/17 Wと 10:54:03  ==>  U更辚d隹...
2021/5/17 Wと 10:54:03  ==>  U更辚d隹...
2021/5/17 Wと 10:54:04  ==>  廿叱su...
2021/5/17 Wと 10:54:04  ==>  U更辚d隹...
2021/5/17 Wと 10:54:04  ==>  廿叱su...
2021/5/17 Wと 10:54:04  ==>  U更辚d隹...
2021/5/17 Wと 10:55:37  ==>  廿叱su...
2021/5/17 Wと 10:55:37  ==>  U更辚d隹...
2021/5/17 Wと 10:55:38  ==>  廿叱su...
2021/5/17 Wと 10:55:38  ==>  U更辚d隹...
2021/5/17 Wと 10:55:38  ==>  廿叱su...
2021/5/17 Wと 10:55:38  ==>  U更辚d隹...
2021/5/17 Wと 10:55:39  ==>  廿叱su...
2021/5/17 Wと 10:55:39  ==>  U更辚d隹...
2021/5/17 Wと 10:55:39  ==>  廿叱su...
2021/5/17 Wと 10:55:39  ==>  U更辚d隹...
2021/5/17 Wと 10:55:39  ==>  廿叱su...
2021/5/17 Wと 10:55:39  ==>  U更辚d隹...
2021/5/17 Wと 10:55:40  ==>  廿叱su...
2021/5/17 Wと 10:55:40  ==>  U更辚d隹...
2021/5/17 Wと 10:55:40  ==>  廿叱su...
2021/5/17 Wと 10:55:40  ==>  U更辚d隹...
2021/5/17 Wと 10:56:04  ==>  廿叱su...
2021/5/17 Wと 10:56:04  ==>  U更辚d隹...
2021/5/17 Wと 10:56:04  ==>  廿叱su...
2021/5/17 Wと 10:56:04  ==>  U更辚d隹...
2021/5/17 Wと 10:56:05  ==>  廿叱su...
2021/5/17 Wと 10:56:05  ==>  U更辚d隹...
2021/5/17 Wと 10:56:05  ==>  廿叱su...
2021/5/17 Wと 10:56:05  ==>  U更辚d隹...
2021/5/17 Wと 10:56:06  ==>  廿叱su...
2021/5/17 Wと 10:56:06  ==>  U更辚d隹...
2021/5/17 Wと 10:56:06  ==>  廿叱su...
2021/5/17 Wと 10:56:06  ==>  U更辚d隹...
2021/5/17 Wと 10:56:06  ==>  廿叱su...
2021/5/17 Wと 10:56:06  ==>  U更辚d隹...
2021/5/17 Wと 10:56:07  ==>  廿叱su...
2021/5/17 Wと 10:56:07  ==>  U更辚d隹...
2021/5/17 Uと 03:19:08  ==>  廿叱su...
2021/5/17 Uと 03:19:08  ==>  U更辚d隹...
2021/5/17 Uと 03:19:08  ==>  U更辚d隹...
2021/5/17 Uと 03:19:08  ==>  廿叱su...
2021/5/17 Uと 03:19:08  ==>  U更辚d隹...
2021/5/17 Uと 03:19:09  ==>  廿叱su...
2021/5/17 Uと 03:19:09  ==>  U更辚d隹...
2021/5/17 Uと 03:19:09  ==>  U更辚d隹...
2021/5/17 Uと 03:19:09  ==>  廿叱su...
2021/5/17 Uと 03:19:09  ==>  U更辚d隹...
2021/5/17 Uと 03:19:10  ==>  U更辚d隹...
2021/5/17 Uと 03:19:10  ==>  廿叱su...
2021/5/17 Uと 03:19:10  ==>  U更辚d隹...
2021/5/17 Uと 03:19:10  ==>  廿叱su...
2021/5/17 Uと 03:19:10  ==>  U更辚d隹...
2021/5/17 Uと 03:19:11  ==>  U更辚d隹...
2021/5/17 Uと 03:19:11  ==>  U更辚d隹...
2021/5/17 Uと 03:19:11  ==>  U更辚d隹...
2021/5/17 Uと 03:19:11  ==>  廿叱su...
2021/5/17 Uと 03:19:11  ==>  U更辚d隹...
2021/5/17 Uと 03:19:11  ==>  U更辚d隹...
2021/5/17 Uと 03:19:12  ==>  廿叱su...
2021/5/17 Uと 03:19:12  ==>  U更辚d隹...
2021/5/17 Uと 03:19:12  ==>  U更辚d隹...
2021/5/17 Uと 03:29:21  ==>  廿叱su...
2021/5/17 Uと 03:29:21  ==>  U更辚d隹...
2021/5/17 Uと 03:29:23  ==>  廿叱su...
2021/5/17 Uと 03:29:23  ==>  U更辚d隹...
2021/5/17 Uと 03:29:24  ==>  廿叱su...
2021/5/17 Uと 03:29:24  ==>  U更辚d隹...
2021/5/17 Uと 03:29:25  ==>  廿叱su...
2021/5/17 Uと 03:29:25  ==>  U更辚d隹...
2021/5/17 Uと 03:29:26  ==>  廿叱su...
2021/5/17 Uと 03:29:26  ==>  U更辚d隹...
2021/5/17 Uと 03:29:27  ==>  廿叱su...
2021/5/17 Uと 03:29:27  ==>  U更辚d隹...
2021/5/17 Uと 03:29:28  ==>  廿叱su...
2021/5/17 Uと 03:29:28  ==>  U更辚d隹...
2021/5/17 Uと 03:29:29  ==>  廿叱su...
2021/5/17 Uと 03:29:29  ==>  U更辚d隹...
2021/5/17 Uと 03:35:25  ==>  廿叱su...
2021/5/17 Uと 03:35:25  ==>  U更辚d隹...
2021/5/17 Uと 03:35:26  ==>  廿叱su...
2021/5/17 Uと 03:35:26  ==>  U更辚d隹...
2021/5/17 Uと 03:35:27  ==>  廿叱su...
2021/5/17 Uと 03:35:27  ==>  U更辚d隹...
2021/5/17 Uと 03:35:28  ==>  廿叱su...
2021/5/17 Uと 03:35:28  ==>  U更辚d隹...
2021/5/17 Uと 03:35:29  ==>  廿叱su...
2021/5/17 Uと 03:35:29  ==>  U更辚d隹...
2021/5/17 Uと 03:35:30  ==>  廿叱su...
2021/5/17 Uと 03:35:30  ==>  U更辚d隹...
2021/5/17 Uと 03:35:31  ==>  廿叱su...
2021/5/17 Uと 03:35:31  ==>  U更辚d隹...
2021/5/17 Uと 03:35:32  ==>  廿叱su...
2021/5/17 Uと 03:35:32  ==>  U更辚d隹...
2021/5/17 Uと 03:38:32  ==>  廿叱su...
2021/5/17 Uと 03:38:32  ==>  U更辚d隹...
2021/5/17 Uと 03:38:33  ==>  廿叱su...
2021/5/17 Uと 03:38:33  ==>  U更辚d隹...
2021/5/17 Uと 03:38:34  ==>  廿叱su...
2021/5/17 Uと 03:38:34  ==>  U更辚d隹...
2021/5/17 Uと 03:38:35  ==>  廿叱su...
2021/5/17 Uと 03:38:35  ==>  U更辚d隹...
2021/5/17 Uと 03:38:36  ==>  廿叱su...
2021/5/17 Uと 03:38:36  ==>  U更辚d隹...
2021/5/17 Uと 03:38:37  ==>  廿叱su...
2021/5/17 Uと 03:38:37  ==>  U更辚d隹...
2021/5/17 Uと 03:38:38  ==>  廿叱su...
2021/5/17 Uと 03:38:38  ==>  U更辚d隹...
2021/5/17 Uと 03:38:39  ==>  廿叱su...
2021/5/17 Uと 03:38:39  ==>  U更辚d隹...
2021/12/1 Wと 10:20:05  ==>  廿叱su...
2021/12/1 Wと 10:20:05  ==>  U更辚d隹...
2021/12/1 Wと 10:20:07  ==>  廿叱su...
2021/12/1 Wと 10:20:07  ==>  U更辚d隹...
2021/12/1 Wと 10:20:09  ==>  廿叱su...
2021/12/1 Wと 10:20:09  ==>  U更辚d隹...
2021/12/1 Wと 10:20:11  ==>  廿叱su...
2021/12/1 Wと 10:20:11  ==>  U更辚d隹...
2021/12/1 Wと 10:20:13  ==>  廿叱su...
2021/12/1 Wと 10:20:13  ==>  U更辚d隹...
2021/12/1 Wと 10:20:15  ==>  廿叱su...
2021/12/1 Wと 10:20:15  ==>  U更辚d隹...
2021/12/1 Wと 10:20:17  ==>  廿叱su...
2021/12/1 Wと 10:20:17  ==>  U更辚d隹...
2021/12/1 Wと 10:20:19  ==>  廿叱su...
2021/12/1 Wと 10:20:19  ==>  U更辚d隹...
2021/12/1 Wと 10:20:21  ==>  廿叱su...
2021/12/1 Wと 10:20:21  ==>  U更辚d隹...
2021/12/1 Wと 10:20:46  ==>  廿叱su...
2021/12/1 Wと 10:20:46  ==>  U更辚d隹...
2021/12/1 Wと 10:20:48  ==>  廿叱su...
2021/12/1 Wと 10:20:48  ==>  U更辚d隹...
2021/12/1 Wと 10:20:50  ==>  廿叱su...
2021/12/1 Wと 10:20:53  ==>  U更辚d隹...
2021/12/1 Wと 10:20:55  ==>  廿叱su...
2021/12/1 Wと 10:20:55  ==>  U更辚d隹...
2021/12/1 Wと 10:20:57  ==>  廿叱su...
2021/12/1 Wと 10:20:57  ==>  U更辚d隹...
2021/12/1 Wと 10:20:59  ==>  廿叱su...
2021/12/1 Wと 10:20:59  ==>  U更辚d隹...
2021/12/1 Wと 10:21:01  ==>  廿叱su...
2021/12/1 Wと 10:21:01  ==>  U更辚d隹...
2021/12/1 Wと 10:21:03  ==>  廿叱su...
2021/12/1 Wと 10:21:03  ==>  U更辚d隹...
2021/12/1 Wと 10:21:05  ==>  廿叱su...
2021/12/1 Wと 10:21:05  ==>  U更辚d隹...
2025/4/29 Uと 04:54:22  ==>  廿叱su...
2025/4/29 Uと 04:54:22  ==>  U更辚d隹...
2025/4/29 Uと 04:54:22  ==>  廿叱su...
2025/4/29 Uと 04:54:22  ==>  U更辚d隹...
2025/4/29 Uと 04:54:23  ==>  廿叱su...
2025/4/29 Uと 04:54:23  ==>  U更辚d隹...
2025/4/29 Uと 04:54:23  ==>  廿叱su...
2025/4/29 Uと 04:54:23  ==>  U更辚d隹...
2025/4/29 Uと 04:54:24  ==>  廿叱su...
2025/4/29 Uと 04:54:24  ==>  U更辚d隹...
2025/4/29 Uと 04:54:24  ==>  廿叱su...
2025/4/29 Uと 04:54:24  ==>  U更辚d隹...
2025/4/29 Uと 04:54:24  ==>  U更辚d隹...
2025/4/29 Uと 04:54:24  ==>  廿叱su...
2025/4/29 Uと 04:54:24  ==>  U更辚d隹...
2025/4/29 Uと 04:54:25  ==>  U更辚d隹...
2025/4/29 Uと 04:54:25  ==>  廿叱su...
2025/4/29 Uと 04:54:25  ==>  U更辚d隹...
2025/4/29 Uと 04:54:25  ==>  U更辚d隹...
2025/4/29 Uと 04:54:25  ==>  廿叱su...
2025/4/29 Uと 04:54:25  ==>  U更辚d隹...
2025/4/29 Uと 04:54:26  ==>  U更辚d隹...
2025/4/29 Uと 04:54:26  ==>  U更辚d隹...
2025/4/29 Uと 04:54:26  ==>  廿叱su...
2025/4/29 Uと 04:54:26  ==>  U更辚d隹...
2025/4/29 Uと 04:54:26  ==>  U更辚d隹...
2025/4/29 Uと 04:54:27  ==>  U更辚d隹...
2025/4/29 Uと 04:54:27  ==>  廿叱su...
2025/4/29 Uと 04:54:27  ==>  U更辚d隹...
2025/4/29 Uと 04:54:27  ==>  U更辚d隹...
2025/4/29 Uと 04:54:27  ==>  U更辚d隹...
2025/4/29 Uと 04:54:28  ==>  U更辚d隹...
2025/4/29 Uと 04:54:28  ==>  廿叱su...
2025/4/29 Uと 04:54:28  ==>  U更辚d隹...
2025/4/29 Uと 04:54:28  ==>  廿叱su...
2025/4/29 Uと 04:54:28  ==>  U更辚d隹...
2025/4/29 Uと 04:54:29  ==>  U更辚d隹...
2025/4/29 Uと 04:54:29  ==>  廿叱su...
2025/4/29 Uと 04:54:29  ==>  U更辚d隹...
2025/4/29 Uと 04:54:29  ==>  U更辚d隹...
2025/4/30 Wと 09:51:31  ==>  廿叱su...
2025/4/30 Wと 09:51:31  ==>  U更辚d隹...
2025/4/30 Wと 09:51:31  ==>  廿叱su...
2025/4/30 Wと 09:51:31  ==>  U更辚d隹...
2025/4/30 Wと 09:51:32  ==>  廿叱su...
2025/4/30 Wと 09:51:32  ==>  U更辚d隹...
2025/4/30 Wと 09:51:32  ==>  廿叱su...
2025/4/30 Wと 09:51:32  ==>  U更辚d隹...
2025/4/30 Wと 09:51:33  ==>  廿叱su...
2025/4/30 Wと 09:51:33  ==>  U更辚d隹...
2025/4/30 Wと 09:51:33  ==>  廿叱su...
2025/4/30 Wと 09:51:33  ==>  U更辚d隹...
2025/4/30 Wと 09:51:33  ==>  廿叱su...
2025/4/30 Wと 09:51:33  ==>  U更辚d隹...
2025/4/30 Wと 09:51:34  ==>  廿叱su...
2025/4/30 Wと 09:51:34  ==>  U更辚d隹...
2025/4/30 Wと 09:51:34  ==>  廿叱su...
2025/4/30 Wと 09:51:34  ==>  U更辚d隹...
2025/4/30 Wと 09:51:34  ==>  U更辚d隹...
2025/4/30 Wと 09:51:34  ==>  廿叱su...
2025/4/30 Wと 09:51:34  ==>  U更辚d隹...
2025/4/30 Wと 09:51:35  ==>  U更辚d隹...
2025/4/30 Wと 09:51:35  ==>  廿叱su...
2025/4/30 Wと 09:51:35  ==>  U更辚d隹...
2025/4/30 Wと 09:51:35  ==>  U更辚d隹...
2025/4/30 Wと 09:51:35  ==>  廿叱su...
2025/4/30 Wと 09:51:35  ==>  U更辚d隹...
2025/4/30 Wと 09:51:36  ==>  廿叱su...
2025/4/30 Wと 09:51:36  ==>  U更辚d隹...
2025/4/30 Wと 09:51:36  ==>  廿叱su...
2025/4/30 Wと 09:51:36  ==>  U更辚d隹...
2025/4/30 Wと 10:26:34  ==>  廿叱su...
2025/4/30 Wと 10:26:34  ==>  U更辚d隹...
2025/4/30 Wと 10:26:34  ==>  廿叱su...
2025/4/30 Wと 10:26:39  ==>  U更辚d隹...
2025/4/30 Wと 10:26:40  ==>  廿叱su...
2025/4/30 Wと 10:26:40  ==>  U更辚d隹...
2025/4/30 Wと 10:26:40  ==>  廿叱su...
2025/4/30 Wと 10:26:40  ==>  U更辚d隹...
2025/4/30 Wと 10:26:40  ==>  廿叱su...
2025/4/30 Wと 10:26:40  ==>  U更辚d隹...
2025/4/30 Wと 10:26:41  ==>  廿叱su...
2025/4/30 Wと 10:26:41  ==>  U更辚d隹...
2025/4/30 Wと 10:26:41  ==>  U更辚d隹...
2025/4/30 Wと 10:26:41  ==>  廿叱su...
2025/4/30 Wと 10:26:41  ==>  U更辚d隹...
2025/4/30 Wと 10:26:42  ==>  廿叱su...
2025/4/30 Wと 10:26:42  ==>  U更辚d隹...
2025/4/30 Wと 10:26:42  ==>  廿叱su...
2025/4/30 Wと 10:26:42  ==>  U更辚d隹...
2025/4/30 Wと 10:26:42  ==>  U更辚d隹...
2025/4/30 Wと 10:26:42  ==>  廿叱su...
2025/4/30 Wと 10:26:42  ==>  U更辚d隹...
2025/4/30 Wと 10:26:43  ==>  U更辚d隹...
2025/4/30 Wと 10:26:43  ==>  廿叱su...
2025/4/30 Wと 10:26:43  ==>  U更辚d隹...
2025/4/30 Wと 10:26:43  ==>  U更辚d隹...
2025/4/30 Wと 10:26:43  ==>  廿叱su...
2025/4/30 Wと 10:26:43  ==>  U更辚d隹...
2025/4/30 Wと 10:26:44  ==>  廿叱su...
2025/4/30 Wと 10:26:44  ==>  U更辚d隹...
2025/4/30 Wと 10:26:44  ==>  廿叱su...
2025/4/30 Wと 10:26:44  ==>  U更辚d隹...
2025/4/30 Wと 10:30:21  ==>  廿叱su...
2025/4/30 Wと 10:30:21  ==>  U更辚d隹...
2025/4/30 Wと 10:30:22  ==>  廿叱su...
2025/4/30 Wと 10:30:22  ==>  U更辚d隹...
2025/4/30 Wと 10:30:22  ==>  廿叱su...
2025/4/30 Wと 10:30:22  ==>  U更辚d隹...
2025/4/30 Wと 10:30:23  ==>  廿叱su...
2025/4/30 Wと 10:30:23  ==>  U更辚d隹...
2025/4/30 Wと 10:30:23  ==>  廿叱su...
2025/4/30 Wと 10:30:23  ==>  U更辚d隹...
2025/4/30 Wと 10:30:23  ==>  廿叱su...
2025/4/30 Wと 10:30:23  ==>  U更辚d隹...
2025/4/30 Wと 10:30:24  ==>  廿叱su...
2025/4/30 Wと 10:30:24  ==>  U更辚d隹...
2025/4/30 Wと 10:30:24  ==>  廿叱su...
2025/4/30 Wと 10:30:24  ==>  U更辚d隹...
2025/4/30 Wと 10:30:24  ==>  廿叱su...
2025/4/30 Wと 10:30:24  ==>  U更辚d隹...
2025/4/30 Wと 10:30:24  ==>  廿叱su...
2025/4/30 Wと 10:30:24  ==>  U更辚d隹...
2025/4/30 Wと 10:30:25  ==>  廿叱su...
2025/4/30 Wと 10:30:25  ==>  U更辚d隹...
2025/4/30 Wと 10:30:25  ==>  U更辚d隹...
2025/4/30 Wと 10:30:25  ==>  廿叱su...
2025/4/30 Wと 10:30:25  ==>  U更辚d隹...
2025/4/30 Wと 10:30:26  ==>  廿叱su...
2025/4/30 Wと 10:30:26  ==>  U更辚d隹...
2025/4/30 Wと 10:30:26  ==>  廿叱su...
2025/4/30 Wと 10:30:26  ==>  U更辚d隹...
2025/4/30 Wと 10:35:35  ==>  廿叱su...
2025/4/30 Wと 10:35:35  ==>  U更辚d隹...
2025/4/30 Wと 10:35:36  ==>  廿叱su...
2025/4/30 Wと 10:35:36  ==>  U更辚d隹...
2025/4/30 Wと 10:35:36  ==>  廿叱su...
2025/4/30 Wと 10:35:36  ==>  U更辚d隹...
2025/4/30 Wと 10:35:37  ==>  廿叱su...
2025/4/30 Wと 10:35:37  ==>  U更辚d隹...
2025/4/30 Wと 10:35:37  ==>  廿叱su...
2025/4/30 Wと 10:35:37  ==>  U更辚d隹...
2025/4/30 Wと 10:35:37  ==>  廿叱su...
2025/4/30 Wと 10:35:37  ==>  U更辚d隹...
2025/4/30 Wと 10:35:38  ==>  廿叱su...
2025/4/30 Wと 10:35:38  ==>  U更辚d隹...
2025/4/30 Wと 10:35:38  ==>  廿叱su...
2025/4/30 Wと 10:35:38  ==>  U更辚d隹...
2025/4/30 Wと 10:35:38  ==>  廿叱su...
2025/4/30 Wと 10:35:38  ==>  U更辚d隹...
2025/4/30 Wと 10:35:39  ==>  U更辚d隹...
2025/4/30 Wと 10:35:39  ==>  廿叱su...
2025/4/30 Wと 10:35:39  ==>  U更辚d隹...
2025/4/30 Wと 10:35:39  ==>  U更辚d隹...
2025/4/30 Wと 10:35:39  ==>  廿叱su...
2025/4/30 Wと 10:35:39  ==>  U更辚d隹...
2025/4/30 Wと 10:35:40  ==>  廿叱su...
2025/4/30 Wと 10:35:40  ==>  U更辚d隹...
2025/4/30 Wと 10:35:40  ==>  廿叱su...
2025/4/30 Wと 10:35:40  ==>  U更辚d隹...
2025/4/30 Wと 10:35:40  ==>  U更辚d隹...
2025/4/30 Wと 10:35:40  ==>  廿叱su...
2025/4/30 Wと 10:35:40  ==>  U更辚d隹...
2025/4/30 Wと 10:56:32  ==>  廿叱su...
2025/4/30 Wと 10:56:32  ==>  U更辚d隹...
2025/4/30 Wと 10:56:32  ==>  廿叱su...
2025/4/30 Wと 10:56:37  ==>  U更辚d隹...
2025/4/30 Wと 10:56:38  ==>  廿叱su...
2025/4/30 Wと 10:56:38  ==>  U更辚d隹...
2025/4/30 Wと 10:56:38  ==>  廿叱su...
2025/4/30 Wと 10:56:38  ==>  U更辚d隹...
2025/4/30 Wと 10:56:39  ==>  廿叱su...
2025/4/30 Wと 10:56:39  ==>  U更辚d隹...
2025/4/30 Wと 10:56:39  ==>  廿叱su...
2025/4/30 Wと 10:56:39  ==>  U更辚d隹...
2025/4/30 Wと 10:56:39  ==>  廿叱su...
2025/4/30 Wと 10:56:39  ==>  U更辚d隹...
2025/4/30 Wと 10:56:39  ==>  廿叱su...
2025/4/30 Wと 10:56:39  ==>  U更辚d隹...
2025/4/30 Wと 10:56:40  ==>  U更辚d隹...
2025/4/30 Wと 10:56:40  ==>  廿叱su...
2025/4/30 Wと 10:56:40  ==>  U更辚d隹...
2025/4/30 Wと 10:56:40  ==>  U更辚d隹...
2025/4/30 Wと 10:56:41  ==>  廿叱su...
2025/4/30 Wと 10:56:41  ==>  U更辚d隹...
2025/4/30 Wと 10:56:41  ==>  廿叱su...
2025/4/30 Wと 10:56:41  ==>  U更辚d隹...
2025/4/30 Wと 10:56:41  ==>  U更辚d隹...
2025/4/30 Wと 10:56:41  ==>  廿叱su...
2025/4/30 Wと 10:56:41  ==>  U更辚d隹...
2025/4/30 Wと 10:56:42  ==>  廿叱su...
2025/4/30 Wと 10:56:42  ==>  U更辚d隹...
2025/4/30 Wと 10:56:42  ==>  U更辚d隹...
2025/4/30 Wと 10:56:42  ==>  廿叱su...
2025/4/30 Wと 10:56:42  ==>  U更辚d隹...
2025/5/6 Uと 05:03:38  ==>  廿叱su...
2025/5/6 Uと 05:03:38  ==>  U更辚d隹...
2025/5/6 Uと 05:03:38  ==>  廿叱su...
2025/5/6 Uと 05:03:43  ==>  U更辚d隹...
2025/5/6 Uと 05:03:44  ==>  廿叱su...
2025/5/6 Uと 05:03:44  ==>  U更辚d隹...
2025/5/6 Uと 05:03:44  ==>  廿叱su...
2025/5/6 Uと 05:03:44  ==>  U更辚d隹...
2025/5/6 Uと 05:03:45  ==>  U更辚d隹...
2025/5/6 Uと 05:03:45  ==>  廿叱su...
2025/5/6 Uと 05:03:45  ==>  U更辚d隹...
2025/5/6 Uと 05:03:45  ==>  U更辚d隹...
2025/5/6 Uと 05:03:45  ==>  U更辚d隹...
2025/5/6 Uと 05:03:46  ==>  廿叱su...
2025/5/6 Uと 05:03:46  ==>  U更辚d隹...
2025/5/6 Uと 05:03:46  ==>  U更辚d隹...
2025/5/6 Uと 05:03:46  ==>  廿叱su...
2025/5/6 Uと 05:03:46  ==>  U更辚d隹...
2025/5/6 Uと 05:03:46  ==>  U更辚d隹...
2025/5/6 Uと 05:03:47  ==>  廿叱su...
2025/5/6 Uと 05:03:47  ==>  U更辚d隹...
2025/5/6 Uと 05:03:47  ==>  U更辚d隹...
2025/5/6 Uと 05:03:47  ==>  廿叱su...
2025/5/6 Uと 05:03:47  ==>  U更辚d隹...
2025/5/6 Uと 05:03:48  ==>  U更辚d隹...
2025/5/6 Uと 05:03:48  ==>  U更辚d隹...
2025/5/6 Uと 05:03:48  ==>  U更辚d隹...
2025/5/6 Uと 05:03:48  ==>  廿叱su...
2025/5/6 Uと 05:03:48  ==>  U更辚d隹...
2025/5/6 Uと 05:03:49  ==>  U更辚d隹...
2025/5/6 Uと 05:03:49  ==>  U更辚d隹...
2025/5/6 Uと 05:03:49  ==>  廿叱su...
2025/5/6 Uと 05:03:49  ==>  U更辚d隹...
2025/5/6 Uと 05:03:49  ==>  U更辚d隹...
2025/5/6 Uと 05:03:50  ==>  U更辚d隹...
2025/5/6 Uと 05:03:50  ==>  廿叱su...
2025/5/6 Uと 05:03:50  ==>  U更辚d隹...
2025/5/6 Uと 05:03:50  ==>  U更辚d隹...
2025/5/6 Uと 05:03:50  ==>  U更辚d隹...
2025/5/6 Uと 05:03:51  ==>  廿叱su...
2025/5/6 Uと 05:03:51  ==>  U更辚d隹...
2025/5/6 Uと 05:03:51  ==>  U更辚d隹...
2025/5/6 Uと 05:03:51  ==>  廿叱su...
2025/5/6 Uと 05:03:51  ==>  U更辚d隹...
2025/5/6 Uと 05:03:52  ==>  U更辚d隹...
2025/5/6 Uと 05:11:50  ==>  廿叱su...
2025/5/6 Uと 05:11:50  ==>  U更辚d隹...
2025/5/6 Uと 05:11:50  ==>  U更辚d隹...
2025/5/6 Uと 05:11:51  ==>  廿叱su...
2025/5/6 Uと 05:11:51  ==>  U更辚d隹...
2025/5/6 Uと 05:11:51  ==>  廿叱su...
2025/5/6 Uと 05:11:51  ==>  U更辚d隹...
2025/5/6 Uと 05:11:52  ==>  U更辚d隹...
2025/5/6 Uと 05:11:52  ==>  廿叱su...
2025/5/6 Uと 05:11:52  ==>  U更辚d隹...
2025/5/6 Uと 05:11:52  ==>  U更辚d隹...
2025/5/6 Uと 05:11:53  ==>  廿叱su...
2025/5/6 Uと 05:11:53  ==>  U更辚d隹...
2025/5/6 Uと 05:11:53  ==>  U更辚d隹...
2025/5/6 Uと 05:11:53  ==>  廿叱su...
2025/5/6 Uと 05:11:53  ==>  U更辚d隹...
2025/5/6 Uと 05:11:53  ==>  廿叱su...
2025/5/6 Uと 05:11:54  ==>  U更辚d隹...
2025/5/6 Uと 05:11:54  ==>  廿叱su...
2025/5/6 Uと 05:11:54  ==>  U更辚d隹...
2025/5/6 Uと 05:11:54  ==>  U更辚d隹...
2025/5/6 Uと 05:11:54  ==>  廿叱su...
2025/5/6 Uと 05:11:54  ==>  U更辚d隹...
2025/5/6 Uと 05:11:55  ==>  U更辚d隹...
2025/5/6 Uと 05:11:55  ==>  U更辚d隹...
2025/5/6 Uと 05:11:55  ==>  廿叱su...
2025/5/6 Uと 05:11:55  ==>  U更辚d隹...
2025/5/6 Uと 05:11:55  ==>  U更辚d隹...
2025/5/6 Uと 05:11:56  ==>  廿叱su...
2025/5/6 Uと 05:11:56  ==>  U更辚d隹...
2025/5/6 Uと 05:11:56  ==>  U更辚d隹...
2025/5/6 Uと 05:11:56  ==>  廿叱su...
2025/5/6 Uと 05:11:56  ==>  U更辚d隹...
2025/5/6 Uと 05:11:56  ==>  U更辚d隹...
2025/5/6 Uと 05:11:57  ==>  廿叱su...
2025/5/6 Uと 05:11:57  ==>  U更辚d隹...
2025/5/6 Uと 05:11:57  ==>  廿叱su...
2025/5/6 Uと 05:11:57  ==>  U更辚d隹...
2025/5/6 Uと 05:31:26  ==>  廿叱su...
2025/5/6 Uと 05:31:26  ==>  U更辚d隹...
2025/5/6 Uと 05:31:26  ==>  U更辚d隹...
2025/5/6 Uと 05:31:27  ==>  廿叱su...
2025/5/6 Uと 05:31:27  ==>  U更辚d隹...
2025/5/6 Uと 05:31:27  ==>  U更辚d隹...
2025/5/6 Uと 05:31:27  ==>  廿叱su...
2025/5/6 Uと 05:31:27  ==>  U更辚d隹...
2025/5/6 Uと 05:31:28  ==>  U更辚d隹...
2025/5/6 Uと 05:31:28  ==>  廿叱su...
2025/5/6 Uと 05:31:28  ==>  U更辚d隹...
2025/5/6 Uと 05:31:28  ==>  U更辚d隹...
2025/5/6 Uと 05:31:29  ==>  廿叱su...
2025/5/6 Uと 05:31:29  ==>  U更辚d隹...
2025/5/6 Uと 05:31:29  ==>  U更辚d隹...
2025/5/6 Uと 05:31:29  ==>  廿叱su...
2025/5/6 Uと 05:31:29  ==>  U更辚d隹...
2025/5/6 Uと 05:31:29  ==>  U更辚d隹...
2025/5/6 Uと 05:31:30  ==>  廿叱su...
2025/5/6 Uと 05:31:30  ==>  U更辚d隹...
2025/5/6 Uと 05:31:30  ==>  U更辚d隹...
2025/5/6 Uと 05:31:30  ==>  廿叱su...
2025/5/6 Uと 05:31:30  ==>  U更辚d隹...
2025/5/6 Uと 05:31:31  ==>  廿叱su...
2025/5/6 Uと 05:31:31  ==>  U更辚d隹...
2025/5/6 Uと 05:31:31  ==>  U更辚d隹...
2025/5/6 Uと 05:31:31  ==>  廿叱su...
2025/5/6 Uと 05:31:31  ==>  U更辚d隹...
2025/5/6 Uと 05:31:31  ==>  U更辚d隹...
2025/5/6 Uと 05:31:32  ==>  U更辚d隹...
2025/5/6 Uと 05:31:32  ==>  廿叱su...
2025/5/6 Uと 05:31:32  ==>  U更辚d隹...
2025/5/6 Uと 05:31:32  ==>  U更辚d隹...
2025/5/6 Uと 05:31:32  ==>  U更辚d隹...
2025/5/6 Uと 05:31:33  ==>  U更辚d隹...
2025/5/6 Uと 05:31:33  ==>  廿叱su...
2025/5/6 Uと 05:31:33  ==>  U更辚d隹...
2025/5/6 Uと 05:31:33  ==>  U更辚d隹...
2025/5/6 Uと 05:31:34  ==>  廿叱su...
2025/5/6 Uと 05:31:34  ==>  U更辚d隹...
2025/5/6 Uと 05:31:34  ==>  U更辚d隹...
2025/5/6 Uと 05:31:34  ==>  廿叱su...
2025/5/6 Uと 05:31:34  ==>  U更辚d隹...
2025/5/6 Uと 05:31:34  ==>  U更辚d隹...
2025/5/7 Wと 10:15:28  ==>  廿叱su...
2025/5/7 Wと 10:15:28  ==>  U更辚d隹...
2025/5/7 Wと 10:15:28  ==>  廿叱su...
2025/5/7 Wと 10:15:28  ==>  U更辚d隹...
2025/5/7 Wと 10:15:28  ==>  廿叱su...
2025/5/7 Wと 10:15:28  ==>  U更辚d隹...
2025/5/7 Wと 10:15:29  ==>  廿叱su...
2025/5/7 Wと 10:15:29  ==>  U更辚d隹...
2025/5/7 Wと 10:15:29  ==>  廿叱su...
2025/5/7 Wと 10:15:29  ==>  U更辚d隹...
2025/5/7 Wと 10:15:29  ==>  廿叱su...
2025/5/7 Wと 10:15:29  ==>  U更辚d隹...
2025/5/7 Wと 10:15:30  ==>  廿叱su...
2025/5/7 Wと 10:15:30  ==>  U更辚d隹...
2025/5/7 Wと 10:15:30  ==>  廿叱su...
2025/5/7 Wと 10:15:30  ==>  U更辚d隹...
2025/5/7 Wと 10:15:30  ==>  廿叱su...
2025/5/7 Wと 10:15:30  ==>  U更辚d隹...
2025/5/7 Wと 10:15:30  ==>  廿叱su...
2025/5/7 Wと 10:15:30  ==>  U更辚d隹...
2025/5/7 Wと 10:15:31  ==>  廿叱su...
2025/5/7 Wと 10:15:31  ==>  U更辚d隹...
2025/5/7 Wと 10:15:31  ==>  廿叱su...
2025/5/7 Wと 10:15:31  ==>  U更辚d隹...
2025/5/7 Wと 10:15:31  ==>  廿叱su...
2025/5/7 Wと 10:15:31  ==>  U更辚d隹...
2025/5/7 Wと 10:15:32  ==>  廿叱su...
2025/5/7 Wと 10:15:33  ==>  U更辚d隹...
2025/5/7 Wと 10:16:09  ==>  廿叱su...
2025/5/7 Wと 10:16:09  ==>  U更辚d隹...
2025/5/7 Wと 10:16:11  ==>  廿叱su...
2025/5/7 Wと 10:16:11  ==>  U更辚d隹...
2025/5/7 Wと 10:16:13  ==>  廿叱su...
2025/5/7 Wと 10:16:13  ==>  U更辚d隹...
2025/5/7 Wと 10:16:15  ==>  廿叱su...
2025/5/7 Wと 10:16:15  ==>  U更辚d隹...
2025/5/7 Wと 10:16:17  ==>  廿叱su...
2025/5/7 Wと 10:16:17  ==>  U更辚d隹...
2025/5/7 Wと 10:16:19  ==>  廿叱su...
2025/5/7 Wと 10:16:19  ==>  U更辚d隹...
2025/5/7 Wと 10:16:21  ==>  廿叱su...
2025/5/7 Wと 10:16:21  ==>  U更辚d隹...
2025/5/7 Wと 10:16:23  ==>  廿叱su...
2025/5/7 Wと 10:16:23  ==>  U更辚d隹...
2025/5/7 Wと 10:16:25  ==>  廿叱su...
2025/5/7 Wと 10:16:25  ==>  U更辚d隹...
2025/5/7 Wと 10:16:27  ==>  廿叱su...
2025/5/7 Wと 10:16:27  ==>  U更辚d隹...
2025/5/7 Wと 10:16:29  ==>  廿叱su...
2025/5/7 Wと 10:16:29  ==>  U更辚d隹...
2025/5/7 Wと 10:16:31  ==>  廿叱su...
2025/5/7 Wと 10:16:31  ==>  U更辚d隹...
2025/5/7 Wと 10:16:33  ==>  廿叱su...
2025/5/7 Wと 10:16:33  ==>  U更辚d隹...
2025/5/7 Wと 10:16:35  ==>  廿叱su...
2025/5/7 Wと 10:16:35  ==>  U更辚d隹...
2025/5/7 Wと 10:17:05  ==>  廿叱su...
2025/5/7 Wと 10:17:05  ==>  U更辚d隹...
2025/5/7 Wと 10:17:06  ==>  廿叱su...
2025/5/7 Wと 10:17:06  ==>  U更辚d隹...
2025/5/7 Wと 10:17:06  ==>  廿叱su...
2025/5/7 Wと 10:17:06  ==>  U更辚d隹...
2025/5/7 Wと 10:17:07  ==>  廿叱su...
2025/5/7 Wと 10:17:07  ==>  U更辚d隹...
2025/5/7 Wと 10:17:07  ==>  廿叱su...
2025/5/7 Wと 10:17:07  ==>  U更辚d隹...
2025/5/7 Wと 10:17:07  ==>  廿叱su...
2025/5/7 Wと 10:17:07  ==>  U更辚d隹...
2025/5/7 Wと 10:17:08  ==>  廿叱su...
2025/5/7 Wと 10:17:08  ==>  U更辚d隹...
2025/5/7 Wと 10:17:08  ==>  廿叱su...
2025/5/7 Wと 10:17:08  ==>  U更辚d隹...
2025/5/7 Wと 10:17:08  ==>  廿叱su...
2025/5/7 Wと 10:17:08  ==>  U更辚d隹...
2025/5/7 Wと 10:17:08  ==>  廿叱su...
2025/5/7 Wと 10:17:08  ==>  U更辚d隹...
2025/5/7 Wと 10:17:09  ==>  廿叱su...
2025/5/7 Wと 10:17:09  ==>  U更辚d隹...
2025/5/7 Wと 10:17:09  ==>  廿叱su...
2025/5/7 Wと 10:17:09  ==>  U更辚d隹...
2025/5/7 Wと 10:17:09  ==>  廿叱su...
2025/5/7 Wと 10:17:09  ==>  U更辚d隹...
2025/5/7 Wと 10:17:10  ==>  廿叱su...
2025/5/7 Wと 10:17:10  ==>  U更辚d隹...
2025/5/7 Wと 10:17:39  ==>  廿叱su...
2025/5/7 Wと 10:17:39  ==>  U更辚d隹...
2025/5/7 Wと 10:17:39  ==>  廿叱su...
2025/5/7 Wと 10:17:39  ==>  U更辚d隹...
2025/5/7 Wと 10:17:40  ==>  廿叱su...
2025/5/7 Wと 10:17:40  ==>  U更辚d隹...
2025/5/7 Wと 10:17:40  ==>  廿叱su...
2025/5/7 Wと 10:17:40  ==>  U更辚d隹...
2025/5/7 Wと 10:17:40  ==>  廿叱su...
2025/5/7 Wと 10:17:40  ==>  U更辚d隹...
2025/5/7 Wと 10:17:41  ==>  廿叱su...
2025/5/7 Wと 10:17:41  ==>  U更辚d隹...
2025/5/7 Wと 10:17:41  ==>  廿叱su...
2025/5/7 Wと 10:17:41  ==>  U更辚d隹...
2025/5/7 Wと 10:17:41  ==>  廿叱su...
2025/5/7 Wと 10:17:41  ==>  U更辚d隹...
2025/5/7 Wと 10:17:42  ==>  廿叱su...
2025/5/7 Wと 10:17:42  ==>  U更辚d隹...
2025/5/7 Wと 10:17:42  ==>  U更辚d隹...
2025/5/7 Wと 10:17:42  ==>  廿叱su...
2025/5/7 Wと 10:17:42  ==>  U更辚d隹...
2025/5/7 Wと 10:17:42  ==>  廿叱su...
2025/5/7 Wと 10:17:42  ==>  U更辚d隹...
2025/5/7 Wと 10:17:43  ==>  廿叱su...
2025/5/7 Wと 10:17:43  ==>  U更辚d隹...
2025/5/7 Wと 10:17:43  ==>  廿叱su...
2025/5/7 Wと 10:17:43  ==>  U更辚d隹...
2025/5/7 Wと 10:17:43  ==>  廿叱su...
2025/5/7 Wと 10:17:43  ==>  U更辚d隹...
2025/5/7 Wと 10:18:08  ==>  廿叱su...
2025/5/7 Wと 10:18:08  ==>  U更辚d隹...
2025/5/7 Wと 10:18:08  ==>  廿叱su...
2025/5/7 Wと 10:18:09  ==>  U更辚d隹...
2025/5/7 Wと 10:18:09  ==>  廿叱su...
2025/5/7 Wと 10:18:09  ==>  U更辚d隹...
2025/5/7 Wと 10:18:09  ==>  廿叱su...
2025/5/7 Wと 10:18:09  ==>  U更辚d隹...
2025/5/7 Wと 10:18:10  ==>  廿叱su...
2025/5/7 Wと 10:18:10  ==>  U更辚d隹...
2025/5/7 Wと 10:18:10  ==>  廿叱su...
2025/5/7 Wと 10:18:10  ==>  U更辚d隹...
2025/5/7 Wと 10:18:10  ==>  廿叱su...
2025/5/7 Wと 10:18:10  ==>  U更辚d隹...
2025/5/7 Wと 10:18:10  ==>  廿叱su...
2025/5/7 Wと 10:18:10  ==>  U更辚d隹...
2025/5/7 Wと 10:18:11  ==>  廿叱su...
2025/5/7 Wと 10:18:11  ==>  U更辚d隹...
2025/5/7 Wと 10:18:11  ==>  廿叱su...
2025/5/7 Wと 10:18:11  ==>  U更辚d隹...
2025/5/7 Wと 10:18:11  ==>  廿叱su...
2025/5/7 Wと 10:18:11  ==>  U更辚d隹...
2025/5/7 Wと 10:18:12  ==>  廿叱su...
2025/5/7 Wと 10:18:12  ==>  U更辚d隹...
2025/5/7 Wと 10:18:12  ==>  廿叱su...
2025/5/7 Wと 10:18:12  ==>  U更辚d隹...
2025/5/7 Wと 10:18:12  ==>  廿叱su...
2025/5/7 Wと 10:18:12  ==>  U更辚d隹...
2025/5/12 Uと 05:17:05  ==>  廿叱su...
2025/5/12 Uと 05:17:05  ==>  U更辚d隹...
2025/5/12 Uと 05:17:06  ==>  廿叱su...
2025/5/12 Uと 05:17:06  ==>  U更辚d隹...
2025/5/12 Uと 05:17:06  ==>  廿叱su...
2025/5/12 Uと 05:17:06  ==>  U更辚d隹...
2025/5/12 Uと 05:17:07  ==>  廿叱su...
2025/5/12 Uと 05:17:07  ==>  U更辚d隹...
2025/5/12 Uと 05:17:07  ==>  廿叱su...
2025/5/12 Uと 05:17:07  ==>  U更辚d隹...
2025/5/12 Uと 05:17:07  ==>  廿叱su...
2025/5/12 Uと 05:17:07  ==>  U更辚d隹...
2025/5/12 Uと 05:17:08  ==>  廿叱su...
2025/5/12 Uと 05:17:08  ==>  U更辚d隹...
2025/5/12 Uと 05:17:08  ==>  廿叱su...
2025/5/12 Uと 05:17:08  ==>  U更辚d隹...
2025/5/12 Uと 05:17:08  ==>  廿叱su...
2025/5/12 Uと 05:17:08  ==>  U更辚d隹...
2025/5/12 Uと 05:17:08  ==>  U更辚d隹...
2025/5/12 Uと 05:17:09  ==>  廿叱su...
2025/5/12 Uと 05:17:09  ==>  U更辚d隹...
2025/5/12 Uと 05:17:09  ==>  廿叱su...
2025/5/12 Uと 05:17:09  ==>  U更辚d隹...
2025/5/12 Uと 05:17:09  ==>  U更辚d隹...
2025/5/12 Uと 05:17:10  ==>  廿叱su...
2025/5/12 Uと 05:17:10  ==>  U更辚d隹...
2025/5/12 Uと 05:17:10  ==>  廿叱su...
2025/5/12 Uと 05:17:10  ==>  U更辚d隹...
2025/5/12 Uと 05:17:10  ==>  廿叱su...
2025/5/12 Uと 05:17:10  ==>  U更辚d隹...
2025/8/19 Uと 02:33:24  ==>  廿叱su...
2025/8/19 Uと 02:33:25  ==>  U更辚d隹...
2025/8/19 Uと 02:33:25  ==>  廿叱su...
2025/8/19 Uと 02:33:25  ==>  U更辚d隹...
2025/8/19 Uと 02:33:25  ==>  廿叱su...
2025/8/19 Uと 02:33:25  ==>  U更辚d隹...
2025/8/19 Uと 02:33:26  ==>  廿叱su...
2025/8/19 Uと 02:33:26  ==>  U更辚d隹...
2025/8/19 Uと 02:33:26  ==>  廿叱su...
2025/8/19 Uと 02:33:26  ==>  U更辚d隹...
2025/8/19 Uと 02:33:26  ==>  廿叱su...
2025/8/19 Uと 02:33:26  ==>  U更辚d隹...
2025/8/19 Uと 02:33:27  ==>  廿叱su...
2025/8/19 Uと 02:33:27  ==>  U更辚d隹...
2025/8/19 Uと 02:33:27  ==>  廿叱su...
2025/8/19 Uと 02:33:27  ==>  U更辚d隹...
2025/8/19 Uと 02:33:27  ==>  廿叱su...
2025/8/19 Uと 02:33:27  ==>  U更辚d隹...
2025/8/19 Uと 02:33:28  ==>  U更辚d隹...
2025/8/19 Uと 02:33:28  ==>  U更辚d隹...
2025/8/19 Uと 02:33:28  ==>  廿叱su...
2025/8/19 Uと 02:33:28  ==>  U更辚d隹...
2025/8/19 Uと 02:33:28  ==>  U更辚d隹...
2025/8/19 Uと 02:33:29  ==>  廿叱su...
2025/8/19 Uと 02:33:29  ==>  U更辚d隹...
2025/8/19 Uと 02:33:29  ==>  U更辚d隹...
2025/8/19 Uと 02:33:29  ==>  廿叱su...
2025/8/19 Uと 02:33:29  ==>  U更辚d隹...
2025/8/19 Uと 02:33:29  ==>  U更辚d隹...
2025/8/19 Uと 02:33:30  ==>  廿叱su...
2025/8/19 Uと 02:33:30  ==>  U更辚d隹...
2025/8/19 Uと 02:33:30  ==>  U更辚d隹...
2025/8/19 Uと 02:33:30  ==>  廿叱su...
2025/8/19 Uと 02:33:30  ==>  U更辚d隹...
2025/8/19 Uと 02:33:30  ==>  U更辚d隹...
2025/9/15 Wと 09:31:03  ==>  廿叱su...
2025/9/15 Wと 09:31:03  ==>  U更辚d隹...
2025/9/15 Wと 09:31:03  ==>  廿叱su...
2025/9/15 Wと 09:31:03  ==>  U更辚d隹...
2025/9/15 Wと 09:31:04  ==>  廿叱su...
2025/9/15 Wと 09:31:04  ==>  U更辚d隹...
2025/9/15 Wと 09:31:04  ==>  廿叱su...
2025/9/15 Wと 09:31:04  ==>  U更辚d隹...
2025/9/15 Wと 09:31:04  ==>  廿叱su...
2025/9/15 Wと 09:31:04  ==>  U更辚d隹...
2025/9/15 Wと 09:31:05  ==>  廿叱su...
2025/9/15 Wと 09:31:05  ==>  U更辚d隹...
2025/9/15 Wと 09:31:05  ==>  廿叱su...
2025/9/15 Wと 09:31:05  ==>  U更辚d隹...
2025/9/15 Wと 09:31:05  ==>  廿叱su...
2025/9/15 Wと 09:31:05  ==>  U更辚d隹...
2025/9/15 Wと 09:31:06  ==>  廿叱su...
2025/9/15 Wと 09:31:06  ==>  U更辚d隹...
2025/9/15 Wと 09:31:06  ==>  廿叱su...
2025/9/15 Wと 09:31:07  ==>  U更辚d隹...
2025/9/15 Wと 09:31:07  ==>  廿叱su...
2025/9/15 Wと 09:31:10  ==>  U更辚d隹...
2025/9/15 Wと 09:31:11  ==>  廿叱su...
2025/9/15 Wと 09:31:11  ==>  U更辚d隹...
2025/9/15 Wと 09:31:11  ==>  廿叱su...
2025/9/15 Wと 09:31:14  ==>  U更辚d隹...
2025/9/15 Wと 09:31:14  ==>  廿叱su...
2025/9/15 Wと 09:31:15  ==>  U更辚d隹...
2025/9/15 Wと 09:38:48  ==>  廿叱su...
2025/9/15 Wと 09:38:48  ==>  U更辚d隹...
2025/9/15 Wと 09:38:48  ==>  廿叱su...
2025/9/15 Wと 09:38:48  ==>  U更辚d隹...
2025/9/15 Wと 09:38:49  ==>  廿叱su...
2025/9/15 Wと 09:38:49  ==>  U更辚d隹...
2025/9/15 Wと 09:38:49  ==>  廿叱su...
2025/9/15 Wと 09:38:49  ==>  U更辚d隹...
2025/9/15 Wと 09:38:49  ==>  廿叱su...
2025/9/15 Wと 09:38:49  ==>  U更辚d隹...
2025/9/15 Wと 09:38:50  ==>  廿叱su...
2025/9/15 Wと 09:38:50  ==>  U更辚d隹...
2025/9/15 Wと 09:38:50  ==>  U更辚d隹...
2025/9/15 Wと 09:38:50  ==>  U更辚d隹...
2025/9/15 Wと 09:38:50  ==>  廿叱su...
2025/9/15 Wと 09:38:50  ==>  U更辚d隹...
2025/9/15 Wと 09:38:51  ==>  U更辚d隹...
2025/9/15 Wと 09:38:51  ==>  廿叱su...
2025/9/15 Wと 09:38:51  ==>  U更辚d隹...
2025/9/15 Wと 09:38:51  ==>  U更辚d隹...
2025/9/15 Wと 09:38:51  ==>  廿叱su...
2025/9/15 Wと 09:38:51  ==>  U更辚d隹...
2025/9/15 Wと 09:38:52  ==>  U更辚d隹...
2025/9/15 Wと 09:38:52  ==>  廿叱su...
2025/9/15 Wと 09:38:52  ==>  U更辚d隹...
2025/9/15 Wと 09:38:52  ==>  U更辚d隹...
2025/9/15 Wと 09:38:52  ==>  廿叱su...
2025/9/15 Wと 09:38:52  ==>  U更辚d隹...
2025/9/15 Wと 09:38:53  ==>  廿叱su...
2025/9/15 Wと 09:38:53  ==>  U更辚d隹...
2025/9/15 Wと 09:38:53  ==>  廿叱su...
2025/9/15 Wと 09:38:53  ==>  U更辚d隹...
2025/9/15 Wと 09:38:53  ==>  U更辚d隹...
2025/9/15 Wと 09:38:53  ==>  廿叱su...
2025/9/15 Wと 09:38:53  ==>  U更辚d隹...
2025/9/15 Wと 09:38:54  ==>  U更辚d隹...
