

***********************************************************************
Fatal NI connect error 12203, connecting to:
 (DESCRIPTION=(ADDRESS_LIST=(ADDRESS=(PROTOCOL=BEQ)(PROGRAM=oracle80)(ARGV0=oracle80ORCL)(ARGS='(DESCRIPTION=(LOCAL=YES)(ADDRESS=(PROTOCOL=beq)))')))(CONNECT_DATA=(SID=ORCL)(CID=(PROGRAM=C:\PROGRAM FILES\MICROSOFT VISUAL STUDIO\VB98\VB6.EXE)(HOST=SIEGFRIED)(USER=sieg))))

  VERSION INFORMATION:
	TNS for 32-bit Windows: Version 8.0.5.0.0 - Production
	Oracle Bequeath NT Protocol Adapter for 32-bit Windows: Version 8.0.5.0.0 - Production
  Time: 17-8月 -00 10:55:21
  Tracing not turned on.
  Tns error struct:
    nr err code: 12203
    TNS-12203: TNS:無法連接至目的
    ns main err code: 12560
    TNS-12560: TNS:協定介面程式錯誤
    ns secondary err code: 0
    nt main err code: 102
    TNS-00102: 關鍵字值連結操作錯誤
    nt secondary err code: 0
    nt OS err code: 0


***********************************************************************
Fatal NI connect error 12203, connecting to:
 (DESCRIPTION=(ADDRESS_LIST=(ADDRESS=(PROTOCOL=BEQ)(PROGRAM=oracle80)(ARGV0=oracle80ORCL)(ARGS='(DESCRIPTION=(LOCAL=YES)(ADDRESS=(PROTOCOL=beq)))')))(CONNECT_DATA=(SID=ORCL)(CID=(PROGRAM=C:\PROGRAM FILES\MICROSOFT VISUAL STUDIO\VB98\VB6.EXE)(HOST=SIEGFRIED)(USER=sieg))))

  VERSION INFORMATION:
	TNS for 32-bit Windows: Version 8.0.5.0.0 - Production
	Oracle Bequeath NT Protocol Adapter for 32-bit Windows: Version 8.0.5.0.0 - Production
  Time: 17-8月 -00 10:55:46
  Tracing not turned on.
  Tns error struct:
    nr err code: 12203
    TNS-12203: TNS:無法連接至目的
    ns main err code: 12560
    TNS-12560: TNS:協定介面程式錯誤
    ns secondary err code: 0
    nt main err code: 102
    TNS-00102: 關鍵字值連結操作錯誤
    nt secondary err code: 0
    nt OS err code: 0


***********************************************************************
Fatal NI connect error 12203, connecting to:
 (DESCRIPTION=(ADDRESS_LIST=(ADDRESS=(PROTOCOL=BEQ)(PROGRAM=oracle80)(ARGV0=oracle80ORCL)(ARGS='(DESCRIPTION=(LOCAL=YES)(ADDRESS=(PROTOCOL=beq)))')))(CONNECT_DATA=(SID=ORCL)(CID=(PROGRAM=C:\PROGRAM FILES\MICROSOFT VISUAL STUDIO\VB98\VB6.EXE)(HOST=SIEGFRIED)(USER=sieg))))

  VERSION INFORMATION:
	TNS for 32-bit Windows: Version 8.0.5.0.0 - Production
	Oracle Bequeath NT Protocol Adapter for 32-bit Windows: Version 8.0.5.0.0 - Production
  Time: 17-8月 -00 10:57:27
  Tracing not turned on.
  Tns error struct:
    nr err code: 12203
    TNS-12203: TNS:無法連接至目的
    ns main err code: 12560
    TNS-12560: TNS:協定介面程式錯誤
    ns secondary err code: 0
    nt main err code: 102
    TNS-00102: 關鍵字值連結操作錯誤
    nt secondary err code: 0
    nt OS err code: 0


***********************************************************************
Fatal NI connect error 12203, connecting to:
 (DESCRIPTION=(ADDRESS_LIST=(ADDRESS=(PROTOCOL=BEQ)(PROGRAM=oracle80)(ARGV0=oracle80ORCL)(ARGS='(DESCRIPTION=(LOCAL=YES)(ADDRESS=(PROTOCOL=beq)))')))(CONNECT_DATA=(SID=ORCL)(CID=(PROGRAM=C:\PROGRAM FILES\MICROSOFT VISUAL STUDIO\VB98\VB6.EXE)(HOST=SIEGFRIED)(USER=sieg))))

  VERSION INFORMATION:
	TNS for 32-bit Windows: Version 8.0.5.0.0 - Production
	Oracle Bequeath NT Protocol Adapter for 32-bit Windows: Version 8.0.5.0.0 - Production
  Time: 17-8月 -00 10:57:41
  Tracing not turned on.
  Tns error struct:
    nr err code: 12203
    TNS-12203: TNS:無法連接至目的
    ns main err code: 12560
    TNS-12560: TNS:協定介面程式錯誤
    ns secondary err code: 0
    nt main err code: 102
    TNS-00102: 關鍵字值連結操作錯誤
    nt secondary err code: 0
    nt OS err code: 0


***********************************************************************
Fatal NI connect error 12203, connecting to:
 (DESCRIPTION=(ADDRESS_LIST=(ADDRESS=(PROTOCOL=BEQ)(PROGRAM=oracle80)(ARGV0=oracle80ORCL)(ARGS='(DESCRIPTION=(LOCAL=YES)(ADDRESS=(PROTOCOL=beq)))')))(CONNECT_DATA=(SID=ORCL)(CID=(PROGRAM=C:\PROGRAM FILES\MICROSOFT VISUAL STUDIO\VB98\VB6.EXE)(HOST=SIEGFRIED)(USER=sieg))))

  VERSION INFORMATION:
	TNS for 32-bit Windows: Version 8.0.5.0.0 - Production
	Oracle Bequeath NT Protocol Adapter for 32-bit Windows: Version 8.0.5.0.0 - Production
  Time: 17-8月 -00 11:01:26
  Tracing not turned on.
  Tns error struct:
    nr err code: 12203
    TNS-12203: TNS:無法連接至目的
    ns main err code: 12560
    TNS-12560: TNS:協定介面程式錯誤
    ns secondary err code: 0
    nt main err code: 102
    TNS-00102: 關鍵字值連結操作錯誤
    nt secondary err code: 0
    nt OS err code: 0


***********************************************************************
Fatal NI connect error 12203, connecting to:
 (DESCRIPTION=(ADDRESS_LIST=(ADDRESS=(PROTOCOL=BEQ)(PROGRAM=oracle80)(ARGV0=oracle80ORCL)(ARGS='(DESCRIPTION=(LOCAL=YES)(ADDRESS=(PROTOCOL=beq)))')))(CONNECT_DATA=(SID=ORCL)(CID=(PROGRAM=C:\PROGRAM FILES\MICROSOFT VISUAL STUDIO\VB98\VB6.EXE)(HOST=SIEGFRIED)(USER=sieg))))

  VERSION INFORMATION:
	TNS for 32-bit Windows: Version 8.0.5.0.0 - Production
	Oracle Bequeath NT Protocol Adapter for 32-bit Windows: Version 8.0.5.0.0 - Production
  Time: 17-8月 -00 11:03:01
  Tracing not turned on.
  Tns error struct:
    nr err code: 12203
    TNS-12203: TNS:無法連接至目的
    ns main err code: 12560
    TNS-12560: TNS:協定介面程式錯誤
    ns secondary err code: 0
    nt main err code: 102
    TNS-00102: 關鍵字值連結操作錯誤
    nt secondary err code: 0
    nt OS err code: 0


***********************************************************************
Fatal NI connect error 12203, connecting to:
 (DESCRIPTION=(ADDRESS_LIST=(ADDRESS=(PROTOCOL=BEQ)(PROGRAM=oracle80)(ARGV0=oracle80ORCL)(ARGS='(DESCRIPTION=(LOCAL=YES)(ADDRESS=(PROTOCOL=beq)))')))(CONNECT_DATA=(SID=ORCL)(CID=(PROGRAM=C:\PROGRAM FILES\MICROSOFT VISUAL STUDIO\VB98\VB6.EXE)(HOST=SIEGFRIED)(USER=sieg))))

  VERSION INFORMATION:
	TNS for 32-bit Windows: Version 8.0.5.0.0 - Production
	Oracle Bequeath NT Protocol Adapter for 32-bit Windows: Version 8.0.5.0.0 - Production
  Time: 17-8月 -00 16:31:41
  Tracing not turned on.
  Tns error struct:
    nr err code: 12203
    TNS-12203: TNS:無法連接至目的
    ns main err code: 12560
    TNS-12560: TNS:協定介面程式錯誤
    ns secondary err code: 0
    nt main err code: 102
    TNS-00102: 關鍵字值連結操作錯誤
    nt secondary err code: 0
    nt OS err code: 0
