行號 161: 控制項 ChkAdd968 的物件類別 MSForms.CheckBox 尚未被載入。
行號 179: 控制項 ChkAdd435 的物件類別 MSForms.CheckBox 尚未被載入。
行號 197: 控制項 ChkAdd228 的物件類別 MSForms.CheckBox 尚未被載入。
行號 215: 控制項 ChkAdd106 的物件類別 MSForms.CheckBox 尚未被載入。
行號 233: 控制項 ChkAdd939 的物件類別 MSForms.CheckBox 尚未被載入。
行號 251: 控制項 ChkAdd938 的物件類別 MSForms.CheckBox 尚未被載入。
行號 269: 控制項 ChkAdd414 的物件類別 MSForms.CheckBox 尚未被載入。
行號 287: 控制項 ChkAdd902 的物件類別 MSForms.CheckBox 尚未被載入。
行號 305: 控制項 ChkAdd203 的物件類別 MSForms.CheckBox 尚未被載入。
行號 323: 控制項 ChkAdd416 的物件類別 MSForms.CheckBox 尚未被載入。
行號 351: 控制項 ChkAdd924 的物件類別 MSForms.CheckBox 尚未被載入。
行號 468: 控制項 txtPatent 的物件類別 MSForms.TextBox 尚未被載入。
行號 483: 控制項 lblPromoter 的物件類別 MSForms.Label 尚未被載入。
行號 513: 控制項 txtPetitionx 的物件類別 MSForms.TextBox 尚未被載入。
行號 528: 控制項 txtPetitionx 的物件類別 MSForms.TextBox 尚未被載入。
行號 543: 控制項 txtPetitionx 的物件類別 MSForms.TextBox 尚未被載入。
行號 558: 控制項 txtPetitionx 的物件類別 MSForms.TextBox 尚未被載入。
行號 573: 控制項 txtPatent 的物件類別 MSForms.TextBox 尚未被載入。
行號 597: 控制項 lblPetitionNamex 的物件類別 MSForms.Label 尚未被載入。
行號 651: 控制項 lblPetitionNamex 的物件類別 MSForms.Label 尚未被載入。
行號 665: 控制項 lblPetitionNamex 的物件類別 MSForms.Label 尚未被載入。
行號 679: 控制項 lblPetitionNamex 的物件類別 MSForms.Label 尚未被載入。
行號 693: 控制項 lblPetitionName 的物件類別 MSForms.Label 尚未被載入。
行號 770: 控制項 cboContact 的物件類別 MSForms.ComboBox 尚未被載入。
行號 786: 控制項 txtPatent 的物件類別 MSForms.TextBox 尚未被載入。
行號 801: 控制項 txtPatent 的物件類別 MSForms.TextBox 尚未被載入。
行號 816: 控制項 txtPatent 的物件類別 MSForms.TextBox 尚未被載入。
行號 831: 控制項 txtPatent 的物件類別 MSForms.TextBox 尚未被載入。
行號 846: 控制項 txtPatent 的物件類別 MSForms.TextBox 尚未被載入。
行號 861: 控制項 txtPatent 的物件類別 MSForms.TextBox 尚未被載入。
行號 876: 控制項 txtPatent 的物件類別 MSForms.TextBox 尚未被載入。
行號 891: 控制項 txtPatent 的物件類別 MSForms.TextBox 尚未被載入。
行號 906: 控制項 txtPatent 的物件類別 MSForms.TextBox 尚未被載入。
行號 921: 控制項 txtPatent 的物件類別 MSForms.TextBox 尚未被載入。
行號 935: 控制項 txtPatent 的物件類別 MSForms.TextBox 尚未被載入。
行號 949: 控制項 txtPatent 的物件類別 MSForms.TextBox 尚未被載入。
行號 1049: 控制項 lblAgent 的物件類別 MSForms.Label 尚未被載入。
行號 1166: 控制項 txtPatent 的物件類別 MSForms.TextBox 尚未被載入。
行號 1181: 控制項 txtPatent 的物件類別 MSForms.TextBox 尚未被載入。
行號 1196: 控制項 txtPatent 的物件類別 MSForms.TextBox 尚未被載入。
行號 1225: 控制項 txtPatent 的物件類別 MSForms.TextBox 尚未被載入。
行號 1258: 控制項 txtPatent 的物件類別 MSForms.TextBox 尚未被載入。
行號 1272: 控制項 txtPatent 的物件類別 MSForms.TextBox 尚未被載入。
行號 1286: 控制項 txtPatent 的物件類別 MSForms.TextBox 尚未被載入。
行號 1301: 控制項 txtPatent 的物件類別 MSForms.TextBox 尚未被載入。
行號 1316: 控制項 txtPatent 的物件類別 MSForms.TextBox 尚未被載入。
行號 1330: 控制項 txtPatent 的物件類別 MSForms.TextBox 尚未被載入。
行號 1345: 控制項 txtPatent 的物件類別 MSForms.TextBox 尚未被載入。
行號 1360: 控制項 txtPatent 的物件類別 MSForms.TextBox 尚未被載入。
行號 1375: 控制項 txtPatent 的物件類別 MSForms.TextBox 尚未被載入。
行號 1389: 控制項 txtPatent 的物件類別 MSForms.TextBox 尚未被載入。
行號 1404: 控制項 txtPatent 的物件類別 MSForms.TextBox 尚未被載入。
行號 1418: 控制項 txtPatent 的物件類別 MSForms.TextBox 尚未被載入。
行號 1611: 控制項 lblSales 的物件類別 MSForms.Label 尚未被載入。
