行號 779: 控制項 textTM85 的物件類別 MSForms.TextBox 尚未被載入。
行號 794: 控制項 textTM93 的物件類別 MSForms.TextBox 尚未被載入。
行號 809: 控制項 textTM89 的物件類別 MSForms.TextBox 尚未被載入。
行號 824: 控制項 textTM84 的物件類別 MSForms.TextBox 尚未被載入。
行號 839: 控制項 textTM92 的物件類別 MSForms.TextBox 尚未被載入。
行號 854: 控制項 textTM88 的物件類別 MSForms.TextBox 尚未被載入。
行號 869: 控制項 textTM83 的物件類別 MSForms.TextBox 尚未被載入。
行號 884: 控制項 textTM91 的物件類別 MSForms.TextBox 尚未被載入。
行號 899: 控制項 textTM87 的物件類別 MSForms.TextBox 尚未被載入。
行號 914: 控制項 textTM82 的物件類別 MSForms.TextBox 尚未被載入。
行號 929: 控制項 textTM90 的物件類別 MSForms.TextBox 尚未被載入。
行號 944: 控制項 textTM86 的物件類別 MSForms.TextBox 尚未被載入。
行號 959: 控制項 textTM58 的物件類別 MSForms.TextBox 尚未被載入。
行號 974: 控制項 textCP64 的物件類別 MSForms.TextBox 尚未被載入。
行號 989: 控制項 textCP92_2 的物件類別 MSForms.TextBox 尚未被載入。
行號 1004: 控制項 textCP91_2 的物件類別 MSForms.TextBox 尚未被載入。
行號 1019: 控制項 textCP90_2 的物件類別 MSForms.TextBox 尚未被載入。
行號 1034: 控制項 textCP89_2 的物件類別 MSForms.TextBox 尚未被載入。
行號 1049: 控制項 textTM81_2 的物件類別 MSForms.TextBox 尚未被載入。
行號 1065: 控制項 textTM05_1 的物件類別 MSForms.TextBox 尚未被載入。
行號 1080: 控制項 textCP56_2 的物件類別 MSForms.TextBox 尚未被載入。
行號 1095: 控制項 textSP59_2 的物件類別 MSForms.TextBox 尚未被載入。
行號 1111: 控制項 textSP58_2 的物件類別 MSForms.TextBox 尚未被載入。
行號 1127: 控制項 textTM25 的物件類別 MSForms.TextBox 尚未被載入。
行號 1142: 控制項 textTM26 的物件類別 MSForms.TextBox 尚未被載入。
行號 1157: 控制項 textTM24 的物件類別 MSForms.TextBox 尚未被載入。
行號 1172: 控制項 textTM23_2 的物件類別 MSForms.TextBox 尚未被載入。
行號 1188: 控制項 textTM06 的物件類別 MSForms.TextBox 尚未被載入。
行號 1202: 控制項 textTM07 的物件類別 MSForms.TextBox 尚未被載入。
行號 1216: 控制項 textTM05 的物件類別 MSForms.TextBox 尚未被載入。
行號 1230: 控制項 textCP13_2 的物件類別 MSForms.TextBox 尚未被載入。
行號 1245: 控制項 textCP14_2 的物件類別 MSForms.TextBox 尚未被載入。
行號 1260: 控制項 textTM44_2 的物件類別 MSForms.TextBox 尚未被載入。
