行號 732: 控制項 textTM89 的物件類別 MSForms.TextBox 尚未被載入。
行號 747: 控制項 textTM93 的物件類別 MSForms.TextBox 尚未被載入。
行號 762: 控制項 textTM85 的物件類別 MSForms.TextBox 尚未被載入。
行號 777: 控制項 textTM88 的物件類別 MSForms.TextBox 尚未被載入。
行號 792: 控制項 textTM92 的物件類別 MSForms.TextBox 尚未被載入。
行號 807: 控制項 textTM84 的物件類別 MSForms.TextBox 尚未被載入。
行號 822: 控制項 textTM87 的物件類別 MSForms.TextBox 尚未被載入。
行號 837: 控制項 textTM91 的物件類別 MSForms.TextBox 尚未被載入。
行號 852: 控制項 textTM83 的物件類別 MSForms.TextBox 尚未被載入。
行號 867: 控制項 textTM86 的物件類別 MSForms.TextBox 尚未被載入。
行號 882: 控制項 textTM90 的物件類別 MSForms.TextBox 尚未被載入。
行號 897: 控制項 textTM82 的物件類別 MSForms.TextBox 尚未被載入。
行號 912: 控制項 textCP64 的物件類別 MSForms.TextBox 尚未被載入。
行號 927: 控制項 textTM58 的物件類別 MSForms.TextBox 尚未被載入。
行號 942: 控制項 textTM26 的物件類別 MSForms.TextBox 尚未被載入。
行號 957: 控制項 textTM25 的物件類別 MSForms.TextBox 尚未被載入。
行號 972: 控制項 textTM24 的物件類別 MSForms.TextBox 尚未被載入。
行號 987: 控制項 textTM05S 的物件類別 MSForms.TextBox 尚未被載入。
行號 1005: 控制項 textCP92_2 的物件類別 MSForms.TextBox 尚未被載入。
行號 1020: 控制項 textCP91_2 的物件類別 MSForms.TextBox 尚未被載入。
行號 1035: 控制項 textCP90_2 的物件類別 MSForms.TextBox 尚未被載入。
行號 1050: 控制項 textCP89_2 的物件類別 MSForms.TextBox 尚未被載入。
行號 1065: 控制項 textTM81_2 的物件類別 MSForms.TextBox 尚未被載入。
行號 1081: 控制項 textTM80_2 的物件類別 MSForms.TextBox 尚未被載入。
行號 1097: 控制項 textTM23_2 的物件類別 MSForms.TextBox 尚未被載入。
行號 1113: 控制項 textTM44_2 的物件類別 MSForms.TextBox 尚未被載入。
行號 1128: 控制項 textSP58_2 的物件類別 MSForms.TextBox 尚未被載入。
行號 1144: 控制項 textSP59_2 的物件類別 MSForms.TextBox 尚未被載入。
行號 1160: 控制項 textCP56_2 的物件類別 MSForms.TextBox 尚未被載入。
行號 1175: 控制項 textCP13_2 的物件類別 MSForms.TextBox 尚未被載入。
行號 1190: 控制項 textCP14_2 的物件類別 MSForms.TextBox 尚未被載入。
行號 1712: 控制項 textTM05_1 的物件類別 MSForms.TextBox 尚未被載入。
行號 1727: 控制項 textTM05 的物件類別 MSForms.TextBox 尚未被載入。
行號 1741: 控制項 textTM06 的物件類別 MSForms.TextBox 尚未被載入。
行號 1755: 控制項 textTM07 的物件類別 MSForms.TextBox 尚未被載入。
