行號 615: 控制項 txtInvField 的物件類別 MSForms.TextBox 尚未被載入。
行號 631: 控制項 txtInvField 的物件類別 MSForms.TextBox 尚未被載入。
行號 647: 控制項 txtInvField 的物件類別 MSForms.TextBox 尚未被載入。
行號 894: 控制項 Text1 的物件類別 MSForms.TextBox 尚未被載入。
行號 909: 控制項 Text1 的物件類別 MSForms.TextBox 尚未被載入。
行號 924: 控制項 Text1 的物件類別 MSForms.TextBox 尚未被載入。
行號 939: 控制項 Text1 的物件類別 MSForms.TextBox 尚未被載入。
行號 954: 控制項 Text1 的物件類別 MSForms.TextBox 尚未被載入。
行號 969: 控制項 Text1 的物件類別 MSForms.TextBox 尚未被載入。
行號 984: 控制項 Text1 的物件類別 MSForms.TextBox 尚未被載入。
行號 1224: 控制項 Text1 的物件類別 MSForms.TextBox 尚未被載入。
行號 1257: 控制項 Text1 的物件類別 MSForms.TextBox 尚未被載入。
行號 1282: 控制項 Label2 的物件類別 MSForms.Label 尚未被載入。
行號 1297: 控制項 Label2 的物件類別 MSForms.Label 尚未被載入。
行號 1323: 控制項 Label2 的物件類別 MSForms.Label 尚未被載入。
行號 1338: 控制項 Label2 的物件類別 MSForms.Label 尚未被載入。
行號 1413: 控制項 Label2 的物件類別 MSForms.Label 尚未被載入。
行號 1428: 控制項 Label2 的物件類別 MSForms.Label 尚未被載入。
行號 1443: 控制項 Label2 的物件類別 MSForms.Label 尚未被載入。
行號 1458: 控制項 Label2 的物件類別 MSForms.Label 尚未被載入。
行號 1473: 控制項 Label2 的物件類別 MSForms.Label 尚未被載入。
行號 1648: 控制項 Text1 的物件類別 MSForms.TextBox 尚未被載入。
行號 1663: 控制項 Text1 的物件類別 MSForms.TextBox 尚未被載入。
行號 1678: 控制項 Text1 的物件類別 MSForms.TextBox 尚未被載入。
行號 1693: 控制項 Text1 的物件類別 MSForms.TextBox 尚未被載入。
行號 1708: 控制項 Text1 的物件類別 MSForms.TextBox 尚未被載入。
行號 1723: 控制項 Text1 的物件類別 MSForms.TextBox 尚未被載入。
行號 1738: 控制項 Text1 的物件類別 MSForms.TextBox 尚未被載入。
行號 1753: 控制項 Text1 的物件類別 MSForms.TextBox 尚未被載入。
行號 1768: 控制項 Text1 的物件類別 MSForms.TextBox 尚未被載入。
行號 1783: 控制項 Text1 的物件類別 MSForms.TextBox 尚未被載入。
行號 1798: 控制項 Text1 的物件類別 MSForms.TextBox 尚未被載入。
行號 1813: 控制項 Text1 的物件類別 MSForms.TextBox 尚未被載入。
行號 1828: 控制項 Text1 的物件類別 MSForms.TextBox 尚未被載入。
行號 1843: 控制項 Text1 的物件類別 MSForms.TextBox 尚未被載入。
行號 1858: 控制項 Text1 的物件類別 MSForms.TextBox 尚未被載入。
行號 1873: 控制項 Text1 的物件類別 MSForms.TextBox 尚未被載入。
行號 1888: 控制項 Text1 的物件類別 MSForms.TextBox 尚未被載入。
行號 1903: 控制項 Text1 的物件類別 MSForms.TextBox 尚未被載入。
行號 1918: 控制項 Text1 的物件類別 MSForms.TextBox 尚未被載入。
行號 1933: 控制項 Text1 的物件類別 MSForms.TextBox 尚未被載入。
行號 1948: 控制項 Text1 的物件類別 MSForms.TextBox 尚未被載入。
行號 1962: 控制項 Text1 的物件類別 MSForms.TextBox 尚未被載入。
行號 1977: 控制項 Text1 的物件類別 MSForms.TextBox 尚未被載入。
行號 1992: 控制項 Text1 的物件類別 MSForms.TextBox 尚未被載入。
行號 2007: 控制項 Text1 的物件類別 MSForms.TextBox 尚未被載入。
行號 2022: 控制項 Text1 的物件類別 MSForms.TextBox 尚未被載入。
行號 2036: 控制項 Text1 的物件類別 MSForms.TextBox 尚未被載入。
行號 2050: 控制項 Text1 的物件類別 MSForms.TextBox 尚未被載入。
行號 2064: 控制項 Text1 的物件類別 MSForms.TextBox 尚未被載入。
行號 2078: 控制項 Text1 的物件類別 MSForms.TextBox 尚未被載入。
行號 2093: 控制項 Text1 的物件類別 MSForms.TextBox 尚未被載入。
行號 2108: 控制項 Text1 的物件類別 MSForms.TextBox 尚未被載入。
行號 2122: 控制項 Text1 的物件類別 MSForms.TextBox 尚未被載入。
行號 2136: 控制項 Text1 的物件類別 MSForms.TextBox 尚未被載入。
行號 2150: 控制項 Text1 的物件類別 MSForms.TextBox 尚未被載入。
行號 2165: 控制項 Text1 的物件類別 MSForms.TextBox 尚未被載入。
行號 2180: 控制項 Text1 的物件類別 MSForms.TextBox 尚未被載入。
行號 2196: 控制項 Text1 的物件類別 MSForms.TextBox 尚未被載入。
行號 2212: 控制項 Text1 的物件類別 MSForms.TextBox 尚未被載入。
行號 2227: 控制項 Text1 的物件類別 MSForms.TextBox 尚未被載入。
行號 2242: 控制項 Text1 的物件類別 MSForms.TextBox 尚未被載入。
行號 2257: 控制項 Text1 的物件類別 MSForms.TextBox 尚未被載入。
行號 2272: 控制項 Text1 的物件類別 MSForms.TextBox 尚未被載入。
行號 2288: 控制項 Text1 的物件類別 MSForms.TextBox 尚未被載入。
行號 2304: 控制項 Text1 的物件類別 MSForms.TextBox 尚未被載入。
行號 2320: 控制項 Text2 的物件類別 MSForms.TextBox 尚未被載入。
行號 2336: 控制項 Text2 的物件類別 MSForms.TextBox 尚未被載入。
行號 2352: 控制項 Text1 的物件類別 MSForms.TextBox 尚未被載入。
行號 2367: 控制項 Text1 的物件類別 MSForms.TextBox 尚未被載入。
行號 2382: 控制項 Text1 的物件類別 MSForms.TextBox 尚未被載入。
行號 2397: 控制項 Text1 的物件類別 MSForms.TextBox 尚未被載入。
行號 2412: 控制項 Text1 的物件類別 MSForms.TextBox 尚未被載入。
行號 2427: 控制項 Text1 的物件類別 MSForms.TextBox 尚未被載入。
行號 2442: 控制項 Text1 的物件類別 MSForms.TextBox 尚未被載入。
行號 2457: 控制項 Text1 的物件類別 MSForms.TextBox 尚未被載入。
行號 2472: 控制項 Text1 的物件類別 MSForms.TextBox 尚未被載入。
行號 2487: 控制項 Text1 的物件類別 MSForms.TextBox 尚未被載入。
行號 2502: 控制項 Text1 的物件類別 MSForms.TextBox 尚未被載入。
行號 2517: 控制項 Text1 的物件類別 MSForms.TextBox 尚未被載入。
行號 2532: 控制項 Text1 的物件類別 MSForms.TextBox 尚未被載入。
行號 2547: 控制項 Text1 的物件類別 MSForms.TextBox 尚未被載入。
行號 2562: 控制項 Text1 的物件類別 MSForms.TextBox 尚未被載入。
行號 2577: 控制項 Text1 的物件類別 MSForms.TextBox 尚未被載入。
行號 2592: 控制項 Text1 的物件類別 MSForms.TextBox 尚未被載入。
行號 2607: 控制項 Text1 的物件類別 MSForms.TextBox 尚未被載入。
行號 2622: 控制項 Text1 的物件類別 MSForms.TextBox 尚未被載入。
行號 2637: 控制項 Text1 的物件類別 MSForms.TextBox 尚未被載入。
行號 2652: 控制項 Text1 的物件類別 MSForms.TextBox 尚未被載入。
行號 2667: 控制項 Text1 的物件類別 MSForms.TextBox 尚未被載入。
行號 2682: 控制項 Text1 的物件類別 MSForms.TextBox 尚未被載入。
行號 2697: 控制項 Text1 的物件類別 MSForms.TextBox 尚未被載入。
行號 2712: 控制項 Text1 的物件類別 MSForms.TextBox 尚未被載入。
行號 2727: 控制項 Text1 的物件類別 MSForms.TextBox 尚未被載入。
行號 2742: 控制項 Text1 的物件類別 MSForms.TextBox 尚未被載入。
行號 2757: 控制項 Text1 的物件類別 MSForms.TextBox 尚未被載入。
行號 2772: 控制項 Text1 的物件類別 MSForms.TextBox 尚未被載入。
行號 2787: 控制項 Text1 的物件類別 MSForms.TextBox 尚未被載入。
行號 2802: 控制項 Text1 的物件類別 MSForms.TextBox 尚未被載入。
行號 2817: 控制項 Text1 的物件類別 MSForms.TextBox 尚未被載入。
行號 2832: 控制項 Text1 的物件類別 MSForms.TextBox 尚未被載入。
行號 2849: 控制項 Text1 的物件類別 MSForms.TextBox 尚未被載入。
行號 2866: 控制項 Text1 的物件類別 MSForms.TextBox 尚未被載入。
行號 2883: 控制項 Text1 的物件類別 MSForms.TextBox 尚未被載入。
行號 2900: 控制項 Text1 的物件類別 MSForms.TextBox 尚未被載入。
行號 2915: 控制項 Text1 的物件類別 MSForms.TextBox 尚未被載入。
行號 2930: 控制項 Text1 的物件類別 MSForms.TextBox 尚未被載入。
行號 2945: 控制項 Text1 的物件類別 MSForms.TextBox 尚未被載入。
行號 2960: 控制項 Text1 的物件類別 MSForms.TextBox 尚未被載入。
行號 2975: 控制項 Text1 的物件類別 MSForms.TextBox 尚未被載入。
行號 2990: 控制項 Text1 的物件類別 MSForms.TextBox 尚未被載入。
行號 3005: 控制項 Text1 的物件類別 MSForms.TextBox 尚未被載入。
行號 3020: 控制項 Text1 的物件類別 MSForms.TextBox 尚未被載入。
行號 3035: 控制項 Text1 的物件類別 MSForms.TextBox 尚未被載入。
行號 3051: 控制項 Text1 的物件類別 MSForms.TextBox 尚未被載入。
行號 3066: 控制項 Text1 的物件類別 MSForms.TextBox 尚未被載入。
行號 3081: 控制項 Text1 的物件類別 MSForms.TextBox 尚未被載入。
行號 3096: 控制項 Text1 的物件類別 MSForms.TextBox 尚未被載入。
行號 3111: 控制項 Text1 的物件類別 MSForms.TextBox 尚未被載入。
行號 3126: 控制項 Text1 的物件類別 MSForms.TextBox 尚未被載入。
行號 3141: 控制項 Text1 的物件類別 MSForms.TextBox 尚未被載入。
行號 3156: 控制項 Text1 的物件類別 MSForms.TextBox 尚未被載入。
行號 3171: 控制項 Text1 的物件類別 MSForms.TextBox 尚未被載入。
行號 3186: 控制項 Text1 的物件類別 MSForms.TextBox 尚未被載入。
行號 3201: 控制項 Text1 的物件類別 MSForms.TextBox 尚未被載入。
行號 3216: 控制項 Text1 的物件類別 MSForms.TextBox 尚未被載入。
行號 3231: 控制項 Text1 的物件類別 MSForms.TextBox 尚未被載入。
行號 3246: 控制項 Text1 的物件類別 MSForms.TextBox 尚未被載入。
行號 3261: 控制項 Text1 的物件類別 MSForms.TextBox 尚未被載入。
行號 3276: 控制項 Text1 的物件類別 MSForms.TextBox 尚未被載入。
行號 3291: 控制項 Text1 的物件類別 MSForms.TextBox 尚未被載入。
行號 3306: 控制項 Text1 的物件類別 MSForms.TextBox 尚未被載入。
行號 3321: 控制項 Text1 的物件類別 MSForms.TextBox 尚未被載入。
行號 3336: 控制項 Text1 的物件類別 MSForms.TextBox 尚未被載入。
行號 3351: 控制項 Text1 的物件類別 MSForms.TextBox 尚未被載入。
行號 3366: 控制項 Text1 的物件類別 MSForms.TextBox 尚未被載入。
行號 3381: 控制項 Text1 的物件類別 MSForms.TextBox 尚未被載入。
行號 3396: 控制項 Text1 的物件類別 MSForms.TextBox 尚未被載入。
行號 3411: 控制項 Text1 的物件類別 MSForms.TextBox 尚未被載入。
行號 3426: 控制項 Text1 的物件類別 MSForms.TextBox 尚未被載入。
行號 3441: 控制項 Text1 的物件類別 MSForms.TextBox 尚未被載入。
行號 3456: 控制項 Text1 的物件類別 MSForms.TextBox 尚未被載入。
行號 3471: 控制項 Text1 的物件類別 MSForms.TextBox 尚未被載入。
行號 3486: 控制項 Text1 的物件類別 MSForms.TextBox 尚未被載入。
行號 3501: 控制項 Text1 的物件類別 MSForms.TextBox 尚未被載入。
行號 3516: 控制項 Text1 的物件類別 MSForms.TextBox 尚未被載入。
行號 3531: 控制項 Text1 的物件類別 MSForms.TextBox 尚未被載入。
行號 3546: 控制項 Text1 的物件類別 MSForms.TextBox 尚未被載入。
行號 3561: 控制項 Text1 的物件類別 MSForms.TextBox 尚未被載入。
行號 3576: 控制項 Text1 的物件類別 MSForms.TextBox 尚未被載入。
行號 3591: 控制項 Text1 的物件類別 MSForms.TextBox 尚未被載入。
行號 3606: 控制項 Text1 的物件類別 MSForms.TextBox 尚未被載入。
行號 3621: 控制項 Text1 的物件類別 MSForms.TextBox 尚未被載入。
行號 3636: 控制項 Text1 的物件類別 MSForms.TextBox 尚未被載入。
行號 3651: 控制項 Text1 的物件類別 MSForms.TextBox 尚未被載入。
行號 3666: 控制項 Text1 的物件類別 MSForms.TextBox 尚未被載入。
行號 3681: 控制項 Text1 的物件類別 MSForms.TextBox 尚未被載入。
行號 3696: 控制項 Text1 的物件類別 MSForms.TextBox 尚未被載入。
行號 3711: 控制項 Text1 的物件類別 MSForms.TextBox 尚未被載入。
行號 3726: 控制項 Text1 的物件類別 MSForms.TextBox 尚未被載入。
行號 3741: 控制項 Text1 的物件類別 MSForms.TextBox 尚未被載入。
行號 3756: 控制項 Text1 的物件類別 MSForms.TextBox 尚未被載入。
行號 3771: 控制項 Text1 的物件類別 MSForms.TextBox 尚未被載入。
行號 3786: 控制項 Text1 的物件類別 MSForms.TextBox 尚未被載入。
行號 3801: 控制項 Text1 的物件類別 MSForms.TextBox 尚未被載入。
行號 3816: 控制項 Text1 的物件類別 MSForms.TextBox 尚未被載入。
行號 3831: 控制項 Text1 的物件類別 MSForms.TextBox 尚未被載入。
行號 3846: 控制項 Text1 的物件類別 MSForms.TextBox 尚未被載入。
行號 3861: 控制項 Text1 的物件類別 MSForms.TextBox 尚未被載入。
行號 3876: 控制項 Text1 的物件類別 MSForms.TextBox 尚未被載入。
行號 3891: 控制項 Text1 的物件類別 MSForms.TextBox 尚未被載入。
行號 3906: 控制項 Text1 的物件類別 MSForms.TextBox 尚未被載入。
行號 3921: 控制項 Text1 的物件類別 MSForms.TextBox 尚未被載入。
行號 4056: 控制項 Label2 的物件類別 MSForms.Label 尚未被載入。
行號 4151: 控制項 Label2 的物件類別 MSForms.Label 尚未被載入。
行號 4176: 控制項 Label2 的物件類別 MSForms.Label 尚未被載入。
行號 4981: 控制項 Label2 的物件類別 MSForms.Label 尚未被載入。
行號 4996: 控制項 Label2 的物件類別 MSForms.Label 尚未被載入。
行號 5021: 控制項 Label2 的物件類別 MSForms.Label 尚未被載入。
行號 5046: 控制項 Label2 的物件類別 MSForms.Label 尚未被載入。
行號 5101: 控制項 Label2 的物件類別 MSForms.Label 尚未被載入。
行號 5116: 控制項 Label2 的物件類別 MSForms.Label 尚未被載入。
行號 5131: 控制項 Label2 的物件類別 MSForms.Label 尚未被載入。
行號 5146: 控制項 Label2 的物件類別 MSForms.Label 尚未被載入。
行號 5161: 控制項 Label2 的物件類別 MSForms.Label 尚未被載入。
行號 5176: 控制項 Label2 的物件類別 MSForms.Label 尚未被載入。
行號 5575: 控制項 ImageList1 的物件類別 MSComctlLib.ImageList 尚未被載入。
行號 5633: 控制項 TBar1 的物件類別 MSComctlLib.Toolbar 尚未被載入。
行號 5736: 控制項 textCUID 的物件類別 MSForms.TextBox 尚未被載入。
