行號 82: 控制項 txtTrademark 的物件類別 MSForms.TextBox 尚未被載入。
行號 97: 控制項 txtTrademark 的物件類別 MSForms.TextBox 尚未被載入。
行號 112: 控制項 txtTrademark 的物件類別 MSForms.TextBox 尚未被載入。
行號 127: 控制項 txtTrademark 的物件類別 MSForms.TextBox 尚未被載入。
行號 142: 控制項 txtTrademark 的物件類別 MSForms.TextBox 尚未被載入。
行號 166: 控制項 lblPetitionName 的物件類別 MSForms.Label 尚未被載入。
行號 189: 控制項 lblPetitionName 的物件類別 MSForms.Label 尚未被載入。
行號 212: 控制項 lblPetitionName 的物件類別 MSForms.Label 尚未被載入。
行號 235: 控制項 lblPetitionName 的物件類別 MSForms.Label 尚未被載入。
行號 258: 控制項 lblPetitionName 的物件類別 MSForms.Label 尚未被載入。
行號 394: 控制項 txtTrademark 的物件類別 MSForms.TextBox 尚未被載入。
行號 417: 控制項 lblPromoter 的物件類別 MSForms.Label 尚未被載入。
行號 476: 控制項 txtTrademark 的物件類別 MSForms.TextBox 尚未被載入。
行號 611: 控制項 cboContact 的物件類別 MSForms.ComboBox 尚未被載入。
行號 627: 控制項 txtTrademark 的物件類別 MSForms.TextBox 尚未被載入。
行號 642: 控制項 txtTrademark 的物件類別 MSForms.TextBox 尚未被載入。
行號 657: 控制項 txtTrademark 的物件類別 MSForms.TextBox 尚未被載入。
行號 671: 控制項 txtTrademark 的物件類別 MSForms.TextBox 尚未被載入。
行號 686: 控制項 txtTrademark 的物件類別 MSForms.TextBox 尚未被載入。
行號 701: 控制項 txtTrademark 的物件類別 MSForms.TextBox 尚未被載入。
行號 716: 控制項 txtTrademark 的物件類別 MSForms.TextBox 尚未被載入。
行號 731: 控制項 txtTrademark 的物件類別 MSForms.TextBox 尚未被載入。
行號 746: 控制項 txtTrademark 的物件類別 MSForms.TextBox 尚未被載入。
行號 760: 控制項 txtTrademark 的物件類別 MSForms.TextBox 尚未被載入。
行號 775: 控制項 txtTrademark 的物件類別 MSForms.TextBox 尚未被載入。
行號 790: 控制項 txtTrademark 的物件類別 MSForms.TextBox 尚未被載入。
行號 855: 控制項 lblPetition 的物件類別 MSForms.Label 尚未被載入。
行號 879: 控制項 lblPetition 的物件類別 MSForms.Label 尚未被載入。
行號 903: 控制項 lblPetition 的物件類別 MSForms.Label 尚未被載入。
行號 928: 控制項 lblPetition 的物件類別 MSForms.Label 尚未被載入。
行號 1002: 控制項 lblPetition 的物件類別 MSForms.Label 尚未被載入。
行號 1017: 控制項 lblAgent 的物件類別 MSForms.Label 尚未被載入。
行號 1064: 控制項 txtTrademark 的物件類別 MSForms.TextBox 尚未被載入。
行號 1079: 控制項 txtTrademark 的物件類別 MSForms.TextBox 尚未被載入。
行號 1093: 控制項 txtTrademark 的物件類別 MSForms.TextBox 尚未被載入。
行號 1108: 控制項 txtTrademark 的物件類別 MSForms.TextBox 尚未被載入。
行號 1123: 控制項 txtTrademark 的物件類別 MSForms.TextBox 尚未被載入。
行號 1138: 控制項 txtTrademark 的物件類別 MSForms.TextBox 尚未被載入。
行號 1153: 控制項 txtTrademark 的物件類別 MSForms.TextBox 尚未被載入。
行號 1168: 控制項 txtTrademark 的物件類別 MSForms.TextBox 尚未被載入。
行號 1183: 控制項 txtTrademark 的物件類別 MSForms.TextBox 尚未被載入。
行號 1198: 控制項 txtTrademark 的物件類別 MSForms.TextBox 尚未被載入。
行號 1212: 控制項 txtTrademark 的物件類別 MSForms.TextBox 尚未被載入。
行號 1227: 控制項 txtTrademark 的物件類別 MSForms.TextBox 尚未被載入。
行號 1241: 控制項 txtTrademark 的物件類別 MSForms.TextBox 尚未被載入。
行號 1255: 控制項 txtTrademark 的物件類別 MSForms.TextBox 尚未被載入。
行號 1270: 控制項 txtTrademark 的物件類別 MSForms.TextBox 尚未被載入。
行號 1285: 控制項 txtTrademark 的物件類別 MSForms.TextBox 尚未被載入。
行號 1367: 控制項 lblSales 的物件類別 MSForms.Label 尚未被載入。
