行號 64: 控制項 txtAdviser 的物件類別 MSForms.TextBox 尚未被載入。
行號 79: 控制項 lblPromoter 的物件類別 MSForms.Label 尚未被載入。
行號 219: 控制項 txtAdviser 的物件類別 MSForms.TextBox 尚未被載入。
行號 234: 控制項 txtAdviser 的物件類別 MSForms.TextBox 尚未被載入。
行號 249: 控制項 txtAdviser 的物件類別 MSForms.TextBox 尚未被載入。
行號 264: 控制項 txtAdviser 的物件類別 MSForms.TextBox 尚未被載入。
行號 279: 控制項 txtAdviser 的物件類別 MSForms.TextBox 尚未被載入。
行號 293: 控制項 txtAdviser 的物件類別 MSForms.TextBox 尚未被載入。
行號 308: 控制項 cboContact 的物件類別 MSForms.ComboBox 尚未被載入。
行號 324: 控制項 lblPetition 的物件類別 MSForms.Label 尚未被載入。
行號 338: 控制項 lblPetition 的物件類別 MSForms.Label 尚未被載入。
行號 352: 控制項 lblPetition 的物件類別 MSForms.Label 尚未被載入。
行號 366: 控制項 lblPetition 的物件類別 MSForms.Label 尚未被載入。
行號 380: 控制項 lblPetition 的物件類別 MSForms.Label 尚未被載入。
行號 411: 控制項 txtAdviser 的物件類別 MSForms.TextBox 尚未被載入。
行號 426: 控制項 txtAdviser 的物件類別 MSForms.TextBox 尚未被載入。
行號 441: 控制項 txtAdviser 的物件類別 MSForms.TextBox 尚未被載入。
行號 456: 控制項 lblSales 的物件類別 MSForms.Label 尚未被載入。
行號 469: 控制項 txtAdviser 的物件類別 MSForms.TextBox 尚未被載入。
行號 484: 控制項 txtAdviser 的物件類別 MSForms.TextBox 尚未被載入。
行號 499: 控制項 txtAdviser 的物件類別 MSForms.TextBox 尚未被載入。
行號 514: 控制項 txtAdviser 的物件類別 MSForms.TextBox 尚未被載入。
行號 528: 控制項 txtAdviser 的物件類別 MSForms.TextBox 尚未被載入。
行號 543: 控制項 txtAdviser 的物件類別 MSForms.TextBox 尚未被載入。
行號 558: 控制項 txtAdviser 的物件類別 MSForms.TextBox 尚未被載入。
行號 574: 控制項 txtAdviser 的物件類別 MSForms.TextBox 尚未被載入。
