行號 176: 控制項 txtOther 的物件類別 MSForms.TextBox 尚未被載入。
行號 191: 控制項 lblPromoter 的物件類別 MSForms.Label 尚未被載入。
行號 297: 控制項 cboContact 的物件類別 MSForms.ComboBox 尚未被載入。
行號 313: 控制項 txtOther 的物件類別 MSForms.TextBox 尚未被載入。
行號 328: 控制項 txtOther 的物件類別 MSForms.TextBox 尚未被載入。
行號 343: 控制項 txtOther 的物件類別 MSForms.TextBox 尚未被載入。
行號 358: 控制項 txtOther 的物件類別 MSForms.TextBox 尚未被載入。
行號 373: 控制項 txtOther 的物件類別 MSForms.TextBox 尚未被載入。
行號 388: 控制項 txtOther 的物件類別 MSForms.TextBox 尚未被載入。
行號 403: 控制項 txtOther 的物件類別 MSForms.TextBox 尚未被載入。
行號 418: 控制項 txtOther 的物件類別 MSForms.TextBox 尚未被載入。
行號 433: 控制項 txtOther 的物件類別 MSForms.TextBox 尚未被載入。
行號 448: 控制項 txtOther 的物件類別 MSForms.TextBox 尚未被載入。
行號 463: 控制項 txtOther 的物件類別 MSForms.TextBox 尚未被載入。
行號 478: 控制項 txtOther 的物件類別 MSForms.TextBox 尚未被載入。
行號 493: 控制項 txtOther 的物件類別 MSForms.TextBox 尚未被載入。
行號 508: 控制項 txtOther 的物件類別 MSForms.TextBox 尚未被載入。
行號 523: 控制項 txtOther 的物件類別 MSForms.TextBox 尚未被載入。
行號 547: 控制項 lblPetition 的物件類別 MSForms.Label 尚未被載入。
行號 569: 控制項 lblPetition 的物件類別 MSForms.Label 尚未被載入。
行號 651: 控制項 lblPetition 的物件類別 MSForms.Label 尚未被載入。
行號 673: 控制項 lblPetition 的物件類別 MSForms.Label 尚未被載入。
行號 711: 控制項 lblAgent 的物件類別 MSForms.Label 尚未被載入。
行號 732: 控制項 lblPetition 的物件類別 MSForms.Label 尚未被載入。
行號 778: 控制項 txtOther 的物件類別 MSForms.TextBox 尚未被載入。
行號 793: 控制項 txtOther 的物件類別 MSForms.TextBox 尚未被載入。
行號 808: 控制項 txtOther 的物件類別 MSForms.TextBox 尚未被載入。
行號 823: 控制項 txtOther 的物件類別 MSForms.TextBox 尚未被載入。
行號 838: 控制項 txtOther 的物件類別 MSForms.TextBox 尚未被載入。
行號 853: 控制項 txtOther 的物件類別 MSForms.TextBox 尚未被載入。
行號 868: 控制項 txtOther 的物件類別 MSForms.TextBox 尚未被載入。
行號 883: 控制項 txtOther 的物件類別 MSForms.TextBox 尚未被載入。
行號 898: 控制項 txtOther 的物件類別 MSForms.TextBox 尚未被載入。
行號 912: 控制項 txtOther 的物件類別 MSForms.TextBox 尚未被載入。
行號 926: 控制項 txtOther 的物件類別 MSForms.TextBox 尚未被載入。
行號 941: 控制項 txtOther 的物件類別 MSForms.TextBox 尚未被載入。
行號 955: 控制項 txtOther 的物件類別 MSForms.TextBox 尚未被載入。
行號 969: 控制項 txtOther 的物件類別 MSForms.TextBox 尚未被載入。
行號 984: 控制項 txtOther 的物件類別 MSForms.TextBox 尚未被載入。
行號 999: 控制項 txtOther 的物件類別 MSForms.TextBox 尚未被載入。
行號 1182: 控制項 lblSales 的物件類別 MSForms.Label 尚未被載入。
