行號 459: 控制項 lbl1 的物件類別 MSForms.Label 尚未被載入。
行號 484: 控制項 lbl1 的物件類別 MSForms.Label 尚未被載入。
行號 518: 控制項 lbl1 的物件類別 MSForms.Label 尚未被載入。
行號 534: 控制項 lblFA 的物件類別 MSForms.Label 尚未被載入。
行號 551: 控制項 lblXYS02_N 的物件類別 MSForms.Label 尚未被載入。
行號 566: 控制項 lblXYS03 的物件類別 MSForms.Label 尚未被載入。
行號 581: 控制項 lblXYS02 的物件類別 MSForms.Label 尚未被載入。
行號 596: 控制項 lblFA127 的物件類別 MSForms.Label 尚未被載入。
行號 640: 控制項 lblFA 的物件類別 MSForms.Label 尚未被載入。
行號 657: 控制項 lblFA 的物件類別 MSForms.Label 尚未被載入。
行號 674: 控制項 lstDeveloper 的物件類別 MSForms.ListBox 尚未被載入。
行號 689: 控制項 txt1 的物件類別 MSForms.TextBox 尚未被載入。
行號 705: 控制項 txt1 的物件類別 MSForms.TextBox 尚未被載入。
行號 721: 控制項 txt1 的物件類別 MSForms.TextBox 尚未被載入。
行號 737: 控制項 txt1 的物件類別 MSForms.TextBox 尚未被載入。
行號 753: 控制項 txt1 的物件類別 MSForms.TextBox 尚未被載入。
行號 769: 控制項 txt1 的物件類別 MSForms.TextBox 尚未被載入。
行號 785: 控制項 txt1 的物件類別 MSForms.TextBox 尚未被載入。
行號 801: 控制項 txt1 的物件類別 MSForms.TextBox 尚未被載入。
行號 817: 控制項 txt1 的物件類別 MSForms.TextBox 尚未被載入。
行號 833: 控制項 txt1 的物件類別 MSForms.TextBox 尚未被載入。
行號 849: 控制項 txt1 的物件類別 MSForms.TextBox 尚未被載入。
行號 865: 控制項 txt1 的物件類別 MSForms.TextBox 尚未被載入。
行號 881: 控制項 txt1 的物件類別 MSForms.TextBox 尚未被載入。
行號 897: 控制項 txt1 的物件類別 MSForms.TextBox 尚未被載入。
行號 913: 控制項 txt1 的物件類別 MSForms.TextBox 尚未被載入。
行號 929: 控制項 txt1 的物件類別 MSForms.TextBox 尚未被載入。
行號 945: 控制項 txt1 的物件類別 MSForms.TextBox 尚未被載入。
行號 961: 控制項 txt1 的物件類別 MSForms.TextBox 尚未被載入。
行號 977: 控制項 txt1 的物件類別 MSForms.TextBox 尚未被載入。
行號 993: 控制項 txt1 的物件類別 MSForms.TextBox 尚未被載入。
行號 1009: 控制項 txt1 的物件類別 MSForms.TextBox 尚未被載入。
行號 1025: 控制項 txt1 的物件類別 MSForms.TextBox 尚未被載入。
行號 1041: 控制項 txt1 的物件類別 MSForms.TextBox 尚未被載入。
行號 1067: 控制項 lblFA 的物件類別 MSForms.Label 尚未被載入。
行號 1092: 控制項 lblFA 的物件類別 MSForms.Label 尚未被載入。
行號 1118: 控制項 lblFA 的物件類別 MSForms.Label 尚未被載入。
行號 1135: 控制項 lblFA 的物件類別 MSForms.Label 尚未被載入。
行號 1170: 控制項 lbl1 的物件類別 MSForms.Label 尚未被載入。
行號 1204: 控制項 lblFA120 的物件類別 MSForms.Label 尚未被載入。
行號 1228: 控制項 lbl1 的物件類別 MSForms.Label 尚未被載入。
行號 1261: 控制項 lblFA 的物件類別 MSForms.Label 尚未被載入。
行號 1278: 控制項 lblFA 的物件類別 MSForms.Label 尚未被載入。
行號 1313: 控制項 lbl1 的物件類別 MSForms.Label 尚未被載入。
行號 1359: 控制項 lbl1 的物件類別 MSForms.Label 尚未被載入。
行號 1384: 控制項 lbl1 的物件類別 MSForms.Label 尚未被載入。
行號 1409: 控制項 lbl1 的物件類別 MSForms.Label 尚未被載入。
行號 1425: 控制項 lbl1 的物件類別 MSForms.Label 尚未被載入。
行號 1441: 控制項 lbl1 的物件類別 MSForms.Label 尚未被載入。
行號 1457: 控制項 lbl1 的物件類別 MSForms.Label 尚未被載入。
行號 1492: 控制項 lbl1 的物件類別 MSForms.Label 尚未被載入。
行號 1553: 控制項 lbl1 的物件類別 MSForms.Label 尚未被載入。
行號 1570: 控制項 lbl1 的物件類別 MSForms.Label 尚未被載入。
行號 1587: 控制項 lbl1 的物件類別 MSForms.Label 尚未被載入。
行號 1603: 控制項 lbl1 的物件類別 MSForms.Label 尚未被載入。
行號 1619: 控制項 lbl1 的物件類別 MSForms.Label 尚未被載入。
行號 1635: 控制項 lbl1 的物件類別 MSForms.Label 尚未被載入。
行號 1651: 控制項 lbl1 的物件類別 MSForms.Label 尚未被載入。
行號 1667: 控制項 lbl1 的物件類別 MSForms.Label 尚未被載入。
行號 1683: 控制項 lbl1 的物件類別 MSForms.Label 尚未被載入。
行號 1772: 控制項 lbl1 的物件類別 MSForms.Label 尚未被載入。
行號 1788: 控制項 lbl1 的物件類別 MSForms.Label 尚未被載入。
行號 1804: 控制項 lbl1 的物件類別 MSForms.Label 尚未被載入。
行號 1820: 控制項 lbl1 的物件類別 MSForms.Label 尚未被載入。
行號 1836: 控制項 lbl1 的物件類別 MSForms.Label 尚未被載入。
行號 1852: 控制項 lbl1 的物件類別 MSForms.Label 尚未被載入。
行號 1868: 控制項 lbl1 的物件類別 MSForms.Label 尚未被載入。
行號 1885: 控制項 lbl1 的物件類別 MSForms.Label 尚未被載入。
行號 1902: 控制項 lbl1 的物件類別 MSForms.Label 尚未被載入。
行號 1928: 控制項 lbl1 的物件類別 MSForms.Label 尚未被載入。
行號 1971: 控制項 lbl1 的物件類別 MSForms.Label 尚未被載入。
行號 1987: 控制項 lbl1 的物件類別 MSForms.Label 尚未被載入。
行號 2022: 控制項 lbl1 的物件類別 MSForms.Label 尚未被載入。
行號 2038: 控制項 lbl1 的物件類別 MSForms.Label 尚未被載入。
行號 2054: 控制項 lbl1 的物件類別 MSForms.Label 尚未被載入。
行號 2126: 控制項 lblFA 的物件類別 MSForms.Label 尚未被載入。
行號 2143: 控制項 lblFA 的物件類別 MSForms.Label 尚未被載入。
行號 2160: 控制項 lbl1 的物件類別 MSForms.Label 尚未被載入。
行號 2177: 控制項 lbl1 的物件類別 MSForms.Label 尚未被載入。
行號 2193: 控制項 lbl1 的物件類別 MSForms.Label 尚未被載入。
行號 2210: 控制項 lbl1 的物件類別 MSForms.Label 尚未被載入。
行號 2226: 控制項 lbl1 的物件類別 MSForms.Label 尚未被載入。
行號 2242: 控制項 lbl1 的物件類別 MSForms.Label 尚未被載入。
行號 2259: 控制項 lbl1 的物件類別 MSForms.Label 尚未被載入。
行號 2276: 控制項 lbl1 的物件類別 MSForms.Label 尚未被載入。
行號 2292: 控制項 lbl1 的物件類別 MSForms.Label 尚未被載入。
行號 2308: 控制項 lbl1 的物件類別 MSForms.Label 尚未被載入。
行號 2385: 控制項 lbl1 的物件類別 MSForms.Label 尚未被載入。
行號 2401: 控制項 lbl1 的物件類別 MSForms.Label 尚未被載入。
行號 2417: 控制項 lbl1 的物件類別 MSForms.Label 尚未被載入。
行號 2433: 控制項 lbl1 的物件類別 MSForms.Label 尚未被載入。
行號 2449: 控制項 lbl1 的物件類別 MSForms.Label 尚未被載入。
行號 2465: 控制項 lbl1 的物件類別 MSForms.Label 尚未被載入。
行號 2490: 控制項 lbl1 的物件類別 MSForms.Label 尚未被載入。
行號 2506: 控制項 lblFA 的物件類別 MSForms.Label 尚未被載入。
行號 2543: 控制項 lbl1 的物件類別 MSForms.Label 尚未被載入。
行號 2589: 控制項 lbl1 的物件類別 MSForms.Label 尚未被載入。
行號 2605: 控制項 lbl1 的物件類別 MSForms.Label 尚未被載入。
行號 2621: 控制項 lbl1 的物件類別 MSForms.Label 尚未被載入。
行號 2701: 控制項 lbl1 的物件類別 MSForms.Label 尚未被載入。
行號 2735: 控制項 lbl1 的物件類別 MSForms.Label 尚未被載入。
行號 2770: 控制項 lbl1 的物件類別 MSForms.Label 尚未被載入。
行號 2786: 控制項 lbl1 的物件類別 MSForms.Label 尚未被載入。
行號 2802: 控制項 lbl1 的物件類別 MSForms.Label 尚未被載入。
行號 2818: 控制項 lbl1 的物件類別 MSForms.Label 尚未被載入。
行號 2834: 控制項 lbl1 的物件類別 MSForms.Label 尚未被載入。
行號 2850: 控制項 lbl1 的物件類別 MSForms.Label 尚未被載入。
行號 2866: 控制項 lbl1 的物件類別 MSForms.Label 尚未被載入。
行號 2882: 控制項 lbl1 的物件類別 MSForms.Label 尚未被載入。
行號 2898: 控制項 lbl1 的物件類別 MSForms.Label 尚未被載入。
行號 2914: 控制項 lbl1 的物件類別 MSForms.Label 尚未被載入。
行號 2930: 控制項 lbl1 的物件類別 MSForms.Label 尚未被載入。
行號 2946: 控制項 lbl1 的物件類別 MSForms.Label 尚未被載入。
行號 2962: 控制項 lbl1 的物件類別 MSForms.Label 尚未被載入。
行號 2978: 控制項 lbl1 的物件類別 MSForms.Label 尚未被載入。
