行號 291: 控制項 lstUsers 的物件類別 MSForms.ListBox 尚未被載入。
行號 308: 控制項 txtPCC 的物件類別 MSForms.TextBox 尚未被載入。
行號 323: 控制項 txtPCC 的物件類別 MSForms.TextBox 尚未被載入。
行號 339: 控制項 txtPCC 的物件類別 MSForms.TextBox 尚未被載入。
行號 354: 控制項 txtPCC 的物件類別 MSForms.TextBox 尚未被載入。
行號 369: 控制項 txtPCC 的物件類別 MSForms.TextBox 尚未被載入。
行號 384: 控制項 txtPCC 的物件類別 MSForms.TextBox 尚未被載入。
行號 399: 控制項 txtPCC 的物件類別 MSForms.TextBox 尚未被載入。
行號 415: 控制項 txtPCC 的物件類別 MSForms.TextBox 尚未被載入。
行號 430: 控制項 txtPCC 的物件類別 MSForms.TextBox 尚未被載入。
行號 445: 控制項 txtPCC 的物件類別 MSForms.TextBox 尚未被載入。
行號 460: 控制項 txtPCC 的物件類別 MSForms.TextBox 尚未被載入。
行號 475: 控制項 txtPCC 的物件類別 MSForms.TextBox 尚未被載入。
行號 490: 控制項 txtPCC20 的物件類別 MSForms.TextBox 尚未被載入。
行號 504: 控制項 textCUID1 的物件類別 MSForms.TextBox 尚未被載入。
行號 983: 控制項 txtXYS03 的物件類別 MSForms.TextBox 尚未被載入。
行號 1007: 控制項 txtPCU 的物件類別 MSForms.TextBox 尚未被載入。
行號 1021: 控制項 lblXYS02_N 的物件類別 MSForms.Label 尚未被載入。
行號 1055: 控制項 lstUsers 的物件類別 MSForms.ListBox 尚未被載入。
行號 1072: 控制項 lstUsers 的物件類別 MSForms.ListBox 尚未被載入。
行號 1089: 控制項 txtCity 的物件類別 MSForms.TextBox 尚未被載入。
行號 1103: 控制項 txtPCU 的物件類別 MSForms.TextBox 尚未被載入。
行號 1118: 控制項 txtPCU 的物件類別 MSForms.TextBox 尚未被載入。
行號 1133: 控制項 txtPCU 的物件類別 MSForms.TextBox 尚未被載入。
行號 1148: 控制項 txtPCU 的物件類別 MSForms.TextBox 尚未被載入。
行號 1164: 控制項 txtPCU 的物件類別 MSForms.TextBox 尚未被載入。
行號 1179: 控制項 txtPCU 的物件類別 MSForms.TextBox 尚未被載入。
行號 1194: 控制項 txtPCU 的物件類別 MSForms.TextBox 尚未被載入。
行號 1209: 控制項 txtPCU 的物件類別 MSForms.TextBox 尚未被載入。
行號 1224: 控制項 txtPCU 的物件類別 MSForms.TextBox 尚未被載入。
行號 1239: 控制項 txtPCU 的物件類別 MSForms.TextBox 尚未被載入。
行號 1254: 控制項 txtPCU 的物件類別 MSForms.TextBox 尚未被載入。
行號 1269: 控制項 txtPCU 的物件類別 MSForms.TextBox 尚未被載入。
行號 1284: 控制項 txtPCU 的物件類別 MSForms.TextBox 尚未被載入。
行號 1299: 控制項 txtPCU 的物件類別 MSForms.TextBox 尚未被載入。
行號 1314: 控制項 txtPCU 的物件類別 MSForms.TextBox 尚未被載入。
行號 1330: 控制項 txtPCU 的物件類別 MSForms.TextBox 尚未被載入。
行號 1345: 控制項 txtPCU 的物件類別 MSForms.TextBox 尚未被載入。
行號 1360: 控制項 txtPCU 的物件類別 MSForms.TextBox 尚未被載入。
行號 1375: 控制項 txtPCU 的物件類別 MSForms.TextBox 尚未被載入。
行號 1390: 控制項 txtPCU 的物件類別 MSForms.TextBox 尚未被載入。
行號 1405: 控制項 txtPCU 的物件類別 MSForms.TextBox 尚未被載入。
行號 1421: 控制項 txtPCU 的物件類別 MSForms.TextBox 尚未被載入。
行號 1437: 控制項 txtPCU 的物件類別 MSForms.TextBox 尚未被載入。
行號 1452: 控制項 txtPCU 的物件類別 MSForms.TextBox 尚未被載入。
行號 1467: 控制項 txtPCU 的物件類別 MSForms.TextBox 尚未被載入。
行號 1482: 控制項 txtPCU 的物件類別 MSForms.TextBox 尚未被載入。
行號 1497: 控制項 txtPCU 的物件類別 MSForms.TextBox 尚未被載入。
行號 1512: 控制項 txtPCU 的物件類別 MSForms.TextBox 尚未被載入。
行號 1527: 控制項 txtPCU 的物件類別 MSForms.TextBox 尚未被載入。
行號 1542: 控制項 txtPCU 的物件類別 MSForms.TextBox 尚未被載入。
行號 1557: 控制項 txtPCU 的物件類別 MSForms.TextBox 尚未被載入。
行號 1572: 控制項 txtPCU 的物件類別 MSForms.TextBox 尚未被載入。
行號 1587: 控制項 txtPCU 的物件類別 MSForms.TextBox 尚未被載入。
行號 1602: 控制項 txtPCU 的物件類別 MSForms.TextBox 尚未被載入。
行號 1617: 控制項 txtPCU 的物件類別 MSForms.TextBox 尚未被載入。
行號 1632: 控制項 txtPCU 的物件類別 MSForms.TextBox 尚未被載入。
行號 1647: 控制項 txtPCU 的物件類別 MSForms.TextBox 尚未被載入。
行號 1662: 控制項 txtPCU 的物件類別 MSForms.TextBox 尚未被載入。
行號 1677: 控制項 txtPCU 的物件類別 MSForms.TextBox 尚未被載入。
行號 1695: 控制項 txtPCU 的物件類別 MSForms.TextBox 尚未被載入。
行號 1711: 控制項 txtPCU47N 的物件類別 MSForms.TextBox 尚未被載入。
行號 1728: 控制項 cboPCU11 的物件類別 MSForms.ComboBox 尚未被載入。
行號 1843: 控制項 lbl2 的物件類別 MSForms.Label 尚未被載入。
行號 1858: 控制項 lbl2 的物件類別 MSForms.Label 尚未被載入。
行號 1883: 控制項 lbl2 的物件類別 MSForms.Label 尚未被載入。
行號 1898: 控制項 lbl2 的物件類別 MSForms.Label 尚未被載入。
行號 1913: 控制項 lbl2 的物件類別 MSForms.Label 尚未被載入。
行號 1928: 控制項 lbl2 的物件類別 MSForms.Label 尚未被載入。
行號 2391: 控制項 txtPCU 的物件類別 MSForms.TextBox 尚未被載入。
行號 2406: 控制項 txtPCU 的物件類別 MSForms.TextBox 尚未被載入。
行號 2421: 控制項 textCUID 的物件類別 MSForms.TextBox 尚未被載入。
