行號 549: 控制項 txtTF37 的物件類別 MSForms.TextBox 尚未被載入。
行號 788: 控制項 txtLP25 的物件類別 MSForms.TextBox 尚未被載入。
行號 803: 控制項 txtLP24 的物件類別 MSForms.TextBox 尚未被載入。
行號 818: 控制項 txtLP49 的物件類別 MSForms.TextBox 尚未被載入。
行號 833: 控制項 txtLP12 的物件類別 MSForms.TextBox 尚未被載入。
行號 848: 控制項 txtLP37 的物件類別 MSForms.TextBox 尚未被載入。
行號 863: 控制項 lblLP22 的物件類別 MSForms.Label 尚未被載入。
行號 877: 控制項 lblLP20 的物件類別 MSForms.Label 尚未被載入。
行號 891: 控制項 lblAF14 的物件類別 MSForms.Label 尚未被載入。
行號 905: 控制項 lblAF06 的物件類別 MSForms.Label 尚未被載入。
行號 919: 控制項 lblLP46 的物件類別 MSForms.Label 尚未被載入。
行號 933: 控制項 lblLP38 的物件類別 MSForms.Label 尚未被載入。
行號 947: 控制項 lblCP154 的物件類別 MSForms.Label 尚未被載入。
行號 961: 控制項 lblLP06 的物件類別 MSForms.Label 尚未被載入。
行號 975: 控制項 lblLP04 的物件類別 MSForms.Label 尚未被載入。
行號 2107: 控制項 lblCP153 的物件類別 MSForms.Label 尚未被載入。
行號 2121: 控制項 textCP131 的物件類別 MSForms.TextBox 尚未被載入。
行號 2137: 控制項 textCP37_1 的物件類別 MSForms.TextBox 尚未被載入。
行號 2153: 控制項 textCP37 的物件類別 MSForms.TextBox 尚未被載入。
行號 2169: 控制項 textCP38 的物件類別 MSForms.TextBox 尚未被載入。
行號 2185: 控制項 textCP39 的物件類別 MSForms.TextBox 尚未被載入。
行號 2201: 控制項 textCP40 的物件類別 MSForms.TextBox 尚未被載入。
行號 2217: 控制項 textCP41 的物件類別 MSForms.TextBox 尚未被載入。
行號 2232: 控制項 textCP42 的物件類別 MSForms.TextBox 尚未被載入。
行號 2258: 控制項 textCP144 的物件類別 MSForms.TextBox 尚未被載入。
行號 2274: 控制項 textCP55_2 的物件類別 MSForms.TextBox 尚未被載入。
行號 2291: 控制項 textCP93_2 的物件類別 MSForms.TextBox 尚未被載入。
行號 2308: 控制項 textCP94_2 的物件類別 MSForms.TextBox 尚未被載入。
行號 2325: 控制項 textCP95_2 的物件類別 MSForms.TextBox 尚未被載入。
行號 2342: 控制項 textCP96_2 的物件類別 MSForms.TextBox 尚未被載入。
行號 2359: 控制項 textCP56_2 的物件類別 MSForms.TextBox 尚未被載入。
行號 2376: 控制項 textCP89_2 的物件類別 MSForms.TextBox 尚未被載入。
行號 2393: 控制項 textCP90_2 的物件類別 MSForms.TextBox 尚未被載入。
行號 2410: 控制項 textCP91_2 的物件類別 MSForms.TextBox 尚未被載入。
行號 2427: 控制項 textCP92_2 的物件類別 MSForms.TextBox 尚未被載入。
行號 2444: 控制項 textCP50 的物件類別 MSForms.TextBox 尚未被載入。
行號 2460: 控制項 textCP51 的物件類別 MSForms.TextBox 尚未被載入。
行號 2476: 控制項 textCP52 的物件類別 MSForms.TextBox 尚未被載入。
行號 2492: 控制項 textCP49 的物件類別 MSForms.TextBox 尚未被載入。
行號 2525: 控制項 lblNameAgent 的物件類別 MSForms.Label 尚未被載入。
行號 2540: 控制項 textCP44_2 的物件類別 MSForms.TextBox 尚未被載入。
行號 2557: 控制項 textCP83_2 的物件類別 MSForms.TextBox 尚未被載入。
行號 2574: 控制項 textCP29_2 的物件類別 MSForms.TextBox 尚未被載入。
行號 2591: 控制項 textCP14_2 的物件類別 MSForms.TextBox 尚未被載入。
行號 2608: 控制項 textCP13_2 的物件類別 MSForms.TextBox 尚未被載入。
行號 2625: 控制項 textCP64 的物件類別 MSForms.TextBox 尚未被載入。
行號 3835: 控制項 textCUID 的物件類別 MSForms.TextBox 尚未被載入。
行號 3852: 控制項 Combo1 的物件類別 MSForms.ComboBox 尚未被載入。
行號 3868: 控制項 lbl1 的物件類別 MSForms.Label 尚未被載入。
行號 3883: 控制項 lbl1 的物件類別 MSForms.Label 尚未被載入。
