行號 330: 控制項 lbl1 的物件類別 MSForms.Label 尚未被載入。
行號 354: 控制項 lbl1 的物件類別 MSForms.Label 尚未被載入。
行號 408: 控制項 txtCP144 的物件類別 MSForms.TextBox 尚未被載入。
行號 423: 控制項 txtCP99 的物件類別 MSForms.TextBox 尚未被載入。
行號 437: 控制項 Combo2 的物件類別 MSForms.ComboBox 尚未被載入。
行號 454: 控制項 Combo4 的物件類別 MSForms.ComboBox 尚未被載入。
行號 471: 控制項 txtEP12 的物件類別 MSForms.TextBox 尚未被載入。
行號 486: 控制項 txtCP64 的物件類別 MSForms.TextBox 尚未被載入。
行號 577: 控制項 lbl1 的物件類別 MSForms.Label 尚未被載入。
行號 612: 控制項 lbl1 的物件類別 MSForms.Label 尚未被載入。
行號 824: 控制項 lbl1 的物件類別 MSForms.Label 尚未被載入。
行號 839: 控制項 lbl1 的物件類別 MSForms.Label 尚未被載入。
行號 854: 控制項 lbl1 的物件類別 MSForms.Label 尚未被載入。
行號 869: 控制項 lbl1 的物件類別 MSForms.Label 尚未被載入。
行號 884: 控制項 lbl1 的物件類別 MSForms.Label 尚未被載入。
行號 899: 控制項 lbl1 的物件類別 MSForms.Label 尚未被載入。
行號 914: 控制項 lbl1 的物件類別 MSForms.Label 尚未被載入。
行號 929: 控制項 lbl1 的物件類別 MSForms.Label 尚未被載入。
行號 944: 控制項 lbl1 的物件類別 MSForms.Label 尚未被載入。
行號 959: 控制項 lbl1 的物件類別 MSForms.Label 尚未被載入。
行號 983: 控制項 lbl1 的物件類別 MSForms.Label 尚未被載入。
行號 998: 控制項 lbl1 的物件類別 MSForms.Label 尚未被載入。
行號 1013: 控制項 lbl1 的物件類別 MSForms.Label 尚未被載入。
行號 1029: 控制項 lbl1 的物件類別 MSForms.Label 尚未被載入。
行號 1045: 控制項 lbl1 的物件類別 MSForms.Label 尚未被載入。
行號 1060: 控制項 lbl1 的物件類別 MSForms.Label 尚未被載入。
行號 1075: 控制項 lbl1 的物件類別 MSForms.Label 尚未被載入。
行號 1091: 控制項 lbl1 的物件類別 MSForms.Label 尚未被載入。
行號 1107: 控制項 lbl1 的物件類別 MSForms.Label 尚未被載入。
行號 1123: 控制項 lbl1 的物件類別 MSForms.Label 尚未被載入。
行號 1139: 控制項 lbl1 的物件類別 MSForms.Label 尚未被載入。
行號 1257: 控制項 lbl1 的物件類別 MSForms.Label 尚未被載入。
行號 1272: 控制項 lbl1 的物件類別 MSForms.Label 尚未被載入。
行號 1296: 控制項 lbl1 的物件類別 MSForms.Label 尚未被載入。
行號 1312: 控制項 lbl1 的物件類別 MSForms.Label 尚未被載入。
行號 1347: 控制項 lbl1 的物件類別 MSForms.Label 尚未被載入。
行號 1371: 控制項 lbl1 的物件類別 MSForms.Label 尚未被載入。
行號 1459: 控制項 lbl1 的物件類別 MSForms.Label 尚未被載入。
行號 1495: 控制項 lbl1 的物件類別 MSForms.Label 尚未被載入。
行號 1510: 控制項 lbl1 的物件類別 MSForms.Label 尚未被載入。
行號 1535: 控制項 lbl1 的物件類別 MSForms.Label 尚未被載入。
行號 1550: 控制項 lbl1 的物件類別 MSForms.Label 尚未被載入。
行號 1575: 控制項 Label2 的物件類別 MSForms.Label 尚未被載入。
