行號 566: 控制項 txt1 的物件類別 MSForms.TextBox 尚未被載入。
行號 592: 控制項 txt1 的物件類別 MSForms.TextBox 尚未被載入。
行號 619: 控制項 txt1 的物件類別 MSForms.TextBox 尚未被載入。
行號 646: 控制項 txt1 的物件類別 MSForms.TextBox 尚未被載入。
行號 673: 控制項 txt1 的物件類別 MSForms.TextBox 尚未被載入。
行號 778: 控制項 lbl1 的物件類別 MSForms.Label 尚未被載入。
行號 804: 控制項 lbl1 的物件類別 MSForms.Label 尚未被載入。
行號 830: 控制項 lbl1 的物件類別 MSForms.Label 尚未被載入。
行號 846: 控制項 lbl1 的物件類別 MSForms.Label 尚未被載入。
行號 862: 控制項 lbl1 的物件類別 MSForms.Label 尚未被載入。
行號 878: 控制項 lbl1 的物件類別 MSForms.Label 尚未被載入。
行號 894: 控制項 lbl1 的物件類別 MSForms.Label 尚未被載入。
行號 910: 控制項 lbl1 的物件類別 MSForms.Label 尚未被載入。
行號 926: 控制項 lbl1 的物件類別 MSForms.Label 尚未被載入。
行號 960: 控制項 lblCU 的物件類別 MSForms.Label 尚未被載入。
行號 977: 控制項 lblCU 的物件類別 MSForms.Label 尚未被載入。
行號 1013: 控制項 lbl1 的物件類別 MSForms.Label 尚未被載入。
行號 1038: 控制項 txt1 的物件類別 MSForms.TextBox 尚未被載入。
行號 1063: 控制項 lblCU 的物件類別 MSForms.Label 尚未被載入。
行號 1080: 控制項 lblCU 的物件類別 MSForms.Label 尚未被載入。
行號 1097: 控制項 txt1 的物件類別 MSForms.TextBox 尚未被載入。
行號 1113: 控制項 txt1 的物件類別 MSForms.TextBox 尚未被載入。
行號 1129: 控制項 txt1 的物件類別 MSForms.TextBox 尚未被載入。
行號 1145: 控制項 txt1 的物件類別 MSForms.TextBox 尚未被載入。
行號 1161: 控制項 txt1 的物件類別 MSForms.TextBox 尚未被載入。
行號 1177: 控制項 Text1 的物件類別 MSForms.TextBox 尚未被載入。
行號 1193: 控制項 txt1 的物件類別 MSForms.TextBox 尚未被載入。
行號 1209: 控制項 txt1 的物件類別 MSForms.TextBox 尚未被載入。
行號 1225: 控制項 txt1 的物件類別 MSForms.TextBox 尚未被載入。
行號 1241: 控制項 txt1 的物件類別 MSForms.TextBox 尚未被載入。
行號 1257: 控制項 Text1 的物件類別 MSForms.TextBox 尚未被載入。
行號 1273: 控制項 Text1 的物件類別 MSForms.TextBox 尚未被載入。
行號 1289: 控制項 txt1 的物件類別 MSForms.TextBox 尚未被載入。
行號 1305: 控制項 txt1 的物件類別 MSForms.TextBox 尚未被載入。
行號 1321: 控制項 txt1 的物件類別 MSForms.TextBox 尚未被載入。
行號 1337: 控制項 txt1 的物件類別 MSForms.TextBox 尚未被載入。
行號 1353: 控制項 txt1 的物件類別 MSForms.TextBox 尚未被載入。
行號 1369: 控制項 txt1 的物件類別 MSForms.TextBox 尚未被載入。
行號 1385: 控制項 txt1 的物件類別 MSForms.TextBox 尚未被載入。
行號 1401: 控制項 txt1 的物件類別 MSForms.TextBox 尚未被載入。
行號 1417: 控制項 txt1 的物件類別 MSForms.TextBox 尚未被載入。
行號 1433: 控制項 txt1 的物件類別 MSForms.TextBox 尚未被載入。
行號 1449: 控制項 txt1 的物件類別 MSForms.TextBox 尚未被載入。
行號 1465: 控制項 txt1 的物件類別 MSForms.TextBox 尚未被載入。
行號 1481: 控制項 txt1 的物件類別 MSForms.TextBox 尚未被載入。
行號 1497: 控制項 txt1 的物件類別 MSForms.TextBox 尚未被載入。
行號 1513: 控制項 txt1 的物件類別 MSForms.TextBox 尚未被載入。
行號 1529: 控制項 txt1 的物件類別 MSForms.TextBox 尚未被載入。
行號 1545: 控制項 txt1 的物件類別 MSForms.TextBox 尚未被載入。
行號 1561: 控制項 txt1 的物件類別 MSForms.TextBox 尚未被載入。
行號 1577: 控制項 txt1 的物件類別 MSForms.TextBox 尚未被載入。
行號 1593: 控制項 txt1 的物件類別 MSForms.TextBox 尚未被載入。
行號 1609: 控制項 txt1 的物件類別 MSForms.TextBox 尚未被載入。
行號 1625: 控制項 txt1 的物件類別 MSForms.TextBox 尚未被載入。
行號 1641: 控制項 txt1 的物件類別 MSForms.TextBox 尚未被載入。
行號 1657: 控制項 txt1 的物件類別 MSForms.TextBox 尚未被載入。
行號 1673: 控制項 txt1 的物件類別 MSForms.TextBox 尚未被載入。
行號 1689: 控制項 txt1 的物件類別 MSForms.TextBox 尚未被載入。
行號 1705: 控制項 txt1 的物件類別 MSForms.TextBox 尚未被載入。
行號 1721: 控制項 txt1 的物件類別 MSForms.TextBox 尚未被載入。
行號 1737: 控制項 txt1 的物件類別 MSForms.TextBox 尚未被載入。
行號 1753: 控制項 txt1 的物件類別 MSForms.TextBox 尚未被載入。
行號 1769: 控制項 txt1 的物件類別 MSForms.TextBox 尚未被載入。
行號 1785: 控制項 txt1 的物件類別 MSForms.TextBox 尚未被載入。
行號 1801: 控制項 txt1 的物件類別 MSForms.TextBox 尚未被載入。
行號 1817: 控制項 txt1 的物件類別 MSForms.TextBox 尚未被載入。
行號 1833: 控制項 txt1 的物件類別 MSForms.TextBox 尚未被載入。
行號 1849: 控制項 txt1 的物件類別 MSForms.TextBox 尚未被載入。
行號 1865: 控制項 txt1 的物件類別 MSForms.TextBox 尚未被載入。
行號 1881: 控制項 txt1 的物件類別 MSForms.TextBox 尚未被載入。
行號 1897: 控制項 txt1 的物件類別 MSForms.TextBox 尚未被載入。
行號 1913: 控制項 txt1 的物件類別 MSForms.TextBox 尚未被載入。
行號 1929: 控制項 txt1 的物件類別 MSForms.TextBox 尚未被載入。
行號 1945: 控制項 txt1 的物件類別 MSForms.TextBox 尚未被載入。
行號 1961: 控制項 txt1 的物件類別 MSForms.TextBox 尚未被載入。
行號 1977: 控制項 lstDeveloper 的物件類別 MSForms.ListBox 尚未被載入。
行號 1992: 控制項 Cu180 的物件類別 MSForms.TextBox 尚未被載入。
行號 2015: 控制項 lbl1 的物件類別 MSForms.Label 尚未被載入。
行號 2041: 控制項 lblCU 的物件類別 MSForms.Label 尚未被載入。
行號 2058: 控制項 lbl1 的物件類別 MSForms.Label 尚未被載入。
行號 2085: 控制項 lbl1 的物件類別 MSForms.Label 尚未被載入。
行號 2101: 控制項 lbl1 的物件類別 MSForms.Label 尚未被載入。
行號 2137: 控制項 lblCU16X 的物件類別 MSForms.Label 尚未被載入。
行號 2154: 控制項 lblCU16X 的物件類別 MSForms.Label 尚未被載入。
行號 2171: 控制項 lblCU16X 的物件類別 MSForms.Label 尚未被載入。
行號 2188: 控制項 lblCU16X 的物件類別 MSForms.Label 尚未被載入。
行號 2205: 控制項 lblCU16X 的物件類別 MSForms.Label 尚未被載入。
行號 2222: 控制項 lblCU16X 的物件類別 MSForms.Label 尚未被載入。
行號 2317: 控制項 lbl1 的物件類別 MSForms.Label 尚未被載入。
行號 2343: 控制項 lbl1 的物件類別 MSForms.Label 尚未被載入。
行號 2371: 控制項 lbl1 的物件類別 MSForms.Label 尚未被載入。
行號 2427: 控制項 lblCU 的物件類別 MSForms.Label 尚未被載入。
行號 2454: 控制項 lbl1 的物件類別 MSForms.Label 尚未被載入。
行號 2480: 控制項 lbl1 的物件類別 MSForms.Label 尚未被載入。
行號 2496: 控制項 lbl1 的物件類別 MSForms.Label 尚未被載入。
行號 2512: 控制項 lbl1 的物件類別 MSForms.Label 尚未被載入。
行號 2528: 控制項 lbl1 的物件類別 MSForms.Label 尚未被載入。
行號 2544: 控制項 lbl1 的物件類別 MSForms.Label 尚未被載入。
行號 2630: 控制項 lbl1 的物件類別 MSForms.Label 尚未被載入。
行號 2647: 控制項 lbl1 的物件類別 MSForms.Label 尚未被載入。
行號 2663: 控制項 lbl1 的物件類別 MSForms.Label 尚未被載入。
行號 2679: 控制項 lbl1 的物件類別 MSForms.Label 尚未被載入。
行號 2696: 控制項 lblCU 的物件類別 MSForms.Label 尚未被載入。
行號 2713: 控制項 lblCU 的物件類別 MSForms.Label 尚未被載入。
行號 2729: 控制項 lblCU 的物件類別 MSForms.Label 尚未被載入。
行號 2746: 控制項 lbl1 的物件類別 MSForms.Label 尚未被載入。
行號 2763: 控制項 lbl1 的物件類別 MSForms.Label 尚未被載入。
行號 2779: 控制項 lbl1 的物件類別 MSForms.Label 尚未被載入。
行號 2796: 控制項 lbl1 的物件類別 MSForms.Label 尚未被載入。
行號 2812: 控制項 lbl1 的物件類別 MSForms.Label 尚未被載入。
行號 2829: 控制項 lbl1 的物件類別 MSForms.Label 尚未被載入。
行號 2845: 控制項 lbl1 的物件類別 MSForms.Label 尚未被載入。
行號 2862: 控制項 lblCU 的物件類別 MSForms.Label 尚未被載入。
行號 2879: 控制項 lblCU 的物件類別 MSForms.Label 尚未被載入。
行號 2896: 控制項 lbl1 的物件類別 MSForms.Label 尚未被載入。
行號 2913: 控制項 lblCU 的物件類別 MSForms.Label 尚未被載入。
行號 2930: 控制項 lblCU 的物件類別 MSForms.Label 尚未被載入。
行號 2947: 控制項 lblCU 的物件類別 MSForms.Label 尚未被載入。
行號 2964: 控制項 lbl1 的物件類別 MSForms.Label 尚未被載入。
行號 2980: 控制項 lbl1 的物件類別 MSForms.Label 尚未被載入。
行號 2996: 控制項 lbl1 的物件類別 MSForms.Label 尚未被載入。
行號 3012: 控制項 lbl1 的物件類別 MSForms.Label 尚未被載入。
行號 3028: 控制項 lbl1 的物件類別 MSForms.Label 尚未被載入。
行號 3044: 控制項 lbl1 的物件類別 MSForms.Label 尚未被載入。
行號 3061: 控制項 lbl1 的物件類別 MSForms.Label 尚未被載入。
行號 3077: 控制項 lbl1 的物件類別 MSForms.Label 尚未被載入。
行號 3222: 控制項 lblCU 的物件類別 MSForms.Label 尚未被載入。
行號 3289: 控制項 lbl1 的物件類別 MSForms.Label 尚未被載入。
行號 3305: 控制項 lbl1 的物件類別 MSForms.Label 尚未被載入。
行號 3321: 控制項 lbl1 的物件類別 MSForms.Label 尚未被載入。
行號 3387: 控制項 lbl1 的物件類別 MSForms.Label 尚未被載入。
行號 3493: 控制項 lbl1 的物件類別 MSForms.Label 尚未被載入。
行號 3518: 控制項 lbl1 的物件類別 MSForms.Label 尚未被載入。
行號 3543: 控制項 lbl1 的物件類別 MSForms.Label 尚未被載入。
行號 3707: 控制項 lbl1 的物件類別 MSForms.Label 尚未被載入。
行號 3723: 控制項 lbl1 的物件類別 MSForms.Label 尚未被載入。
行號 3739: 控制項 lbl1 的物件類別 MSForms.Label 尚未被載入。
行號 3755: 控制項 lbl1 的物件類別 MSForms.Label 尚未被載入。
行號 3771: 控制項 lbl1 的物件類別 MSForms.Label 尚未被載入。
行號 3787: 控制項 lbl1 的物件類別 MSForms.Label 尚未被載入。
行號 3803: 控制項 lbl1 的物件類別 MSForms.Label 尚未被載入。
行號 3819: 控制項 lbl1 的物件類別 MSForms.Label 尚未被載入。
行號 3835: 控制項 lbl1 的物件類別 MSForms.Label 尚未被載入。
行號 3851: 控制項 lbl1 的物件類別 MSForms.Label 尚未被載入。
行號 3867: 控制項 lbl1 的物件類別 MSForms.Label 尚未被載入。
行號 3883: 控制項 lbl1 的物件類別 MSForms.Label 尚未被載入。
行號 3899: 控制項 lbl1 的物件類別 MSForms.Label 尚未被載入。
行號 3915: 控制項 lbl1 的物件類別 MSForms.Label 尚未被載入。
行號 3931: 控制項 lbl1 的物件類別 MSForms.Label 尚未被載入。
行號 3947: 控制項 lbl1 的物件類別 MSForms.Label 尚未被載入。
行號 3963: 控制項 lbl1 的物件類別 MSForms.Label 尚未被載入。
行號 3979: 控制項 lbl1 的物件類別 MSForms.Label 尚未被載入。
行號 3995: 控制項 lbl1 的物件類別 MSForms.Label 尚未被載入。
行號 4011: 控制項 lbl1 的物件類別 MSForms.Label 尚未被載入。
行號 4027: 控制項 lbl1 的物件類別 MSForms.Label 尚未被載入。
行號 4043: 控制項 lbl1 的物件類別 MSForms.Label 尚未被載入。
行號 4059: 控制項 lbl1 的物件類別 MSForms.Label 尚未被載入。
行號 4075: 控制項 lbl1 的物件類別 MSForms.Label 尚未被載入。
行號 4091: 控制項 lbl1 的物件類別 MSForms.Label 尚未被載入。
行號 4107: 控制項 lbl1 的物件類別 MSForms.Label 尚未被載入。
行號 4123: 控制項 lbl1 的物件類別 MSForms.Label 尚未被載入。
行號 4139: 控制項 lbl1 的物件類別 MSForms.Label 尚未被載入。
