2016/10/6 上午 10:48:08	讀取北所清單
2016/10/6 上午 10:48:09	中所更新開始
2016/10/6 上午 10:48:09	下載分所清單
2016/10/6 上午 10:48:09	Tecasher.exe(27,451,392)
2016/10/6 上午 10:48:09	複製 Tecasher.exe 到暫存區
2016/10/6 上午 10:48:19	複製 Tecasher.exe 完成
2016/10/6 上午 10:48:22	Tefile.exe(28,250,112)
2016/10/6 上午 10:48:22	複製 Tefile.exe 到暫存區
2016/10/6 上午 10:48:31	複製 Tefile.exe 完成
2016/10/6 上午 10:48:34	Telaw.exe(47,599,616)
2016/10/6 上午 10:48:34	複製 Telaw.exe 到暫存區
2016/10/6 上午 10:48:39	複製 Telaw.exe 完成
2016/10/6 上午 10:48:43	Tepatpro.exe(64,430,080)
2016/10/6 上午 10:48:43	複製 Tepatpro.exe 到暫存區
2016/10/6 上午 10:48:51	複製 Tepatpro.exe 完成
2016/10/6 上午 10:48:57	Tepromoter.exe(52,637,696)
2016/10/6 上午 10:48:57	複製 Tepromoter.exe 到暫存區
2016/10/6 上午 10:49:03	複製 Tepromoter.exe 完成
2016/10/6 上午 10:49:08	Tewriter.exe(32,956,416)
2016/10/6 上午 10:49:08	複製 Tewriter.exe 到暫存區
2016/10/6 上午 10:49:19	複製 Tewriter.exe 完成
2016/10/6 上午 10:49:22	建立分所清單
2016/10/6 上午 10:49:22	上傳分所清單
2016/10/6 上午 10:49:22	中所更新結束(00:01:13)
2016/10/6 上午 10:49:22	南所更新開始
2016/10/6 上午 10:49:22	下載分所清單
2016/10/6 上午 10:49:22	Tecasher.exe(27,451,392)
2016/10/6 上午 10:49:25	Tefile.exe(28,250,112)
2016/10/6 上午 10:49:27	Tepromoter.exe(52,637,696)
2016/10/6 上午 10:49:32	Tewriter.exe(32,956,416)
2016/10/6 上午 10:49:35	建立分所清單
2016/10/6 上午 10:49:35	上傳分所清單
2016/10/6 上午 10:49:35	南所更新結束(00:00:13)
2016/10/6 上午 10:49:35	高所更新開始
2016/10/6 上午 10:49:35	下載分所清單
2016/10/6 上午 10:49:35	Tecasher.exe(27,451,392)
2016/10/6 上午 10:49:37	Tefile.exe(28,250,112)
2016/10/6 上午 10:49:40	Tepromoter.exe(52,637,696)
2016/10/6 上午 10:49:45	Tewriter.exe(32,956,416)
2016/10/6 上午 10:49:48	建立分所清單
2016/10/6 上午 10:49:48	上傳分所清單
2016/10/6 上午 10:49:48	高所更新結束(00:00:13)
2016/10/6 上午 11:37:32	讀取北所清單
2016/10/6 上午 11:37:32	中所更新開始
2016/10/6 上午 11:37:32	下載分所清單
2016/10/6 上午 11:37:32	中所更新結束(00:00:00)
2016/10/6 上午 11:37:32	南所更新開始
2016/10/6 上午 11:37:33	下載分所清單
2016/10/6 上午 11:37:33	南所更新結束(00:00:01)
2016/10/6 上午 11:37:33	高所更新開始
2016/10/6 上午 11:37:33	下載分所清單
2016/10/6 上午 11:37:33	高所更新結束(00:00:00)
2016/10/6 上午 11:38:42	讀取北所清單
2016/10/6 上午 11:38:42	中所更新開始
2016/10/6 上午 11:38:42	下載分所清單
2016/10/6 上午 11:38:42	中所更新結束(00:00:00)
2016/10/6 上午 11:38:42	南所更新開始
2016/10/6 上午 11:38:42	下載分所清單
2016/10/6 上午 11:38:42	Tecasher.exe(27,451,392)
2016/10/6 上午 11:38:42	複製 Tecasher.exe 到暫存區
2016/10/6 上午 11:38:52	複製 Tecasher.exe 完成
2016/10/6 上午 11:38:55	Tefile.exe(28,250,112)
2016/10/6 上午 11:38:55	複製 Tefile.exe 到暫存區
2016/10/6 上午 11:39:05	複製 Tefile.exe 完成
2016/10/6 上午 11:39:07	Tepromoter.exe(52,637,696)
2016/10/6 上午 11:39:07	複製 Tepromoter.exe 到暫存區
2016/10/6 上午 11:39:13	複製 Tepromoter.exe 完成
2016/10/6 上午 11:39:18	Tewriter.exe(32,956,416)
2016/10/6 上午 11:39:18	複製 Tewriter.exe 到暫存區
2016/10/6 上午 11:39:29	複製 Tewriter.exe 完成
2016/10/6 上午 11:39:32	建立分所清單
2016/10/6 上午 11:39:32	上傳分所清單
2016/10/6 上午 11:39:32	南所更新結束(00:00:50)
2016/10/6 上午 11:39:32	高所更新開始
2016/10/6 上午 11:39:32	下載分所清單
2016/10/6 上午 11:39:32	高所更新結束(00:00:00)
