行號 189: 控制項 Text7 的物件類別 MSForms.TextBox 尚未被載入。
行號 460: 控制項 Text1 的物件類別 MSForms.TextBox 尚未被載入。
行號 475: 控制項 Text1 的物件類別 MSForms.TextBox 尚未被載入。
行號 509: 控制項 PicText 的物件類別 MSForms.TextBox 尚未被載入。
行號 779: 控制項 Text2 的物件類別 MSForms.TextBox 尚未被載入。
行號 793: 控制項 Text4 的物件類別 MSForms.TextBox 尚未被載入。
行號 808: 控制項 Text2 的物件類別 MSForms.TextBox 尚未被載入。
行號 822: 控制項 Text4 的物件類別 MSForms.TextBox 尚未被載入。
行號 837: 控制項 Text2 的物件類別 MSForms.TextBox 尚未被載入。
行號 851: 控制項 Text4 的物件類別 MSForms.TextBox 尚未被載入。
行號 866: 控制項 Text2 的物件類別 MSForms.TextBox 尚未被載入。
行號 880: 控制項 Text4 的物件類別 MSForms.TextBox 尚未被載入。
行號 895: 控制項 Text2 的物件類別 MSForms.TextBox 尚未被載入。
行號 909: 控制項 Text4 的物件類別 MSForms.TextBox 尚未被載入。
行號 924: 控制項 Text2 的物件類別 MSForms.TextBox 尚未被載入。
行號 938: 控制項 Text4 的物件類別 MSForms.TextBox 尚未被載入。
行號 953: 控制項 Text2 的物件類別 MSForms.TextBox 尚未被載入。
行號 967: 控制項 Text4 的物件類別 MSForms.TextBox 尚未被載入。
行號 982: 控制項 Text2 的物件類別 MSForms.TextBox 尚未被載入。
行號 996: 控制項 Text4 的物件類別 MSForms.TextBox 尚未被載入。
行號 1011: 控制項 Text2 的物件類別 MSForms.TextBox 尚未被載入。
行號 1025: 控制項 Text4 的物件類別 MSForms.TextBox 尚未被載入。
行號 1040: 控制項 Text2 的物件類別 MSForms.TextBox 尚未被載入。
行號 1054: 控制項 Text4 的物件類別 MSForms.TextBox 尚未被載入。
行號 1251: 控制項 optDB 的物件類別 MSForms.OptionButton 尚未被載入。
行號 1269: 控制項 optDB 的物件類別 MSForms.OptionButton 尚未被載入。
行號 1294: 控制項 Combo2 的物件類別 MSForms.ComboBox 尚未被載入。
行號 1311: 控制項 Combo2 的物件類別 MSForms.ComboBox 尚未被載入。
行號 1328: 控制項 Combo2 的物件類別 MSForms.ComboBox 尚未被載入。
行號 1345: 控制項 Combo2 的物件類別 MSForms.ComboBox 尚未被載入。
行號 1362: 控制項 Text1 的物件類別 MSForms.TextBox 尚未被載入。
行號 1376: 控制項 Text1 的物件類別 MSForms.TextBox 尚未被載入。
行號 1390: 控制項 Text1 的物件類別 MSForms.TextBox 尚未被載入。
行號 1404: 控制項 Text1 的物件類別 MSForms.TextBox 尚未被載入。
行號 1418: 控制項 Text1 的物件類別 MSForms.TextBox 尚未被載入。
行號 1432: 控制項 Text1 的物件類別 MSForms.TextBox 尚未被載入。
行號 1446: 控制項 Text1 的物件類別 MSForms.TextBox 尚未被載入。
行號 1460: 控制項 Text1 的物件類別 MSForms.TextBox 尚未被載入。
行號 1474: 控制項 Text1 的物件類別 MSForms.TextBox 尚未被載入。
行號 1488: 控制項 Text1 的物件類別 MSForms.TextBox 尚未被載入。
行號 1502: 控制項 Text1 的物件類別 MSForms.TextBox 尚未被載入。
行號 1516: 控制項 Text1 的物件類別 MSForms.TextBox 尚未被載入。
行號 1912: 控制項 Text1 的物件類別 MSForms.TextBox 尚未被載入。
行號 1937: 控制項 cboTitle 的物件類別 MSForms.ComboBox 尚未被載入。
行號 1962: 控制項 Text1 的物件類別 MSForms.TextBox 尚未被載入。
行號 1977: 控制項 Text1 的物件類別 MSForms.TextBox 尚未被載入。
行號 1992: 控制項 Text1 的物件類別 MSForms.TextBox 尚未被載入。
行號 2008: 控制項 Text1 的物件類別 MSForms.TextBox 尚未被載入。
行號 2023: 控制項 Text1 的物件類別 MSForms.TextBox 尚未被載入。
行號 2039: 控制項 Text1 的物件類別 MSForms.TextBox 尚未被載入。
行號 2054: 控制項 Text1 的物件類別 MSForms.TextBox 尚未被載入。
行號 2070: 控制項 Text1 的物件類別 MSForms.TextBox 尚未被載入。
行號 2086: 控制項 Text1 的物件類別 MSForms.TextBox 尚未被載入。
行號 2102: 控制項 Text1 的物件類別 MSForms.TextBox 尚未被載入。
行號 2117: 控制項 Text1 的物件類別 MSForms.TextBox 尚未被載入。
行號 2131: 控制項 Text1 的物件類別 MSForms.TextBox 尚未被載入。
行號 2147: 控制項 Text1 的物件類別 MSForms.TextBox 尚未被載入。
行號 2162: 控制項 Text1 的物件類別 MSForms.TextBox 尚未被載入。
行號 2177: 控制項 Text1 的物件類別 MSForms.TextBox 尚未被載入。
行號 2307: 控制項 lblStaffName 的物件類別 MSForms.Label 尚未被載入。
行號 2610: 控制項 Text6 的物件類別 MSForms.TextBox 尚未被載入。
行號 2927: 控制項 Text1 的物件類別 MSForms.TextBox 尚未被載入。
行號 2988: 控制項 Text1 的物件類別 MSForms.TextBox 尚未被載入。
行號 3019: 控制項 Text1 的物件類別 MSForms.TextBox 尚未被載入。
行號 3105: 控制項 Text1 的物件類別 MSForms.TextBox 尚未被載入。
行號 3179: 控制項 Text1 的物件類別 MSForms.TextBox 尚未被載入。
行號 3194: 控制項 Text1 的物件類別 MSForms.TextBox 尚未被載入。
行號 3510: 控制項 Text1 的物件類別 MSForms.TextBox 尚未被載入。
行號 3570: 控制項 Text1 的物件類別 MSForms.TextBox 尚未被載入。
行號 3595: 控制項 Text1 的物件類別 MSForms.TextBox 尚未被載入。
行號 3610: 控制項 Text1 的物件類別 MSForms.TextBox 尚未被載入。
行號 3717: 控制項 Text1 的物件類別 MSForms.TextBox 尚未被載入。
行號 3787: 控制項 cboContact 的物件類別 MSForms.ComboBox 尚未被載入。
行號 3883: 控制項 Text1 的物件類別 MSForms.TextBox 尚未被載入。
行號 3898: 控制項 Text1 的物件類別 MSForms.TextBox 尚未被載入。
行號 3912: 控制項 Text1 的物件類別 MSForms.TextBox 尚未被載入。
行號 3927: 控制項 Text1 的物件類別 MSForms.TextBox 尚未被載入。
行號 3942: 控制項 Text1 的物件類別 MSForms.TextBox 尚未被載入。
行號 3957: 控制項 Text1 的物件類別 MSForms.TextBox 尚未被載入。
行號 3971: 控制項 Text1 的物件類別 MSForms.TextBox 尚未被載入。
行號 4127: 控制項 Text1 的物件類別 MSForms.TextBox 尚未被載入。
行號 4142: 控制項 Text1 的物件類別 MSForms.TextBox 尚未被載入。
行號 4157: 控制項 Text1 的物件類別 MSForms.TextBox 尚未被載入。
行號 4175: 控制項 Text1 的物件類別 MSForms.TextBox 尚未被載入。
行號 4190: 控制項 Text1 的物件類別 MSForms.TextBox 尚未被載入。
行號 4205: 控制項 Text1 的物件類別 MSForms.TextBox 尚未被載入。
行號 4219: 控制項 Text1 的物件類別 MSForms.TextBox 尚未被載入。
行號 4234: 控制項 Text1 的物件類別 MSForms.TextBox 尚未被載入。
行號 4249: 控制項 Text1 的物件類別 MSForms.TextBox 尚未被載入。
行號 4264: 控制項 Text1 的物件類別 MSForms.TextBox 尚未被載入。
行號 4279: 控制項 Text1 的物件類別 MSForms.TextBox 尚未被載入。
行號 4293: 控制項 Text1 的物件類別 MSForms.TextBox 尚未被載入。
行號 4414: 控制項 Text1 的物件類別 MSForms.TextBox 尚未被載入。
行號 4484: 控制項 cboContact 的物件類別 MSForms.ComboBox 尚未被載入。
行號 4580: 控制項 Text1 的物件類別 MSForms.TextBox 尚未被載入。
行號 4595: 控制項 Text1 的物件類別 MSForms.TextBox 尚未被載入。
行號 4609: 控制項 Text1 的物件類別 MSForms.TextBox 尚未被載入。
行號 4624: 控制項 Text1 的物件類別 MSForms.TextBox 尚未被載入。
行號 4639: 控制項 Text1 的物件類別 MSForms.TextBox 尚未被載入。
行號 4654: 控制項 Text1 的物件類別 MSForms.TextBox 尚未被載入。
行號 4668: 控制項 Text1 的物件類別 MSForms.TextBox 尚未被載入。
行號 4824: 控制項 Text1 的物件類別 MSForms.TextBox 尚未被載入。
行號 4839: 控制項 Text1 的物件類別 MSForms.TextBox 尚未被載入。
行號 4854: 控制項 Text1 的物件類別 MSForms.TextBox 尚未被載入。
行號 4872: 控制項 Text1 的物件類別 MSForms.TextBox 尚未被載入。
行號 4887: 控制項 Text1 的物件類別 MSForms.TextBox 尚未被載入。
行號 4902: 控制項 Text1 的物件類別 MSForms.TextBox 尚未被載入。
行號 4916: 控制項 Text1 的物件類別 MSForms.TextBox 尚未被載入。
行號 4931: 控制項 Text1 的物件類別 MSForms.TextBox 尚未被載入。
行號 4946: 控制項 Text1 的物件類別 MSForms.TextBox 尚未被載入。
行號 4961: 控制項 Text1 的物件類別 MSForms.TextBox 尚未被載入。
行號 4976: 控制項 Text1 的物件類別 MSForms.TextBox 尚未被載入。
行號 4990: 控制項 Text1 的物件類別 MSForms.TextBox 尚未被載入。
行號 5111: 控制項 Text1 的物件類別 MSForms.TextBox 尚未被載入。
行號 5181: 控制項 cboContact 的物件類別 MSForms.ComboBox 尚未被載入。
行號 5277: 控制項 Text1 的物件類別 MSForms.TextBox 尚未被載入。
行號 5292: 控制項 Text1 的物件類別 MSForms.TextBox 尚未被載入。
行號 5306: 控制項 Text1 的物件類別 MSForms.TextBox 尚未被載入。
行號 5321: 控制項 Text1 的物件類別 MSForms.TextBox 尚未被載入。
行號 5336: 控制項 Text1 的物件類別 MSForms.TextBox 尚未被載入。
行號 5351: 控制項 Text1 的物件類別 MSForms.TextBox 尚未被載入。
行號 5365: 控制項 Text1 的物件類別 MSForms.TextBox 尚未被載入。
行號 5521: 控制項 Text1 的物件類別 MSForms.TextBox 尚未被載入。
行號 5536: 控制項 Text1 的物件類別 MSForms.TextBox 尚未被載入。
行號 5551: 控制項 Text1 的物件類別 MSForms.TextBox 尚未被載入。
行號 5569: 控制項 Text1 的物件類別 MSForms.TextBox 尚未被載入。
行號 5584: 控制項 Text1 的物件類別 MSForms.TextBox 尚未被載入。
行號 5599: 控制項 Text1 的物件類別 MSForms.TextBox 尚未被載入。
行號 5613: 控制項 Text1 的物件類別 MSForms.TextBox 尚未被載入。
行號 5628: 控制項 Text1 的物件類別 MSForms.TextBox 尚未被載入。
行號 5643: 控制項 Text1 的物件類別 MSForms.TextBox 尚未被載入。
行號 5658: 控制項 Text1 的物件類別 MSForms.TextBox 尚未被載入。
行號 5673: 控制項 Text1 的物件類別 MSForms.TextBox 尚未被載入。
行號 5687: 控制項 Text1 的物件類別 MSForms.TextBox 尚未被載入。
行號 5808: 控制項 Text1 的物件類別 MSForms.TextBox 尚未被載入。
行號 5878: 控制項 cboContact 的物件類別 MSForms.ComboBox 尚未被載入。
行號 5974: 控制項 Text1 的物件類別 MSForms.TextBox 尚未被載入。
行號 5989: 控制項 Text1 的物件類別 MSForms.TextBox 尚未被載入。
行號 6004: 控制項 Text1 的物件類別 MSForms.TextBox 尚未被載入。
行號 6019: 控制項 Text1 的物件類別 MSForms.TextBox 尚未被載入。
行號 6034: 控制項 Text1 的物件類別 MSForms.TextBox 尚未被載入。
行號 6049: 控制項 Text1 的物件類別 MSForms.TextBox 尚未被載入。
行號 6063: 控制項 Text1 的物件類別 MSForms.TextBox 尚未被載入。
行號 6219: 控制項 Text1 的物件類別 MSForms.TextBox 尚未被載入。
行號 6234: 控制項 Text1 的物件類別 MSForms.TextBox 尚未被載入。
行號 6249: 控制項 Text1 的物件類別 MSForms.TextBox 尚未被載入。
行號 6267: 控制項 Text1 的物件類別 MSForms.TextBox 尚未被載入。
行號 6282: 控制項 Text1 的物件類別 MSForms.TextBox 尚未被載入。
行號 6297: 控制項 Text1 的物件類別 MSForms.TextBox 尚未被載入。
行號 6311: 控制項 Text1 的物件類別 MSForms.TextBox 尚未被載入。
行號 6326: 控制項 Text1 的物件類別 MSForms.TextBox 尚未被載入。
行號 6341: 控制項 Text1 的物件類別 MSForms.TextBox 尚未被載入。
行號 6356: 控制項 Text1 的物件類別 MSForms.TextBox 尚未被載入。
行號 6371: 控制項 Text1 的物件類別 MSForms.TextBox 尚未被載入。
行號 6385: 控制項 Text1 的物件類別 MSForms.TextBox 尚未被載入。
行號 6584: 控制項 Text1 的物件類別 MSForms.TextBox 尚未被載入。
行號 6598: 控制項 Text1 的物件類別 MSForms.TextBox 尚未被載入。
行號 6612: 控制項 Text1 的物件類別 MSForms.TextBox 尚未被載入。
行號 6626: 控制項 Text1 的物件類別 MSForms.TextBox 尚未被載入。
行號 6716: 控制項 cboContact 的物件類別 MSForms.ComboBox 尚未被載入。
行號 6812: 控制項 Text1 的物件類別 MSForms.TextBox 尚未被載入。
行號 6827: 控制項 Text1 的物件類別 MSForms.TextBox 尚未被載入。
行號 6841: 控制項 Text1 的物件類別 MSForms.TextBox 尚未被載入。
行號 6856: 控制項 Text1 的物件類別 MSForms.TextBox 尚未被載入。
行號 6871: 控制項 Text1 的物件類別 MSForms.TextBox 尚未被載入。
行號 6886: 控制項 Text1 的物件類別 MSForms.TextBox 尚未被載入。
行號 6900: 控制項 Text1 的物件類別 MSForms.TextBox 尚未被載入。
行號 7056: 控制項 Text1 的物件類別 MSForms.TextBox 尚未被載入。
行號 7071: 控制項 Text1 的物件類別 MSForms.TextBox 尚未被載入。
行號 7086: 控制項 Text1 的物件類別 MSForms.TextBox 尚未被載入。
行號 7104: 控制項 Text1 的物件類別 MSForms.TextBox 尚未被載入。
行號 7118: 控制項 Text1 的物件類別 MSForms.TextBox 尚未被載入。
行號 7133: 控制項 Text1 的物件類別 MSForms.TextBox 尚未被載入。
行號 7148: 控制項 Text1 的物件類別 MSForms.TextBox 尚未被載入。
行號 7163: 控制項 Text1 的物件類別 MSForms.TextBox 尚未被載入。
行號 7178: 控制項 Text1 的物件類別 MSForms.TextBox 尚未被載入。
行號 7192: 控制項 Text1 的物件類別 MSForms.TextBox 尚未被載入。
行號 7207: 控制項 Text1 的物件類別 MSForms.TextBox 尚未被載入。
行號 7222: 控制項 Text1 的物件類別 MSForms.TextBox 尚未被載入。
行號 7341: 控制項 Text1 的物件類別 MSForms.TextBox 尚未被載入。
